<?xml version="1.0" encoding="UTF-8" ?>
<testsuite failures="0" time="3.268" errors="5" skipped="0" tests="5" name="cn.edu.nju.tsip.test.web.MblogControllerTest">
  <properties>
    <property name="java.runtime.name" value="Java(TM) SE Runtime Environment"/>
    <property name="sun.boot.library.path" value="/usr/lib/jvm/java-6-sun-1.6.0.24/jre/lib/i386"/>
    <property name="java.vm.version" value="19.1-b02"/>
    <property name="java.vm.vendor" value="Sun Microsystems Inc."/>
    <property name="java.vendor.url" value="http://java.sun.com/"/>
    <property name="path.separator" value=":"/>
    <property name="java.vm.name" value="Java HotSpot(TM) Server VM"/>
    <property name="file.encoding.pkg" value="sun.io"/>
    <property name="user.country" value="CN"/>
    <property name="sun.java.launcher" value="SUN_STANDARD"/>
    <property name="sun.os.patch.level" value="unknown"/>
    <property name="java.vm.specification.name" value="Java Virtual Machine Specification"/>
    <property name="user.dir" value="/home/ljj/workspace/sts/nju-TSIP"/>
    <property name="java.runtime.version" value="1.6.0_24-b07"/>
    <property name="java.awt.graphicsenv" value="sun.awt.X11GraphicsEnvironment"/>
    <property name="basedir" value="/home/ljj/workspace/sts/nju-TSIP"/>
    <property name="java.endorsed.dirs" value="/usr/lib/jvm/java-6-sun-1.6.0.24/jre/lib/endorsed"/>
    <property name="os.arch" value="i386"/>
    <property name="surefire.real.class.path" value="/home/ljj/workspace/sts/nju-TSIP/target/surefire/surefirebooter2453848503866282763.jar"/>
    <property name="java.io.tmpdir" value="/tmp"/>
    <property name="line.separator" value="
"/>
    <property name="java.vm.specification.vendor" value="Sun Microsystems Inc."/>
    <property name="os.name" value="Linux"/>
    <property name="sun.jnu.encoding" value="UTF-8"/>
    <property name="java.library.path" value="/usr/lib/jvm/java-6-sun-1.6.0.24/jre/lib/i386/server:/usr/lib/jvm/java-6-sun-1.6.0.24/jre/lib/i386:/usr/lib/jvm/java-6-sun-1.6.0.24/jre/../lib/i386:/usr/java/packages/lib/i386:/lib:/usr/lib"/>
    <property name="surefire.test.class.path" value="/home/ljj/workspace/sts/nju-TSIP/target/test-classes:/home/ljj/workspace/sts/nju-TSIP/target/classes:/home/ljj/.m2/repository/org/springframework/spring-context/3.0.4.RELEASE/spring-context-3.0.4.RELEASE.jar:/home/ljj/.m2/repository/org/springframework/spring-aop/3.0.4.RELEASE/spring-aop-3.0.4.RELEASE.jar:/home/ljj/.m2/repository/aopalliance/aopalliance/1.0/aopalliance-1.0.jar:/home/ljj/.m2/repository/org/springframework/spring-beans/3.0.4.RELEASE/spring-beans-3.0.4.RELEASE.jar:/home/ljj/.m2/repository/org/springframework/spring-core/3.0.4.RELEASE/spring-core-3.0.4.RELEASE.jar:/home/ljj/.m2/repository/org/springframework/spring-expression/3.0.4.RELEASE/spring-expression-3.0.4.RELEASE.jar:/home/ljj/.m2/repository/org/springframework/spring-asm/3.0.4.RELEASE/spring-asm-3.0.4.RELEASE.jar:/home/ljj/.m2/repository/org/springframework/spring-webmvc/3.0.4.RELEASE/spring-webmvc-3.0.4.RELEASE.jar:/home/ljj/.m2/repository/org/springframework/spring-context-support/3.0.4.RELEASE/spring-context-support-3.0.4.RELEASE.jar:/home/ljj/.m2/repository/org/springframework/spring-web/3.0.4.RELEASE/spring-web-3.0.4.RELEASE.jar:/home/ljj/.m2/repository/org/springframework/spring-orm/3.0.4.RELEASE/spring-orm-3.0.4.RELEASE.jar:/home/ljj/.m2/repository/org/springframework/spring-jdbc/3.0.4.RELEASE/spring-jdbc-3.0.4.RELEASE.jar:/home/ljj/.m2/repository/org/springframework/spring-tx/3.0.4.RELEASE/spring-tx-3.0.4.RELEASE.jar:/home/ljj/.m2/repository/org/springframework/roo/org.springframework.roo.annotations/1.0.2.RELEASE/org.springframework.roo.annotations-1.0.2.RELEASE.jar:/home/ljj/.m2/repository/org/aspectj/aspectjrt/1.6.9/aspectjrt-1.6.9.jar:/home/ljj/.m2/repository/org/slf4j/slf4j-api/1.5.10/slf4j-api-1.5.10.jar:/home/ljj/.m2/repository/org/slf4j/jcl-over-slf4j/1.5.10/jcl-over-slf4j-1.5.10.jar:/home/ljj/.m2/repository/org/slf4j/slf4j-log4j12/1.5.10/slf4j-log4j12-1.5.10.jar:/home/ljj/.m2/repository/log4j/log4j/1.2.15/log4j-1.2.15.jar:/home/ljj/.m2/repository/javax/inject/javax.inject/1/javax.inject-1.jar:/home/ljj/.m2/repository/javax/servlet/servlet-api/2.5/servlet-api-2.5.jar:/home/ljj/.m2/repository/javax/servlet/jsp/jsp-api/2.1/jsp-api-2.1.jar:/home/ljj/.m2/repository/javax/servlet/jstl/1.2/jstl-1.2.jar:/home/ljj/.m2/repository/junit/junit/4.7/junit-4.7.jar:/home/ljj/.m2/repository/org/codehaus/jackson/jackson-mapper-asl/1.6.4/jackson-mapper-asl-1.6.4.jar:/home/ljj/.m2/repository/org/codehaus/jackson/jackson-core-asl/1.6.4/jackson-core-asl-1.6.4.jar:/home/ljj/.m2/repository/commons-dbcp/commons-dbcp/1.2.2/commons-dbcp-1.2.2.jar:/home/ljj/.m2/repository/commons-pool/commons-pool/1.3/commons-pool-1.3.jar:/home/ljj/.m2/repository/mysql/mysql-connector-java/5.1.6/mysql-connector-java-5.1.6.jar:/home/ljj/.m2/repository/org/hibernate/hibernate-core/3.3.2.GA/hibernate-core-3.3.2.GA.jar:/home/ljj/.m2/repository/antlr/antlr/2.7.6/antlr-2.7.6.jar:/home/ljj/.m2/repository/commons-collections/commons-collections/3.1/commons-collections-3.1.jar:/home/ljj/.m2/repository/dom4j/dom4j/1.6.1/dom4j-1.6.1.jar:/home/ljj/.m2/repository/xml-apis/xml-apis/1.0.b2/xml-apis-1.0.b2.jar:/home/ljj/.m2/repository/javax/transaction/jta/1.1/jta-1.1.jar:/home/ljj/.m2/repository/org/hibernate/hibernate-annotations/3.3.1.GA/hibernate-annotations-3.3.1.GA.jar:/home/ljj/.m2/repository/org/hibernate/hibernate/3.2.6.ga/hibernate-3.2.6.ga.jar:/home/ljj/.m2/repository/net/sf/ehcache/ehcache/1.2.3/ehcache-1.2.3.jar:/home/ljj/.m2/repository/asm/asm-attrs/1.5.3/asm-attrs-1.5.3.jar:/home/ljj/.m2/repository/cglib/cglib/2.1_3/cglib-2.1_3.jar:/home/ljj/.m2/repository/asm/asm/1.5.3/asm-1.5.3.jar:/home/ljj/.m2/repository/commons-logging/commons-logging/1.0.4/commons-logging-1.0.4.jar:/home/ljj/.m2/repository/org/hibernate/hibernate-commons-annotations/3.3.0.ga/hibernate-commons-annotations-3.3.0.ga.jar:/home/ljj/.m2/repository/javax/persistence/persistence-api/1.0/persistence-api-1.0.jar:/home/ljj/.m2/repository/javax/validation/validation-api/1.0.0.GA/validation-api-1.0.0.GA.jar:/home/ljj/.m2/repository/org/hibernate/hibernate-validator/4.1.0.Final/hibernate-validator-4.1.0.Final.jar:/home/ljj/.m2/repository/org/mortbay/jetty/jetty/6.1.26RC0/jetty-6.1.26RC0.jar:/home/ljj/.m2/repository/org/mortbay/jetty/jetty-util/6.1.26RC0/jetty-util-6.1.26RC0.jar:/home/ljj/.m2/repository/org/mortbay/jetty/servlet-api/2.5-20081211/servlet-api-2.5-20081211.jar:/home/ljj/.m2/repository/org/mortbay/jetty/jsp-2.1-jetty/6.1.26RC0/jsp-2.1-jetty-6.1.26RC0.jar:/home/ljj/.m2/repository/org/eclipse/jdt/core/3.1.1/core-3.1.1.jar:/home/ljj/.m2/repository/org/mortbay/jetty/jsp-api-2.1-glassfish/2.1.v20091210/jsp-api-2.1-glassfish-2.1.v20091210.jar:/home/ljj/.m2/repository/org/mortbay/jetty/jsp-2.1-glassfish/2.1.v20091210/jsp-2.1-glassfish-2.1.v20091210.jar:/home/ljj/.m2/repository/org/eclipse/jdt/core/compiler/ecj/3.5.1/ecj-3.5.1.jar:/home/ljj/.m2/repository/ant/ant/1.6.5/ant-1.6.5.jar:/home/ljj/.m2/repository/javassist/javassist/3.12.0.GA/javassist-3.12.0.GA.jar:/home/ljj/.m2/repository/org/springframework/spring-test/3.0.0.RELEASE/spring-test-3.0.0.RELEASE.jar:/home/ljj/.m2/repository/commons-fileupload/commons-fileupload/1.2.2/commons-fileupload-1.2.2.jar:/home/ljj/.m2/repository/org/apache/commons/commons-io/1.3.2/commons-io-1.3.2.jar:/home/ljj/.m2/repository/org/springframework/security/spring-security-core/3.0.5.RELEASE/spring-security-core-3.0.5.RELEASE.jar:/home/ljj/.m2/repository/org/springframework/security/spring-security-config/3.0.5.RELEASE/spring-security-config-3.0.5.RELEASE.jar:/home/ljj/.m2/repository/org/springframework/security/spring-security-taglibs/3.0.5.RELEASE/spring-security-taglibs-3.0.5.RELEASE.jar:/home/ljj/.m2/repository/org/springframework/security/spring-security-web/3.0.5.RELEASE/spring-security-web-3.0.5.RELEASE.jar:/home/ljj/.m2/repository/org/springframework/security/spring-security-acl/3.0.5.RELEASE/spring-security-acl-3.0.5.RELEASE.jar:/home/ljj/.m2/repository/com/google/collections/google-collections/1.0-rc2/google-collections-1.0-rc2.jar:/home/ljj/.m2/repository/org/aspectj/aspectjweaver/1.5.4/aspectjweaver-1.5.4.jar:"/>
    <property name="java.specification.name" value="Java Platform API Specification"/>
    <property name="java.class.version" value="50.0"/>
    <property name="sun.management.compiler" value="HotSpot Tiered Compilers"/>
    <property name="os.version" value="2.6.35-25-generic"/>
    <property name="user.home" value="/home/ljj"/>
    <property name="user.timezone" value="Asia/Shanghai"/>
    <property name="java.awt.printerjob" value="sun.print.PSPrinterJob"/>
    <property name="file.encoding" value="UTF-8"/>
    <property name="java.specification.version" value="1.6"/>
    <property name="user.name" value="ljj"/>
    <property name="java.class.path" value="/home/ljj/workspace/sts/nju-TSIP/target/test-classes:/home/ljj/workspace/sts/nju-TSIP/target/classes:/home/ljj/.m2/repository/org/springframework/spring-context/3.0.4.RELEASE/spring-context-3.0.4.RELEASE.jar:/home/ljj/.m2/repository/org/springframework/spring-aop/3.0.4.RELEASE/spring-aop-3.0.4.RELEASE.jar:/home/ljj/.m2/repository/aopalliance/aopalliance/1.0/aopalliance-1.0.jar:/home/ljj/.m2/repository/org/springframework/spring-beans/3.0.4.RELEASE/spring-beans-3.0.4.RELEASE.jar:/home/ljj/.m2/repository/org/springframework/spring-core/3.0.4.RELEASE/spring-core-3.0.4.RELEASE.jar:/home/ljj/.m2/repository/org/springframework/spring-expression/3.0.4.RELEASE/spring-expression-3.0.4.RELEASE.jar:/home/ljj/.m2/repository/org/springframework/spring-asm/3.0.4.RELEASE/spring-asm-3.0.4.RELEASE.jar:/home/ljj/.m2/repository/org/springframework/spring-webmvc/3.0.4.RELEASE/spring-webmvc-3.0.4.RELEASE.jar:/home/ljj/.m2/repository/org/springframework/spring-context-support/3.0.4.RELEASE/spring-context-support-3.0.4.RELEASE.jar:/home/ljj/.m2/repository/org/springframework/spring-web/3.0.4.RELEASE/spring-web-3.0.4.RELEASE.jar:/home/ljj/.m2/repository/org/springframework/spring-orm/3.0.4.RELEASE/spring-orm-3.0.4.RELEASE.jar:/home/ljj/.m2/repository/org/springframework/spring-jdbc/3.0.4.RELEASE/spring-jdbc-3.0.4.RELEASE.jar:/home/ljj/.m2/repository/org/springframework/spring-tx/3.0.4.RELEASE/spring-tx-3.0.4.RELEASE.jar:/home/ljj/.m2/repository/org/springframework/roo/org.springframework.roo.annotations/1.0.2.RELEASE/org.springframework.roo.annotations-1.0.2.RELEASE.jar:/home/ljj/.m2/repository/org/aspectj/aspectjrt/1.6.9/aspectjrt-1.6.9.jar:/home/ljj/.m2/repository/org/slf4j/slf4j-api/1.5.10/slf4j-api-1.5.10.jar:/home/ljj/.m2/repository/org/slf4j/jcl-over-slf4j/1.5.10/jcl-over-slf4j-1.5.10.jar:/home/ljj/.m2/repository/org/slf4j/slf4j-log4j12/1.5.10/slf4j-log4j12-1.5.10.jar:/home/ljj/.m2/repository/log4j/log4j/1.2.15/log4j-1.2.15.jar:/home/ljj/.m2/repository/javax/inject/javax.inject/1/javax.inject-1.jar:/home/ljj/.m2/repository/javax/servlet/servlet-api/2.5/servlet-api-2.5.jar:/home/ljj/.m2/repository/javax/servlet/jsp/jsp-api/2.1/jsp-api-2.1.jar:/home/ljj/.m2/repository/javax/servlet/jstl/1.2/jstl-1.2.jar:/home/ljj/.m2/repository/junit/junit/4.7/junit-4.7.jar:/home/ljj/.m2/repository/org/codehaus/jackson/jackson-mapper-asl/1.6.4/jackson-mapper-asl-1.6.4.jar:/home/ljj/.m2/repository/org/codehaus/jackson/jackson-core-asl/1.6.4/jackson-core-asl-1.6.4.jar:/home/ljj/.m2/repository/commons-dbcp/commons-dbcp/1.2.2/commons-dbcp-1.2.2.jar:/home/ljj/.m2/repository/commons-pool/commons-pool/1.3/commons-pool-1.3.jar:/home/ljj/.m2/repository/mysql/mysql-connector-java/5.1.6/mysql-connector-java-5.1.6.jar:/home/ljj/.m2/repository/org/hibernate/hibernate-core/3.3.2.GA/hibernate-core-3.3.2.GA.jar:/home/ljj/.m2/repository/antlr/antlr/2.7.6/antlr-2.7.6.jar:/home/ljj/.m2/repository/commons-collections/commons-collections/3.1/commons-collections-3.1.jar:/home/ljj/.m2/repository/dom4j/dom4j/1.6.1/dom4j-1.6.1.jar:/home/ljj/.m2/repository/xml-apis/xml-apis/1.0.b2/xml-apis-1.0.b2.jar:/home/ljj/.m2/repository/javax/transaction/jta/1.1/jta-1.1.jar:/home/ljj/.m2/repository/org/hibernate/hibernate-annotations/3.3.1.GA/hibernate-annotations-3.3.1.GA.jar:/home/ljj/.m2/repository/org/hibernate/hibernate/3.2.6.ga/hibernate-3.2.6.ga.jar:/home/ljj/.m2/repository/net/sf/ehcache/ehcache/1.2.3/ehcache-1.2.3.jar:/home/ljj/.m2/repository/asm/asm-attrs/1.5.3/asm-attrs-1.5.3.jar:/home/ljj/.m2/repository/cglib/cglib/2.1_3/cglib-2.1_3.jar:/home/ljj/.m2/repository/asm/asm/1.5.3/asm-1.5.3.jar:/home/ljj/.m2/repository/commons-logging/commons-logging/1.0.4/commons-logging-1.0.4.jar:/home/ljj/.m2/repository/org/hibernate/hibernate-commons-annotations/3.3.0.ga/hibernate-commons-annotations-3.3.0.ga.jar:/home/ljj/.m2/repository/javax/persistence/persistence-api/1.0/persistence-api-1.0.jar:/home/ljj/.m2/repository/javax/validation/validation-api/1.0.0.GA/validation-api-1.0.0.GA.jar:/home/ljj/.m2/repository/org/hibernate/hibernate-validator/4.1.0.Final/hibernate-validator-4.1.0.Final.jar:/home/ljj/.m2/repository/org/mortbay/jetty/jetty/6.1.26RC0/jetty-6.1.26RC0.jar:/home/ljj/.m2/repository/org/mortbay/jetty/jetty-util/6.1.26RC0/jetty-util-6.1.26RC0.jar:/home/ljj/.m2/repository/org/mortbay/jetty/servlet-api/2.5-20081211/servlet-api-2.5-20081211.jar:/home/ljj/.m2/repository/org/mortbay/jetty/jsp-2.1-jetty/6.1.26RC0/jsp-2.1-jetty-6.1.26RC0.jar:/home/ljj/.m2/repository/org/eclipse/jdt/core/3.1.1/core-3.1.1.jar:/home/ljj/.m2/repository/org/mortbay/jetty/jsp-api-2.1-glassfish/2.1.v20091210/jsp-api-2.1-glassfish-2.1.v20091210.jar:/home/ljj/.m2/repository/org/mortbay/jetty/jsp-2.1-glassfish/2.1.v20091210/jsp-2.1-glassfish-2.1.v20091210.jar:/home/ljj/.m2/repository/org/eclipse/jdt/core/compiler/ecj/3.5.1/ecj-3.5.1.jar:/home/ljj/.m2/repository/ant/ant/1.6.5/ant-1.6.5.jar:/home/ljj/.m2/repository/javassist/javassist/3.12.0.GA/javassist-3.12.0.GA.jar:/home/ljj/.m2/repository/org/springframework/spring-test/3.0.0.RELEASE/spring-test-3.0.0.RELEASE.jar:/home/ljj/.m2/repository/commons-fileupload/commons-fileupload/1.2.2/commons-fileupload-1.2.2.jar:/home/ljj/.m2/repository/org/apache/commons/commons-io/1.3.2/commons-io-1.3.2.jar:/home/ljj/.m2/repository/org/springframework/security/spring-security-core/3.0.5.RELEASE/spring-security-core-3.0.5.RELEASE.jar:/home/ljj/.m2/repository/org/springframework/security/spring-security-config/3.0.5.RELEASE/spring-security-config-3.0.5.RELEASE.jar:/home/ljj/.m2/repository/org/springframework/security/spring-security-taglibs/3.0.5.RELEASE/spring-security-taglibs-3.0.5.RELEASE.jar:/home/ljj/.m2/repository/org/springframework/security/spring-security-web/3.0.5.RELEASE/spring-security-web-3.0.5.RELEASE.jar:/home/ljj/.m2/repository/org/springframework/security/spring-security-acl/3.0.5.RELEASE/spring-security-acl-3.0.5.RELEASE.jar:/home/ljj/.m2/repository/com/google/collections/google-collections/1.0-rc2/google-collections-1.0-rc2.jar:/home/ljj/.m2/repository/org/aspectj/aspectjweaver/1.5.4/aspectjweaver-1.5.4.jar:"/>
    <property name="java.vm.specification.version" value="1.0"/>
    <property name="sun.arch.data.model" value="32"/>
    <property name="java.home" value="/usr/lib/jvm/java-6-sun-1.6.0.24/jre"/>
    <property name="java.specification.vendor" value="Sun Microsystems Inc."/>
    <property name="user.language" value="zh"/>
    <property name="java.vm.info" value="mixed mode"/>
    <property name="java.version" value="1.6.0_24"/>
    <property name="java.ext.dirs" value="/usr/lib/jvm/java-6-sun-1.6.0.24/jre/lib/ext:/usr/java/packages/lib/ext"/>
    <property name="sun.boot.class.path" value="/usr/lib/jvm/java-6-sun-1.6.0.24/jre/lib/resources.jar:/usr/lib/jvm/java-6-sun-1.6.0.24/jre/lib/rt.jar:/usr/lib/jvm/java-6-sun-1.6.0.24/jre/lib/sunrsasign.jar:/usr/lib/jvm/java-6-sun-1.6.0.24/jre/lib/jsse.jar:/usr/lib/jvm/java-6-sun-1.6.0.24/jre/lib/jce.jar:/usr/lib/jvm/java-6-sun-1.6.0.24/jre/lib/charsets.jar:/usr/lib/jvm/java-6-sun-1.6.0.24/jre/lib/modules/jdk.boot.jar:/usr/lib/jvm/java-6-sun-1.6.0.24/jre/classes"/>
    <property name="java.vendor" value="Sun Microsystems Inc."/>
    <property name="localRepository" value="/home/ljj/.m2/repository"/>
    <property name="file.separator" value="/"/>
    <property name="java.vendor.url.bug" value="http://java.sun.com/cgi-bin/bugreport.cgi"/>
    <property name="sun.cpu.endian" value="little"/>
    <property name="sun.io.unicode.encoding" value="UnicodeLittle"/>
    <property name="sun.desktop" value="gnome"/>
    <property name="sun.cpu.isalist" value=""/>
  </properties>
  <testcase time="0.828" classname="cn.edu.nju.tsip.test.web.MblogControllerTest" name="testAddMBlog">
    <error message="Hibernate operation: Cannot open connection; uncategorized SQLException for SQL [???]; SQL state [null]; error code [0]; Cannot create PoolableConnectionFactory (Communications link failure

Last packet sent to the server was 0 ms ago.); nested exception is org.apache.commons.dbcp.SQLNestedException: Cannot create PoolableConnectionFactory (Communications link failure

Last packet sent to the server was 0 ms ago.)" type="org.springframework.jdbc.UncategorizedSQLException">org.springframework.jdbc.UncategorizedSQLException: Hibernate operation: Cannot open connection; uncategorized SQLException for SQL [???]; SQL state [null]; error code [0]; Cannot create PoolableConnectionFactory (Communications link failure

Last packet sent to the server was 0 ms ago.); nested exception is org.apache.commons.dbcp.SQLNestedException: Cannot create PoolableConnectionFactory (Communications link failure

Last packet sent to the server was 0 ms ago.)
	at org.springframework.jdbc.support.AbstractFallbackSQLExceptionTranslator.translate(AbstractFallbackSQLExceptionTranslator.java:83)
	at org.springframework.jdbc.support.AbstractFallbackSQLExceptionTranslator.translate(AbstractFallbackSQLExceptionTranslator.java:80)
	at org.springframework.jdbc.support.AbstractFallbackSQLExceptionTranslator.translate(AbstractFallbackSQLExceptionTranslator.java:80)
	at org.springframework.orm.hibernate3.HibernateAccessor.convertJdbcAccessException(HibernateAccessor.java:424)
	at org.springframework.orm.hibernate3.HibernateAccessor.convertHibernateAccessException(HibernateAccessor.java:410)
	at org.springframework.orm.hibernate3.HibernateTemplate.doExecute(HibernateTemplate.java:411)
	at org.springframework.orm.hibernate3.HibernateTemplate.executeWithNativeSession(HibernateTemplate.java:374)
	at org.springframework.orm.hibernate3.HibernateTemplate.get(HibernateTemplate.java:512)
	at org.springframework.orm.hibernate3.HibernateTemplate.get(HibernateTemplate.java:506)
	at cn.edu.nju.tsip.dao.impl.DaoImpl.get(DaoImpl.java:34)
	at cn.edu.nju.tsip.service.impl.ServiceImpl.find(ServiceImpl.java:24)
	at cn.edu.nju.tsip.service.impl.ServiceImpl.find(ServiceImpl.java:1)
	at cn.edu.nju.tsip.web.MblogController.addMBlog(MblogController.java:91)
	at cn.edu.nju.tsip.test.web.MblogControllerTest.testAddMBlog(MblogControllerTest.java:28)
	at sun.reflect.NativeMethodAccessorImpl.invoke0(Native Method)
	at sun.reflect.NativeMethodAccessorImpl.invoke(NativeMethodAccessorImpl.java:39)
	at sun.reflect.DelegatingMethodAccessorImpl.invoke(DelegatingMethodAccessorImpl.java:25)
	at java.lang.reflect.Method.invoke(Method.java:597)
	at junit.framework.TestCase.runTest(TestCase.java:168)
	at junit.framework.TestCase.runBare(TestCase.java:134)
	at junit.framework.TestResult$1.protect(TestResult.java:110)
	at junit.framework.TestResult.runProtected(TestResult.java:128)
	at junit.framework.TestResult.run(TestResult.java:113)
	at junit.framework.TestCase.run(TestCase.java:124)
	at junit.framework.TestSuite.runTest(TestSuite.java:232)
	at junit.framework.TestSuite.run(TestSuite.java:227)
	at org.junit.internal.runners.JUnit38ClassRunner.run(JUnit38ClassRunner.java:83)
	at org.apache.maven.surefire.junit4.JUnit4TestSet.execute(JUnit4TestSet.java:35)
	at org.apache.maven.surefire.junit4.JUnit4Provider.executeTestSet(JUnit4Provider.java:115)
	at org.apache.maven.surefire.junit4.JUnit4Provider.invoke(JUnit4Provider.java:97)
	at sun.reflect.NativeMethodAccessorImpl.invoke0(Native Method)
	at sun.reflect.NativeMethodAccessorImpl.invoke(NativeMethodAccessorImpl.java:39)
	at sun.reflect.DelegatingMethodAccessorImpl.invoke(DelegatingMethodAccessorImpl.java:25)
	at java.lang.reflect.Method.invoke(Method.java:597)
	at org.apache.maven.surefire.booter.ProviderFactory$ClassLoaderProxy.invoke(ProviderFactory.java:103)
	at $Proxy0.invoke(Unknown Source)
	at org.apache.maven.surefire.booter.SurefireStarter.invokeProvider(SurefireStarter.java:150)
	at org.apache.maven.surefire.booter.SurefireStarter.runSuitesInProcess(SurefireStarter.java:91)
	at org.apache.maven.surefire.booter.ForkedBooter.main(ForkedBooter.java:69)
Caused by: org.apache.commons.dbcp.SQLNestedException: Cannot create PoolableConnectionFactory (Communications link failure

Last packet sent to the server was 0 ms ago.)
	at org.apache.commons.dbcp.BasicDataSource.createDataSource(BasicDataSource.java:1225)
	at org.apache.commons.dbcp.BasicDataSource.getConnection(BasicDataSource.java:880)
	at org.springframework.orm.hibernate3.LocalDataSourceConnectionProvider.getConnection(LocalDataSourceConnectionProvider.java:81)
	at org.hibernate.jdbc.ConnectionManager.openConnection(ConnectionManager.java:446)
	at org.hibernate.jdbc.ConnectionManager.getConnection(ConnectionManager.java:167)
	at org.hibernate.jdbc.AbstractBatcher.prepareQueryStatement(AbstractBatcher.java:161)
	at org.hibernate.loader.Loader.prepareQueryStatement(Loader.java:1577)
	at org.hibernate.loader.Loader.doQuery(Loader.java:696)
	at org.hibernate.loader.Loader.doQueryAndInitializeNonLazyCollections(Loader.java:259)
	at org.hibernate.loader.Loader.loadEntity(Loader.java:1885)
	at org.hibernate.loader.entity.AbstractEntityLoader.load(AbstractEntityLoader.java:71)
	at org.hibernate.loader.entity.AbstractEntityLoader.load(AbstractEntityLoader.java:65)
	at org.hibernate.persister.entity.AbstractEntityPersister.load(AbstractEntityPersister.java:3062)
	at org.hibernate.event.def.DefaultLoadEventListener.loadFromDatasource(DefaultLoadEventListener.java:434)
	at org.hibernate.event.def.DefaultLoadEventListener.doLoad(DefaultLoadEventListener.java:415)
	at org.hibernate.event.def.DefaultLoadEventListener.load(DefaultLoadEventListener.java:165)
	at org.hibernate.event.def.DefaultLoadEventListener.proxyOrLoad(DefaultLoadEventListener.java:223)
	at org.hibernate.event.def.DefaultLoadEventListener.onLoad(DefaultLoadEventListener.java:126)
	at org.hibernate.impl.SessionImpl.fireLoad(SessionImpl.java:906)
	at org.hibernate.impl.SessionImpl.get(SessionImpl.java:843)
	at org.hibernate.impl.SessionImpl.get(SessionImpl.java:836)
	at org.springframework.orm.hibernate3.HibernateTemplate$1.doInHibernate(HibernateTemplate.java:519)
	at org.springframework.orm.hibernate3.HibernateTemplate.doExecute(HibernateTemplate.java:406)
	... 33 more
Caused by: com.mysql.jdbc.exceptions.jdbc4.CommunicationsException: Communications link failure

Last packet sent to the server was 0 ms ago.
	at sun.reflect.GeneratedConstructorAccessor39.newInstance(Unknown Source)
	at sun.reflect.DelegatingConstructorAccessorImpl.newInstance(DelegatingConstructorAccessorImpl.java:27)
	at java.lang.reflect.Constructor.newInstance(Constructor.java:513)
	at com.mysql.jdbc.Util.handleNewInstance(Util.java:406)
	at com.mysql.jdbc.SQLError.createCommunicationsException(SQLError.java:1074)
	at com.mysql.jdbc.ConnectionImpl.createNewIO(ConnectionImpl.java:2103)
	at com.mysql.jdbc.ConnectionImpl.&lt;init&gt;(ConnectionImpl.java:718)
	at com.mysql.jdbc.JDBC4Connection.&lt;init&gt;(JDBC4Connection.java:46)
	at sun.reflect.GeneratedConstructorAccessor36.newInstance(Unknown Source)
	at sun.reflect.DelegatingConstructorAccessorImpl.newInstance(DelegatingConstructorAccessorImpl.java:27)
	at java.lang.reflect.Constructor.newInstance(Constructor.java:513)
	at com.mysql.jdbc.Util.handleNewInstance(Util.java:406)
	at com.mysql.jdbc.ConnectionImpl.getInstance(ConnectionImpl.java:302)
	at com.mysql.jdbc.NonRegisteringDriver.connect(NonRegisteringDriver.java:282)
	at org.apache.commons.dbcp.DriverConnectionFactory.createConnection(DriverConnectionFactory.java:38)
	at org.apache.commons.dbcp.PoolableConnectionFactory.makeObject(PoolableConnectionFactory.java:294)
	at org.apache.commons.dbcp.BasicDataSource.validateConnectionFactory(BasicDataSource.java:1247)
	at org.apache.commons.dbcp.BasicDataSource.createDataSource(BasicDataSource.java:1221)
	... 55 more
Caused by: java.net.ConnectException: Connection refused
	at java.net.PlainSocketImpl.socketConnect(Native Method)
	at java.net.PlainSocketImpl.doConnect(PlainSocketImpl.java:351)
	at java.net.PlainSocketImpl.connectToAddress(PlainSocketImpl.java:213)
	at java.net.PlainSocketImpl.connect(PlainSocketImpl.java:200)
	at java.net.SocksSocketImpl.connect(SocksSocketImpl.java:366)
	at java.net.Socket.connect(Socket.java:529)
	at java.net.Socket.connect(Socket.java:478)
	at java.net.Socket.&lt;init&gt;(Socket.java:375)
	at java.net.Socket.&lt;init&gt;(Socket.java:218)
	at com.mysql.jdbc.StandardSocketFactory.connect(StandardSocketFactory.java:253)
	at com.mysql.jdbc.MysqlIO.&lt;init&gt;(MysqlIO.java:280)
	at com.mysql.jdbc.ConnectionImpl.createNewIO(ConnectionImpl.java:2026)
	... 67 more
</error>
    <system-out>@SLTests run: 1, Failures: 1, Errors: 0, Skipped: 0, Time elapsed: 0.002 sec &lt;&lt;&lt; FAILURE!
@SLRunning cn.edu.nju.tsip.test.web.MblogControllerTest
INFO : org.springframework.web.context.support.XmlWebApplicationContext - Refreshing Root WebApplicationContext: startup date [Mon Jun 13 15:37:39 CST 2011]; root of context hierarchy
INFO : org.springframework.beans.factory.xml.XmlBeanDefinitionReader - Loading XML bean definitions from class path resource [spring/root-context.xml]
INFO : org.springframework.beans.factory.xml.XmlBeanDefinitionReader - Loading XML bean definitions from class path resource [spring/appServlet/servlet-context.xml]
INFO : org.springframework.beans.factory.xml.XmlBeanDefinitionReader - Loading XML bean definitions from class path resource [spring/appServlet/controllers.xml]
INFO : org.springframework.context.annotation.ClassPathBeanDefinitionScanner - JSR-330 &apos;javax.inject.Named&apos; annotation found and supported for component scanning
INFO : org.springframework.beans.factory.xml.XmlBeanDefinitionReader - Loading XML bean definitions from class path resource [spring/appServlet/controllers.xml]
INFO : org.springframework.context.annotation.ClassPathBeanDefinitionScanner - JSR-330 &apos;javax.inject.Named&apos; annotation found and supported for component scanning
INFO : org.springframework.beans.factory.annotation.AutowiredAnnotationBeanPostProcessor - JSR-330 &apos;javax.inject.Inject&apos; annotation found and supported for autowiring
INFO : org.springframework.beans.factory.support.DefaultListableBeanFactory - Pre-instantiating singletons in org.springframework.beans.factory.support.DefaultListableBeanFactory@ca6ae: defining beans [multipartResolver,dataSource,sessionFactory,hibernateTemplate,transactionManager,org.springframework.web.servlet.mvc.annotation.DefaultAnnotationHandlerMapping#0,org.springframework.format.support.FormattingConversionServiceFactoryBean#0,org.springframework.validation.beanvalidation.LocalValidatorFactoryBean#0,org.springframework.web.servlet.mvc.annotation.AnnotationMethodHandlerAdapter#0,org.springframework.web.servlet.handler.MappedInterceptor#0,org.springframework.web.servlet.mvc.HttpRequestHandlerAdapter,org.springframework.web.servlet.resource.ResourceHttpRequestHandler#0,org.springframework.web.servlet.handler.SimpleUrlHandlerMapping#0,org.springframework.web.servlet.view.InternalResourceViewResolver#0,dao,albumService,userDetailsService,studentService,groupletterService,letterService,fileService,disugroupService,bbsService,articleService,messageService,userService,mblogService,categoryService,teacherService,pictureService,commentService,articleController,studentController,BBSController,homeController,mblogController,pictureController,letterController,fileController,messageController,userController,org.springframework.context.annotation.internalConfigurationAnnotationProcessor,org.springframework.context.annotation.internalAutowiredAnnotationProcessor,org.springframework.context.annotation.internalRequiredAnnotationProcessor,org.springframework.context.annotation.internalCommonAnnotationProcessor,org.springframework.context.annotation.internalPersistenceAnnotationProcessor]; root of factory hierarchy
INFO : org.hibernate.cfg.AnnotationBinder - Binding entity from annotated class: cn.edu.nju.tsip.entity.GroupLetter
INFO : org.hibernate.cfg.annotations.EntityBinder - Bind entity cn.edu.nju.tsip.entity.GroupLetter on table GroupLetter
INFO : org.hibernate.cfg.AnnotationBinder - Binding entity from annotated class: cn.edu.nju.tsip.entity.CourseInfo
INFO : org.hibernate.cfg.annotations.EntityBinder - Bind entity cn.edu.nju.tsip.entity.CourseInfo on table CourseInfo
INFO : org.hibernate.cfg.AnnotationBinder - Binding entity from annotated class: cn.edu.nju.tsip.entity.Letter
INFO : org.hibernate.cfg.annotations.EntityBinder - Bind entity cn.edu.nju.tsip.entity.Letter on table Letter
INFO : org.hibernate.cfg.AnnotationBinder - Binding entity from annotated class: cn.edu.nju.tsip.entity.User
INFO : org.hibernate.cfg.annotations.EntityBinder - Bind entity cn.edu.nju.tsip.entity.User on table User
INFO : org.hibernate.cfg.AnnotationBinder - Binding entity from annotated class: cn.edu.nju.tsip.entity.Admin
INFO : org.hibernate.cfg.annotations.EntityBinder - Bind entity cn.edu.nju.tsip.entity.Admin on table Admin
INFO : org.hibernate.cfg.AnnotationBinder - Binding entity from annotated class: cn.edu.nju.tsip.entity.MBlog
INFO : org.hibernate.cfg.annotations.EntityBinder - Bind entity cn.edu.nju.tsip.entity.MBlog on table MBlog
INFO : org.hibernate.cfg.AnnotationBinder - Binding entity from annotated class: cn.edu.nju.tsip.entity.Student
INFO : org.hibernate.cfg.annotations.EntityBinder - Bind entity cn.edu.nju.tsip.entity.Student on table Student
INFO : org.hibernate.cfg.AnnotationBinder - Binding entity from annotated class: cn.edu.nju.tsip.entity.Authority
INFO : org.hibernate.cfg.annotations.EntityBinder - Bind entity cn.edu.nju.tsip.entity.Authority on table Authority
INFO : org.hibernate.cfg.AnnotationBinder - Binding entity from annotated class: cn.edu.nju.tsip.entity.DisuGroup
INFO : org.hibernate.cfg.annotations.EntityBinder - Bind entity cn.edu.nju.tsip.entity.DisuGroup on table DisuGroup
INFO : org.hibernate.cfg.AnnotationBinder - Binding entity from annotated class: cn.edu.nju.tsip.entity.BBS
INFO : org.hibernate.cfg.annotations.EntityBinder - Bind entity cn.edu.nju.tsip.entity.BBS on table BBS
INFO : org.hibernate.cfg.AnnotationBinder - Binding entity from annotated class: cn.edu.nju.tsip.entity.Counsellor
INFO : org.hibernate.cfg.annotations.EntityBinder - Bind entity cn.edu.nju.tsip.entity.Counsellor on table Counsellor
INFO : org.hibernate.cfg.AnnotationBinder - Binding entity from annotated class: cn.edu.nju.tsip.entity.UploadFile
INFO : org.hibernate.cfg.annotations.EntityBinder - Bind entity cn.edu.nju.tsip.entity.UploadFile on table UploadFile
INFO : org.hibernate.cfg.AnnotationBinder - Binding entity from annotated class: cn.edu.nju.tsip.entity.Teacher
INFO : org.hibernate.cfg.annotations.EntityBinder - Bind entity cn.edu.nju.tsip.entity.Teacher on table Teacher
INFO : org.hibernate.cfg.AnnotationBinder - Binding entity from annotated class: cn.edu.nju.tsip.entity.Course
INFO : org.hibernate.cfg.annotations.EntityBinder - Bind entity cn.edu.nju.tsip.entity.Course on table Course
INFO : org.hibernate.cfg.AnnotationBinder - Binding entity from annotated class: cn.edu.nju.tsip.entity.Picture
INFO : org.hibernate.cfg.annotations.EntityBinder - Bind entity cn.edu.nju.tsip.entity.Picture on table Picture
INFO : org.hibernate.cfg.AnnotationBinder - Binding entity from annotated class: cn.edu.nju.tsip.entity.Message
INFO : org.hibernate.cfg.annotations.EntityBinder - Bind entity cn.edu.nju.tsip.entity.Message on table Message
INFO : org.hibernate.cfg.AnnotationBinder - Binding entity from annotated class: cn.edu.nju.tsip.entity.Article
INFO : org.hibernate.cfg.annotations.EntityBinder - Bind entity cn.edu.nju.tsip.entity.Article on table Article
INFO : org.hibernate.cfg.AnnotationBinder - Binding entity from annotated class: cn.edu.nju.tsip.entity.Leader
INFO : org.hibernate.cfg.annotations.EntityBinder - Bind entity cn.edu.nju.tsip.entity.Leader on table Leader
INFO : org.hibernate.cfg.AnnotationBinder - Binding entity from annotated class: cn.edu.nju.tsip.entity.UserGroup
INFO : org.hibernate.cfg.annotations.EntityBinder - Bind entity cn.edu.nju.tsip.entity.UserGroup on table UserGroup
INFO : org.hibernate.cfg.AnnotationBinder - Binding entity from annotated class: cn.edu.nju.tsip.entity.Message_User
INFO : org.hibernate.cfg.annotations.EntityBinder - Bind entity cn.edu.nju.tsip.entity.Message_User on table Message_User
INFO : org.hibernate.cfg.AnnotationBinder - Binding entity from annotated class: cn.edu.nju.tsip.entity.Album
INFO : org.hibernate.cfg.annotations.EntityBinder - Bind entity cn.edu.nju.tsip.entity.Album on table Album
INFO : org.hibernate.cfg.AnnotationBinder - Binding entity from annotated class: cn.edu.nju.tsip.entity.Role
INFO : org.hibernate.cfg.annotations.EntityBinder - Bind entity cn.edu.nju.tsip.entity.Role on table Role
INFO : org.hibernate.cfg.AnnotationBinder - Binding entity from annotated class: cn.edu.nju.tsip.entity.Comment
INFO : org.hibernate.cfg.annotations.EntityBinder - Bind entity cn.edu.nju.tsip.entity.Comment on table Comment
INFO : org.hibernate.cfg.AnnotationBinder - Binding entity from annotated class: cn.edu.nju.tsip.entity.Category
INFO : org.hibernate.cfg.annotations.EntityBinder - Bind entity cn.edu.nju.tsip.entity.Category on table Category
INFO : org.hibernate.cfg.annotations.CollectionBinder - Mapping collection: cn.edu.nju.tsip.entity.Comment.cmntChilds -&gt; Comment
INFO : org.hibernate.cfg.annotations.CollectionBinder - Mapping collection: cn.edu.nju.tsip.entity.Album.pictures -&gt; Picture
INFO : org.hibernate.cfg.annotations.CollectionBinder - Mapping collection: cn.edu.nju.tsip.entity.Article.comments -&gt; Comment
INFO : org.hibernate.cfg.annotations.CollectionBinder - Mapping collection: cn.edu.nju.tsip.entity.Message.comments -&gt; Comment
INFO : org.hibernate.cfg.annotations.CollectionBinder - Mapping collection: cn.edu.nju.tsip.entity.Picture.comments -&gt; Comment
INFO : org.hibernate.cfg.annotations.CollectionBinder - Mapping collection: cn.edu.nju.tsip.entity.BBS.comments -&gt; Comment
INFO : org.hibernate.cfg.annotations.CollectionBinder - Mapping collection: cn.edu.nju.tsip.entity.MBlog.comments -&gt; Comment
INFO : org.hibernate.cfg.annotations.CollectionBinder - Mapping collection: cn.edu.nju.tsip.entity.User.userGroups -&gt; UserGroup
INFO : org.hibernate.cfg.annotations.CollectionBinder - Mapping collection: cn.edu.nju.tsip.entity.User.albums -&gt; Album
INFO : org.hibernate.cfg.annotations.CollectionBinder - Mapping collection: cn.edu.nju.tsip.entity.User.categories -&gt; Category
INFO : org.hibernate.cfg.annotations.CollectionBinder - Mapping collection: cn.edu.nju.tsip.entity.User.mBlogs -&gt; MBlog
INFO : org.hibernate.cfg.annotations.CollectionBinder - Mapping collection: cn.edu.nju.tsip.entity.User.publishMsgs -&gt; Message
INFO : org.hibernate.cfg.annotations.CollectionBinder - Mapping collection: cn.edu.nju.tsip.entity.User.user2Messages -&gt; Message_User
INFO : org.hibernate.cfg.annotations.CollectionBinder - Mapping collection: cn.edu.nju.tsip.entity.Student.courseInfos -&gt; CourseInfo
INFO : org.hibernate.cfg.annotations.CollectionBinder - Mapping collection: cn.edu.nju.tsip.entity.Message.message2Users -&gt; Message_User
INFO : org.hibernate.cfg.annotations.CollectionBinder - Mapping collection: cn.edu.nju.tsip.entity.Category.articles -&gt; Article
INFO : org.hibernate.cfg.AnnotationConfiguration - Hibernate Validator not found: ignoring
INFO : org.springframework.orm.hibernate3.annotation.AnnotationSessionFactoryBean - Building new Hibernate SessionFactory
INFO : org.hibernate.connection.ConnectionProviderFactory - Initializing connection provider: org.springframework.orm.hibernate3.LocalDataSourceConnectionProvider
WARN : org.hibernate.util.JDBCExceptionReporter - SQL Error: 0, SQLState: null
ERROR: org.hibernate.util.JDBCExceptionReporter - Cannot create PoolableConnectionFactory (Communications link failure

Last packet sent to the server was 0 ms ago.)
WARN : org.hibernate.cfg.SettingsFactory - Could not obtain connection to query metadata
org.apache.commons.dbcp.SQLNestedException: Cannot create PoolableConnectionFactory (Communications link failure

Last packet sent to the server was 0 ms ago.)
	at org.apache.commons.dbcp.BasicDataSource.createDataSource(BasicDataSource.java:1225)
	at org.apache.commons.dbcp.BasicDataSource.getConnection(BasicDataSource.java:880)
	at org.springframework.orm.hibernate3.LocalDataSourceConnectionProvider.getConnection(LocalDataSourceConnectionProvider.java:81)
	at org.hibernate.cfg.SettingsFactory.buildSettings(SettingsFactory.java:111)
	at org.hibernate.cfg.Configuration.buildSettingsInternal(Configuration.java:2119)
	at org.hibernate.cfg.Configuration.buildSettings(Configuration.java:2115)
	at org.hibernate.cfg.Configuration.buildSessionFactory(Configuration.java:1339)
	at org.hibernate.cfg.AnnotationConfiguration.buildSessionFactory(AnnotationConfiguration.java:859)
	at org.springframework.orm.hibernate3.LocalSessionFactoryBean.newSessionFactory(LocalSessionFactoryBean.java:855)
	at org.springframework.orm.hibernate3.LocalSessionFactoryBean.buildSessionFactory(LocalSessionFactoryBean.java:774)
	at org.springframework.orm.hibernate3.AbstractSessionFactoryBean.afterPropertiesSet(AbstractSessionFactoryBean.java:211)
	at org.springframework.beans.factory.support.AbstractAutowireCapableBeanFactory.invokeInitMethods(AbstractAutowireCapableBeanFactory.java:1477)
	at org.springframework.beans.factory.support.AbstractAutowireCapableBeanFactory.initializeBean(AbstractAutowireCapableBeanFactory.java:1417)
	at org.springframework.beans.factory.support.AbstractAutowireCapableBeanFactory.doCreateBean(AbstractAutowireCapableBeanFactory.java:519)
	at org.springframework.beans.factory.support.AbstractAutowireCapableBeanFactory.createBean(AbstractAutowireCapableBeanFactory.java:456)
	at org.springframework.beans.factory.support.AbstractBeanFactory$1.getObject(AbstractBeanFactory.java:291)
	at org.springframework.beans.factory.support.DefaultSingletonBeanRegistry.getSingleton(DefaultSingletonBeanRegistry.java:222)
	at org.springframework.beans.factory.support.AbstractBeanFactory.doGetBean(AbstractBeanFactory.java:288)
	at org.springframework.beans.factory.support.AbstractBeanFactory.getBean(AbstractBeanFactory.java:190)
	at org.springframework.beans.factory.support.DefaultListableBeanFactory.preInstantiateSingletons(DefaultListableBeanFactory.java:563)
	at org.springframework.context.support.AbstractApplicationContext.finishBeanFactoryInitialization(AbstractApplicationContext.java:895)
	at org.springframework.context.support.AbstractApplicationContext.refresh(AbstractApplicationContext.java:425)
	at cn.edu.nju.tsip.test.util.ControllerTest.setUp(ControllerTest.java:38)
	at junit.framework.TestCase.runBare(TestCase.java:132)
	at junit.framework.TestResult$1.protect(TestResult.java:110)
	at junit.framework.TestResult.runProtected(TestResult.java:128)
	at junit.framework.TestResult.run(TestResult.java:113)
	at junit.framework.TestCase.run(TestCase.java:124)
	at junit.framework.TestSuite.runTest(TestSuite.java:232)
	at junit.framework.TestSuite.run(TestSuite.java:227)
	at org.junit.internal.runners.JUnit38ClassRunner.run(JUnit38ClassRunner.java:83)
	at org.apache.maven.surefire.junit4.JUnit4TestSet.execute(JUnit4TestSet.java:35)
	at org.apache.maven.surefire.junit4.JUnit4Provider.executeTestSet(JUnit4Provider.java:115)
	at org.apache.maven.surefire.junit4.JUnit4Provider.invoke(JUnit4Provider.java:97)
	at sun.reflect.NativeMethodAccessorImpl.invoke0(Native Method)
	at sun.reflect.NativeMethodAccessorImpl.invoke(NativeMethodAccessorImpl.java:39)
	at sun.reflect.DelegatingMethodAccessorImpl.invoke(DelegatingMethodAccessorImpl.java:25)
	at java.lang.reflect.Method.invoke(Method.java:597)
	at org.apache.maven.surefire.booter.ProviderFactory$ClassLoaderProxy.invoke(ProviderFactory.java:103)
	at $Proxy0.invoke(Unknown Source)
	at org.apache.maven.surefire.booter.SurefireStarter.invokeProvider(SurefireStarter.java:150)
	at org.apache.maven.surefire.booter.SurefireStarter.runSuitesInProcess(SurefireStarter.java:91)
	at org.apache.maven.surefire.booter.ForkedBooter.main(ForkedBooter.java:69)
Caused by: com.mysql.jdbc.exceptions.jdbc4.CommunicationsException: Communications link failure

Last packet sent to the server was 0 ms ago.
	at sun.reflect.NativeConstructorAccessorImpl.newInstance0(Native Method)
	at sun.reflect.NativeConstructorAccessorImpl.newInstance(NativeConstructorAccessorImpl.java:39)
	at sun.reflect.DelegatingConstructorAccessorImpl.newInstance(DelegatingConstructorAccessorImpl.java:27)
	at java.lang.reflect.Constructor.newInstance(Constructor.java:513)
	at com.mysql.jdbc.Util.handleNewInstance(Util.java:406)
	at com.mysql.jdbc.SQLError.createCommunicationsException(SQLError.java:1074)
	at com.mysql.jdbc.ConnectionImpl.createNewIO(ConnectionImpl.java:2103)
	at com.mysql.jdbc.ConnectionImpl.&lt;init&gt;(ConnectionImpl.java:718)
	at com.mysql.jdbc.JDBC4Connection.&lt;init&gt;(JDBC4Connection.java:46)
	at sun.reflect.NativeConstructorAccessorImpl.newInstance0(Native Method)
	at sun.reflect.NativeConstructorAccessorImpl.newInstance(NativeConstructorAccessorImpl.java:39)
	at sun.reflect.DelegatingConstructorAccessorImpl.newInstance(DelegatingConstructorAccessorImpl.java:27)
	at java.lang.reflect.Constructor.newInstance(Constructor.java:513)
	at com.mysql.jdbc.Util.handleNewInstance(Util.java:406)
	at com.mysql.jdbc.ConnectionImpl.getInstance(ConnectionImpl.java:302)
	at com.mysql.jdbc.NonRegisteringDriver.connect(NonRegisteringDriver.java:282)
	at org.apache.commons.dbcp.DriverConnectionFactory.createConnection(DriverConnectionFactory.java:38)
	at org.apache.commons.dbcp.PoolableConnectionFactory.makeObject(PoolableConnectionFactory.java:294)
	at org.apache.commons.dbcp.BasicDataSource.validateConnectionFactory(BasicDataSource.java:1247)
	at org.apache.commons.dbcp.BasicDataSource.createDataSource(BasicDataSource.java:1221)
	... 42 more
Caused by: java.net.ConnectException: Connection refused
	at java.net.PlainSocketImpl.socketConnect(Native Method)
	at java.net.PlainSocketImpl.doConnect(PlainSocketImpl.java:351)
	at java.net.PlainSocketImpl.connectToAddress(PlainSocketImpl.java:213)
	at java.net.PlainSocketImpl.connect(PlainSocketImpl.java:200)
	at java.net.SocksSocketImpl.connect(SocksSocketImpl.java:366)
	at java.net.Socket.connect(Socket.java:529)
	at java.net.Socket.connect(Socket.java:478)
	at java.net.Socket.&lt;init&gt;(Socket.java:375)
	at java.net.Socket.&lt;init&gt;(Socket.java:218)
	at com.mysql.jdbc.StandardSocketFactory.connect(StandardSocketFactory.java:253)
	at com.mysql.jdbc.MysqlIO.&lt;init&gt;(MysqlIO.java:280)
	at com.mysql.jdbc.ConnectionImpl.createNewIO(ConnectionImpl.java:2026)
	... 55 more
INFO : org.hibernate.dialect.Dialect - Using dialect: org.hibernate.dialect.MySQLDialect
INFO : org.hibernate.transaction.TransactionFactoryFactory - Transaction strategy: org.springframework.orm.hibernate3.SpringTransactionFactory
INFO : org.hibernate.transaction.TransactionManagerLookupFactory - No TransactionManagerLookup configured (in JTA environment, use of read-write or transactional second-level cache is not recommended)
INFO : org.hibernate.cfg.SettingsFactory - Automatic flush during beforeCompletion(): disabled
INFO : org.hibernate.cfg.SettingsFactory - Automatic session close at end of transaction: disabled
INFO : org.hibernate.cfg.SettingsFactory - Scrollable result sets: disabled
INFO : org.hibernate.cfg.SettingsFactory - JDBC3 getGeneratedKeys(): disabled
INFO : org.hibernate.cfg.SettingsFactory - Connection release mode: auto
INFO : org.hibernate.cfg.SettingsFactory - Maximum outer join fetch depth: 2
INFO : org.hibernate.cfg.SettingsFactory - Default batch fetch size: 1
INFO : org.hibernate.cfg.SettingsFactory - Generate SQL with comments: disabled
INFO : org.hibernate.cfg.SettingsFactory - Order SQL updates by primary key: disabled
INFO : org.hibernate.cfg.SettingsFactory - Order SQL inserts for batching: disabled
INFO : org.hibernate.cfg.SettingsFactory - Query translator: org.hibernate.hql.ast.ASTQueryTranslatorFactory
INFO : org.hibernate.hql.ast.ASTQueryTranslatorFactory - Using ASTQueryTranslatorFactory
INFO : org.hibernate.cfg.SettingsFactory - Query language substitutions: {}
INFO : org.hibernate.cfg.SettingsFactory - JPA-QL strict compliance: disabled
INFO : org.hibernate.cfg.SettingsFactory - Second-level cache: enabled
INFO : org.hibernate.cfg.SettingsFactory - Query cache: disabled
INFO : org.hibernate.cfg.SettingsFactory - Cache region factory : org.hibernate.cache.impl.NoCachingRegionFactory
INFO : org.hibernate.cfg.SettingsFactory - Optimize cache for minimal puts: disabled
INFO : org.hibernate.cfg.SettingsFactory - Structured second-level cache entries: disabled
INFO : org.hibernate.cfg.SettingsFactory - Echoing all SQL to stdout
INFO : org.hibernate.cfg.SettingsFactory - Statistics: disabled
INFO : org.hibernate.cfg.SettingsFactory - Deleted entity synthetic identifier rollback: disabled
INFO : org.hibernate.cfg.SettingsFactory - Default entity-mode: pojo
INFO : org.hibernate.cfg.SettingsFactory - Named query checking : enabled
INFO : org.hibernate.impl.SessionFactoryImpl - building session factory
INFO : org.hibernate.impl.SessionFactoryObjectFactory - Not binding factory to JNDI, no JNDI name configured
INFO : org.hibernate.tool.hbm2ddl.SchemaUpdate - Running hbm2ddl schema update
INFO : org.hibernate.tool.hbm2ddl.SchemaUpdate - fetching database metadata
WARN : org.hibernate.util.JDBCExceptionReporter - SQL Error: 0, SQLState: null
ERROR: org.hibernate.util.JDBCExceptionReporter - Cannot create PoolableConnectionFactory (Communications link failure

Last packet sent to the server was 0 ms ago.)
ERROR: org.hibernate.tool.hbm2ddl.SchemaUpdate - could not get database metadata
org.apache.commons.dbcp.SQLNestedException: Cannot create PoolableConnectionFactory (Communications link failure

Last packet sent to the server was 0 ms ago.)
	at org.apache.commons.dbcp.BasicDataSource.createDataSource(BasicDataSource.java:1225)
	at org.apache.commons.dbcp.BasicDataSource.getConnection(BasicDataSource.java:880)
	at org.springframework.orm.hibernate3.LocalDataSourceConnectionProvider.getConnection(LocalDataSourceConnectionProvider.java:81)
	at org.hibernate.tool.hbm2ddl.SuppliedConnectionProviderConnectionHelper.prepare(SuppliedConnectionProviderConnectionHelper.java:51)
	at org.hibernate.tool.hbm2ddl.SchemaUpdate.execute(SchemaUpdate.java:168)
	at org.hibernate.impl.SessionFactoryImpl.&lt;init&gt;(SessionFactoryImpl.java:356)
	at org.hibernate.cfg.Configuration.buildSessionFactory(Configuration.java:1341)
	at org.hibernate.cfg.AnnotationConfiguration.buildSessionFactory(AnnotationConfiguration.java:859)
	at org.springframework.orm.hibernate3.LocalSessionFactoryBean.newSessionFactory(LocalSessionFactoryBean.java:855)
	at org.springframework.orm.hibernate3.LocalSessionFactoryBean.buildSessionFactory(LocalSessionFactoryBean.java:774)
	at org.springframework.orm.hibernate3.AbstractSessionFactoryBean.afterPropertiesSet(AbstractSessionFactoryBean.java:211)
	at org.springframework.beans.factory.support.AbstractAutowireCapableBeanFactory.invokeInitMethods(AbstractAutowireCapableBeanFactory.java:1477)
	at org.springframework.beans.factory.support.AbstractAutowireCapableBeanFactory.initializeBean(AbstractAutowireCapableBeanFactory.java:1417)
	at org.springframework.beans.factory.support.AbstractAutowireCapableBeanFactory.doCreateBean(AbstractAutowireCapableBeanFactory.java:519)
	at org.springframework.beans.factory.support.AbstractAutowireCapableBeanFactory.createBean(AbstractAutowireCapableBeanFactory.java:456)
	at org.springframework.beans.factory.support.AbstractBeanFactory$1.getObject(AbstractBeanFactory.java:291)
	at org.springframework.beans.factory.support.DefaultSingletonBeanRegistry.getSingleton(DefaultSingletonBeanRegistry.java:222)
	at org.springframework.beans.factory.support.AbstractBeanFactory.doGetBean(AbstractBeanFactory.java:288)
	at org.springframework.beans.factory.support.AbstractBeanFactory.getBean(AbstractBeanFactory.java:190)
	at org.springframework.beans.factory.support.DefaultListableBeanFactory.preInstantiateSingletons(DefaultListableBeanFactory.java:563)
	at org.springframework.context.support.AbstractApplicationContext.finishBeanFactoryInitialization(AbstractApplicationContext.java:895)
	at org.springframework.context.support.AbstractApplicationContext.refresh(AbstractApplicationContext.java:425)
	at cn.edu.nju.tsip.test.util.ControllerTest.setUp(ControllerTest.java:38)
	at junit.framework.TestCase.runBare(TestCase.java:132)
	at junit.framework.TestResult$1.protect(TestResult.java:110)
	at junit.framework.TestResult.runProtected(TestResult.java:128)
	at junit.framework.TestResult.run(TestResult.java:113)
	at junit.framework.TestCase.run(TestCase.java:124)
	at junit.framework.TestSuite.runTest(TestSuite.java:232)
	at junit.framework.TestSuite.run(TestSuite.java:227)
	at org.junit.internal.runners.JUnit38ClassRunner.run(JUnit38ClassRunner.java:83)
	at org.apache.maven.surefire.junit4.JUnit4TestSet.execute(JUnit4TestSet.java:35)
	at org.apache.maven.surefire.junit4.JUnit4Provider.executeTestSet(JUnit4Provider.java:115)
	at org.apache.maven.surefire.junit4.JUnit4Provider.invoke(JUnit4Provider.java:97)
	at sun.reflect.NativeMethodAccessorImpl.invoke0(Native Method)
	at sun.reflect.NativeMethodAccessorImpl.invoke(NativeMethodAccessorImpl.java:39)
	at sun.reflect.DelegatingMethodAccessorImpl.invoke(DelegatingMethodAccessorImpl.java:25)
	at java.lang.reflect.Method.invoke(Method.java:597)
	at org.apache.maven.surefire.booter.ProviderFactory$ClassLoaderProxy.invoke(ProviderFactory.java:103)
	at $Proxy0.invoke(Unknown Source)
	at org.apache.maven.surefire.booter.SurefireStarter.invokeProvider(SurefireStarter.java:150)
	at org.apache.maven.surefire.booter.SurefireStarter.runSuitesInProcess(SurefireStarter.java:91)
	at org.apache.maven.surefire.booter.ForkedBooter.main(ForkedBooter.java:69)
Caused by: com.mysql.jdbc.exceptions.jdbc4.CommunicationsException: Communications link failure

Last packet sent to the server was 0 ms ago.
	at sun.reflect.NativeConstructorAccessorImpl.newInstance0(Native Method)
	at sun.reflect.NativeConstructorAccessorImpl.newInstance(NativeConstructorAccessorImpl.java:39)
	at sun.reflect.DelegatingConstructorAccessorImpl.newInstance(DelegatingConstructorAccessorImpl.java:27)
	at java.lang.reflect.Constructor.newInstance(Constructor.java:513)
	at com.mysql.jdbc.Util.handleNewInstance(Util.java:406)
	at com.mysql.jdbc.SQLError.createCommunicationsException(SQLError.java:1074)
	at com.mysql.jdbc.ConnectionImpl.createNewIO(ConnectionImpl.java:2103)
	at com.mysql.jdbc.ConnectionImpl.&lt;init&gt;(ConnectionImpl.java:718)
	at com.mysql.jdbc.JDBC4Connection.&lt;init&gt;(JDBC4Connection.java:46)
	at sun.reflect.NativeConstructorAccessorImpl.newInstance0(Native Method)
	at sun.reflect.NativeConstructorAccessorImpl.newInstance(NativeConstructorAccessorImpl.java:39)
	at sun.reflect.DelegatingConstructorAccessorImpl.newInstance(DelegatingConstructorAccessorImpl.java:27)
	at java.lang.reflect.Constructor.newInstance(Constructor.java:513)
	at com.mysql.jdbc.Util.handleNewInstance(Util.java:406)
	at com.mysql.jdbc.ConnectionImpl.getInstance(ConnectionImpl.java:302)
	at com.mysql.jdbc.NonRegisteringDriver.connect(NonRegisteringDriver.java:282)
	at org.apache.commons.dbcp.DriverConnectionFactory.createConnection(DriverConnectionFactory.java:38)
	at org.apache.commons.dbcp.PoolableConnectionFactory.makeObject(PoolableConnectionFactory.java:294)
	at org.apache.commons.dbcp.BasicDataSource.validateConnectionFactory(BasicDataSource.java:1247)
	at org.apache.commons.dbcp.BasicDataSource.createDataSource(BasicDataSource.java:1221)
	... 42 more
Caused by: java.net.ConnectException: Connection refused
	at java.net.PlainSocketImpl.socketConnect(Native Method)
	at java.net.PlainSocketImpl.doConnect(PlainSocketImpl.java:351)
	at java.net.PlainSocketImpl.connectToAddress(PlainSocketImpl.java:213)
	at java.net.PlainSocketImpl.connect(PlainSocketImpl.java:200)
	at java.net.SocksSocketImpl.connect(SocksSocketImpl.java:366)
	at java.net.Socket.connect(Socket.java:529)
	at java.net.Socket.connect(Socket.java:478)
	at java.net.Socket.&lt;init&gt;(Socket.java:375)
	at java.net.Socket.&lt;init&gt;(Socket.java:218)
	at com.mysql.jdbc.StandardSocketFactory.connect(StandardSocketFactory.java:253)
	at com.mysql.jdbc.MysqlIO.&lt;init&gt;(MysqlIO.java:280)
	at com.mysql.jdbc.ConnectionImpl.createNewIO(ConnectionImpl.java:2026)
	... 55 more
ERROR: org.hibernate.tool.hbm2ddl.SchemaUpdate - could not complete schema update
org.apache.commons.dbcp.SQLNestedException: Cannot create PoolableConnectionFactory (Communications link failure

Last packet sent to the server was 0 ms ago.)
	at org.apache.commons.dbcp.BasicDataSource.createDataSource(BasicDataSource.java:1225)
	at org.apache.commons.dbcp.BasicDataSource.getConnection(BasicDataSource.java:880)
	at org.springframework.orm.hibernate3.LocalDataSourceConnectionProvider.getConnection(LocalDataSourceConnectionProvider.java:81)
	at org.hibernate.tool.hbm2ddl.SuppliedConnectionProviderConnectionHelper.prepare(SuppliedConnectionProviderConnectionHelper.java:51)
	at org.hibernate.tool.hbm2ddl.SchemaUpdate.execute(SchemaUpdate.java:168)
	at org.hibernate.impl.SessionFactoryImpl.&lt;init&gt;(SessionFactoryImpl.java:356)
	at org.hibernate.cfg.Configuration.buildSessionFactory(Configuration.java:1341)
	at org.hibernate.cfg.AnnotationConfiguration.buildSessionFactory(AnnotationConfiguration.java:859)
	at org.springframework.orm.hibernate3.LocalSessionFactoryBean.newSessionFactory(LocalSessionFactoryBean.java:855)
	at org.springframework.orm.hibernate3.LocalSessionFactoryBean.buildSessionFactory(LocalSessionFactoryBean.java:774)
	at org.springframework.orm.hibernate3.AbstractSessionFactoryBean.afterPropertiesSet(AbstractSessionFactoryBean.java:211)
	at org.springframework.beans.factory.support.AbstractAutowireCapableBeanFactory.invokeInitMethods(AbstractAutowireCapableBeanFactory.java:1477)
	at org.springframework.beans.factory.support.AbstractAutowireCapableBeanFactory.initializeBean(AbstractAutowireCapableBeanFactory.java:1417)
	at org.springframework.beans.factory.support.AbstractAutowireCapableBeanFactory.doCreateBean(AbstractAutowireCapableBeanFactory.java:519)
	at org.springframework.beans.factory.support.AbstractAutowireCapableBeanFactory.createBean(AbstractAutowireCapableBeanFactory.java:456)
	at org.springframework.beans.factory.support.AbstractBeanFactory$1.getObject(AbstractBeanFactory.java:291)
	at org.springframework.beans.factory.support.DefaultSingletonBeanRegistry.getSingleton(DefaultSingletonBeanRegistry.java:222)
	at org.springframework.beans.factory.support.AbstractBeanFactory.doGetBean(AbstractBeanFactory.java:288)
	at org.springframework.beans.factory.support.AbstractBeanFactory.getBean(AbstractBeanFactory.java:190)
	at org.springframework.beans.factory.support.DefaultListableBeanFactory.preInstantiateSingletons(DefaultListableBeanFactory.java:563)
	at org.springframework.context.support.AbstractApplicationContext.finishBeanFactoryInitialization(AbstractApplicationContext.java:895)
	at org.springframework.context.support.AbstractApplicationContext.refresh(AbstractApplicationContext.java:425)
	at cn.edu.nju.tsip.test.util.ControllerTest.setUp(ControllerTest.java:38)
	at junit.framework.TestCase.runBare(TestCase.java:132)
	at junit.framework.TestResult$1.protect(TestResult.java:110)
	at junit.framework.TestResult.runProtected(TestResult.java:128)
	at junit.framework.TestResult.run(TestResult.java:113)
	at junit.framework.TestCase.run(TestCase.java:124)
	at junit.framework.TestSuite.runTest(TestSuite.java:232)
	at junit.framework.TestSuite.run(TestSuite.java:227)
	at org.junit.internal.runners.JUnit38ClassRunner.run(JUnit38ClassRunner.java:83)
	at org.apache.maven.surefire.junit4.JUnit4TestSet.execute(JUnit4TestSet.java:35)
	at org.apache.maven.surefire.junit4.JUnit4Provider.executeTestSet(JUnit4Provider.java:115)
	at org.apache.maven.surefire.junit4.JUnit4Provider.invoke(JUnit4Provider.java:97)
	at sun.reflect.NativeMethodAccessorImpl.invoke0(Native Method)
	at sun.reflect.NativeMethodAccessorImpl.invoke(NativeMethodAccessorImpl.java:39)
	at sun.reflect.DelegatingMethodAccessorImpl.invoke(DelegatingMethodAccessorImpl.java:25)
	at java.lang.reflect.Method.invoke(Method.java:597)
	at org.apache.maven.surefire.booter.ProviderFactory$ClassLoaderProxy.invoke(ProviderFactory.java:103)
	at $Proxy0.invoke(Unknown Source)
	at org.apache.maven.surefire.booter.SurefireStarter.invokeProvider(SurefireStarter.java:150)
	at org.apache.maven.surefire.booter.SurefireStarter.runSuitesInProcess(SurefireStarter.java:91)
	at org.apache.maven.surefire.booter.ForkedBooter.main(ForkedBooter.java:69)
Caused by: com.mysql.jdbc.exceptions.jdbc4.CommunicationsException: Communications link failure

Last packet sent to the server was 0 ms ago.
	at sun.reflect.NativeConstructorAccessorImpl.newInstance0(Native Method)
	at sun.reflect.NativeConstructorAccessorImpl.newInstance(NativeConstructorAccessorImpl.java:39)
	at sun.reflect.DelegatingConstructorAccessorImpl.newInstance(DelegatingConstructorAccessorImpl.java:27)
	at java.lang.reflect.Constructor.newInstance(Constructor.java:513)
	at com.mysql.jdbc.Util.handleNewInstance(Util.java:406)
	at com.mysql.jdbc.SQLError.createCommunicationsException(SQLError.java:1074)
	at com.mysql.jdbc.ConnectionImpl.createNewIO(ConnectionImpl.java:2103)
	at com.mysql.jdbc.ConnectionImpl.&lt;init&gt;(ConnectionImpl.java:718)
	at com.mysql.jdbc.JDBC4Connection.&lt;init&gt;(JDBC4Connection.java:46)
	at sun.reflect.NativeConstructorAccessorImpl.newInstance0(Native Method)
	at sun.reflect.NativeConstructorAccessorImpl.newInstance(NativeConstructorAccessorImpl.java:39)
	at sun.reflect.DelegatingConstructorAccessorImpl.newInstance(DelegatingConstructorAccessorImpl.java:27)
	at java.lang.reflect.Constructor.newInstance(Constructor.java:513)
	at com.mysql.jdbc.Util.handleNewInstance(Util.java:406)
	at com.mysql.jdbc.ConnectionImpl.getInstance(ConnectionImpl.java:302)
	at com.mysql.jdbc.NonRegisteringDriver.connect(NonRegisteringDriver.java:282)
	at org.apache.commons.dbcp.DriverConnectionFactory.createConnection(DriverConnectionFactory.java:38)
	at org.apache.commons.dbcp.PoolableConnectionFactory.makeObject(PoolableConnectionFactory.java:294)
	at org.apache.commons.dbcp.BasicDataSource.validateConnectionFactory(BasicDataSource.java:1247)
	at org.apache.commons.dbcp.BasicDataSource.createDataSource(BasicDataSource.java:1221)
	... 42 more
Caused by: java.net.ConnectException: Connection refused
	at java.net.PlainSocketImpl.socketConnect(Native Method)
	at java.net.PlainSocketImpl.doConnect(PlainSocketImpl.java:351)
	at java.net.PlainSocketImpl.connectToAddress(PlainSocketImpl.java:213)
	at java.net.PlainSocketImpl.connect(PlainSocketImpl.java:200)
	at java.net.SocksSocketImpl.connect(SocksSocketImpl.java:366)
	at java.net.Socket.connect(Socket.java:529)
	at java.net.Socket.connect(Socket.java:478)
	at java.net.Socket.&lt;init&gt;(Socket.java:375)
	at java.net.Socket.&lt;init&gt;(Socket.java:218)
	at com.mysql.jdbc.StandardSocketFactory.connect(StandardSocketFactory.java:253)
	at com.mysql.jdbc.MysqlIO.&lt;init&gt;(MysqlIO.java:280)
	at com.mysql.jdbc.ConnectionImpl.createNewIO(ConnectionImpl.java:2026)
	... 55 more
INFO : org.springframework.orm.hibernate3.HibernateTransactionManager - Using DataSource [org.apache.commons.dbcp.BasicDataSource@3f5a0] of Hibernate SessionFactory for HibernateTransactionManager
INFO : org.springframework.web.servlet.mvc.annotation.DefaultAnnotationHandlerMapping - Mapped URL path [/client/article/getall] onto handler &apos;articleController&apos;
INFO : org.springframework.web.servlet.mvc.annotation.DefaultAnnotationHandlerMapping - Mapped URL path [/client/article/getall.*] onto handler &apos;articleController&apos;
INFO : org.springframework.web.servlet.mvc.annotation.DefaultAnnotationHandlerMapping - Mapped URL path [/client/article/getall/] onto handler &apos;articleController&apos;
INFO : org.springframework.web.servlet.mvc.annotation.DefaultAnnotationHandlerMapping - Mapped URL path [/client/article/add] onto handler &apos;articleController&apos;
INFO : org.springframework.web.servlet.mvc.annotation.DefaultAnnotationHandlerMapping - Mapped URL path [/client/article/add.*] onto handler &apos;articleController&apos;
INFO : org.springframework.web.servlet.mvc.annotation.DefaultAnnotationHandlerMapping - Mapped URL path [/client/article/add/] onto handler &apos;articleController&apos;
INFO : org.springframework.web.servlet.mvc.annotation.DefaultAnnotationHandlerMapping - Mapped URL path [/client/category/add] onto handler &apos;articleController&apos;
INFO : org.springframework.web.servlet.mvc.annotation.DefaultAnnotationHandlerMapping - Mapped URL path [/client/category/add.*] onto handler &apos;articleController&apos;
INFO : org.springframework.web.servlet.mvc.annotation.DefaultAnnotationHandlerMapping - Mapped URL path [/client/category/add/] onto handler &apos;articleController&apos;
INFO : org.springframework.web.servlet.mvc.annotation.DefaultAnnotationHandlerMapping - Mapped URL path [/client/category/delete] onto handler &apos;articleController&apos;
INFO : org.springframework.web.servlet.mvc.annotation.DefaultAnnotationHandlerMapping - Mapped URL path [/client/category/delete.*] onto handler &apos;articleController&apos;
INFO : org.springframework.web.servlet.mvc.annotation.DefaultAnnotationHandlerMapping - Mapped URL path [/client/category/delete/] onto handler &apos;articleController&apos;
INFO : org.springframework.web.servlet.mvc.annotation.DefaultAnnotationHandlerMapping - Mapped URL path [/client/article/delete] onto handler &apos;articleController&apos;
INFO : org.springframework.web.servlet.mvc.annotation.DefaultAnnotationHandlerMapping - Mapped URL path [/client/article/delete.*] onto handler &apos;articleController&apos;
INFO : org.springframework.web.servlet.mvc.annotation.DefaultAnnotationHandlerMapping - Mapped URL path [/client/article/delete/] onto handler &apos;articleController&apos;
INFO : org.springframework.web.servlet.mvc.annotation.DefaultAnnotationHandlerMapping - Mapped URL path [/client/student/getinfo] onto handler &apos;studentController&apos;
INFO : org.springframework.web.servlet.mvc.annotation.DefaultAnnotationHandlerMapping - Mapped URL path [/client/student/getinfo.*] onto handler &apos;studentController&apos;
INFO : org.springframework.web.servlet.mvc.annotation.DefaultAnnotationHandlerMapping - Mapped URL path [/client/student/getinfo/] onto handler &apos;studentController&apos;
INFO : org.springframework.web.servlet.mvc.annotation.DefaultAnnotationHandlerMapping - Mapped URL path [/client/student/getmyinfo] onto handler &apos;studentController&apos;
INFO : org.springframework.web.servlet.mvc.annotation.DefaultAnnotationHandlerMapping - Mapped URL path [/client/student/getmyinfo.*] onto handler &apos;studentController&apos;
INFO : org.springframework.web.servlet.mvc.annotation.DefaultAnnotationHandlerMapping - Mapped URL path [/client/student/getmyinfo/] onto handler &apos;studentController&apos;
INFO : org.springframework.web.servlet.mvc.annotation.DefaultAnnotationHandlerMapping - Mapped URL path [/client/student/changeinfo] onto handler &apos;studentController&apos;
INFO : org.springframework.web.servlet.mvc.annotation.DefaultAnnotationHandlerMapping - Mapped URL path [/client/student/changeinfo.*] onto handler &apos;studentController&apos;
INFO : org.springframework.web.servlet.mvc.annotation.DefaultAnnotationHandlerMapping - Mapped URL path [/client/student/changeinfo/] onto handler &apos;studentController&apos;
INFO : org.springframework.web.servlet.mvc.annotation.DefaultAnnotationHandlerMapping - Mapped URL path [/client/student/add] onto handler &apos;studentController&apos;
INFO : org.springframework.web.servlet.mvc.annotation.DefaultAnnotationHandlerMapping - Mapped URL path [/client/student/add.*] onto handler &apos;studentController&apos;
INFO : org.springframework.web.servlet.mvc.annotation.DefaultAnnotationHandlerMapping - Mapped URL path [/client/student/add/] onto handler &apos;studentController&apos;
INFO : org.springframework.web.servlet.mvc.annotation.DefaultAnnotationHandlerMapping - Mapped URL path [/client/student/search] onto handler &apos;studentController&apos;
INFO : org.springframework.web.servlet.mvc.annotation.DefaultAnnotationHandlerMapping - Mapped URL path [/client/student/search.*] onto handler &apos;studentController&apos;
INFO : org.springframework.web.servlet.mvc.annotation.DefaultAnnotationHandlerMapping - Mapped URL path [/client/student/search/] onto handler &apos;studentController&apos;
INFO : org.springframework.web.servlet.mvc.annotation.DefaultAnnotationHandlerMapping - Mapped URL path [/client/BBS/get] onto handler &apos;BBSController&apos;
INFO : org.springframework.web.servlet.mvc.annotation.DefaultAnnotationHandlerMapping - Mapped URL path [/client/BBS/get.*] onto handler &apos;BBSController&apos;
INFO : org.springframework.web.servlet.mvc.annotation.DefaultAnnotationHandlerMapping - Mapped URL path [/client/BBS/get/] onto handler &apos;BBSController&apos;
INFO : org.springframework.web.servlet.mvc.annotation.DefaultAnnotationHandlerMapping - Mapped URL path [/client/BBS/create] onto handler &apos;BBSController&apos;
INFO : org.springframework.web.servlet.mvc.annotation.DefaultAnnotationHandlerMapping - Mapped URL path [/client/BBS/create.*] onto handler &apos;BBSController&apos;
INFO : org.springframework.web.servlet.mvc.annotation.DefaultAnnotationHandlerMapping - Mapped URL path [/client/BBS/create/] onto handler &apos;BBSController&apos;
INFO : org.springframework.web.servlet.mvc.annotation.DefaultAnnotationHandlerMapping - Mapped URL path [/client/BBS/change] onto handler &apos;BBSController&apos;
INFO : org.springframework.web.servlet.mvc.annotation.DefaultAnnotationHandlerMapping - Mapped URL path [/client/BBS/change.*] onto handler &apos;BBSController&apos;
INFO : org.springframework.web.servlet.mvc.annotation.DefaultAnnotationHandlerMapping - Mapped URL path [/client/BBS/change/] onto handler &apos;BBSController&apos;
INFO : org.springframework.web.servlet.mvc.annotation.DefaultAnnotationHandlerMapping - Mapped URL path [/client/BBS/detail] onto handler &apos;BBSController&apos;
INFO : org.springframework.web.servlet.mvc.annotation.DefaultAnnotationHandlerMapping - Mapped URL path [/client/BBS/detail.*] onto handler &apos;BBSController&apos;
INFO : org.springframework.web.servlet.mvc.annotation.DefaultAnnotationHandlerMapping - Mapped URL path [/client/BBS/detail/] onto handler &apos;BBSController&apos;
INFO : org.springframework.web.servlet.mvc.annotation.DefaultAnnotationHandlerMapping - Mapped URL path [/create] onto handler &apos;homeController&apos;
INFO : org.springframework.web.servlet.mvc.annotation.DefaultAnnotationHandlerMapping - Mapped URL path [/create.*] onto handler &apos;homeController&apos;
INFO : org.springframework.web.servlet.mvc.annotation.DefaultAnnotationHandlerMapping - Mapped URL path [/create/] onto handler &apos;homeController&apos;
INFO : org.springframework.web.servlet.mvc.annotation.DefaultAnnotationHandlerMapping - Mapped URL path [/index] onto handler &apos;homeController&apos;
INFO : org.springframework.web.servlet.mvc.annotation.DefaultAnnotationHandlerMapping - Mapped URL path [/index.*] onto handler &apos;homeController&apos;
INFO : org.springframework.web.servlet.mvc.annotation.DefaultAnnotationHandlerMapping - Mapped URL path [/index/] onto handler &apos;homeController&apos;
INFO : org.springframework.web.servlet.mvc.annotation.DefaultAnnotationHandlerMapping - Root mapping to handler &apos;homeController&apos;
INFO : org.springframework.web.servlet.mvc.annotation.DefaultAnnotationHandlerMapping - Mapped URL path [/ajax_api] onto handler &apos;homeController&apos;
INFO : org.springframework.web.servlet.mvc.annotation.DefaultAnnotationHandlerMapping - Mapped URL path [/ajax_api.*] onto handler &apos;homeController&apos;
INFO : org.springframework.web.servlet.mvc.annotation.DefaultAnnotationHandlerMapping - Mapped URL path [/ajax_api/] onto handler &apos;homeController&apos;
INFO : org.springframework.web.servlet.mvc.annotation.DefaultAnnotationHandlerMapping - Mapped URL path [/login] onto handler &apos;homeController&apos;
INFO : org.springframework.web.servlet.mvc.annotation.DefaultAnnotationHandlerMapping - Mapped URL path [/login.*] onto handler &apos;homeController&apos;
INFO : org.springframework.web.servlet.mvc.annotation.DefaultAnnotationHandlerMapping - Mapped URL path [/login/] onto handler &apos;homeController&apos;
INFO : org.springframework.web.servlet.mvc.annotation.DefaultAnnotationHandlerMapping - Mapped URL path [/client/mblog/getAll] onto handler &apos;mblogController&apos;
INFO : org.springframework.web.servlet.mvc.annotation.DefaultAnnotationHandlerMapping - Mapped URL path [/client/mblog/getAll.*] onto handler &apos;mblogController&apos;
INFO : org.springframework.web.servlet.mvc.annotation.DefaultAnnotationHandlerMapping - Mapped URL path [/client/mblog/getAll/] onto handler &apos;mblogController&apos;
INFO : org.springframework.web.servlet.mvc.annotation.DefaultAnnotationHandlerMapping - Mapped URL path [/client/mblog/create] onto handler &apos;mblogController&apos;
INFO : org.springframework.web.servlet.mvc.annotation.DefaultAnnotationHandlerMapping - Mapped URL path [/client/mblog/create.*] onto handler &apos;mblogController&apos;
INFO : org.springframework.web.servlet.mvc.annotation.DefaultAnnotationHandlerMapping - Mapped URL path [/client/mblog/create/] onto handler &apos;mblogController&apos;
INFO : org.springframework.web.servlet.mvc.annotation.DefaultAnnotationHandlerMapping - Mapped URL path [/client/mblog/getMblogDatail] onto handler &apos;mblogController&apos;
INFO : org.springframework.web.servlet.mvc.annotation.DefaultAnnotationHandlerMapping - Mapped URL path [/client/mblog/getMblogDatail.*] onto handler &apos;mblogController&apos;
INFO : org.springframework.web.servlet.mvc.annotation.DefaultAnnotationHandlerMapping - Mapped URL path [/client/mblog/getMblogDatail/] onto handler &apos;mblogController&apos;
INFO : org.springframework.web.servlet.mvc.annotation.DefaultAnnotationHandlerMapping - Mapped URL path [/client/mblog/addcomment] onto handler &apos;mblogController&apos;
INFO : org.springframework.web.servlet.mvc.annotation.DefaultAnnotationHandlerMapping - Mapped URL path [/client/mblog/addcomment.*] onto handler &apos;mblogController&apos;
INFO : org.springframework.web.servlet.mvc.annotation.DefaultAnnotationHandlerMapping - Mapped URL path [/client/mblog/addcomment/] onto handler &apos;mblogController&apos;
INFO : org.springframework.web.servlet.mvc.annotation.DefaultAnnotationHandlerMapping - Mapped URL path [/client/mblog/delete] onto handler &apos;mblogController&apos;
INFO : org.springframework.web.servlet.mvc.annotation.DefaultAnnotationHandlerMapping - Mapped URL path [/client/mblog/delete.*] onto handler &apos;mblogController&apos;
INFO : org.springframework.web.servlet.mvc.annotation.DefaultAnnotationHandlerMapping - Mapped URL path [/client/mblog/delete/] onto handler &apos;mblogController&apos;
INFO : org.springframework.web.servlet.mvc.annotation.DefaultAnnotationHandlerMapping - Mapped URL path [/client/album/get] onto handler &apos;pictureController&apos;
INFO : org.springframework.web.servlet.mvc.annotation.DefaultAnnotationHandlerMapping - Mapped URL path [/client/album/get.*] onto handler &apos;pictureController&apos;
INFO : org.springframework.web.servlet.mvc.annotation.DefaultAnnotationHandlerMapping - Mapped URL path [/client/album/get/] onto handler &apos;pictureController&apos;
INFO : org.springframework.web.servlet.mvc.annotation.DefaultAnnotationHandlerMapping - Mapped URL path [/client/album/add] onto handler &apos;pictureController&apos;
INFO : org.springframework.web.servlet.mvc.annotation.DefaultAnnotationHandlerMapping - Mapped URL path [/client/album/add.*] onto handler &apos;pictureController&apos;
INFO : org.springframework.web.servlet.mvc.annotation.DefaultAnnotationHandlerMapping - Mapped URL path [/client/album/add/] onto handler &apos;pictureController&apos;
INFO : org.springframework.web.servlet.mvc.annotation.DefaultAnnotationHandlerMapping - Mapped URL path [/client/album/share] onto handler &apos;pictureController&apos;
INFO : org.springframework.web.servlet.mvc.annotation.DefaultAnnotationHandlerMapping - Mapped URL path [/client/album/share.*] onto handler &apos;pictureController&apos;
INFO : org.springframework.web.servlet.mvc.annotation.DefaultAnnotationHandlerMapping - Mapped URL path [/client/album/share/] onto handler &apos;pictureController&apos;
INFO : org.springframework.web.servlet.mvc.annotation.DefaultAnnotationHandlerMapping - Mapped URL path [/client/album/delete] onto handler &apos;pictureController&apos;
INFO : org.springframework.web.servlet.mvc.annotation.DefaultAnnotationHandlerMapping - Mapped URL path [/client/album/delete.*] onto handler &apos;pictureController&apos;
INFO : org.springframework.web.servlet.mvc.annotation.DefaultAnnotationHandlerMapping - Mapped URL path [/client/album/delete/] onto handler &apos;pictureController&apos;
INFO : org.springframework.web.servlet.mvc.annotation.DefaultAnnotationHandlerMapping - Mapped URL path [/client/album/rename] onto handler &apos;pictureController&apos;
INFO : org.springframework.web.servlet.mvc.annotation.DefaultAnnotationHandlerMapping - Mapped URL path [/client/album/rename.*] onto handler &apos;pictureController&apos;
INFO : org.springframework.web.servlet.mvc.annotation.DefaultAnnotationHandlerMapping - Mapped URL path [/client/album/rename/] onto handler &apos;pictureController&apos;
INFO : org.springframework.web.servlet.mvc.annotation.DefaultAnnotationHandlerMapping - Mapped URL path [/client/picture/upload/{albumName}/{descrip}] onto handler &apos;pictureController&apos;
INFO : org.springframework.web.servlet.mvc.annotation.DefaultAnnotationHandlerMapping - Mapped URL path [/client/picture/upload/{albumName}/{descrip}.*] onto handler &apos;pictureController&apos;
INFO : org.springframework.web.servlet.mvc.annotation.DefaultAnnotationHandlerMapping - Mapped URL path [/client/picture/upload/{albumName}/{descrip}/] onto handler &apos;pictureController&apos;
INFO : org.springframework.web.servlet.mvc.annotation.DefaultAnnotationHandlerMapping - Mapped URL path [/client/album/getMy] onto handler &apos;pictureController&apos;
INFO : org.springframework.web.servlet.mvc.annotation.DefaultAnnotationHandlerMapping - Mapped URL path [/client/album/getMy.*] onto handler &apos;pictureController&apos;
INFO : org.springframework.web.servlet.mvc.annotation.DefaultAnnotationHandlerMapping - Mapped URL path [/client/album/getMy/] onto handler &apos;pictureController&apos;
INFO : org.springframework.web.servlet.mvc.annotation.DefaultAnnotationHandlerMapping - Mapped URL path [/client/album/detail] onto handler &apos;pictureController&apos;
INFO : org.springframework.web.servlet.mvc.annotation.DefaultAnnotationHandlerMapping - Mapped URL path [/client/album/detail.*] onto handler &apos;pictureController&apos;
INFO : org.springframework.web.servlet.mvc.annotation.DefaultAnnotationHandlerMapping - Mapped URL path [/client/album/detail/] onto handler &apos;pictureController&apos;
INFO : org.springframework.web.servlet.mvc.annotation.DefaultAnnotationHandlerMapping - Mapped URL path [/client/picture/detail] onto handler &apos;pictureController&apos;
INFO : org.springframework.web.servlet.mvc.annotation.DefaultAnnotationHandlerMapping - Mapped URL path [/client/picture/detail.*] onto handler &apos;pictureController&apos;
INFO : org.springframework.web.servlet.mvc.annotation.DefaultAnnotationHandlerMapping - Mapped URL path [/client/picture/detail/] onto handler &apos;pictureController&apos;
INFO : org.springframework.web.servlet.mvc.annotation.DefaultAnnotationHandlerMapping - Mapped URL path [/client/letter/add] onto handler &apos;letterController&apos;
INFO : org.springframework.web.servlet.mvc.annotation.DefaultAnnotationHandlerMapping - Mapped URL path [/client/letter/add.*] onto handler &apos;letterController&apos;
INFO : org.springframework.web.servlet.mvc.annotation.DefaultAnnotationHandlerMapping - Mapped URL path [/client/letter/add/] onto handler &apos;letterController&apos;
INFO : org.springframework.web.servlet.mvc.annotation.DefaultAnnotationHandlerMapping - Mapped URL path [/client/letter/getone] onto handler &apos;letterController&apos;
INFO : org.springframework.web.servlet.mvc.annotation.DefaultAnnotationHandlerMapping - Mapped URL path [/client/letter/getone.*] onto handler &apos;letterController&apos;
INFO : org.springframework.web.servlet.mvc.annotation.DefaultAnnotationHandlerMapping - Mapped URL path [/client/letter/getone/] onto handler &apos;letterController&apos;
INFO : org.springframework.web.servlet.mvc.annotation.DefaultAnnotationHandlerMapping - Mapped URL path [/client/letter/getall] onto handler &apos;letterController&apos;
INFO : org.springframework.web.servlet.mvc.annotation.DefaultAnnotationHandlerMapping - Mapped URL path [/client/letter/getall.*] onto handler &apos;letterController&apos;
INFO : org.springframework.web.servlet.mvc.annotation.DefaultAnnotationHandlerMapping - Mapped URL path [/client/letter/getall/] onto handler &apos;letterController&apos;
INFO : org.springframework.web.servlet.mvc.annotation.DefaultAnnotationHandlerMapping - Mapped URL path [/client/user/getOnline] onto handler &apos;letterController&apos;
INFO : org.springframework.web.servlet.mvc.annotation.DefaultAnnotationHandlerMapping - Mapped URL path [/client/user/getOnline.*] onto handler &apos;letterController&apos;
INFO : org.springframework.web.servlet.mvc.annotation.DefaultAnnotationHandlerMapping - Mapped URL path [/client/user/getOnline/] onto handler &apos;letterController&apos;
INFO : org.springframework.web.servlet.mvc.annotation.DefaultAnnotationHandlerMapping - Mapped URL path [/client/leter/getlatest] onto handler &apos;letterController&apos;
INFO : org.springframework.web.servlet.mvc.annotation.DefaultAnnotationHandlerMapping - Mapped URL path [/client/leter/getlatest.*] onto handler &apos;letterController&apos;
INFO : org.springframework.web.servlet.mvc.annotation.DefaultAnnotationHandlerMapping - Mapped URL path [/client/leter/getlatest/] onto handler &apos;letterController&apos;
INFO : org.springframework.web.servlet.mvc.annotation.DefaultAnnotationHandlerMapping - Mapped URL path [/client/disugroup/create] onto handler &apos;letterController&apos;
INFO : org.springframework.web.servlet.mvc.annotation.DefaultAnnotationHandlerMapping - Mapped URL path [/client/disugroup/create.*] onto handler &apos;letterController&apos;
INFO : org.springframework.web.servlet.mvc.annotation.DefaultAnnotationHandlerMapping - Mapped URL path [/client/disugroup/create/] onto handler &apos;letterController&apos;
INFO : org.springframework.web.servlet.mvc.annotation.DefaultAnnotationHandlerMapping - Mapped URL path [/client/disugroup/adduser] onto handler &apos;letterController&apos;
INFO : org.springframework.web.servlet.mvc.annotation.DefaultAnnotationHandlerMapping - Mapped URL path [/client/disugroup/adduser.*] onto handler &apos;letterController&apos;
INFO : org.springframework.web.servlet.mvc.annotation.DefaultAnnotationHandlerMapping - Mapped URL path [/client/disugroup/adduser/] onto handler &apos;letterController&apos;
INFO : org.springframework.web.servlet.mvc.annotation.DefaultAnnotationHandlerMapping - Mapped URL path [/client/disugroup/send] onto handler &apos;letterController&apos;
INFO : org.springframework.web.servlet.mvc.annotation.DefaultAnnotationHandlerMapping - Mapped URL path [/client/disugroup/send.*] onto handler &apos;letterController&apos;
INFO : org.springframework.web.servlet.mvc.annotation.DefaultAnnotationHandlerMapping - Mapped URL path [/client/disugroup/send/] onto handler &apos;letterController&apos;
INFO : org.springframework.web.servlet.mvc.annotation.DefaultAnnotationHandlerMapping - Mapped URL path [/client/disugroup/receive] onto handler &apos;letterController&apos;
INFO : org.springframework.web.servlet.mvc.annotation.DefaultAnnotationHandlerMapping - Mapped URL path [/client/disugroup/receive.*] onto handler &apos;letterController&apos;
INFO : org.springframework.web.servlet.mvc.annotation.DefaultAnnotationHandlerMapping - Mapped URL path [/client/disugroup/receive/] onto handler &apos;letterController&apos;
INFO : org.springframework.web.servlet.mvc.annotation.DefaultAnnotationHandlerMapping - Mapped URL path [/client/file/getAll] onto handler &apos;fileController&apos;
INFO : org.springframework.web.servlet.mvc.annotation.DefaultAnnotationHandlerMapping - Mapped URL path [/client/file/getAll.*] onto handler &apos;fileController&apos;
INFO : org.springframework.web.servlet.mvc.annotation.DefaultAnnotationHandlerMapping - Mapped URL path [/client/file/getAll/] onto handler &apos;fileController&apos;
INFO : org.springframework.web.servlet.mvc.annotation.DefaultAnnotationHandlerMapping - Mapped URL path [/client/file/save/{prefix}/{postfix}] onto handler &apos;fileController&apos;
INFO : org.springframework.web.servlet.mvc.annotation.DefaultAnnotationHandlerMapping - Mapped URL path [/client/file/save/{prefix}/{postfix}.*] onto handler &apos;fileController&apos;
INFO : org.springframework.web.servlet.mvc.annotation.DefaultAnnotationHandlerMapping - Mapped URL path [/client/file/save/{prefix}/{postfix}/] onto handler &apos;fileController&apos;
INFO : org.springframework.web.servlet.mvc.annotation.DefaultAnnotationHandlerMapping - Mapped URL path [/client/file/delete/{id}] onto handler &apos;fileController&apos;
INFO : org.springframework.web.servlet.mvc.annotation.DefaultAnnotationHandlerMapping - Mapped URL path [/client/file/delete/{id}.*] onto handler &apos;fileController&apos;
INFO : org.springframework.web.servlet.mvc.annotation.DefaultAnnotationHandlerMapping - Mapped URL path [/client/file/delete/{id}/] onto handler &apos;fileController&apos;
INFO : org.springframework.web.servlet.mvc.annotation.DefaultAnnotationHandlerMapping - Mapped URL path [/client/message/create/some] onto handler &apos;messageController&apos;
INFO : org.springframework.web.servlet.mvc.annotation.DefaultAnnotationHandlerMapping - Mapped URL path [/client/message/create/some.*] onto handler &apos;messageController&apos;
INFO : org.springframework.web.servlet.mvc.annotation.DefaultAnnotationHandlerMapping - Mapped URL path [/client/message/create/some/] onto handler &apos;messageController&apos;
INFO : org.springframework.web.servlet.mvc.annotation.DefaultAnnotationHandlerMapping - Mapped URL path [/client/message/create/student] onto handler &apos;messageController&apos;
INFO : org.springframework.web.servlet.mvc.annotation.DefaultAnnotationHandlerMapping - Mapped URL path [/client/message/create/student.*] onto handler &apos;messageController&apos;
INFO : org.springframework.web.servlet.mvc.annotation.DefaultAnnotationHandlerMapping - Mapped URL path [/client/message/create/student/] onto handler &apos;messageController&apos;
INFO : org.springframework.web.servlet.mvc.annotation.DefaultAnnotationHandlerMapping - Mapped URL path [/client/message/getallunreaded] onto handler &apos;messageController&apos;
INFO : org.springframework.web.servlet.mvc.annotation.DefaultAnnotationHandlerMapping - Mapped URL path [/client/message/getallunreaded.*] onto handler &apos;messageController&apos;
INFO : org.springframework.web.servlet.mvc.annotation.DefaultAnnotationHandlerMapping - Mapped URL path [/client/message/getallunreaded/] onto handler &apos;messageController&apos;
INFO : org.springframework.web.servlet.mvc.annotation.DefaultAnnotationHandlerMapping - Mapped URL path [/client/message/getMy] onto handler &apos;messageController&apos;
INFO : org.springframework.web.servlet.mvc.annotation.DefaultAnnotationHandlerMapping - Mapped URL path [/client/message/getMy.*] onto handler &apos;messageController&apos;
INFO : org.springframework.web.servlet.mvc.annotation.DefaultAnnotationHandlerMapping - Mapped URL path [/client/message/getMy/] onto handler &apos;messageController&apos;
INFO : org.springframework.web.servlet.mvc.annotation.DefaultAnnotationHandlerMapping - Mapped URL path [/client/message/detailMy] onto handler &apos;messageController&apos;
INFO : org.springframework.web.servlet.mvc.annotation.DefaultAnnotationHandlerMapping - Mapped URL path [/client/message/detailMy.*] onto handler &apos;messageController&apos;
INFO : org.springframework.web.servlet.mvc.annotation.DefaultAnnotationHandlerMapping - Mapped URL path [/client/message/detailMy/] onto handler &apos;messageController&apos;
INFO : org.springframework.web.servlet.mvc.annotation.DefaultAnnotationHandlerMapping - Mapped URL path [/client/message/detail] onto handler &apos;messageController&apos;
INFO : org.springframework.web.servlet.mvc.annotation.DefaultAnnotationHandlerMapping - Mapped URL path [/client/message/detail.*] onto handler &apos;messageController&apos;
INFO : org.springframework.web.servlet.mvc.annotation.DefaultAnnotationHandlerMapping - Mapped URL path [/client/message/detail/] onto handler &apos;messageController&apos;
INFO : org.springframework.web.servlet.mvc.annotation.DefaultAnnotationHandlerMapping - Mapped URL path [/client/message/getall] onto handler &apos;messageController&apos;
INFO : org.springframework.web.servlet.mvc.annotation.DefaultAnnotationHandlerMapping - Mapped URL path [/client/message/getall.*] onto handler &apos;messageController&apos;
INFO : org.springframework.web.servlet.mvc.annotation.DefaultAnnotationHandlerMapping - Mapped URL path [/client/message/getall/] onto handler &apos;messageController&apos;
INFO : org.springframework.web.servlet.mvc.annotation.DefaultAnnotationHandlerMapping - Mapped URL path [/client/user/login] onto handler &apos;userController&apos;
INFO : org.springframework.web.servlet.mvc.annotation.DefaultAnnotationHandlerMapping - Mapped URL path [/client/user/login.*] onto handler &apos;userController&apos;
INFO : org.springframework.web.servlet.mvc.annotation.DefaultAnnotationHandlerMapping - Mapped URL path [/client/user/login/] onto handler &apos;userController&apos;
INFO : org.springframework.web.servlet.mvc.annotation.DefaultAnnotationHandlerMapping - Mapped URL path [/client/user/getAll] onto handler &apos;userController&apos;
INFO : org.springframework.web.servlet.mvc.annotation.DefaultAnnotationHandlerMapping - Mapped URL path [/client/user/getAll.*] onto handler &apos;userController&apos;
INFO : org.springframework.web.servlet.mvc.annotation.DefaultAnnotationHandlerMapping - Mapped URL path [/client/user/getAll/] onto handler &apos;userController&apos;
INFO : org.springframework.web.servlet.mvc.annotation.DefaultAnnotationHandlerMapping - Mapped URL path [/client/user/exit] onto handler &apos;userController&apos;
INFO : org.springframework.web.servlet.mvc.annotation.DefaultAnnotationHandlerMapping - Mapped URL path [/client/user/exit.*] onto handler &apos;userController&apos;
INFO : org.springframework.web.servlet.mvc.annotation.DefaultAnnotationHandlerMapping - Mapped URL path [/client/user/exit/] onto handler &apos;userController&apos;
INFO : org.springframework.web.servlet.mvc.annotation.DefaultAnnotationHandlerMapping - Mapped URL path [/client/user/changepassword] onto handler &apos;userController&apos;
INFO : org.springframework.web.servlet.mvc.annotation.DefaultAnnotationHandlerMapping - Mapped URL path [/client/user/changepassword.*] onto handler &apos;userController&apos;
INFO : org.springframework.web.servlet.mvc.annotation.DefaultAnnotationHandlerMapping - Mapped URL path [/client/user/changepassword/] onto handler &apos;userController&apos;
INFO : org.springframework.web.servlet.handler.SimpleUrlHandlerMapping - Mapped URL path [/resources/**] onto handler &apos;org.springframework.web.servlet.resource.ResourceHttpRequestHandler#0&apos;
INFO : cn.edu.nju.tsip.web.MblogController - client adding MBlog
WARN : org.hibernate.util.JDBCExceptionReporter - SQL Error: 0, SQLState: null
ERROR: org.hibernate.util.JDBCExceptionReporter - Cannot create PoolableConnectionFactory (Communications link failure

Last packet sent to the server was 0 ms ago.)
WARN : org.hibernate.util.JDBCExceptionReporter - SQL Error: 0, SQLState: null
ERROR: org.hibernate.util.JDBCExceptionReporter - Cannot create PoolableConnectionFactory (Communications link failure

Last packet sent to the server was 0 ms ago.)
INFO : org.hibernate.event.def.DefaultLoadEventListener - Error performing load command
org.hibernate.exception.GenericJDBCException: Cannot open connection
	at org.hibernate.exception.SQLStateConverter.handledNonSpecificException(SQLStateConverter.java:126)
	at org.hibernate.exception.SQLStateConverter.convert(SQLStateConverter.java:114)
	at org.hibernate.exception.JDBCExceptionHelper.convert(JDBCExceptionHelper.java:66)
	at org.hibernate.exception.JDBCExceptionHelper.convert(JDBCExceptionHelper.java:52)
	at org.hibernate.jdbc.ConnectionManager.openConnection(ConnectionManager.java:449)
	at org.hibernate.jdbc.ConnectionManager.getConnection(ConnectionManager.java:167)
	at org.hibernate.jdbc.AbstractBatcher.prepareQueryStatement(AbstractBatcher.java:161)
	at org.hibernate.loader.Loader.prepareQueryStatement(Loader.java:1577)
	at org.hibernate.loader.Loader.doQuery(Loader.java:696)
	at org.hibernate.loader.Loader.doQueryAndInitializeNonLazyCollections(Loader.java:259)
	at org.hibernate.loader.Loader.loadEntity(Loader.java:1885)
	at org.hibernate.loader.entity.AbstractEntityLoader.load(AbstractEntityLoader.java:71)
	at org.hibernate.loader.entity.AbstractEntityLoader.load(AbstractEntityLoader.java:65)
	at org.hibernate.persister.entity.AbstractEntityPersister.load(AbstractEntityPersister.java:3062)
	at org.hibernate.event.def.DefaultLoadEventListener.loadFromDatasource(DefaultLoadEventListener.java:434)
	at org.hibernate.event.def.DefaultLoadEventListener.doLoad(DefaultLoadEventListener.java:415)
	at org.hibernate.event.def.DefaultLoadEventListener.load(DefaultLoadEventListener.java:165)
	at org.hibernate.event.def.DefaultLoadEventListener.proxyOrLoad(DefaultLoadEventListener.java:223)
	at org.hibernate.event.def.DefaultLoadEventListener.onLoad(DefaultLoadEventListener.java:126)
	at org.hibernate.impl.SessionImpl.fireLoad(SessionImpl.java:906)
	at org.hibernate.impl.SessionImpl.get(SessionImpl.java:843)
	at org.hibernate.impl.SessionImpl.get(SessionImpl.java:836)
	at org.springframework.orm.hibernate3.HibernateTemplate$1.doInHibernate(HibernateTemplate.java:519)
	at org.springframework.orm.hibernate3.HibernateTemplate.doExecute(HibernateTemplate.java:406)
	at org.springframework.orm.hibernate3.HibernateTemplate.executeWithNativeSession(HibernateTemplate.java:374)
	at org.springframework.orm.hibernate3.HibernateTemplate.get(HibernateTemplate.java:512)
	at org.springframework.orm.hibernate3.HibernateTemplate.get(HibernateTemplate.java:506)
	at cn.edu.nju.tsip.dao.impl.DaoImpl.get(DaoImpl.java:34)
	at cn.edu.nju.tsip.service.impl.ServiceImpl.find(ServiceImpl.java:24)
	at cn.edu.nju.tsip.service.impl.ServiceImpl.find(ServiceImpl.java:1)
	at cn.edu.nju.tsip.web.MblogController.addMBlog(MblogController.java:91)
	at cn.edu.nju.tsip.test.web.MblogControllerTest.testAddMBlog(MblogControllerTest.java:28)
	at sun.reflect.NativeMethodAccessorImpl.invoke0(Native Method)
	at sun.reflect.NativeMethodAccessorImpl.invoke(NativeMethodAccessorImpl.java:39)
	at sun.reflect.DelegatingMethodAccessorImpl.invoke(DelegatingMethodAccessorImpl.java:25)
	at java.lang.reflect.Method.invoke(Method.java:597)
	at junit.framework.TestCase.runTest(TestCase.java:168)
	at junit.framework.TestCase.runBare(TestCase.java:134)
	at junit.framework.TestResult$1.protect(TestResult.java:110)
	at junit.framework.TestResult.runProtected(TestResult.java:128)
	at junit.framework.TestResult.run(TestResult.java:113)
	at junit.framework.TestCase.run(TestCase.java:124)
	at junit.framework.TestSuite.runTest(TestSuite.java:232)
	at junit.framework.TestSuite.run(TestSuite.java:227)
	at org.junit.internal.runners.JUnit38ClassRunner.run(JUnit38ClassRunner.java:83)
	at org.apache.maven.surefire.junit4.JUnit4TestSet.execute(JUnit4TestSet.java:35)
	at org.apache.maven.surefire.junit4.JUnit4Provider.executeTestSet(JUnit4Provider.java:115)
	at org.apache.maven.surefire.junit4.JUnit4Provider.invoke(JUnit4Provider.java:97)
	at sun.reflect.NativeMethodAccessorImpl.invoke0(Native Method)
	at sun.reflect.NativeMethodAccessorImpl.invoke(NativeMethodAccessorImpl.java:39)
	at sun.reflect.DelegatingMethodAccessorImpl.invoke(DelegatingMethodAccessorImpl.java:25)
	at java.lang.reflect.Method.invoke(Method.java:597)
	at org.apache.maven.surefire.booter.ProviderFactory$ClassLoaderProxy.invoke(ProviderFactory.java:103)
	at $Proxy0.invoke(Unknown Source)
	at org.apache.maven.surefire.booter.SurefireStarter.invokeProvider(SurefireStarter.java:150)
	at org.apache.maven.surefire.booter.SurefireStarter.runSuitesInProcess(SurefireStarter.java:91)
	at org.apache.maven.surefire.booter.ForkedBooter.main(ForkedBooter.java:69)
Caused by: org.apache.commons.dbcp.SQLNestedException: Cannot create PoolableConnectionFactory (Communications link failure

Last packet sent to the server was 0 ms ago.)
	at org.apache.commons.dbcp.BasicDataSource.createDataSource(BasicDataSource.java:1225)
	at org.apache.commons.dbcp.BasicDataSource.getConnection(BasicDataSource.java:880)
	at org.springframework.orm.hibernate3.LocalDataSourceConnectionProvider.getConnection(LocalDataSourceConnectionProvider.java:81)
	at org.hibernate.jdbc.ConnectionManager.openConnection(ConnectionManager.java:446)
	... 52 more
Caused by: com.mysql.jdbc.exceptions.jdbc4.CommunicationsException: Communications link failure

Last packet sent to the server was 0 ms ago.
	at sun.reflect.GeneratedConstructorAccessor39.newInstance(Unknown Source)
	at sun.reflect.DelegatingConstructorAccessorImpl.newInstance(DelegatingConstructorAccessorImpl.java:27)
	at java.lang.reflect.Constructor.newInstance(Constructor.java:513)
	at com.mysql.jdbc.Util.handleNewInstance(Util.java:406)
	at com.mysql.jdbc.SQLError.createCommunicationsException(SQLError.java:1074)
	at com.mysql.jdbc.ConnectionImpl.createNewIO(ConnectionImpl.java:2103)
	at com.mysql.jdbc.ConnectionImpl.&lt;init&gt;(ConnectionImpl.java:718)
	at com.mysql.jdbc.JDBC4Connection.&lt;init&gt;(JDBC4Connection.java:46)
	at sun.reflect.GeneratedConstructorAccessor36.newInstance(Unknown Source)
	at sun.reflect.DelegatingConstructorAccessorImpl.newInstance(DelegatingConstructorAccessorImpl.java:27)
	at java.lang.reflect.Constructor.newInstance(Constructor.java:513)
	at com.mysql.jdbc.Util.handleNewInstance(Util.java:406)
	at com.mysql.jdbc.ConnectionImpl.getInstance(ConnectionImpl.java:302)
	at com.mysql.jdbc.NonRegisteringDriver.connect(NonRegisteringDriver.java:282)
	at org.apache.commons.dbcp.DriverConnectionFactory.createConnection(DriverConnectionFactory.java:38)
	at org.apache.commons.dbcp.PoolableConnectionFactory.makeObject(PoolableConnectionFactory.java:294)
	at org.apache.commons.dbcp.BasicDataSource.validateConnectionFactory(BasicDataSource.java:1247)
	at org.apache.commons.dbcp.BasicDataSource.createDataSource(BasicDataSource.java:1221)
	... 55 more
Caused by: java.net.ConnectException: Connection refused
	at java.net.PlainSocketImpl.socketConnect(Native Method)
	at java.net.PlainSocketImpl.doConnect(PlainSocketImpl.java:351)
	at java.net.PlainSocketImpl.connectToAddress(PlainSocketImpl.java:213)
	at java.net.PlainSocketImpl.connect(PlainSocketImpl.java:200)
	at java.net.SocksSocketImpl.connect(SocksSocketImpl.java:366)
	at java.net.Socket.connect(Socket.java:529)
	at java.net.Socket.connect(Socket.java:478)
	at java.net.Socket.&lt;init&gt;(Socket.java:375)
	at java.net.Socket.&lt;init&gt;(Socket.java:218)
	at com.mysql.jdbc.StandardSocketFactory.connect(StandardSocketFactory.java:253)
	at com.mysql.jdbc.MysqlIO.&lt;init&gt;(MysqlIO.java:280)
	at com.mysql.jdbc.ConnectionImpl.createNewIO(ConnectionImpl.java:2026)
	... 67 more
WARN : org.springframework.jdbc.support.SQLErrorCodesFactory - Error while extracting database product name - falling back to empty error codes
org.springframework.jdbc.support.MetaDataAccessException: Could not get Connection for extracting meta data; nested exception is org.springframework.jdbc.CannotGetJdbcConnectionException: Could not get JDBC Connection; nested exception is org.apache.commons.dbcp.SQLNestedException: Cannot create PoolableConnectionFactory (Communications link failure

Last packet sent to the server was 0 ms ago.)
	at org.springframework.jdbc.support.JdbcUtils.extractDatabaseMetaData(JdbcUtils.java:293)
	at org.springframework.jdbc.support.JdbcUtils.extractDatabaseMetaData(JdbcUtils.java:320)
	at org.springframework.jdbc.support.SQLErrorCodesFactory.getErrorCodes(SQLErrorCodesFactory.java:212)
	at org.springframework.jdbc.support.SQLErrorCodeSQLExceptionTranslator.setDataSource(SQLErrorCodeSQLExceptionTranslator.java:141)
	at org.springframework.jdbc.support.SQLErrorCodeSQLExceptionTranslator.&lt;init&gt;(SQLErrorCodeSQLExceptionTranslator.java:104)
	at org.springframework.orm.hibernate3.SessionFactoryUtils.newJdbcExceptionTranslator(SessionFactoryUtils.java:143)
	at org.springframework.orm.hibernate3.HibernateAccessor.getDefaultJdbcExceptionTranslator(HibernateAccessor.java:453)
	at org.springframework.orm.hibernate3.HibernateAccessor.convertHibernateAccessException(HibernateAccessor.java:410)
	at org.springframework.orm.hibernate3.HibernateTemplate.doExecute(HibernateTemplate.java:411)
	at org.springframework.orm.hibernate3.HibernateTemplate.executeWithNativeSession(HibernateTemplate.java:374)
	at org.springframework.orm.hibernate3.HibernateTemplate.get(HibernateTemplate.java:512)
	at org.springframework.orm.hibernate3.HibernateTemplate.get(HibernateTemplate.java:506)
	at cn.edu.nju.tsip.dao.impl.DaoImpl.get(DaoImpl.java:34)
	at cn.edu.nju.tsip.service.impl.ServiceImpl.find(ServiceImpl.java:24)
	at cn.edu.nju.tsip.service.impl.ServiceImpl.find(ServiceImpl.java:1)
	at cn.edu.nju.tsip.web.MblogController.addMBlog(MblogController.java:91)
	at cn.edu.nju.tsip.test.web.MblogControllerTest.testAddMBlog(MblogControllerTest.java:28)
	at sun.reflect.NativeMethodAccessorImpl.invoke0(Native Method)
	at sun.reflect.NativeMethodAccessorImpl.invoke(NativeMethodAccessorImpl.java:39)
	at sun.reflect.DelegatingMethodAccessorImpl.invoke(DelegatingMethodAccessorImpl.java:25)
	at java.lang.reflect.Method.invoke(Method.java:597)
	at junit.framework.TestCase.runTest(TestCase.java:168)
	at junit.framework.TestCase.runBare(TestCase.java:134)
	at junit.framework.TestResult$1.protect(TestResult.java:110)
	at junit.framework.TestResult.runProtected(TestResult.java:128)
	at junit.framework.TestResult.run(TestResult.java:113)
	at junit.framework.TestCase.run(TestCase.java:124)
	at junit.framework.TestSuite.runTest(TestSuite.java:232)
	at junit.framework.TestSuite.run(TestSuite.java:227)
	at org.junit.internal.runners.JUnit38ClassRunner.run(JUnit38ClassRunner.java:83)
	at org.apache.maven.surefire.junit4.JUnit4TestSet.execute(JUnit4TestSet.java:35)
	at org.apache.maven.surefire.junit4.JUnit4Provider.executeTestSet(JUnit4Provider.java:115)
	at org.apache.maven.surefire.junit4.JUnit4Provider.invoke(JUnit4Provider.java:97)
	at sun.reflect.NativeMethodAccessorImpl.invoke0(Native Method)
	at sun.reflect.NativeMethodAccessorImpl.invoke(NativeMethodAccessorImpl.java:39)
	at sun.reflect.DelegatingMethodAccessorImpl.invoke(DelegatingMethodAccessorImpl.java:25)
	at java.lang.reflect.Method.invoke(Method.java:597)
	at org.apache.maven.surefire.booter.ProviderFactory$ClassLoaderProxy.invoke(ProviderFactory.java:103)
	at $Proxy0.invoke(Unknown Source)
	at org.apache.maven.surefire.booter.SurefireStarter.invokeProvider(SurefireStarter.java:150)
	at org.apache.maven.surefire.booter.SurefireStarter.runSuitesInProcess(SurefireStarter.java:91)
	at org.apache.maven.surefire.booter.ForkedBooter.main(ForkedBooter.java:69)
Caused by: org.springframework.jdbc.CannotGetJdbcConnectionException: Could not get JDBC Connection; nested exception is org.apache.commons.dbcp.SQLNestedException: Cannot create PoolableConnectionFactory (Communications link failure

Last packet sent to the server was 0 ms ago.)
	at org.springframework.jdbc.datasource.DataSourceUtils.getConnection(DataSourceUtils.java:80)
	at org.springframework.jdbc.support.JdbcUtils.extractDatabaseMetaData(JdbcUtils.java:280)
	... 41 more
Caused by: org.apache.commons.dbcp.SQLNestedException: Cannot create PoolableConnectionFactory (Communications link failure

Last packet sent to the server was 0 ms ago.)
	at org.apache.commons.dbcp.BasicDataSource.createDataSource(BasicDataSource.java:1225)
	at org.apache.commons.dbcp.BasicDataSource.getConnection(BasicDataSource.java:880)
	at org.springframework.jdbc.datasource.DataSourceUtils.doGetConnection(DataSourceUtils.java:111)
	at org.springframework.jdbc.datasource.DataSourceUtils.getConnection(DataSourceUtils.java:77)
	... 42 more
Caused by: com.mysql.jdbc.exceptions.jdbc4.CommunicationsException: Communications link failure

Last packet sent to the server was 0 ms ago.
	at sun.reflect.GeneratedConstructorAccessor39.newInstance(Unknown Source)
	at sun.reflect.DelegatingConstructorAccessorImpl.newInstance(DelegatingConstructorAccessorImpl.java:27)
	at java.lang.reflect.Constructor.newInstance(Constructor.java:513)
	at com.mysql.jdbc.Util.handleNewInstance(Util.java:406)
	at com.mysql.jdbc.SQLError.createCommunicationsException(SQLError.java:1074)
	at com.mysql.jdbc.ConnectionImpl.createNewIO(ConnectionImpl.java:2103)
	at com.mysql.jdbc.ConnectionImpl.&lt;init&gt;(ConnectionImpl.java:718)
	at com.mysql.jdbc.JDBC4Connection.&lt;init&gt;(JDBC4Connection.java:46)
	at sun.reflect.GeneratedConstructorAccessor36.newInstance(Unknown Source)
	at sun.reflect.DelegatingConstructorAccessorImpl.newInstance(DelegatingConstructorAccessorImpl.java:27)
	at java.lang.reflect.Constructor.newInstance(Constructor.java:513)
	at com.mysql.jdbc.Util.handleNewInstance(Util.java:406)
	at com.mysql.jdbc.ConnectionImpl.getInstance(ConnectionImpl.java:302)
	at com.mysql.jdbc.NonRegisteringDriver.connect(NonRegisteringDriver.java:282)
	at org.apache.commons.dbcp.DriverConnectionFactory.createConnection(DriverConnectionFactory.java:38)
	at org.apache.commons.dbcp.PoolableConnectionFactory.makeObject(PoolableConnectionFactory.java:294)
	at org.apache.commons.dbcp.BasicDataSource.validateConnectionFactory(BasicDataSource.java:1247)
	at org.apache.commons.dbcp.BasicDataSource.createDataSource(BasicDataSource.java:1221)
	... 45 more
Caused by: java.net.ConnectException: Connection refused
	at java.net.PlainSocketImpl.socketConnect(Native Method)
	at java.net.PlainSocketImpl.doConnect(PlainSocketImpl.java:351)
	at java.net.PlainSocketImpl.connectToAddress(PlainSocketImpl.java:213)
	at java.net.PlainSocketImpl.connect(PlainSocketImpl.java:200)
	at java.net.SocksSocketImpl.connect(SocksSocketImpl.java:366)
	at java.net.Socket.connect(Socket.java:529)
	at java.net.Socket.connect(Socket.java:478)
	at java.net.Socket.&lt;init&gt;(Socket.java:375)
	at java.net.Socket.&lt;init&gt;(Socket.java:218)
	at com.mysql.jdbc.StandardSocketFactory.connect(StandardSocketFactory.java:253)
	at com.mysql.jdbc.MysqlIO.&lt;init&gt;(MysqlIO.java:280)
	at com.mysql.jdbc.ConnectionImpl.createNewIO(ConnectionImpl.java:2026)
	... 57 more
</system-out>
  </testcase>
  <testcase time="0.712" classname="cn.edu.nju.tsip.test.web.MblogControllerTest" name="testGetMbogs">
    <error message="Cannot open connection" type="org.hibernate.exception.GenericJDBCException">org.hibernate.exception.GenericJDBCException: Cannot open connection
	at org.hibernate.exception.SQLStateConverter.handledNonSpecificException(SQLStateConverter.java:126)
	at org.hibernate.exception.SQLStateConverter.convert(SQLStateConverter.java:114)
	at org.hibernate.exception.JDBCExceptionHelper.convert(JDBCExceptionHelper.java:66)
	at org.hibernate.exception.JDBCExceptionHelper.convert(JDBCExceptionHelper.java:52)
	at org.hibernate.jdbc.ConnectionManager.openConnection(ConnectionManager.java:449)
	at org.hibernate.jdbc.ConnectionManager.getConnection(ConnectionManager.java:167)
	at org.hibernate.jdbc.AbstractBatcher.prepareQueryStatement(AbstractBatcher.java:161)
	at org.hibernate.loader.Loader.prepareQueryStatement(Loader.java:1577)
	at org.hibernate.loader.Loader.doQuery(Loader.java:696)
	at org.hibernate.loader.Loader.doQueryAndInitializeNonLazyCollections(Loader.java:259)
	at org.hibernate.loader.Loader.doList(Loader.java:2232)
	at org.hibernate.loader.Loader.listIgnoreQueryCache(Loader.java:2129)
	at org.hibernate.loader.Loader.list(Loader.java:2124)
	at org.hibernate.loader.hql.QueryLoader.list(QueryLoader.java:401)
	at org.hibernate.hql.ast.QueryTranslatorImpl.list(QueryTranslatorImpl.java:363)
	at org.hibernate.engine.query.HQLQueryPlan.performList(HQLQueryPlan.java:196)
	at org.hibernate.impl.SessionImpl.list(SessionImpl.java:1149)
	at org.hibernate.impl.QueryImpl.list(QueryImpl.java:102)
	at cn.edu.nju.tsip.dao.impl.DaoImpl.list(DaoImpl.java:57)
	at cn.edu.nju.tsip.service.impl.MblogServiceImpl.getAllMBlogs(MblogServiceImpl.java:44)
	at cn.edu.nju.tsip.web.MblogController.getMBlogs(MblogController.java:214)
	at cn.edu.nju.tsip.test.web.MblogControllerTest.testGetMbogs(MblogControllerTest.java:36)
	at sun.reflect.NativeMethodAccessorImpl.invoke0(Native Method)
	at sun.reflect.NativeMethodAccessorImpl.invoke(NativeMethodAccessorImpl.java:39)
	at sun.reflect.DelegatingMethodAccessorImpl.invoke(DelegatingMethodAccessorImpl.java:25)
	at java.lang.reflect.Method.invoke(Method.java:597)
	at junit.framework.TestCase.runTest(TestCase.java:168)
	at junit.framework.TestCase.runBare(TestCase.java:134)
	at junit.framework.TestResult$1.protect(TestResult.java:110)
	at junit.framework.TestResult.runProtected(TestResult.java:128)
	at junit.framework.TestResult.run(TestResult.java:113)
	at junit.framework.TestCase.run(TestCase.java:124)
	at junit.framework.TestSuite.runTest(TestSuite.java:232)
	at junit.framework.TestSuite.run(TestSuite.java:227)
	at org.junit.internal.runners.JUnit38ClassRunner.run(JUnit38ClassRunner.java:83)
	at org.apache.maven.surefire.junit4.JUnit4TestSet.execute(JUnit4TestSet.java:35)
	at org.apache.maven.surefire.junit4.JUnit4Provider.executeTestSet(JUnit4Provider.java:115)
	at org.apache.maven.surefire.junit4.JUnit4Provider.invoke(JUnit4Provider.java:97)
	at sun.reflect.NativeMethodAccessorImpl.invoke0(Native Method)
	at sun.reflect.NativeMethodAccessorImpl.invoke(NativeMethodAccessorImpl.java:39)
	at sun.reflect.DelegatingMethodAccessorImpl.invoke(DelegatingMethodAccessorImpl.java:25)
	at java.lang.reflect.Method.invoke(Method.java:597)
	at org.apache.maven.surefire.booter.ProviderFactory$ClassLoaderProxy.invoke(ProviderFactory.java:103)
	at $Proxy0.invoke(Unknown Source)
	at org.apache.maven.surefire.booter.SurefireStarter.invokeProvider(SurefireStarter.java:150)
	at org.apache.maven.surefire.booter.SurefireStarter.runSuitesInProcess(SurefireStarter.java:91)
	at org.apache.maven.surefire.booter.ForkedBooter.main(ForkedBooter.java:69)
Caused by: org.apache.commons.dbcp.SQLNestedException: Cannot create PoolableConnectionFactory (Communications link failure

Last packet sent to the server was 0 ms ago.)
	at org.apache.commons.dbcp.BasicDataSource.createDataSource(BasicDataSource.java:1225)
	at org.apache.commons.dbcp.BasicDataSource.getConnection(BasicDataSource.java:880)
	at org.springframework.orm.hibernate3.LocalDataSourceConnectionProvider.getConnection(LocalDataSourceConnectionProvider.java:81)
	at org.hibernate.jdbc.ConnectionManager.openConnection(ConnectionManager.java:446)
	... 42 more
Caused by: com.mysql.jdbc.exceptions.jdbc4.CommunicationsException: Communications link failure

Last packet sent to the server was 0 ms ago.
	at sun.reflect.GeneratedConstructorAccessor39.newInstance(Unknown Source)
	at sun.reflect.DelegatingConstructorAccessorImpl.newInstance(DelegatingConstructorAccessorImpl.java:27)
	at java.lang.reflect.Constructor.newInstance(Constructor.java:513)
	at com.mysql.jdbc.Util.handleNewInstance(Util.java:406)
	at com.mysql.jdbc.SQLError.createCommunicationsException(SQLError.java:1074)
	at com.mysql.jdbc.ConnectionImpl.createNewIO(ConnectionImpl.java:2103)
	at com.mysql.jdbc.ConnectionImpl.&lt;init&gt;(ConnectionImpl.java:718)
	at com.mysql.jdbc.JDBC4Connection.&lt;init&gt;(JDBC4Connection.java:46)
	at sun.reflect.GeneratedConstructorAccessor36.newInstance(Unknown Source)
	at sun.reflect.DelegatingConstructorAccessorImpl.newInstance(DelegatingConstructorAccessorImpl.java:27)
	at java.lang.reflect.Constructor.newInstance(Constructor.java:513)
	at com.mysql.jdbc.Util.handleNewInstance(Util.java:406)
	at com.mysql.jdbc.ConnectionImpl.getInstance(ConnectionImpl.java:302)
	at com.mysql.jdbc.NonRegisteringDriver.connect(NonRegisteringDriver.java:282)
	at org.apache.commons.dbcp.DriverConnectionFactory.createConnection(DriverConnectionFactory.java:38)
	at org.apache.commons.dbcp.PoolableConnectionFactory.makeObject(PoolableConnectionFactory.java:294)
	at org.apache.commons.dbcp.BasicDataSource.validateConnectionFactory(BasicDataSource.java:1247)
	at org.apache.commons.dbcp.BasicDataSource.createDataSource(BasicDataSource.java:1221)
	... 45 more
Caused by: java.net.ConnectException: Connection refused
	at java.net.PlainSocketImpl.socketConnect(Native Method)
	at java.net.PlainSocketImpl.doConnect(PlainSocketImpl.java:351)
	at java.net.PlainSocketImpl.connectToAddress(PlainSocketImpl.java:213)
	at java.net.PlainSocketImpl.connect(PlainSocketImpl.java:200)
	at java.net.SocksSocketImpl.connect(SocksSocketImpl.java:366)
	at java.net.Socket.connect(Socket.java:529)
	at java.net.Socket.connect(Socket.java:478)
	at java.net.Socket.&lt;init&gt;(Socket.java:375)
	at java.net.Socket.&lt;init&gt;(Socket.java:218)
	at com.mysql.jdbc.StandardSocketFactory.connect(StandardSocketFactory.java:253)
	at com.mysql.jdbc.MysqlIO.&lt;init&gt;(MysqlIO.java:280)
	at com.mysql.jdbc.ConnectionImpl.createNewIO(ConnectionImpl.java:2026)
	... 57 more
</error>
    <system-out>INFO : org.springframework.web.context.support.XmlWebApplicationContext - Refreshing Root WebApplicationContext: startup date [Mon Jun 13 15:37:40 CST 2011]; root of context hierarchy
INFO : org.springframework.beans.factory.xml.XmlBeanDefinitionReader - Loading XML bean definitions from class path resource [spring/root-context.xml]
INFO : org.springframework.beans.factory.xml.XmlBeanDefinitionReader - Loading XML bean definitions from class path resource [spring/appServlet/servlet-context.xml]
INFO : org.springframework.beans.factory.xml.XmlBeanDefinitionReader - Loading XML bean definitions from class path resource [spring/appServlet/controllers.xml]
INFO : org.springframework.context.annotation.ClassPathBeanDefinitionScanner - JSR-330 &apos;javax.inject.Named&apos; annotation found and supported for component scanning
INFO : org.springframework.beans.factory.xml.XmlBeanDefinitionReader - Loading XML bean definitions from class path resource [spring/appServlet/controllers.xml]
INFO : org.springframework.context.annotation.ClassPathBeanDefinitionScanner - JSR-330 &apos;javax.inject.Named&apos; annotation found and supported for component scanning
INFO : org.springframework.beans.factory.annotation.AutowiredAnnotationBeanPostProcessor - JSR-330 &apos;javax.inject.Inject&apos; annotation found and supported for autowiring
INFO : org.springframework.beans.factory.support.DefaultListableBeanFactory - Pre-instantiating singletons in org.springframework.beans.factory.support.DefaultListableBeanFactory@6481eb: defining beans [multipartResolver,dataSource,sessionFactory,hibernateTemplate,transactionManager,org.springframework.web.servlet.mvc.annotation.DefaultAnnotationHandlerMapping#0,org.springframework.format.support.FormattingConversionServiceFactoryBean#0,org.springframework.validation.beanvalidation.LocalValidatorFactoryBean#0,org.springframework.web.servlet.mvc.annotation.AnnotationMethodHandlerAdapter#0,org.springframework.web.servlet.handler.MappedInterceptor#0,org.springframework.web.servlet.mvc.HttpRequestHandlerAdapter,org.springframework.web.servlet.resource.ResourceHttpRequestHandler#0,org.springframework.web.servlet.handler.SimpleUrlHandlerMapping#0,org.springframework.web.servlet.view.InternalResourceViewResolver#0,dao,albumService,userDetailsService,studentService,groupletterService,letterService,fileService,disugroupService,bbsService,articleService,messageService,userService,mblogService,categoryService,teacherService,pictureService,commentService,articleController,studentController,BBSController,homeController,mblogController,pictureController,letterController,fileController,messageController,userController,org.springframework.context.annotation.internalConfigurationAnnotationProcessor,org.springframework.context.annotation.internalAutowiredAnnotationProcessor,org.springframework.context.annotation.internalRequiredAnnotationProcessor,org.springframework.context.annotation.internalCommonAnnotationProcessor,org.springframework.context.annotation.internalPersistenceAnnotationProcessor]; root of factory hierarchy
INFO : org.hibernate.cfg.AnnotationBinder - Binding entity from annotated class: cn.edu.nju.tsip.entity.GroupLetter
INFO : org.hibernate.cfg.annotations.EntityBinder - Bind entity cn.edu.nju.tsip.entity.GroupLetter on table GroupLetter
INFO : org.hibernate.cfg.AnnotationBinder - Binding entity from annotated class: cn.edu.nju.tsip.entity.CourseInfo
INFO : org.hibernate.cfg.annotations.EntityBinder - Bind entity cn.edu.nju.tsip.entity.CourseInfo on table CourseInfo
INFO : org.hibernate.cfg.AnnotationBinder - Binding entity from annotated class: cn.edu.nju.tsip.entity.Letter
INFO : org.hibernate.cfg.annotations.EntityBinder - Bind entity cn.edu.nju.tsip.entity.Letter on table Letter
INFO : org.hibernate.cfg.AnnotationBinder - Binding entity from annotated class: cn.edu.nju.tsip.entity.User
INFO : org.hibernate.cfg.annotations.EntityBinder - Bind entity cn.edu.nju.tsip.entity.User on table User
INFO : org.hibernate.cfg.AnnotationBinder - Binding entity from annotated class: cn.edu.nju.tsip.entity.Admin
INFO : org.hibernate.cfg.annotations.EntityBinder - Bind entity cn.edu.nju.tsip.entity.Admin on table Admin
INFO : org.hibernate.cfg.AnnotationBinder - Binding entity from annotated class: cn.edu.nju.tsip.entity.MBlog
INFO : org.hibernate.cfg.annotations.EntityBinder - Bind entity cn.edu.nju.tsip.entity.MBlog on table MBlog
INFO : org.hibernate.cfg.AnnotationBinder - Binding entity from annotated class: cn.edu.nju.tsip.entity.Student
INFO : org.hibernate.cfg.annotations.EntityBinder - Bind entity cn.edu.nju.tsip.entity.Student on table Student
INFO : org.hibernate.cfg.AnnotationBinder - Binding entity from annotated class: cn.edu.nju.tsip.entity.Authority
INFO : org.hibernate.cfg.annotations.EntityBinder - Bind entity cn.edu.nju.tsip.entity.Authority on table Authority
INFO : org.hibernate.cfg.AnnotationBinder - Binding entity from annotated class: cn.edu.nju.tsip.entity.DisuGroup
INFO : org.hibernate.cfg.annotations.EntityBinder - Bind entity cn.edu.nju.tsip.entity.DisuGroup on table DisuGroup
INFO : org.hibernate.cfg.AnnotationBinder - Binding entity from annotated class: cn.edu.nju.tsip.entity.BBS
INFO : org.hibernate.cfg.annotations.EntityBinder - Bind entity cn.edu.nju.tsip.entity.BBS on table BBS
INFO : org.hibernate.cfg.AnnotationBinder - Binding entity from annotated class: cn.edu.nju.tsip.entity.Counsellor
INFO : org.hibernate.cfg.annotations.EntityBinder - Bind entity cn.edu.nju.tsip.entity.Counsellor on table Counsellor
INFO : org.hibernate.cfg.AnnotationBinder - Binding entity from annotated class: cn.edu.nju.tsip.entity.UploadFile
INFO : org.hibernate.cfg.annotations.EntityBinder - Bind entity cn.edu.nju.tsip.entity.UploadFile on table UploadFile
INFO : org.hibernate.cfg.AnnotationBinder - Binding entity from annotated class: cn.edu.nju.tsip.entity.Teacher
INFO : org.hibernate.cfg.annotations.EntityBinder - Bind entity cn.edu.nju.tsip.entity.Teacher on table Teacher
INFO : org.hibernate.cfg.AnnotationBinder - Binding entity from annotated class: cn.edu.nju.tsip.entity.Course
INFO : org.hibernate.cfg.annotations.EntityBinder - Bind entity cn.edu.nju.tsip.entity.Course on table Course
INFO : org.hibernate.cfg.AnnotationBinder - Binding entity from annotated class: cn.edu.nju.tsip.entity.Picture
INFO : org.hibernate.cfg.annotations.EntityBinder - Bind entity cn.edu.nju.tsip.entity.Picture on table Picture
INFO : org.hibernate.cfg.AnnotationBinder - Binding entity from annotated class: cn.edu.nju.tsip.entity.Message
INFO : org.hibernate.cfg.annotations.EntityBinder - Bind entity cn.edu.nju.tsip.entity.Message on table Message
INFO : org.hibernate.cfg.AnnotationBinder - Binding entity from annotated class: cn.edu.nju.tsip.entity.Article
INFO : org.hibernate.cfg.annotations.EntityBinder - Bind entity cn.edu.nju.tsip.entity.Article on table Article
INFO : org.hibernate.cfg.AnnotationBinder - Binding entity from annotated class: cn.edu.nju.tsip.entity.Leader
INFO : org.hibernate.cfg.annotations.EntityBinder - Bind entity cn.edu.nju.tsip.entity.Leader on table Leader
INFO : org.hibernate.cfg.AnnotationBinder - Binding entity from annotated class: cn.edu.nju.tsip.entity.UserGroup
INFO : org.hibernate.cfg.annotations.EntityBinder - Bind entity cn.edu.nju.tsip.entity.UserGroup on table UserGroup
INFO : org.hibernate.cfg.AnnotationBinder - Binding entity from annotated class: cn.edu.nju.tsip.entity.Message_User
INFO : org.hibernate.cfg.annotations.EntityBinder - Bind entity cn.edu.nju.tsip.entity.Message_User on table Message_User
INFO : org.hibernate.cfg.AnnotationBinder - Binding entity from annotated class: cn.edu.nju.tsip.entity.Album
INFO : org.hibernate.cfg.annotations.EntityBinder - Bind entity cn.edu.nju.tsip.entity.Album on table Album
INFO : org.hibernate.cfg.AnnotationBinder - Binding entity from annotated class: cn.edu.nju.tsip.entity.Role
INFO : org.hibernate.cfg.annotations.EntityBinder - Bind entity cn.edu.nju.tsip.entity.Role on table Role
INFO : org.hibernate.cfg.AnnotationBinder - Binding entity from annotated class: cn.edu.nju.tsip.entity.Comment
INFO : org.hibernate.cfg.annotations.EntityBinder - Bind entity cn.edu.nju.tsip.entity.Comment on table Comment
INFO : org.hibernate.cfg.AnnotationBinder - Binding entity from annotated class: cn.edu.nju.tsip.entity.Category
INFO : org.hibernate.cfg.annotations.EntityBinder - Bind entity cn.edu.nju.tsip.entity.Category on table Category
INFO : org.hibernate.cfg.annotations.CollectionBinder - Mapping collection: cn.edu.nju.tsip.entity.Comment.cmntChilds -&gt; Comment
INFO : org.hibernate.cfg.annotations.CollectionBinder - Mapping collection: cn.edu.nju.tsip.entity.Album.pictures -&gt; Picture
INFO : org.hibernate.cfg.annotations.CollectionBinder - Mapping collection: cn.edu.nju.tsip.entity.Article.comments -&gt; Comment
INFO : org.hibernate.cfg.annotations.CollectionBinder - Mapping collection: cn.edu.nju.tsip.entity.Message.comments -&gt; Comment
INFO : org.hibernate.cfg.annotations.CollectionBinder - Mapping collection: cn.edu.nju.tsip.entity.Picture.comments -&gt; Comment
INFO : org.hibernate.cfg.annotations.CollectionBinder - Mapping collection: cn.edu.nju.tsip.entity.BBS.comments -&gt; Comment
INFO : org.hibernate.cfg.annotations.CollectionBinder - Mapping collection: cn.edu.nju.tsip.entity.MBlog.comments -&gt; Comment
INFO : org.hibernate.cfg.annotations.CollectionBinder - Mapping collection: cn.edu.nju.tsip.entity.User.userGroups -&gt; UserGroup
INFO : org.hibernate.cfg.annotations.CollectionBinder - Mapping collection: cn.edu.nju.tsip.entity.User.albums -&gt; Album
INFO : org.hibernate.cfg.annotations.CollectionBinder - Mapping collection: cn.edu.nju.tsip.entity.User.categories -&gt; Category
INFO : org.hibernate.cfg.annotations.CollectionBinder - Mapping collection: cn.edu.nju.tsip.entity.User.mBlogs -&gt; MBlog
INFO : org.hibernate.cfg.annotations.CollectionBinder - Mapping collection: cn.edu.nju.tsip.entity.User.publishMsgs -&gt; Message
INFO : org.hibernate.cfg.annotations.CollectionBinder - Mapping collection: cn.edu.nju.tsip.entity.User.user2Messages -&gt; Message_User
INFO : org.hibernate.cfg.annotations.CollectionBinder - Mapping collection: cn.edu.nju.tsip.entity.Student.courseInfos -&gt; CourseInfo
INFO : org.hibernate.cfg.annotations.CollectionBinder - Mapping collection: cn.edu.nju.tsip.entity.Message.message2Users -&gt; Message_User
INFO : org.hibernate.cfg.annotations.CollectionBinder - Mapping collection: cn.edu.nju.tsip.entity.Category.articles -&gt; Article
INFO : org.hibernate.cfg.AnnotationConfiguration - Hibernate Validator not found: ignoring
INFO : org.springframework.orm.hibernate3.annotation.AnnotationSessionFactoryBean - Building new Hibernate SessionFactory
INFO : org.hibernate.connection.ConnectionProviderFactory - Initializing connection provider: org.springframework.orm.hibernate3.LocalDataSourceConnectionProvider
WARN : org.hibernate.util.JDBCExceptionReporter - SQL Error: 0, SQLState: null
ERROR: org.hibernate.util.JDBCExceptionReporter - Cannot create PoolableConnectionFactory (Communications link failure

Last packet sent to the server was 0 ms ago.)
WARN : org.hibernate.cfg.SettingsFactory - Could not obtain connection to query metadata
org.apache.commons.dbcp.SQLNestedException: Cannot create PoolableConnectionFactory (Communications link failure

Last packet sent to the server was 0 ms ago.)
	at org.apache.commons.dbcp.BasicDataSource.createDataSource(BasicDataSource.java:1225)
	at org.apache.commons.dbcp.BasicDataSource.getConnection(BasicDataSource.java:880)
	at org.springframework.orm.hibernate3.LocalDataSourceConnectionProvider.getConnection(LocalDataSourceConnectionProvider.java:81)
	at org.hibernate.cfg.SettingsFactory.buildSettings(SettingsFactory.java:111)
	at org.hibernate.cfg.Configuration.buildSettingsInternal(Configuration.java:2119)
	at org.hibernate.cfg.Configuration.buildSettings(Configuration.java:2115)
	at org.hibernate.cfg.Configuration.buildSessionFactory(Configuration.java:1339)
	at org.hibernate.cfg.AnnotationConfiguration.buildSessionFactory(AnnotationConfiguration.java:859)
	at org.springframework.orm.hibernate3.LocalSessionFactoryBean.newSessionFactory(LocalSessionFactoryBean.java:855)
	at org.springframework.orm.hibernate3.LocalSessionFactoryBean.buildSessionFactory(LocalSessionFactoryBean.java:774)
	at org.springframework.orm.hibernate3.AbstractSessionFactoryBean.afterPropertiesSet(AbstractSessionFactoryBean.java:211)
	at org.springframework.beans.factory.support.AbstractAutowireCapableBeanFactory.invokeInitMethods(AbstractAutowireCapableBeanFactory.java:1477)
	at org.springframework.beans.factory.support.AbstractAutowireCapableBeanFactory.initializeBean(AbstractAutowireCapableBeanFactory.java:1417)
	at org.springframework.beans.factory.support.AbstractAutowireCapableBeanFactory.doCreateBean(AbstractAutowireCapableBeanFactory.java:519)
	at org.springframework.beans.factory.support.AbstractAutowireCapableBeanFactory.createBean(AbstractAutowireCapableBeanFactory.java:456)
	at org.springframework.beans.factory.support.AbstractBeanFactory$1.getObject(AbstractBeanFactory.java:291)
	at org.springframework.beans.factory.support.DefaultSingletonBeanRegistry.getSingleton(DefaultSingletonBeanRegistry.java:222)
	at org.springframework.beans.factory.support.AbstractBeanFactory.doGetBean(AbstractBeanFactory.java:288)
	at org.springframework.beans.factory.support.AbstractBeanFactory.getBean(AbstractBeanFactory.java:190)
	at org.springframework.beans.factory.support.DefaultListableBeanFactory.preInstantiateSingletons(DefaultListableBeanFactory.java:563)
	at org.springframework.context.support.AbstractApplicationContext.finishBeanFactoryInitialization(AbstractApplicationContext.java:895)
	at org.springframework.context.support.AbstractApplicationContext.refresh(AbstractApplicationContext.java:425)
	at cn.edu.nju.tsip.test.util.ControllerTest.setUp(ControllerTest.java:38)
	at junit.framework.TestCase.runBare(TestCase.java:132)
	at junit.framework.TestResult$1.protect(TestResult.java:110)
	at junit.framework.TestResult.runProtected(TestResult.java:128)
	at junit.framework.TestResult.run(TestResult.java:113)
	at junit.framework.TestCase.run(TestCase.java:124)
	at junit.framework.TestSuite.runTest(TestSuite.java:232)
	at junit.framework.TestSuite.run(TestSuite.java:227)
	at org.junit.internal.runners.JUnit38ClassRunner.run(JUnit38ClassRunner.java:83)
	at org.apache.maven.surefire.junit4.JUnit4TestSet.execute(JUnit4TestSet.java:35)
	at org.apache.maven.surefire.junit4.JUnit4Provider.executeTestSet(JUnit4Provider.java:115)
	at org.apache.maven.surefire.junit4.JUnit4Provider.invoke(JUnit4Provider.java:97)
	at sun.reflect.NativeMethodAccessorImpl.invoke0(Native Method)
	at sun.reflect.NativeMethodAccessorImpl.invoke(NativeMethodAccessorImpl.java:39)
	at sun.reflect.DelegatingMethodAccessorImpl.invoke(DelegatingMethodAccessorImpl.java:25)
	at java.lang.reflect.Method.invoke(Method.java:597)
	at org.apache.maven.surefire.booter.ProviderFactory$ClassLoaderProxy.invoke(ProviderFactory.java:103)
	at $Proxy0.invoke(Unknown Source)
	at org.apache.maven.surefire.booter.SurefireStarter.invokeProvider(SurefireStarter.java:150)
	at org.apache.maven.surefire.booter.SurefireStarter.runSuitesInProcess(SurefireStarter.java:91)
	at org.apache.maven.surefire.booter.ForkedBooter.main(ForkedBooter.java:69)
Caused by: com.mysql.jdbc.exceptions.jdbc4.CommunicationsException: Communications link failure

Last packet sent to the server was 0 ms ago.
	at sun.reflect.GeneratedConstructorAccessor39.newInstance(Unknown Source)
	at sun.reflect.DelegatingConstructorAccessorImpl.newInstance(DelegatingConstructorAccessorImpl.java:27)
	at java.lang.reflect.Constructor.newInstance(Constructor.java:513)
	at com.mysql.jdbc.Util.handleNewInstance(Util.java:406)
	at com.mysql.jdbc.SQLError.createCommunicationsException(SQLError.java:1074)
	at com.mysql.jdbc.ConnectionImpl.createNewIO(ConnectionImpl.java:2103)
	at com.mysql.jdbc.ConnectionImpl.&lt;init&gt;(ConnectionImpl.java:718)
	at com.mysql.jdbc.JDBC4Connection.&lt;init&gt;(JDBC4Connection.java:46)
	at sun.reflect.GeneratedConstructorAccessor36.newInstance(Unknown Source)
	at sun.reflect.DelegatingConstructorAccessorImpl.newInstance(DelegatingConstructorAccessorImpl.java:27)
	at java.lang.reflect.Constructor.newInstance(Constructor.java:513)
	at com.mysql.jdbc.Util.handleNewInstance(Util.java:406)
	at com.mysql.jdbc.ConnectionImpl.getInstance(ConnectionImpl.java:302)
	at com.mysql.jdbc.NonRegisteringDriver.connect(NonRegisteringDriver.java:282)
	at org.apache.commons.dbcp.DriverConnectionFactory.createConnection(DriverConnectionFactory.java:38)
	at org.apache.commons.dbcp.PoolableConnectionFactory.makeObject(PoolableConnectionFactory.java:294)
	at org.apache.commons.dbcp.BasicDataSource.validateConnectionFactory(BasicDataSource.java:1247)
	at org.apache.commons.dbcp.BasicDataSource.createDataSource(BasicDataSource.java:1221)
	... 42 more
Caused by: java.net.ConnectException: Connection refused
	at java.net.PlainSocketImpl.socketConnect(Native Method)
	at java.net.PlainSocketImpl.doConnect(PlainSocketImpl.java:351)
	at java.net.PlainSocketImpl.connectToAddress(PlainSocketImpl.java:213)
	at java.net.PlainSocketImpl.connect(PlainSocketImpl.java:200)
	at java.net.SocksSocketImpl.connect(SocksSocketImpl.java:366)
	at java.net.Socket.connect(Socket.java:529)
	at java.net.Socket.connect(Socket.java:478)
	at java.net.Socket.&lt;init&gt;(Socket.java:375)
	at java.net.Socket.&lt;init&gt;(Socket.java:218)
	at com.mysql.jdbc.StandardSocketFactory.connect(StandardSocketFactory.java:253)
	at com.mysql.jdbc.MysqlIO.&lt;init&gt;(MysqlIO.java:280)
	at com.mysql.jdbc.ConnectionImpl.createNewIO(ConnectionImpl.java:2026)
	... 54 more
INFO : org.hibernate.dialect.Dialect - Using dialect: org.hibernate.dialect.MySQLDialect
INFO : org.hibernate.transaction.TransactionFactoryFactory - Transaction strategy: org.springframework.orm.hibernate3.SpringTransactionFactory
INFO : org.hibernate.transaction.TransactionManagerLookupFactory - No TransactionManagerLookup configured (in JTA environment, use of read-write or transactional second-level cache is not recommended)
INFO : org.hibernate.cfg.SettingsFactory - Automatic flush during beforeCompletion(): disabled
INFO : org.hibernate.cfg.SettingsFactory - Automatic session close at end of transaction: disabled
INFO : org.hibernate.cfg.SettingsFactory - Scrollable result sets: disabled
INFO : org.hibernate.cfg.SettingsFactory - JDBC3 getGeneratedKeys(): disabled
INFO : org.hibernate.cfg.SettingsFactory - Connection release mode: auto
INFO : org.hibernate.cfg.SettingsFactory - Maximum outer join fetch depth: 2
INFO : org.hibernate.cfg.SettingsFactory - Default batch fetch size: 1
INFO : org.hibernate.cfg.SettingsFactory - Generate SQL with comments: disabled
INFO : org.hibernate.cfg.SettingsFactory - Order SQL updates by primary key: disabled
INFO : org.hibernate.cfg.SettingsFactory - Order SQL inserts for batching: disabled
INFO : org.hibernate.cfg.SettingsFactory - Query translator: org.hibernate.hql.ast.ASTQueryTranslatorFactory
INFO : org.hibernate.hql.ast.ASTQueryTranslatorFactory - Using ASTQueryTranslatorFactory
INFO : org.hibernate.cfg.SettingsFactory - Query language substitutions: {}
INFO : org.hibernate.cfg.SettingsFactory - JPA-QL strict compliance: disabled
INFO : org.hibernate.cfg.SettingsFactory - Second-level cache: enabled
INFO : org.hibernate.cfg.SettingsFactory - Query cache: disabled
INFO : org.hibernate.cfg.SettingsFactory - Cache region factory : org.hibernate.cache.impl.NoCachingRegionFactory
INFO : org.hibernate.cfg.SettingsFactory - Optimize cache for minimal puts: disabled
INFO : org.hibernate.cfg.SettingsFactory - Structured second-level cache entries: disabled
INFO : org.hibernate.cfg.SettingsFactory - Echoing all SQL to stdout
INFO : org.hibernate.cfg.SettingsFactory - Statistics: disabled
INFO : org.hibernate.cfg.SettingsFactory - Deleted entity synthetic identifier rollback: disabled
INFO : org.hibernate.cfg.SettingsFactory - Default entity-mode: pojo
INFO : org.hibernate.cfg.SettingsFactory - Named query checking : enabled
INFO : org.hibernate.impl.SessionFactoryImpl - building session factory
INFO : org.hibernate.impl.SessionFactoryObjectFactory - Not binding factory to JNDI, no JNDI name configured
INFO : org.hibernate.tool.hbm2ddl.SchemaUpdate - Running hbm2ddl schema update
INFO : org.hibernate.tool.hbm2ddl.SchemaUpdate - fetching database metadata
WARN : org.hibernate.util.JDBCExceptionReporter - SQL Error: 0, SQLState: null
ERROR: org.hibernate.util.JDBCExceptionReporter - Cannot create PoolableConnectionFactory (Communications link failure

Last packet sent to the server was 0 ms ago.)
ERROR: org.hibernate.tool.hbm2ddl.SchemaUpdate - could not get database metadata
org.apache.commons.dbcp.SQLNestedException: Cannot create PoolableConnectionFactory (Communications link failure

Last packet sent to the server was 0 ms ago.)
	at org.apache.commons.dbcp.BasicDataSource.createDataSource(BasicDataSource.java:1225)
	at org.apache.commons.dbcp.BasicDataSource.getConnection(BasicDataSource.java:880)
	at org.springframework.orm.hibernate3.LocalDataSourceConnectionProvider.getConnection(LocalDataSourceConnectionProvider.java:81)
	at org.hibernate.tool.hbm2ddl.SuppliedConnectionProviderConnectionHelper.prepare(SuppliedConnectionProviderConnectionHelper.java:51)
	at org.hibernate.tool.hbm2ddl.SchemaUpdate.execute(SchemaUpdate.java:168)
	at org.hibernate.impl.SessionFactoryImpl.&lt;init&gt;(SessionFactoryImpl.java:356)
	at org.hibernate.cfg.Configuration.buildSessionFactory(Configuration.java:1341)
	at org.hibernate.cfg.AnnotationConfiguration.buildSessionFactory(AnnotationConfiguration.java:859)
	at org.springframework.orm.hibernate3.LocalSessionFactoryBean.newSessionFactory(LocalSessionFactoryBean.java:855)
	at org.springframework.orm.hibernate3.LocalSessionFactoryBean.buildSessionFactory(LocalSessionFactoryBean.java:774)
	at org.springframework.orm.hibernate3.AbstractSessionFactoryBean.afterPropertiesSet(AbstractSessionFactoryBean.java:211)
	at org.springframework.beans.factory.support.AbstractAutowireCapableBeanFactory.invokeInitMethods(AbstractAutowireCapableBeanFactory.java:1477)
	at org.springframework.beans.factory.support.AbstractAutowireCapableBeanFactory.initializeBean(AbstractAutowireCapableBeanFactory.java:1417)
	at org.springframework.beans.factory.support.AbstractAutowireCapableBeanFactory.doCreateBean(AbstractAutowireCapableBeanFactory.java:519)
	at org.springframework.beans.factory.support.AbstractAutowireCapableBeanFactory.createBean(AbstractAutowireCapableBeanFactory.java:456)
	at org.springframework.beans.factory.support.AbstractBeanFactory$1.getObject(AbstractBeanFactory.java:291)
	at org.springframework.beans.factory.support.DefaultSingletonBeanRegistry.getSingleton(DefaultSingletonBeanRegistry.java:222)
	at org.springframework.beans.factory.support.AbstractBeanFactory.doGetBean(AbstractBeanFactory.java:288)
	at org.springframework.beans.factory.support.AbstractBeanFactory.getBean(AbstractBeanFactory.java:190)
	at org.springframework.beans.factory.support.DefaultListableBeanFactory.preInstantiateSingletons(DefaultListableBeanFactory.java:563)
	at org.springframework.context.support.AbstractApplicationContext.finishBeanFactoryInitialization(AbstractApplicationContext.java:895)
	at org.springframework.context.support.AbstractApplicationContext.refresh(AbstractApplicationContext.java:425)
	at cn.edu.nju.tsip.test.util.ControllerTest.setUp(ControllerTest.java:38)
	at junit.framework.TestCase.runBare(TestCase.java:132)
	at junit.framework.TestResult$1.protect(TestResult.java:110)
	at junit.framework.TestResult.runProtected(TestResult.java:128)
	at junit.framework.TestResult.run(TestResult.java:113)
	at junit.framework.TestCase.run(TestCase.java:124)
	at junit.framework.TestSuite.runTest(TestSuite.java:232)
	at junit.framework.TestSuite.run(TestSuite.java:227)
	at org.junit.internal.runners.JUnit38ClassRunner.run(JUnit38ClassRunner.java:83)
	at org.apache.maven.surefire.junit4.JUnit4TestSet.execute(JUnit4TestSet.java:35)
	at org.apache.maven.surefire.junit4.JUnit4Provider.executeTestSet(JUnit4Provider.java:115)
	at org.apache.maven.surefire.junit4.JUnit4Provider.invoke(JUnit4Provider.java:97)
	at sun.reflect.NativeMethodAccessorImpl.invoke0(Native Method)
	at sun.reflect.NativeMethodAccessorImpl.invoke(NativeMethodAccessorImpl.java:39)
	at sun.reflect.DelegatingMethodAccessorImpl.invoke(DelegatingMethodAccessorImpl.java:25)
	at java.lang.reflect.Method.invoke(Method.java:597)
	at org.apache.maven.surefire.booter.ProviderFactory$ClassLoaderProxy.invoke(ProviderFactory.java:103)
	at $Proxy0.invoke(Unknown Source)
	at org.apache.maven.surefire.booter.SurefireStarter.invokeProvider(SurefireStarter.java:150)
	at org.apache.maven.surefire.booter.SurefireStarter.runSuitesInProcess(SurefireStarter.java:91)
	at org.apache.maven.surefire.booter.ForkedBooter.main(ForkedBooter.java:69)
Caused by: com.mysql.jdbc.exceptions.jdbc4.CommunicationsException: Communications link failure

Last packet sent to the server was 0 ms ago.
	at sun.reflect.GeneratedConstructorAccessor39.newInstance(Unknown Source)
	at sun.reflect.DelegatingConstructorAccessorImpl.newInstance(DelegatingConstructorAccessorImpl.java:27)
	at java.lang.reflect.Constructor.newInstance(Constructor.java:513)
	at com.mysql.jdbc.Util.handleNewInstance(Util.java:406)
	at com.mysql.jdbc.SQLError.createCommunicationsException(SQLError.java:1074)
	at com.mysql.jdbc.ConnectionImpl.createNewIO(ConnectionImpl.java:2103)
	at com.mysql.jdbc.ConnectionImpl.&lt;init&gt;(ConnectionImpl.java:718)
	at com.mysql.jdbc.JDBC4Connection.&lt;init&gt;(JDBC4Connection.java:46)
	at sun.reflect.GeneratedConstructorAccessor36.newInstance(Unknown Source)
	at sun.reflect.DelegatingConstructorAccessorImpl.newInstance(DelegatingConstructorAccessorImpl.java:27)
	at java.lang.reflect.Constructor.newInstance(Constructor.java:513)
	at com.mysql.jdbc.Util.handleNewInstance(Util.java:406)
	at com.mysql.jdbc.ConnectionImpl.getInstance(ConnectionImpl.java:302)
	at com.mysql.jdbc.NonRegisteringDriver.connect(NonRegisteringDriver.java:282)
	at org.apache.commons.dbcp.DriverConnectionFactory.createConnection(DriverConnectionFactory.java:38)
	at org.apache.commons.dbcp.PoolableConnectionFactory.makeObject(PoolableConnectionFactory.java:294)
	at org.apache.commons.dbcp.BasicDataSource.validateConnectionFactory(BasicDataSource.java:1247)
	at org.apache.commons.dbcp.BasicDataSource.createDataSource(BasicDataSource.java:1221)
	... 42 more
Caused by: java.net.ConnectException: Connection refused
	at java.net.PlainSocketImpl.socketConnect(Native Method)
	at java.net.PlainSocketImpl.doConnect(PlainSocketImpl.java:351)
	at java.net.PlainSocketImpl.connectToAddress(PlainSocketImpl.java:213)
	at java.net.PlainSocketImpl.connect(PlainSocketImpl.java:200)
	at java.net.SocksSocketImpl.connect(SocksSocketImpl.java:366)
	at java.net.Socket.connect(Socket.java:529)
	at java.net.Socket.connect(Socket.java:478)
	at java.net.Socket.&lt;init&gt;(Socket.java:375)
	at java.net.Socket.&lt;init&gt;(Socket.java:218)
	at com.mysql.jdbc.StandardSocketFactory.connect(StandardSocketFactory.java:253)
	at com.mysql.jdbc.MysqlIO.&lt;init&gt;(MysqlIO.java:280)
	at com.mysql.jdbc.ConnectionImpl.createNewIO(ConnectionImpl.java:2026)
	... 54 more
ERROR: org.hibernate.tool.hbm2ddl.SchemaUpdate - could not complete schema update
org.apache.commons.dbcp.SQLNestedException: Cannot create PoolableConnectionFactory (Communications link failure

Last packet sent to the server was 0 ms ago.)
	at org.apache.commons.dbcp.BasicDataSource.createDataSource(BasicDataSource.java:1225)
	at org.apache.commons.dbcp.BasicDataSource.getConnection(BasicDataSource.java:880)
	at org.springframework.orm.hibernate3.LocalDataSourceConnectionProvider.getConnection(LocalDataSourceConnectionProvider.java:81)
	at org.hibernate.tool.hbm2ddl.SuppliedConnectionProviderConnectionHelper.prepare(SuppliedConnectionProviderConnectionHelper.java:51)
	at org.hibernate.tool.hbm2ddl.SchemaUpdate.execute(SchemaUpdate.java:168)
	at org.hibernate.impl.SessionFactoryImpl.&lt;init&gt;(SessionFactoryImpl.java:356)
	at org.hibernate.cfg.Configuration.buildSessionFactory(Configuration.java:1341)
	at org.hibernate.cfg.AnnotationConfiguration.buildSessionFactory(AnnotationConfiguration.java:859)
	at org.springframework.orm.hibernate3.LocalSessionFactoryBean.newSessionFactory(LocalSessionFactoryBean.java:855)
	at org.springframework.orm.hibernate3.LocalSessionFactoryBean.buildSessionFactory(LocalSessionFactoryBean.java:774)
	at org.springframework.orm.hibernate3.AbstractSessionFactoryBean.afterPropertiesSet(AbstractSessionFactoryBean.java:211)
	at org.springframework.beans.factory.support.AbstractAutowireCapableBeanFactory.invokeInitMethods(AbstractAutowireCapableBeanFactory.java:1477)
	at org.springframework.beans.factory.support.AbstractAutowireCapableBeanFactory.initializeBean(AbstractAutowireCapableBeanFactory.java:1417)
	at org.springframework.beans.factory.support.AbstractAutowireCapableBeanFactory.doCreateBean(AbstractAutowireCapableBeanFactory.java:519)
	at org.springframework.beans.factory.support.AbstractAutowireCapableBeanFactory.createBean(AbstractAutowireCapableBeanFactory.java:456)
	at org.springframework.beans.factory.support.AbstractBeanFactory$1.getObject(AbstractBeanFactory.java:291)
	at org.springframework.beans.factory.support.DefaultSingletonBeanRegistry.getSingleton(DefaultSingletonBeanRegistry.java:222)
	at org.springframework.beans.factory.support.AbstractBeanFactory.doGetBean(AbstractBeanFactory.java:288)
	at org.springframework.beans.factory.support.AbstractBeanFactory.getBean(AbstractBeanFactory.java:190)
	at org.springframework.beans.factory.support.DefaultListableBeanFactory.preInstantiateSingletons(DefaultListableBeanFactory.java:563)
	at org.springframework.context.support.AbstractApplicationContext.finishBeanFactoryInitialization(AbstractApplicationContext.java:895)
	at org.springframework.context.support.AbstractApplicationContext.refresh(AbstractApplicationContext.java:425)
	at cn.edu.nju.tsip.test.util.ControllerTest.setUp(ControllerTest.java:38)
	at junit.framework.TestCase.runBare(TestCase.java:132)
	at junit.framework.TestResult$1.protect(TestResult.java:110)
	at junit.framework.TestResult.runProtected(TestResult.java:128)
	at junit.framework.TestResult.run(TestResult.java:113)
	at junit.framework.TestCase.run(TestCase.java:124)
	at junit.framework.TestSuite.runTest(TestSuite.java:232)
	at junit.framework.TestSuite.run(TestSuite.java:227)
	at org.junit.internal.runners.JUnit38ClassRunner.run(JUnit38ClassRunner.java:83)
	at org.apache.maven.surefire.junit4.JUnit4TestSet.execute(JUnit4TestSet.java:35)
	at org.apache.maven.surefire.junit4.JUnit4Provider.executeTestSet(JUnit4Provider.java:115)
	at org.apache.maven.surefire.junit4.JUnit4Provider.invoke(JUnit4Provider.java:97)
	at sun.reflect.NativeMethodAccessorImpl.invoke0(Native Method)
	at sun.reflect.NativeMethodAccessorImpl.invoke(NativeMethodAccessorImpl.java:39)
	at sun.reflect.DelegatingMethodAccessorImpl.invoke(DelegatingMethodAccessorImpl.java:25)
	at java.lang.reflect.Method.invoke(Method.java:597)
	at org.apache.maven.surefire.booter.ProviderFactory$ClassLoaderProxy.invoke(ProviderFactory.java:103)
	at $Proxy0.invoke(Unknown Source)
	at org.apache.maven.surefire.booter.SurefireStarter.invokeProvider(SurefireStarter.java:150)
	at org.apache.maven.surefire.booter.SurefireStarter.runSuitesInProcess(SurefireStarter.java:91)
	at org.apache.maven.surefire.booter.ForkedBooter.main(ForkedBooter.java:69)
Caused by: com.mysql.jdbc.exceptions.jdbc4.CommunicationsException: Communications link failure

Last packet sent to the server was 0 ms ago.
	at sun.reflect.GeneratedConstructorAccessor39.newInstance(Unknown Source)
	at sun.reflect.DelegatingConstructorAccessorImpl.newInstance(DelegatingConstructorAccessorImpl.java:27)
	at java.lang.reflect.Constructor.newInstance(Constructor.java:513)
	at com.mysql.jdbc.Util.handleNewInstance(Util.java:406)
	at com.mysql.jdbc.SQLError.createCommunicationsException(SQLError.java:1074)
	at com.mysql.jdbc.ConnectionImpl.createNewIO(ConnectionImpl.java:2103)
	at com.mysql.jdbc.ConnectionImpl.&lt;init&gt;(ConnectionImpl.java:718)
	at com.mysql.jdbc.JDBC4Connection.&lt;init&gt;(JDBC4Connection.java:46)
	at sun.reflect.GeneratedConstructorAccessor36.newInstance(Unknown Source)
	at sun.reflect.DelegatingConstructorAccessorImpl.newInstance(DelegatingConstructorAccessorImpl.java:27)
	at java.lang.reflect.Constructor.newInstance(Constructor.java:513)
	at com.mysql.jdbc.Util.handleNewInstance(Util.java:406)
	at com.mysql.jdbc.ConnectionImpl.getInstance(ConnectionImpl.java:302)
	at com.mysql.jdbc.NonRegisteringDriver.connect(NonRegisteringDriver.java:282)
	at org.apache.commons.dbcp.DriverConnectionFactory.createConnection(DriverConnectionFactory.java:38)
	at org.apache.commons.dbcp.PoolableConnectionFactory.makeObject(PoolableConnectionFactory.java:294)
	at org.apache.commons.dbcp.BasicDataSource.validateConnectionFactory(BasicDataSource.java:1247)
	at org.apache.commons.dbcp.BasicDataSource.createDataSource(BasicDataSource.java:1221)
	... 42 more
Caused by: java.net.ConnectException: Connection refused
	at java.net.PlainSocketImpl.socketConnect(Native Method)
	at java.net.PlainSocketImpl.doConnect(PlainSocketImpl.java:351)
	at java.net.PlainSocketImpl.connectToAddress(PlainSocketImpl.java:213)
	at java.net.PlainSocketImpl.connect(PlainSocketImpl.java:200)
	at java.net.SocksSocketImpl.connect(SocksSocketImpl.java:366)
	at java.net.Socket.connect(Socket.java:529)
	at java.net.Socket.connect(Socket.java:478)
	at java.net.Socket.&lt;init&gt;(Socket.java:375)
	at java.net.Socket.&lt;init&gt;(Socket.java:218)
	at com.mysql.jdbc.StandardSocketFactory.connect(StandardSocketFactory.java:253)
	at com.mysql.jdbc.MysqlIO.&lt;init&gt;(MysqlIO.java:280)
	at com.mysql.jdbc.ConnectionImpl.createNewIO(ConnectionImpl.java:2026)
	... 54 more
INFO : org.springframework.orm.hibernate3.HibernateTransactionManager - Using DataSource [org.apache.commons.dbcp.BasicDataSource@dca3ed] of Hibernate SessionFactory for HibernateTransactionManager
INFO : org.springframework.web.servlet.mvc.annotation.DefaultAnnotationHandlerMapping - Mapped URL path [/client/article/getall] onto handler &apos;articleController&apos;
INFO : org.springframework.web.servlet.mvc.annotation.DefaultAnnotationHandlerMapping - Mapped URL path [/client/article/getall.*] onto handler &apos;articleController&apos;
INFO : org.springframework.web.servlet.mvc.annotation.DefaultAnnotationHandlerMapping - Mapped URL path [/client/article/getall/] onto handler &apos;articleController&apos;
INFO : org.springframework.web.servlet.mvc.annotation.DefaultAnnotationHandlerMapping - Mapped URL path [/client/article/add] onto handler &apos;articleController&apos;
INFO : org.springframework.web.servlet.mvc.annotation.DefaultAnnotationHandlerMapping - Mapped URL path [/client/article/add.*] onto handler &apos;articleController&apos;
INFO : org.springframework.web.servlet.mvc.annotation.DefaultAnnotationHandlerMapping - Mapped URL path [/client/article/add/] onto handler &apos;articleController&apos;
INFO : org.springframework.web.servlet.mvc.annotation.DefaultAnnotationHandlerMapping - Mapped URL path [/client/category/add] onto handler &apos;articleController&apos;
INFO : org.springframework.web.servlet.mvc.annotation.DefaultAnnotationHandlerMapping - Mapped URL path [/client/category/add.*] onto handler &apos;articleController&apos;
INFO : org.springframework.web.servlet.mvc.annotation.DefaultAnnotationHandlerMapping - Mapped URL path [/client/category/add/] onto handler &apos;articleController&apos;
INFO : org.springframework.web.servlet.mvc.annotation.DefaultAnnotationHandlerMapping - Mapped URL path [/client/category/delete] onto handler &apos;articleController&apos;
INFO : org.springframework.web.servlet.mvc.annotation.DefaultAnnotationHandlerMapping - Mapped URL path [/client/category/delete.*] onto handler &apos;articleController&apos;
INFO : org.springframework.web.servlet.mvc.annotation.DefaultAnnotationHandlerMapping - Mapped URL path [/client/category/delete/] onto handler &apos;articleController&apos;
INFO : org.springframework.web.servlet.mvc.annotation.DefaultAnnotationHandlerMapping - Mapped URL path [/client/article/delete] onto handler &apos;articleController&apos;
INFO : org.springframework.web.servlet.mvc.annotation.DefaultAnnotationHandlerMapping - Mapped URL path [/client/article/delete.*] onto handler &apos;articleController&apos;
INFO : org.springframework.web.servlet.mvc.annotation.DefaultAnnotationHandlerMapping - Mapped URL path [/client/article/delete/] onto handler &apos;articleController&apos;
INFO : org.springframework.web.servlet.mvc.annotation.DefaultAnnotationHandlerMapping - Mapped URL path [/client/student/getinfo] onto handler &apos;studentController&apos;
INFO : org.springframework.web.servlet.mvc.annotation.DefaultAnnotationHandlerMapping - Mapped URL path [/client/student/getinfo.*] onto handler &apos;studentController&apos;
INFO : org.springframework.web.servlet.mvc.annotation.DefaultAnnotationHandlerMapping - Mapped URL path [/client/student/getinfo/] onto handler &apos;studentController&apos;
INFO : org.springframework.web.servlet.mvc.annotation.DefaultAnnotationHandlerMapping - Mapped URL path [/client/student/getmyinfo] onto handler &apos;studentController&apos;
INFO : org.springframework.web.servlet.mvc.annotation.DefaultAnnotationHandlerMapping - Mapped URL path [/client/student/getmyinfo.*] onto handler &apos;studentController&apos;
INFO : org.springframework.web.servlet.mvc.annotation.DefaultAnnotationHandlerMapping - Mapped URL path [/client/student/getmyinfo/] onto handler &apos;studentController&apos;
INFO : org.springframework.web.servlet.mvc.annotation.DefaultAnnotationHandlerMapping - Mapped URL path [/client/student/changeinfo] onto handler &apos;studentController&apos;
INFO : org.springframework.web.servlet.mvc.annotation.DefaultAnnotationHandlerMapping - Mapped URL path [/client/student/changeinfo.*] onto handler &apos;studentController&apos;
INFO : org.springframework.web.servlet.mvc.annotation.DefaultAnnotationHandlerMapping - Mapped URL path [/client/student/changeinfo/] onto handler &apos;studentController&apos;
INFO : org.springframework.web.servlet.mvc.annotation.DefaultAnnotationHandlerMapping - Mapped URL path [/client/student/add] onto handler &apos;studentController&apos;
INFO : org.springframework.web.servlet.mvc.annotation.DefaultAnnotationHandlerMapping - Mapped URL path [/client/student/add.*] onto handler &apos;studentController&apos;
INFO : org.springframework.web.servlet.mvc.annotation.DefaultAnnotationHandlerMapping - Mapped URL path [/client/student/add/] onto handler &apos;studentController&apos;
INFO : org.springframework.web.servlet.mvc.annotation.DefaultAnnotationHandlerMapping - Mapped URL path [/client/student/search] onto handler &apos;studentController&apos;
INFO : org.springframework.web.servlet.mvc.annotation.DefaultAnnotationHandlerMapping - Mapped URL path [/client/student/search.*] onto handler &apos;studentController&apos;
INFO : org.springframework.web.servlet.mvc.annotation.DefaultAnnotationHandlerMapping - Mapped URL path [/client/student/search/] onto handler &apos;studentController&apos;
INFO : org.springframework.web.servlet.mvc.annotation.DefaultAnnotationHandlerMapping - Mapped URL path [/client/BBS/get] onto handler &apos;BBSController&apos;
INFO : org.springframework.web.servlet.mvc.annotation.DefaultAnnotationHandlerMapping - Mapped URL path [/client/BBS/get.*] onto handler &apos;BBSController&apos;
INFO : org.springframework.web.servlet.mvc.annotation.DefaultAnnotationHandlerMapping - Mapped URL path [/client/BBS/get/] onto handler &apos;BBSController&apos;
INFO : org.springframework.web.servlet.mvc.annotation.DefaultAnnotationHandlerMapping - Mapped URL path [/client/BBS/create] onto handler &apos;BBSController&apos;
INFO : org.springframework.web.servlet.mvc.annotation.DefaultAnnotationHandlerMapping - Mapped URL path [/client/BBS/create.*] onto handler &apos;BBSController&apos;
INFO : org.springframework.web.servlet.mvc.annotation.DefaultAnnotationHandlerMapping - Mapped URL path [/client/BBS/create/] onto handler &apos;BBSController&apos;
INFO : org.springframework.web.servlet.mvc.annotation.DefaultAnnotationHandlerMapping - Mapped URL path [/client/BBS/change] onto handler &apos;BBSController&apos;
INFO : org.springframework.web.servlet.mvc.annotation.DefaultAnnotationHandlerMapping - Mapped URL path [/client/BBS/change.*] onto handler &apos;BBSController&apos;
INFO : org.springframework.web.servlet.mvc.annotation.DefaultAnnotationHandlerMapping - Mapped URL path [/client/BBS/change/] onto handler &apos;BBSController&apos;
INFO : org.springframework.web.servlet.mvc.annotation.DefaultAnnotationHandlerMapping - Mapped URL path [/client/BBS/detail] onto handler &apos;BBSController&apos;
INFO : org.springframework.web.servlet.mvc.annotation.DefaultAnnotationHandlerMapping - Mapped URL path [/client/BBS/detail.*] onto handler &apos;BBSController&apos;
INFO : org.springframework.web.servlet.mvc.annotation.DefaultAnnotationHandlerMapping - Mapped URL path [/client/BBS/detail/] onto handler &apos;BBSController&apos;
INFO : org.springframework.web.servlet.mvc.annotation.DefaultAnnotationHandlerMapping - Mapped URL path [/create] onto handler &apos;homeController&apos;
INFO : org.springframework.web.servlet.mvc.annotation.DefaultAnnotationHandlerMapping - Mapped URL path [/create.*] onto handler &apos;homeController&apos;
INFO : org.springframework.web.servlet.mvc.annotation.DefaultAnnotationHandlerMapping - Mapped URL path [/create/] onto handler &apos;homeController&apos;
INFO : org.springframework.web.servlet.mvc.annotation.DefaultAnnotationHandlerMapping - Mapped URL path [/index] onto handler &apos;homeController&apos;
INFO : org.springframework.web.servlet.mvc.annotation.DefaultAnnotationHandlerMapping - Mapped URL path [/index.*] onto handler &apos;homeController&apos;
INFO : org.springframework.web.servlet.mvc.annotation.DefaultAnnotationHandlerMapping - Mapped URL path [/index/] onto handler &apos;homeController&apos;
INFO : org.springframework.web.servlet.mvc.annotation.DefaultAnnotationHandlerMapping - Root mapping to handler &apos;homeController&apos;
INFO : org.springframework.web.servlet.mvc.annotation.DefaultAnnotationHandlerMapping - Mapped URL path [/ajax_api] onto handler &apos;homeController&apos;
INFO : org.springframework.web.servlet.mvc.annotation.DefaultAnnotationHandlerMapping - Mapped URL path [/ajax_api.*] onto handler &apos;homeController&apos;
INFO : org.springframework.web.servlet.mvc.annotation.DefaultAnnotationHandlerMapping - Mapped URL path [/ajax_api/] onto handler &apos;homeController&apos;
INFO : org.springframework.web.servlet.mvc.annotation.DefaultAnnotationHandlerMapping - Mapped URL path [/login] onto handler &apos;homeController&apos;
INFO : org.springframework.web.servlet.mvc.annotation.DefaultAnnotationHandlerMapping - Mapped URL path [/login.*] onto handler &apos;homeController&apos;
INFO : org.springframework.web.servlet.mvc.annotation.DefaultAnnotationHandlerMapping - Mapped URL path [/login/] onto handler &apos;homeController&apos;
INFO : org.springframework.web.servlet.mvc.annotation.DefaultAnnotationHandlerMapping - Mapped URL path [/client/mblog/getAll] onto handler &apos;mblogController&apos;
INFO : org.springframework.web.servlet.mvc.annotation.DefaultAnnotationHandlerMapping - Mapped URL path [/client/mblog/getAll.*] onto handler &apos;mblogController&apos;
INFO : org.springframework.web.servlet.mvc.annotation.DefaultAnnotationHandlerMapping - Mapped URL path [/client/mblog/getAll/] onto handler &apos;mblogController&apos;
INFO : org.springframework.web.servlet.mvc.annotation.DefaultAnnotationHandlerMapping - Mapped URL path [/client/mblog/create] onto handler &apos;mblogController&apos;
INFO : org.springframework.web.servlet.mvc.annotation.DefaultAnnotationHandlerMapping - Mapped URL path [/client/mblog/create.*] onto handler &apos;mblogController&apos;
INFO : org.springframework.web.servlet.mvc.annotation.DefaultAnnotationHandlerMapping - Mapped URL path [/client/mblog/create/] onto handler &apos;mblogController&apos;
INFO : org.springframework.web.servlet.mvc.annotation.DefaultAnnotationHandlerMapping - Mapped URL path [/client/mblog/getMblogDatail] onto handler &apos;mblogController&apos;
INFO : org.springframework.web.servlet.mvc.annotation.DefaultAnnotationHandlerMapping - Mapped URL path [/client/mblog/getMblogDatail.*] onto handler &apos;mblogController&apos;
INFO : org.springframework.web.servlet.mvc.annotation.DefaultAnnotationHandlerMapping - Mapped URL path [/client/mblog/getMblogDatail/] onto handler &apos;mblogController&apos;
INFO : org.springframework.web.servlet.mvc.annotation.DefaultAnnotationHandlerMapping - Mapped URL path [/client/mblog/addcomment] onto handler &apos;mblogController&apos;
INFO : org.springframework.web.servlet.mvc.annotation.DefaultAnnotationHandlerMapping - Mapped URL path [/client/mblog/addcomment.*] onto handler &apos;mblogController&apos;
INFO : org.springframework.web.servlet.mvc.annotation.DefaultAnnotationHandlerMapping - Mapped URL path [/client/mblog/addcomment/] onto handler &apos;mblogController&apos;
INFO : org.springframework.web.servlet.mvc.annotation.DefaultAnnotationHandlerMapping - Mapped URL path [/client/mblog/delete] onto handler &apos;mblogController&apos;
INFO : org.springframework.web.servlet.mvc.annotation.DefaultAnnotationHandlerMapping - Mapped URL path [/client/mblog/delete.*] onto handler &apos;mblogController&apos;
INFO : org.springframework.web.servlet.mvc.annotation.DefaultAnnotationHandlerMapping - Mapped URL path [/client/mblog/delete/] onto handler &apos;mblogController&apos;
INFO : org.springframework.web.servlet.mvc.annotation.DefaultAnnotationHandlerMapping - Mapped URL path [/client/album/get] onto handler &apos;pictureController&apos;
INFO : org.springframework.web.servlet.mvc.annotation.DefaultAnnotationHandlerMapping - Mapped URL path [/client/album/get.*] onto handler &apos;pictureController&apos;
INFO : org.springframework.web.servlet.mvc.annotation.DefaultAnnotationHandlerMapping - Mapped URL path [/client/album/get/] onto handler &apos;pictureController&apos;
INFO : org.springframework.web.servlet.mvc.annotation.DefaultAnnotationHandlerMapping - Mapped URL path [/client/album/add] onto handler &apos;pictureController&apos;
INFO : org.springframework.web.servlet.mvc.annotation.DefaultAnnotationHandlerMapping - Mapped URL path [/client/album/add.*] onto handler &apos;pictureController&apos;
INFO : org.springframework.web.servlet.mvc.annotation.DefaultAnnotationHandlerMapping - Mapped URL path [/client/album/add/] onto handler &apos;pictureController&apos;
INFO : org.springframework.web.servlet.mvc.annotation.DefaultAnnotationHandlerMapping - Mapped URL path [/client/album/share] onto handler &apos;pictureController&apos;
INFO : org.springframework.web.servlet.mvc.annotation.DefaultAnnotationHandlerMapping - Mapped URL path [/client/album/share.*] onto handler &apos;pictureController&apos;
INFO : org.springframework.web.servlet.mvc.annotation.DefaultAnnotationHandlerMapping - Mapped URL path [/client/album/share/] onto handler &apos;pictureController&apos;
INFO : org.springframework.web.servlet.mvc.annotation.DefaultAnnotationHandlerMapping - Mapped URL path [/client/album/delete] onto handler &apos;pictureController&apos;
INFO : org.springframework.web.servlet.mvc.annotation.DefaultAnnotationHandlerMapping - Mapped URL path [/client/album/delete.*] onto handler &apos;pictureController&apos;
INFO : org.springframework.web.servlet.mvc.annotation.DefaultAnnotationHandlerMapping - Mapped URL path [/client/album/delete/] onto handler &apos;pictureController&apos;
INFO : org.springframework.web.servlet.mvc.annotation.DefaultAnnotationHandlerMapping - Mapped URL path [/client/album/rename] onto handler &apos;pictureController&apos;
INFO : org.springframework.web.servlet.mvc.annotation.DefaultAnnotationHandlerMapping - Mapped URL path [/client/album/rename.*] onto handler &apos;pictureController&apos;
INFO : org.springframework.web.servlet.mvc.annotation.DefaultAnnotationHandlerMapping - Mapped URL path [/client/album/rename/] onto handler &apos;pictureController&apos;
INFO : org.springframework.web.servlet.mvc.annotation.DefaultAnnotationHandlerMapping - Mapped URL path [/client/picture/upload/{albumName}/{descrip}] onto handler &apos;pictureController&apos;
INFO : org.springframework.web.servlet.mvc.annotation.DefaultAnnotationHandlerMapping - Mapped URL path [/client/picture/upload/{albumName}/{descrip}.*] onto handler &apos;pictureController&apos;
INFO : org.springframework.web.servlet.mvc.annotation.DefaultAnnotationHandlerMapping - Mapped URL path [/client/picture/upload/{albumName}/{descrip}/] onto handler &apos;pictureController&apos;
INFO : org.springframework.web.servlet.mvc.annotation.DefaultAnnotationHandlerMapping - Mapped URL path [/client/album/getMy] onto handler &apos;pictureController&apos;
INFO : org.springframework.web.servlet.mvc.annotation.DefaultAnnotationHandlerMapping - Mapped URL path [/client/album/getMy.*] onto handler &apos;pictureController&apos;
INFO : org.springframework.web.servlet.mvc.annotation.DefaultAnnotationHandlerMapping - Mapped URL path [/client/album/getMy/] onto handler &apos;pictureController&apos;
INFO : org.springframework.web.servlet.mvc.annotation.DefaultAnnotationHandlerMapping - Mapped URL path [/client/album/detail] onto handler &apos;pictureController&apos;
INFO : org.springframework.web.servlet.mvc.annotation.DefaultAnnotationHandlerMapping - Mapped URL path [/client/album/detail.*] onto handler &apos;pictureController&apos;
INFO : org.springframework.web.servlet.mvc.annotation.DefaultAnnotationHandlerMapping - Mapped URL path [/client/album/detail/] onto handler &apos;pictureController&apos;
INFO : org.springframework.web.servlet.mvc.annotation.DefaultAnnotationHandlerMapping - Mapped URL path [/client/picture/detail] onto handler &apos;pictureController&apos;
INFO : org.springframework.web.servlet.mvc.annotation.DefaultAnnotationHandlerMapping - Mapped URL path [/client/picture/detail.*] onto handler &apos;pictureController&apos;
INFO : org.springframework.web.servlet.mvc.annotation.DefaultAnnotationHandlerMapping - Mapped URL path [/client/picture/detail/] onto handler &apos;pictureController&apos;
INFO : org.springframework.web.servlet.mvc.annotation.DefaultAnnotationHandlerMapping - Mapped URL path [/client/letter/add] onto handler &apos;letterController&apos;
INFO : org.springframework.web.servlet.mvc.annotation.DefaultAnnotationHandlerMapping - Mapped URL path [/client/letter/add.*] onto handler &apos;letterController&apos;
INFO : org.springframework.web.servlet.mvc.annotation.DefaultAnnotationHandlerMapping - Mapped URL path [/client/letter/add/] onto handler &apos;letterController&apos;
INFO : org.springframework.web.servlet.mvc.annotation.DefaultAnnotationHandlerMapping - Mapped URL path [/client/letter/getone] onto handler &apos;letterController&apos;
INFO : org.springframework.web.servlet.mvc.annotation.DefaultAnnotationHandlerMapping - Mapped URL path [/client/letter/getone.*] onto handler &apos;letterController&apos;
INFO : org.springframework.web.servlet.mvc.annotation.DefaultAnnotationHandlerMapping - Mapped URL path [/client/letter/getone/] onto handler &apos;letterController&apos;
INFO : org.springframework.web.servlet.mvc.annotation.DefaultAnnotationHandlerMapping - Mapped URL path [/client/letter/getall] onto handler &apos;letterController&apos;
INFO : org.springframework.web.servlet.mvc.annotation.DefaultAnnotationHandlerMapping - Mapped URL path [/client/letter/getall.*] onto handler &apos;letterController&apos;
INFO : org.springframework.web.servlet.mvc.annotation.DefaultAnnotationHandlerMapping - Mapped URL path [/client/letter/getall/] onto handler &apos;letterController&apos;
INFO : org.springframework.web.servlet.mvc.annotation.DefaultAnnotationHandlerMapping - Mapped URL path [/client/user/getOnline] onto handler &apos;letterController&apos;
INFO : org.springframework.web.servlet.mvc.annotation.DefaultAnnotationHandlerMapping - Mapped URL path [/client/user/getOnline.*] onto handler &apos;letterController&apos;
INFO : org.springframework.web.servlet.mvc.annotation.DefaultAnnotationHandlerMapping - Mapped URL path [/client/user/getOnline/] onto handler &apos;letterController&apos;
INFO : org.springframework.web.servlet.mvc.annotation.DefaultAnnotationHandlerMapping - Mapped URL path [/client/leter/getlatest] onto handler &apos;letterController&apos;
INFO : org.springframework.web.servlet.mvc.annotation.DefaultAnnotationHandlerMapping - Mapped URL path [/client/leter/getlatest.*] onto handler &apos;letterController&apos;
INFO : org.springframework.web.servlet.mvc.annotation.DefaultAnnotationHandlerMapping - Mapped URL path [/client/leter/getlatest/] onto handler &apos;letterController&apos;
INFO : org.springframework.web.servlet.mvc.annotation.DefaultAnnotationHandlerMapping - Mapped URL path [/client/disugroup/create] onto handler &apos;letterController&apos;
INFO : org.springframework.web.servlet.mvc.annotation.DefaultAnnotationHandlerMapping - Mapped URL path [/client/disugroup/create.*] onto handler &apos;letterController&apos;
INFO : org.springframework.web.servlet.mvc.annotation.DefaultAnnotationHandlerMapping - Mapped URL path [/client/disugroup/create/] onto handler &apos;letterController&apos;
INFO : org.springframework.web.servlet.mvc.annotation.DefaultAnnotationHandlerMapping - Mapped URL path [/client/disugroup/adduser] onto handler &apos;letterController&apos;
INFO : org.springframework.web.servlet.mvc.annotation.DefaultAnnotationHandlerMapping - Mapped URL path [/client/disugroup/adduser.*] onto handler &apos;letterController&apos;
INFO : org.springframework.web.servlet.mvc.annotation.DefaultAnnotationHandlerMapping - Mapped URL path [/client/disugroup/adduser/] onto handler &apos;letterController&apos;
INFO : org.springframework.web.servlet.mvc.annotation.DefaultAnnotationHandlerMapping - Mapped URL path [/client/disugroup/send] onto handler &apos;letterController&apos;
INFO : org.springframework.web.servlet.mvc.annotation.DefaultAnnotationHandlerMapping - Mapped URL path [/client/disugroup/send.*] onto handler &apos;letterController&apos;
INFO : org.springframework.web.servlet.mvc.annotation.DefaultAnnotationHandlerMapping - Mapped URL path [/client/disugroup/send/] onto handler &apos;letterController&apos;
INFO : org.springframework.web.servlet.mvc.annotation.DefaultAnnotationHandlerMapping - Mapped URL path [/client/disugroup/receive] onto handler &apos;letterController&apos;
INFO : org.springframework.web.servlet.mvc.annotation.DefaultAnnotationHandlerMapping - Mapped URL path [/client/disugroup/receive.*] onto handler &apos;letterController&apos;
INFO : org.springframework.web.servlet.mvc.annotation.DefaultAnnotationHandlerMapping - Mapped URL path [/client/disugroup/receive/] onto handler &apos;letterController&apos;
INFO : org.springframework.web.servlet.mvc.annotation.DefaultAnnotationHandlerMapping - Mapped URL path [/client/file/getAll] onto handler &apos;fileController&apos;
INFO : org.springframework.web.servlet.mvc.annotation.DefaultAnnotationHandlerMapping - Mapped URL path [/client/file/getAll.*] onto handler &apos;fileController&apos;
INFO : org.springframework.web.servlet.mvc.annotation.DefaultAnnotationHandlerMapping - Mapped URL path [/client/file/getAll/] onto handler &apos;fileController&apos;
INFO : org.springframework.web.servlet.mvc.annotation.DefaultAnnotationHandlerMapping - Mapped URL path [/client/file/save/{prefix}/{postfix}] onto handler &apos;fileController&apos;
INFO : org.springframework.web.servlet.mvc.annotation.DefaultAnnotationHandlerMapping - Mapped URL path [/client/file/save/{prefix}/{postfix}.*] onto handler &apos;fileController&apos;
INFO : org.springframework.web.servlet.mvc.annotation.DefaultAnnotationHandlerMapping - Mapped URL path [/client/file/save/{prefix}/{postfix}/] onto handler &apos;fileController&apos;
INFO : org.springframework.web.servlet.mvc.annotation.DefaultAnnotationHandlerMapping - Mapped URL path [/client/file/delete/{id}] onto handler &apos;fileController&apos;
INFO : org.springframework.web.servlet.mvc.annotation.DefaultAnnotationHandlerMapping - Mapped URL path [/client/file/delete/{id}.*] onto handler &apos;fileController&apos;
INFO : org.springframework.web.servlet.mvc.annotation.DefaultAnnotationHandlerMapping - Mapped URL path [/client/file/delete/{id}/] onto handler &apos;fileController&apos;
INFO : org.springframework.web.servlet.mvc.annotation.DefaultAnnotationHandlerMapping - Mapped URL path [/client/message/create/some] onto handler &apos;messageController&apos;
INFO : org.springframework.web.servlet.mvc.annotation.DefaultAnnotationHandlerMapping - Mapped URL path [/client/message/create/some.*] onto handler &apos;messageController&apos;
INFO : org.springframework.web.servlet.mvc.annotation.DefaultAnnotationHandlerMapping - Mapped URL path [/client/message/create/some/] onto handler &apos;messageController&apos;
INFO : org.springframework.web.servlet.mvc.annotation.DefaultAnnotationHandlerMapping - Mapped URL path [/client/message/create/student] onto handler &apos;messageController&apos;
INFO : org.springframework.web.servlet.mvc.annotation.DefaultAnnotationHandlerMapping - Mapped URL path [/client/message/create/student.*] onto handler &apos;messageController&apos;
INFO : org.springframework.web.servlet.mvc.annotation.DefaultAnnotationHandlerMapping - Mapped URL path [/client/message/create/student/] onto handler &apos;messageController&apos;
INFO : org.springframework.web.servlet.mvc.annotation.DefaultAnnotationHandlerMapping - Mapped URL path [/client/message/getallunreaded] onto handler &apos;messageController&apos;
INFO : org.springframework.web.servlet.mvc.annotation.DefaultAnnotationHandlerMapping - Mapped URL path [/client/message/getallunreaded.*] onto handler &apos;messageController&apos;
INFO : org.springframework.web.servlet.mvc.annotation.DefaultAnnotationHandlerMapping - Mapped URL path [/client/message/getallunreaded/] onto handler &apos;messageController&apos;
INFO : org.springframework.web.servlet.mvc.annotation.DefaultAnnotationHandlerMapping - Mapped URL path [/client/message/getMy] onto handler &apos;messageController&apos;
INFO : org.springframework.web.servlet.mvc.annotation.DefaultAnnotationHandlerMapping - Mapped URL path [/client/message/getMy.*] onto handler &apos;messageController&apos;
INFO : org.springframework.web.servlet.mvc.annotation.DefaultAnnotationHandlerMapping - Mapped URL path [/client/message/getMy/] onto handler &apos;messageController&apos;
INFO : org.springframework.web.servlet.mvc.annotation.DefaultAnnotationHandlerMapping - Mapped URL path [/client/message/detailMy] onto handler &apos;messageController&apos;
INFO : org.springframework.web.servlet.mvc.annotation.DefaultAnnotationHandlerMapping - Mapped URL path [/client/message/detailMy.*] onto handler &apos;messageController&apos;
INFO : org.springframework.web.servlet.mvc.annotation.DefaultAnnotationHandlerMapping - Mapped URL path [/client/message/detailMy/] onto handler &apos;messageController&apos;
INFO : org.springframework.web.servlet.mvc.annotation.DefaultAnnotationHandlerMapping - Mapped URL path [/client/message/detail] onto handler &apos;messageController&apos;
INFO : org.springframework.web.servlet.mvc.annotation.DefaultAnnotationHandlerMapping - Mapped URL path [/client/message/detail.*] onto handler &apos;messageController&apos;
INFO : org.springframework.web.servlet.mvc.annotation.DefaultAnnotationHandlerMapping - Mapped URL path [/client/message/detail/] onto handler &apos;messageController&apos;
INFO : org.springframework.web.servlet.mvc.annotation.DefaultAnnotationHandlerMapping - Mapped URL path [/client/message/getall] onto handler &apos;messageController&apos;
INFO : org.springframework.web.servlet.mvc.annotation.DefaultAnnotationHandlerMapping - Mapped URL path [/client/message/getall.*] onto handler &apos;messageController&apos;
INFO : org.springframework.web.servlet.mvc.annotation.DefaultAnnotationHandlerMapping - Mapped URL path [/client/message/getall/] onto handler &apos;messageController&apos;
INFO : org.springframework.web.servlet.mvc.annotation.DefaultAnnotationHandlerMapping - Mapped URL path [/client/user/login] onto handler &apos;userController&apos;
INFO : org.springframework.web.servlet.mvc.annotation.DefaultAnnotationHandlerMapping - Mapped URL path [/client/user/login.*] onto handler &apos;userController&apos;
INFO : org.springframework.web.servlet.mvc.annotation.DefaultAnnotationHandlerMapping - Mapped URL path [/client/user/login/] onto handler &apos;userController&apos;
INFO : org.springframework.web.servlet.mvc.annotation.DefaultAnnotationHandlerMapping - Mapped URL path [/client/user/getAll] onto handler &apos;userController&apos;
INFO : org.springframework.web.servlet.mvc.annotation.DefaultAnnotationHandlerMapping - Mapped URL path [/client/user/getAll.*] onto handler &apos;userController&apos;
INFO : org.springframework.web.servlet.mvc.annotation.DefaultAnnotationHandlerMapping - Mapped URL path [/client/user/getAll/] onto handler &apos;userController&apos;
INFO : org.springframework.web.servlet.mvc.annotation.DefaultAnnotationHandlerMapping - Mapped URL path [/client/user/exit] onto handler &apos;userController&apos;
INFO : org.springframework.web.servlet.mvc.annotation.DefaultAnnotationHandlerMapping - Mapped URL path [/client/user/exit.*] onto handler &apos;userController&apos;
INFO : org.springframework.web.servlet.mvc.annotation.DefaultAnnotationHandlerMapping - Mapped URL path [/client/user/exit/] onto handler &apos;userController&apos;
INFO : org.springframework.web.servlet.mvc.annotation.DefaultAnnotationHandlerMapping - Mapped URL path [/client/user/changepassword] onto handler &apos;userController&apos;
INFO : org.springframework.web.servlet.mvc.annotation.DefaultAnnotationHandlerMapping - Mapped URL path [/client/user/changepassword.*] onto handler &apos;userController&apos;
INFO : org.springframework.web.servlet.mvc.annotation.DefaultAnnotationHandlerMapping - Mapped URL path [/client/user/changepassword/] onto handler &apos;userController&apos;
INFO : org.springframework.web.servlet.handler.SimpleUrlHandlerMapping - Mapped URL path [/resources/**] onto handler &apos;org.springframework.web.servlet.resource.ResourceHttpRequestHandler#0&apos;
INFO : cn.edu.nju.tsip.web.MblogController - client get MBlog
WARN : org.hibernate.util.JDBCExceptionReporter - SQL Error: 0, SQLState: null
ERROR: org.hibernate.util.JDBCExceptionReporter - Cannot create PoolableConnectionFactory (Communications link failure

Last packet sent to the server was 0 ms ago.)
WARN : org.hibernate.util.JDBCExceptionReporter - SQL Error: 0, SQLState: null
ERROR: org.hibernate.util.JDBCExceptionReporter - Cannot create PoolableConnectionFactory (Communications link failure

Last packet sent to the server was 0 ms ago.)
</system-out>
  </testcase>
  <testcase time="0.614" classname="cn.edu.nju.tsip.test.web.MblogControllerTest" name="testGetMBlogDetail">
    <error type="java.lang.NullPointerException">java.lang.NullPointerException
	at cn.edu.nju.tsip.web.MblogController.getMBlogDetail(MblogController.java:159)
	at cn.edu.nju.tsip.test.web.MblogControllerTest.testGetMBlogDetail(MblogControllerTest.java:55)
	at sun.reflect.NativeMethodAccessorImpl.invoke0(Native Method)
	at sun.reflect.NativeMethodAccessorImpl.invoke(NativeMethodAccessorImpl.java:39)
	at sun.reflect.DelegatingMethodAccessorImpl.invoke(DelegatingMethodAccessorImpl.java:25)
	at java.lang.reflect.Method.invoke(Method.java:597)
	at junit.framework.TestCase.runTest(TestCase.java:168)
	at junit.framework.TestCase.runBare(TestCase.java:134)
	at junit.framework.TestResult$1.protect(TestResult.java:110)
	at junit.framework.TestResult.runProtected(TestResult.java:128)
	at junit.framework.TestResult.run(TestResult.java:113)
	at junit.framework.TestCase.run(TestCase.java:124)
	at junit.framework.TestSuite.runTest(TestSuite.java:232)
	at junit.framework.TestSuite.run(TestSuite.java:227)
	at org.junit.internal.runners.JUnit38ClassRunner.run(JUnit38ClassRunner.java:83)
	at org.apache.maven.surefire.junit4.JUnit4TestSet.execute(JUnit4TestSet.java:35)
	at org.apache.maven.surefire.junit4.JUnit4Provider.executeTestSet(JUnit4Provider.java:115)
	at org.apache.maven.surefire.junit4.JUnit4Provider.invoke(JUnit4Provider.java:97)
	at sun.reflect.NativeMethodAccessorImpl.invoke0(Native Method)
	at sun.reflect.NativeMethodAccessorImpl.invoke(NativeMethodAccessorImpl.java:39)
	at sun.reflect.DelegatingMethodAccessorImpl.invoke(DelegatingMethodAccessorImpl.java:25)
	at java.lang.reflect.Method.invoke(Method.java:597)
	at org.apache.maven.surefire.booter.ProviderFactory$ClassLoaderProxy.invoke(ProviderFactory.java:103)
	at $Proxy0.invoke(Unknown Source)
	at org.apache.maven.surefire.booter.SurefireStarter.invokeProvider(SurefireStarter.java:150)
	at org.apache.maven.surefire.booter.SurefireStarter.runSuitesInProcess(SurefireStarter.java:91)
	at org.apache.maven.surefire.booter.ForkedBooter.main(ForkedBooter.java:69)
</error>
    <system-out>INFO : org.springframework.web.context.support.XmlWebApplicationContext - Refreshing Root WebApplicationContext: startup date [Mon Jun 13 15:37:41 CST 2011]; root of context hierarchy
INFO : org.springframework.beans.factory.xml.XmlBeanDefinitionReader - Loading XML bean definitions from class path resource [spring/root-context.xml]
INFO : org.springframework.beans.factory.xml.XmlBeanDefinitionReader - Loading XML bean definitions from class path resource [spring/appServlet/servlet-context.xml]
INFO : org.springframework.beans.factory.xml.XmlBeanDefinitionReader - Loading XML bean definitions from class path resource [spring/appServlet/controllers.xml]
INFO : org.springframework.context.annotation.ClassPathBeanDefinitionScanner - JSR-330 &apos;javax.inject.Named&apos; annotation found and supported for component scanning
INFO : org.springframework.beans.factory.xml.XmlBeanDefinitionReader - Loading XML bean definitions from class path resource [spring/appServlet/controllers.xml]
INFO : org.springframework.context.annotation.ClassPathBeanDefinitionScanner - JSR-330 &apos;javax.inject.Named&apos; annotation found and supported for component scanning
INFO : org.springframework.beans.factory.annotation.AutowiredAnnotationBeanPostProcessor - JSR-330 &apos;javax.inject.Inject&apos; annotation found and supported for autowiring
INFO : org.springframework.beans.factory.support.DefaultListableBeanFactory - Pre-instantiating singletons in org.springframework.beans.factory.support.DefaultListableBeanFactory@1a336d5: defining beans [multipartResolver,dataSource,sessionFactory,hibernateTemplate,transactionManager,org.springframework.web.servlet.mvc.annotation.DefaultAnnotationHandlerMapping#0,org.springframework.format.support.FormattingConversionServiceFactoryBean#0,org.springframework.validation.beanvalidation.LocalValidatorFactoryBean#0,org.springframework.web.servlet.mvc.annotation.AnnotationMethodHandlerAdapter#0,org.springframework.web.servlet.handler.MappedInterceptor#0,org.springframework.web.servlet.mvc.HttpRequestHandlerAdapter,org.springframework.web.servlet.resource.ResourceHttpRequestHandler#0,org.springframework.web.servlet.handler.SimpleUrlHandlerMapping#0,org.springframework.web.servlet.view.InternalResourceViewResolver#0,dao,albumService,userDetailsService,studentService,groupletterService,letterService,fileService,disugroupService,bbsService,articleService,messageService,userService,mblogService,categoryService,teacherService,pictureService,commentService,articleController,studentController,BBSController,homeController,mblogController,pictureController,letterController,fileController,messageController,userController,org.springframework.context.annotation.internalConfigurationAnnotationProcessor,org.springframework.context.annotation.internalAutowiredAnnotationProcessor,org.springframework.context.annotation.internalRequiredAnnotationProcessor,org.springframework.context.annotation.internalCommonAnnotationProcessor,org.springframework.context.annotation.internalPersistenceAnnotationProcessor]; root of factory hierarchy
INFO : org.hibernate.cfg.AnnotationBinder - Binding entity from annotated class: cn.edu.nju.tsip.entity.GroupLetter
INFO : org.hibernate.cfg.annotations.EntityBinder - Bind entity cn.edu.nju.tsip.entity.GroupLetter on table GroupLetter
INFO : org.hibernate.cfg.AnnotationBinder - Binding entity from annotated class: cn.edu.nju.tsip.entity.CourseInfo
INFO : org.hibernate.cfg.annotations.EntityBinder - Bind entity cn.edu.nju.tsip.entity.CourseInfo on table CourseInfo
INFO : org.hibernate.cfg.AnnotationBinder - Binding entity from annotated class: cn.edu.nju.tsip.entity.Letter
INFO : org.hibernate.cfg.annotations.EntityBinder - Bind entity cn.edu.nju.tsip.entity.Letter on table Letter
INFO : org.hibernate.cfg.AnnotationBinder - Binding entity from annotated class: cn.edu.nju.tsip.entity.User
INFO : org.hibernate.cfg.annotations.EntityBinder - Bind entity cn.edu.nju.tsip.entity.User on table User
INFO : org.hibernate.cfg.AnnotationBinder - Binding entity from annotated class: cn.edu.nju.tsip.entity.Admin
INFO : org.hibernate.cfg.annotations.EntityBinder - Bind entity cn.edu.nju.tsip.entity.Admin on table Admin
INFO : org.hibernate.cfg.AnnotationBinder - Binding entity from annotated class: cn.edu.nju.tsip.entity.MBlog
INFO : org.hibernate.cfg.annotations.EntityBinder - Bind entity cn.edu.nju.tsip.entity.MBlog on table MBlog
INFO : org.hibernate.cfg.AnnotationBinder - Binding entity from annotated class: cn.edu.nju.tsip.entity.Student
INFO : org.hibernate.cfg.annotations.EntityBinder - Bind entity cn.edu.nju.tsip.entity.Student on table Student
INFO : org.hibernate.cfg.AnnotationBinder - Binding entity from annotated class: cn.edu.nju.tsip.entity.Authority
INFO : org.hibernate.cfg.annotations.EntityBinder - Bind entity cn.edu.nju.tsip.entity.Authority on table Authority
INFO : org.hibernate.cfg.AnnotationBinder - Binding entity from annotated class: cn.edu.nju.tsip.entity.DisuGroup
INFO : org.hibernate.cfg.annotations.EntityBinder - Bind entity cn.edu.nju.tsip.entity.DisuGroup on table DisuGroup
INFO : org.hibernate.cfg.AnnotationBinder - Binding entity from annotated class: cn.edu.nju.tsip.entity.BBS
INFO : org.hibernate.cfg.annotations.EntityBinder - Bind entity cn.edu.nju.tsip.entity.BBS on table BBS
INFO : org.hibernate.cfg.AnnotationBinder - Binding entity from annotated class: cn.edu.nju.tsip.entity.Counsellor
INFO : org.hibernate.cfg.annotations.EntityBinder - Bind entity cn.edu.nju.tsip.entity.Counsellor on table Counsellor
INFO : org.hibernate.cfg.AnnotationBinder - Binding entity from annotated class: cn.edu.nju.tsip.entity.UploadFile
INFO : org.hibernate.cfg.annotations.EntityBinder - Bind entity cn.edu.nju.tsip.entity.UploadFile on table UploadFile
INFO : org.hibernate.cfg.AnnotationBinder - Binding entity from annotated class: cn.edu.nju.tsip.entity.Teacher
INFO : org.hibernate.cfg.annotations.EntityBinder - Bind entity cn.edu.nju.tsip.entity.Teacher on table Teacher
INFO : org.hibernate.cfg.AnnotationBinder - Binding entity from annotated class: cn.edu.nju.tsip.entity.Course
INFO : org.hibernate.cfg.annotations.EntityBinder - Bind entity cn.edu.nju.tsip.entity.Course on table Course
INFO : org.hibernate.cfg.AnnotationBinder - Binding entity from annotated class: cn.edu.nju.tsip.entity.Picture
INFO : org.hibernate.cfg.annotations.EntityBinder - Bind entity cn.edu.nju.tsip.entity.Picture on table Picture
INFO : org.hibernate.cfg.AnnotationBinder - Binding entity from annotated class: cn.edu.nju.tsip.entity.Message
INFO : org.hibernate.cfg.annotations.EntityBinder - Bind entity cn.edu.nju.tsip.entity.Message on table Message
INFO : org.hibernate.cfg.AnnotationBinder - Binding entity from annotated class: cn.edu.nju.tsip.entity.Article
INFO : org.hibernate.cfg.annotations.EntityBinder - Bind entity cn.edu.nju.tsip.entity.Article on table Article
INFO : org.hibernate.cfg.AnnotationBinder - Binding entity from annotated class: cn.edu.nju.tsip.entity.Leader
INFO : org.hibernate.cfg.annotations.EntityBinder - Bind entity cn.edu.nju.tsip.entity.Leader on table Leader
INFO : org.hibernate.cfg.AnnotationBinder - Binding entity from annotated class: cn.edu.nju.tsip.entity.UserGroup
INFO : org.hibernate.cfg.annotations.EntityBinder - Bind entity cn.edu.nju.tsip.entity.UserGroup on table UserGroup
INFO : org.hibernate.cfg.AnnotationBinder - Binding entity from annotated class: cn.edu.nju.tsip.entity.Message_User
INFO : org.hibernate.cfg.annotations.EntityBinder - Bind entity cn.edu.nju.tsip.entity.Message_User on table Message_User
INFO : org.hibernate.cfg.AnnotationBinder - Binding entity from annotated class: cn.edu.nju.tsip.entity.Album
INFO : org.hibernate.cfg.annotations.EntityBinder - Bind entity cn.edu.nju.tsip.entity.Album on table Album
INFO : org.hibernate.cfg.AnnotationBinder - Binding entity from annotated class: cn.edu.nju.tsip.entity.Role
INFO : org.hibernate.cfg.annotations.EntityBinder - Bind entity cn.edu.nju.tsip.entity.Role on table Role
INFO : org.hibernate.cfg.AnnotationBinder - Binding entity from annotated class: cn.edu.nju.tsip.entity.Comment
INFO : org.hibernate.cfg.annotations.EntityBinder - Bind entity cn.edu.nju.tsip.entity.Comment on table Comment
INFO : org.hibernate.cfg.AnnotationBinder - Binding entity from annotated class: cn.edu.nju.tsip.entity.Category
INFO : org.hibernate.cfg.annotations.EntityBinder - Bind entity cn.edu.nju.tsip.entity.Category on table Category
INFO : org.hibernate.cfg.annotations.CollectionBinder - Mapping collection: cn.edu.nju.tsip.entity.Comment.cmntChilds -&gt; Comment
INFO : org.hibernate.cfg.annotations.CollectionBinder - Mapping collection: cn.edu.nju.tsip.entity.Album.pictures -&gt; Picture
INFO : org.hibernate.cfg.annotations.CollectionBinder - Mapping collection: cn.edu.nju.tsip.entity.Article.comments -&gt; Comment
INFO : org.hibernate.cfg.annotations.CollectionBinder - Mapping collection: cn.edu.nju.tsip.entity.Message.comments -&gt; Comment
INFO : org.hibernate.cfg.annotations.CollectionBinder - Mapping collection: cn.edu.nju.tsip.entity.Picture.comments -&gt; Comment
INFO : org.hibernate.cfg.annotations.CollectionBinder - Mapping collection: cn.edu.nju.tsip.entity.BBS.comments -&gt; Comment
INFO : org.hibernate.cfg.annotations.CollectionBinder - Mapping collection: cn.edu.nju.tsip.entity.MBlog.comments -&gt; Comment
INFO : org.hibernate.cfg.annotations.CollectionBinder - Mapping collection: cn.edu.nju.tsip.entity.User.userGroups -&gt; UserGroup
INFO : org.hibernate.cfg.annotations.CollectionBinder - Mapping collection: cn.edu.nju.tsip.entity.User.albums -&gt; Album
INFO : org.hibernate.cfg.annotations.CollectionBinder - Mapping collection: cn.edu.nju.tsip.entity.User.categories -&gt; Category
INFO : org.hibernate.cfg.annotations.CollectionBinder - Mapping collection: cn.edu.nju.tsip.entity.User.mBlogs -&gt; MBlog
INFO : org.hibernate.cfg.annotations.CollectionBinder - Mapping collection: cn.edu.nju.tsip.entity.User.publishMsgs -&gt; Message
INFO : org.hibernate.cfg.annotations.CollectionBinder - Mapping collection: cn.edu.nju.tsip.entity.User.user2Messages -&gt; Message_User
INFO : org.hibernate.cfg.annotations.CollectionBinder - Mapping collection: cn.edu.nju.tsip.entity.Student.courseInfos -&gt; CourseInfo
INFO : org.hibernate.cfg.annotations.CollectionBinder - Mapping collection: cn.edu.nju.tsip.entity.Message.message2Users -&gt; Message_User
INFO : org.hibernate.cfg.annotations.CollectionBinder - Mapping collection: cn.edu.nju.tsip.entity.Category.articles -&gt; Article
INFO : org.hibernate.cfg.AnnotationConfiguration - Hibernate Validator not found: ignoring
INFO : org.springframework.orm.hibernate3.annotation.AnnotationSessionFactoryBean - Building new Hibernate SessionFactory
INFO : org.hibernate.connection.ConnectionProviderFactory - Initializing connection provider: org.springframework.orm.hibernate3.LocalDataSourceConnectionProvider
WARN : org.hibernate.util.JDBCExceptionReporter - SQL Error: 0, SQLState: null
ERROR: org.hibernate.util.JDBCExceptionReporter - Cannot create PoolableConnectionFactory (Communications link failure

Last packet sent to the server was 0 ms ago.)
WARN : org.hibernate.cfg.SettingsFactory - Could not obtain connection to query metadata
org.apache.commons.dbcp.SQLNestedException: Cannot create PoolableConnectionFactory (Communications link failure

Last packet sent to the server was 0 ms ago.)
	at org.apache.commons.dbcp.BasicDataSource.createDataSource(BasicDataSource.java:1225)
	at org.apache.commons.dbcp.BasicDataSource.getConnection(BasicDataSource.java:880)
	at org.springframework.orm.hibernate3.LocalDataSourceConnectionProvider.getConnection(LocalDataSourceConnectionProvider.java:81)
	at org.hibernate.cfg.SettingsFactory.buildSettings(SettingsFactory.java:111)
	at org.hibernate.cfg.Configuration.buildSettingsInternal(Configuration.java:2119)
	at org.hibernate.cfg.Configuration.buildSettings(Configuration.java:2115)
	at org.hibernate.cfg.Configuration.buildSessionFactory(Configuration.java:1339)
	at org.hibernate.cfg.AnnotationConfiguration.buildSessionFactory(AnnotationConfiguration.java:859)
	at org.springframework.orm.hibernate3.LocalSessionFactoryBean.newSessionFactory(LocalSessionFactoryBean.java:855)
	at org.springframework.orm.hibernate3.LocalSessionFactoryBean.buildSessionFactory(LocalSessionFactoryBean.java:774)
	at org.springframework.orm.hibernate3.AbstractSessionFactoryBean.afterPropertiesSet(AbstractSessionFactoryBean.java:211)
	at org.springframework.beans.factory.support.AbstractAutowireCapableBeanFactory.invokeInitMethods(AbstractAutowireCapableBeanFactory.java:1477)
	at org.springframework.beans.factory.support.AbstractAutowireCapableBeanFactory.initializeBean(AbstractAutowireCapableBeanFactory.java:1417)
	at org.springframework.beans.factory.support.AbstractAutowireCapableBeanFactory.doCreateBean(AbstractAutowireCapableBeanFactory.java:519)
	at org.springframework.beans.factory.support.AbstractAutowireCapableBeanFactory.createBean(AbstractAutowireCapableBeanFactory.java:456)
	at org.springframework.beans.factory.support.AbstractBeanFactory$1.getObject(AbstractBeanFactory.java:291)
	at org.springframework.beans.factory.support.DefaultSingletonBeanRegistry.getSingleton(DefaultSingletonBeanRegistry.java:222)
	at org.springframework.beans.factory.support.AbstractBeanFactory.doGetBean(AbstractBeanFactory.java:288)
	at org.springframework.beans.factory.support.AbstractBeanFactory.getBean(AbstractBeanFactory.java:190)
	at org.springframework.beans.factory.support.DefaultListableBeanFactory.preInstantiateSingletons(DefaultListableBeanFactory.java:563)
	at org.springframework.context.support.AbstractApplicationContext.finishBeanFactoryInitialization(AbstractApplicationContext.java:895)
	at org.springframework.context.support.AbstractApplicationContext.refresh(AbstractApplicationContext.java:425)
	at cn.edu.nju.tsip.test.util.ControllerTest.setUp(ControllerTest.java:38)
	at junit.framework.TestCase.runBare(TestCase.java:132)
	at junit.framework.TestResult$1.protect(TestResult.java:110)
	at junit.framework.TestResult.runProtected(TestResult.java:128)
	at junit.framework.TestResult.run(TestResult.java:113)
	at junit.framework.TestCase.run(TestCase.java:124)
	at junit.framework.TestSuite.runTest(TestSuite.java:232)
	at junit.framework.TestSuite.run(TestSuite.java:227)
	at org.junit.internal.runners.JUnit38ClassRunner.run(JUnit38ClassRunner.java:83)
	at org.apache.maven.surefire.junit4.JUnit4TestSet.execute(JUnit4TestSet.java:35)
	at org.apache.maven.surefire.junit4.JUnit4Provider.executeTestSet(JUnit4Provider.java:115)
	at org.apache.maven.surefire.junit4.JUnit4Provider.invoke(JUnit4Provider.java:97)
	at sun.reflect.NativeMethodAccessorImpl.invoke0(Native Method)
	at sun.reflect.NativeMethodAccessorImpl.invoke(NativeMethodAccessorImpl.java:39)
	at sun.reflect.DelegatingMethodAccessorImpl.invoke(DelegatingMethodAccessorImpl.java:25)
	at java.lang.reflect.Method.invoke(Method.java:597)
	at org.apache.maven.surefire.booter.ProviderFactory$ClassLoaderProxy.invoke(ProviderFactory.java:103)
	at $Proxy0.invoke(Unknown Source)
	at org.apache.maven.surefire.booter.SurefireStarter.invokeProvider(SurefireStarter.java:150)
	at org.apache.maven.surefire.booter.SurefireStarter.runSuitesInProcess(SurefireStarter.java:91)
	at org.apache.maven.surefire.booter.ForkedBooter.main(ForkedBooter.java:69)
Caused by: com.mysql.jdbc.exceptions.jdbc4.CommunicationsException: Communications link failure

Last packet sent to the server was 0 ms ago.
	at sun.reflect.GeneratedConstructorAccessor39.newInstance(Unknown Source)
	at sun.reflect.DelegatingConstructorAccessorImpl.newInstance(DelegatingConstructorAccessorImpl.java:27)
	at java.lang.reflect.Constructor.newInstance(Constructor.java:513)
	at com.mysql.jdbc.Util.handleNewInstance(Util.java:406)
	at com.mysql.jdbc.SQLError.createCommunicationsException(SQLError.java:1074)
	at com.mysql.jdbc.ConnectionImpl.createNewIO(ConnectionImpl.java:2103)
	at com.mysql.jdbc.ConnectionImpl.&lt;init&gt;(ConnectionImpl.java:718)
	at com.mysql.jdbc.JDBC4Connection.&lt;init&gt;(JDBC4Connection.java:46)
	at sun.reflect.GeneratedConstructorAccessor36.newInstance(Unknown Source)
	at sun.reflect.DelegatingConstructorAccessorImpl.newInstance(DelegatingConstructorAccessorImpl.java:27)
	at java.lang.reflect.Constructor.newInstance(Constructor.java:513)
	at com.mysql.jdbc.Util.handleNewInstance(Util.java:406)
	at com.mysql.jdbc.ConnectionImpl.getInstance(ConnectionImpl.java:302)
	at com.mysql.jdbc.NonRegisteringDriver.connect(NonRegisteringDriver.java:282)
	at org.apache.commons.dbcp.DriverConnectionFactory.createConnection(DriverConnectionFactory.java:38)
	at org.apache.commons.dbcp.PoolableConnectionFactory.makeObject(PoolableConnectionFactory.java:294)
	at org.apache.commons.dbcp.BasicDataSource.validateConnectionFactory(BasicDataSource.java:1247)
	at org.apache.commons.dbcp.BasicDataSource.createDataSource(BasicDataSource.java:1221)
	... 42 more
Caused by: java.net.ConnectException: Connection refused
	at java.net.PlainSocketImpl.socketConnect(Native Method)
	at java.net.PlainSocketImpl.doConnect(PlainSocketImpl.java:351)
	at java.net.PlainSocketImpl.connectToAddress(PlainSocketImpl.java:213)
	at java.net.PlainSocketImpl.connect(PlainSocketImpl.java:200)
	at java.net.SocksSocketImpl.connect(SocksSocketImpl.java:366)
	at java.net.Socket.connect(Socket.java:529)
	at java.net.Socket.connect(Socket.java:478)
	at java.net.Socket.&lt;init&gt;(Socket.java:375)
	at java.net.Socket.&lt;init&gt;(Socket.java:218)
	at com.mysql.jdbc.StandardSocketFactory.connect(StandardSocketFactory.java:253)
	at com.mysql.jdbc.MysqlIO.&lt;init&gt;(MysqlIO.java:280)
	at com.mysql.jdbc.ConnectionImpl.createNewIO(ConnectionImpl.java:2026)
	... 54 more
INFO : org.hibernate.dialect.Dialect - Using dialect: org.hibernate.dialect.MySQLDialect
INFO : org.hibernate.transaction.TransactionFactoryFactory - Transaction strategy: org.springframework.orm.hibernate3.SpringTransactionFactory
INFO : org.hibernate.transaction.TransactionManagerLookupFactory - No TransactionManagerLookup configured (in JTA environment, use of read-write or transactional second-level cache is not recommended)
INFO : org.hibernate.cfg.SettingsFactory - Automatic flush during beforeCompletion(): disabled
INFO : org.hibernate.cfg.SettingsFactory - Automatic session close at end of transaction: disabled
INFO : org.hibernate.cfg.SettingsFactory - Scrollable result sets: disabled
INFO : org.hibernate.cfg.SettingsFactory - JDBC3 getGeneratedKeys(): disabled
INFO : org.hibernate.cfg.SettingsFactory - Connection release mode: auto
INFO : org.hibernate.cfg.SettingsFactory - Maximum outer join fetch depth: 2
INFO : org.hibernate.cfg.SettingsFactory - Default batch fetch size: 1
INFO : org.hibernate.cfg.SettingsFactory - Generate SQL with comments: disabled
INFO : org.hibernate.cfg.SettingsFactory - Order SQL updates by primary key: disabled
INFO : org.hibernate.cfg.SettingsFactory - Order SQL inserts for batching: disabled
INFO : org.hibernate.cfg.SettingsFactory - Query translator: org.hibernate.hql.ast.ASTQueryTranslatorFactory
INFO : org.hibernate.hql.ast.ASTQueryTranslatorFactory - Using ASTQueryTranslatorFactory
INFO : org.hibernate.cfg.SettingsFactory - Query language substitutions: {}
INFO : org.hibernate.cfg.SettingsFactory - JPA-QL strict compliance: disabled
INFO : org.hibernate.cfg.SettingsFactory - Second-level cache: enabled
INFO : org.hibernate.cfg.SettingsFactory - Query cache: disabled
INFO : org.hibernate.cfg.SettingsFactory - Cache region factory : org.hibernate.cache.impl.NoCachingRegionFactory
INFO : org.hibernate.cfg.SettingsFactory - Optimize cache for minimal puts: disabled
INFO : org.hibernate.cfg.SettingsFactory - Structured second-level cache entries: disabled
INFO : org.hibernate.cfg.SettingsFactory - Echoing all SQL to stdout
INFO : org.hibernate.cfg.SettingsFactory - Statistics: disabled
INFO : org.hibernate.cfg.SettingsFactory - Deleted entity synthetic identifier rollback: disabled
INFO : org.hibernate.cfg.SettingsFactory - Default entity-mode: pojo
INFO : org.hibernate.cfg.SettingsFactory - Named query checking : enabled
INFO : org.hibernate.impl.SessionFactoryImpl - building session factory
INFO : org.hibernate.impl.SessionFactoryObjectFactory - Not binding factory to JNDI, no JNDI name configured
INFO : org.hibernate.tool.hbm2ddl.SchemaUpdate - Running hbm2ddl schema update
INFO : org.hibernate.tool.hbm2ddl.SchemaUpdate - fetching database metadata
WARN : org.hibernate.util.JDBCExceptionReporter - SQL Error: 0, SQLState: null
ERROR: org.hibernate.util.JDBCExceptionReporter - Cannot create PoolableConnectionFactory (Communications link failure

Last packet sent to the server was 0 ms ago.)
ERROR: org.hibernate.tool.hbm2ddl.SchemaUpdate - could not get database metadata
org.apache.commons.dbcp.SQLNestedException: Cannot create PoolableConnectionFactory (Communications link failure

Last packet sent to the server was 0 ms ago.)
	at org.apache.commons.dbcp.BasicDataSource.createDataSource(BasicDataSource.java:1225)
	at org.apache.commons.dbcp.BasicDataSource.getConnection(BasicDataSource.java:880)
	at org.springframework.orm.hibernate3.LocalDataSourceConnectionProvider.getConnection(LocalDataSourceConnectionProvider.java:81)
	at org.hibernate.tool.hbm2ddl.SuppliedConnectionProviderConnectionHelper.prepare(SuppliedConnectionProviderConnectionHelper.java:51)
	at org.hibernate.tool.hbm2ddl.SchemaUpdate.execute(SchemaUpdate.java:168)
	at org.hibernate.impl.SessionFactoryImpl.&lt;init&gt;(SessionFactoryImpl.java:356)
	at org.hibernate.cfg.Configuration.buildSessionFactory(Configuration.java:1341)
	at org.hibernate.cfg.AnnotationConfiguration.buildSessionFactory(AnnotationConfiguration.java:859)
	at org.springframework.orm.hibernate3.LocalSessionFactoryBean.newSessionFactory(LocalSessionFactoryBean.java:855)
	at org.springframework.orm.hibernate3.LocalSessionFactoryBean.buildSessionFactory(LocalSessionFactoryBean.java:774)
	at org.springframework.orm.hibernate3.AbstractSessionFactoryBean.afterPropertiesSet(AbstractSessionFactoryBean.java:211)
	at org.springframework.beans.factory.support.AbstractAutowireCapableBeanFactory.invokeInitMethods(AbstractAutowireCapableBeanFactory.java:1477)
	at org.springframework.beans.factory.support.AbstractAutowireCapableBeanFactory.initializeBean(AbstractAutowireCapableBeanFactory.java:1417)
	at org.springframework.beans.factory.support.AbstractAutowireCapableBeanFactory.doCreateBean(AbstractAutowireCapableBeanFactory.java:519)
	at org.springframework.beans.factory.support.AbstractAutowireCapableBeanFactory.createBean(AbstractAutowireCapableBeanFactory.java:456)
	at org.springframework.beans.factory.support.AbstractBeanFactory$1.getObject(AbstractBeanFactory.java:291)
	at org.springframework.beans.factory.support.DefaultSingletonBeanRegistry.getSingleton(DefaultSingletonBeanRegistry.java:222)
	at org.springframework.beans.factory.support.AbstractBeanFactory.doGetBean(AbstractBeanFactory.java:288)
	at org.springframework.beans.factory.support.AbstractBeanFactory.getBean(AbstractBeanFactory.java:190)
	at org.springframework.beans.factory.support.DefaultListableBeanFactory.preInstantiateSingletons(DefaultListableBeanFactory.java:563)
	at org.springframework.context.support.AbstractApplicationContext.finishBeanFactoryInitialization(AbstractApplicationContext.java:895)
	at org.springframework.context.support.AbstractApplicationContext.refresh(AbstractApplicationContext.java:425)
	at cn.edu.nju.tsip.test.util.ControllerTest.setUp(ControllerTest.java:38)
	at junit.framework.TestCase.runBare(TestCase.java:132)
	at junit.framework.TestResult$1.protect(TestResult.java:110)
	at junit.framework.TestResult.runProtected(TestResult.java:128)
	at junit.framework.TestResult.run(TestResult.java:113)
	at junit.framework.TestCase.run(TestCase.java:124)
	at junit.framework.TestSuite.runTest(TestSuite.java:232)
	at junit.framework.TestSuite.run(TestSuite.java:227)
	at org.junit.internal.runners.JUnit38ClassRunner.run(JUnit38ClassRunner.java:83)
	at org.apache.maven.surefire.junit4.JUnit4TestSet.execute(JUnit4TestSet.java:35)
	at org.apache.maven.surefire.junit4.JUnit4Provider.executeTestSet(JUnit4Provider.java:115)
	at org.apache.maven.surefire.junit4.JUnit4Provider.invoke(JUnit4Provider.java:97)
	at sun.reflect.NativeMethodAccessorImpl.invoke0(Native Method)
	at sun.reflect.NativeMethodAccessorImpl.invoke(NativeMethodAccessorImpl.java:39)
	at sun.reflect.DelegatingMethodAccessorImpl.invoke(DelegatingMethodAccessorImpl.java:25)
	at java.lang.reflect.Method.invoke(Method.java:597)
	at org.apache.maven.surefire.booter.ProviderFactory$ClassLoaderProxy.invoke(ProviderFactory.java:103)
	at $Proxy0.invoke(Unknown Source)
	at org.apache.maven.surefire.booter.SurefireStarter.invokeProvider(SurefireStarter.java:150)
	at org.apache.maven.surefire.booter.SurefireStarter.runSuitesInProcess(SurefireStarter.java:91)
	at org.apache.maven.surefire.booter.ForkedBooter.main(ForkedBooter.java:69)
Caused by: com.mysql.jdbc.exceptions.jdbc4.CommunicationsException: Communications link failure

Last packet sent to the server was 0 ms ago.
	at sun.reflect.GeneratedConstructorAccessor39.newInstance(Unknown Source)
	at sun.reflect.DelegatingConstructorAccessorImpl.newInstance(DelegatingConstructorAccessorImpl.java:27)
	at java.lang.reflect.Constructor.newInstance(Constructor.java:513)
	at com.mysql.jdbc.Util.handleNewInstance(Util.java:406)
	at com.mysql.jdbc.SQLError.createCommunicationsException(SQLError.java:1074)
	at com.mysql.jdbc.ConnectionImpl.createNewIO(ConnectionImpl.java:2103)
	at com.mysql.jdbc.ConnectionImpl.&lt;init&gt;(ConnectionImpl.java:718)
	at com.mysql.jdbc.JDBC4Connection.&lt;init&gt;(JDBC4Connection.java:46)
	at sun.reflect.GeneratedConstructorAccessor36.newInstance(Unknown Source)
	at sun.reflect.DelegatingConstructorAccessorImpl.newInstance(DelegatingConstructorAccessorImpl.java:27)
	at java.lang.reflect.Constructor.newInstance(Constructor.java:513)
	at com.mysql.jdbc.Util.handleNewInstance(Util.java:406)
	at com.mysql.jdbc.ConnectionImpl.getInstance(ConnectionImpl.java:302)
	at com.mysql.jdbc.NonRegisteringDriver.connect(NonRegisteringDriver.java:282)
	at org.apache.commons.dbcp.DriverConnectionFactory.createConnection(DriverConnectionFactory.java:38)
	at org.apache.commons.dbcp.PoolableConnectionFactory.makeObject(PoolableConnectionFactory.java:294)
	at org.apache.commons.dbcp.BasicDataSource.validateConnectionFactory(BasicDataSource.java:1247)
	at org.apache.commons.dbcp.BasicDataSource.createDataSource(BasicDataSource.java:1221)
	... 42 more
Caused by: java.net.ConnectException: Connection refused
	at java.net.PlainSocketImpl.socketConnect(Native Method)
	at java.net.PlainSocketImpl.doConnect(PlainSocketImpl.java:351)
	at java.net.PlainSocketImpl.connectToAddress(PlainSocketImpl.java:213)
	at java.net.PlainSocketImpl.connect(PlainSocketImpl.java:200)
	at java.net.SocksSocketImpl.connect(SocksSocketImpl.java:366)
	at java.net.Socket.connect(Socket.java:529)
	at java.net.Socket.connect(Socket.java:478)
	at java.net.Socket.&lt;init&gt;(Socket.java:375)
	at java.net.Socket.&lt;init&gt;(Socket.java:218)
	at com.mysql.jdbc.StandardSocketFactory.connect(StandardSocketFactory.java:253)
	at com.mysql.jdbc.MysqlIO.&lt;init&gt;(MysqlIO.java:280)
	at com.mysql.jdbc.ConnectionImpl.createNewIO(ConnectionImpl.java:2026)
	... 54 more
ERROR: org.hibernate.tool.hbm2ddl.SchemaUpdate - could not complete schema update
org.apache.commons.dbcp.SQLNestedException: Cannot create PoolableConnectionFactory (Communications link failure

Last packet sent to the server was 0 ms ago.)
	at org.apache.commons.dbcp.BasicDataSource.createDataSource(BasicDataSource.java:1225)
	at org.apache.commons.dbcp.BasicDataSource.getConnection(BasicDataSource.java:880)
	at org.springframework.orm.hibernate3.LocalDataSourceConnectionProvider.getConnection(LocalDataSourceConnectionProvider.java:81)
	at org.hibernate.tool.hbm2ddl.SuppliedConnectionProviderConnectionHelper.prepare(SuppliedConnectionProviderConnectionHelper.java:51)
	at org.hibernate.tool.hbm2ddl.SchemaUpdate.execute(SchemaUpdate.java:168)
	at org.hibernate.impl.SessionFactoryImpl.&lt;init&gt;(SessionFactoryImpl.java:356)
	at org.hibernate.cfg.Configuration.buildSessionFactory(Configuration.java:1341)
	at org.hibernate.cfg.AnnotationConfiguration.buildSessionFactory(AnnotationConfiguration.java:859)
	at org.springframework.orm.hibernate3.LocalSessionFactoryBean.newSessionFactory(LocalSessionFactoryBean.java:855)
	at org.springframework.orm.hibernate3.LocalSessionFactoryBean.buildSessionFactory(LocalSessionFactoryBean.java:774)
	at org.springframework.orm.hibernate3.AbstractSessionFactoryBean.afterPropertiesSet(AbstractSessionFactoryBean.java:211)
	at org.springframework.beans.factory.support.AbstractAutowireCapableBeanFactory.invokeInitMethods(AbstractAutowireCapableBeanFactory.java:1477)
	at org.springframework.beans.factory.support.AbstractAutowireCapableBeanFactory.initializeBean(AbstractAutowireCapableBeanFactory.java:1417)
	at org.springframework.beans.factory.support.AbstractAutowireCapableBeanFactory.doCreateBean(AbstractAutowireCapableBeanFactory.java:519)
	at org.springframework.beans.factory.support.AbstractAutowireCapableBeanFactory.createBean(AbstractAutowireCapableBeanFactory.java:456)
	at org.springframework.beans.factory.support.AbstractBeanFactory$1.getObject(AbstractBeanFactory.java:291)
	at org.springframework.beans.factory.support.DefaultSingletonBeanRegistry.getSingleton(DefaultSingletonBeanRegistry.java:222)
	at org.springframework.beans.factory.support.AbstractBeanFactory.doGetBean(AbstractBeanFactory.java:288)
	at org.springframework.beans.factory.support.AbstractBeanFactory.getBean(AbstractBeanFactory.java:190)
	at org.springframework.beans.factory.support.DefaultListableBeanFactory.preInstantiateSingletons(DefaultListableBeanFactory.java:563)
	at org.springframework.context.support.AbstractApplicationContext.finishBeanFactoryInitialization(AbstractApplicationContext.java:895)
	at org.springframework.context.support.AbstractApplicationContext.refresh(AbstractApplicationContext.java:425)
	at cn.edu.nju.tsip.test.util.ControllerTest.setUp(ControllerTest.java:38)
	at junit.framework.TestCase.runBare(TestCase.java:132)
	at junit.framework.TestResult$1.protect(TestResult.java:110)
	at junit.framework.TestResult.runProtected(TestResult.java:128)
	at junit.framework.TestResult.run(TestResult.java:113)
	at junit.framework.TestCase.run(TestCase.java:124)
	at junit.framework.TestSuite.runTest(TestSuite.java:232)
	at junit.framework.TestSuite.run(TestSuite.java:227)
	at org.junit.internal.runners.JUnit38ClassRunner.run(JUnit38ClassRunner.java:83)
	at org.apache.maven.surefire.junit4.JUnit4TestSet.execute(JUnit4TestSet.java:35)
	at org.apache.maven.surefire.junit4.JUnit4Provider.executeTestSet(JUnit4Provider.java:115)
	at org.apache.maven.surefire.junit4.JUnit4Provider.invoke(JUnit4Provider.java:97)
	at sun.reflect.NativeMethodAccessorImpl.invoke0(Native Method)
	at sun.reflect.NativeMethodAccessorImpl.invoke(NativeMethodAccessorImpl.java:39)
	at sun.reflect.DelegatingMethodAccessorImpl.invoke(DelegatingMethodAccessorImpl.java:25)
	at java.lang.reflect.Method.invoke(Method.java:597)
	at org.apache.maven.surefire.booter.ProviderFactory$ClassLoaderProxy.invoke(ProviderFactory.java:103)
	at $Proxy0.invoke(Unknown Source)
	at org.apache.maven.surefire.booter.SurefireStarter.invokeProvider(SurefireStarter.java:150)
	at org.apache.maven.surefire.booter.SurefireStarter.runSuitesInProcess(SurefireStarter.java:91)
	at org.apache.maven.surefire.booter.ForkedBooter.main(ForkedBooter.java:69)
Caused by: com.mysql.jdbc.exceptions.jdbc4.CommunicationsException: Communications link failure

Last packet sent to the server was 0 ms ago.
	at sun.reflect.GeneratedConstructorAccessor39.newInstance(Unknown Source)
	at sun.reflect.DelegatingConstructorAccessorImpl.newInstance(DelegatingConstructorAccessorImpl.java:27)
	at java.lang.reflect.Constructor.newInstance(Constructor.java:513)
	at com.mysql.jdbc.Util.handleNewInstance(Util.java:406)
	at com.mysql.jdbc.SQLError.createCommunicationsException(SQLError.java:1074)
	at com.mysql.jdbc.ConnectionImpl.createNewIO(ConnectionImpl.java:2103)
	at com.mysql.jdbc.ConnectionImpl.&lt;init&gt;(ConnectionImpl.java:718)
	at com.mysql.jdbc.JDBC4Connection.&lt;init&gt;(JDBC4Connection.java:46)
	at sun.reflect.GeneratedConstructorAccessor36.newInstance(Unknown Source)
	at sun.reflect.DelegatingConstructorAccessorImpl.newInstance(DelegatingConstructorAccessorImpl.java:27)
	at java.lang.reflect.Constructor.newInstance(Constructor.java:513)
	at com.mysql.jdbc.Util.handleNewInstance(Util.java:406)
	at com.mysql.jdbc.ConnectionImpl.getInstance(ConnectionImpl.java:302)
	at com.mysql.jdbc.NonRegisteringDriver.connect(NonRegisteringDriver.java:282)
	at org.apache.commons.dbcp.DriverConnectionFactory.createConnection(DriverConnectionFactory.java:38)
	at org.apache.commons.dbcp.PoolableConnectionFactory.makeObject(PoolableConnectionFactory.java:294)
	at org.apache.commons.dbcp.BasicDataSource.validateConnectionFactory(BasicDataSource.java:1247)
	at org.apache.commons.dbcp.BasicDataSource.createDataSource(BasicDataSource.java:1221)
	... 42 more
Caused by: java.net.ConnectException: Connection refused
	at java.net.PlainSocketImpl.socketConnect(Native Method)
	at java.net.PlainSocketImpl.doConnect(PlainSocketImpl.java:351)
	at java.net.PlainSocketImpl.connectToAddress(PlainSocketImpl.java:213)
	at java.net.PlainSocketImpl.connect(PlainSocketImpl.java:200)
	at java.net.SocksSocketImpl.connect(SocksSocketImpl.java:366)
	at java.net.Socket.connect(Socket.java:529)
	at java.net.Socket.connect(Socket.java:478)
	at java.net.Socket.&lt;init&gt;(Socket.java:375)
	at java.net.Socket.&lt;init&gt;(Socket.java:218)
	at com.mysql.jdbc.StandardSocketFactory.connect(StandardSocketFactory.java:253)
	at com.mysql.jdbc.MysqlIO.&lt;init&gt;(MysqlIO.java:280)
	at com.mysql.jdbc.ConnectionImpl.createNewIO(ConnectionImpl.java:2026)
	... 54 more
INFO : org.springframework.orm.hibernate3.HibernateTransactionManager - Using DataSource [org.apache.commons.dbcp.BasicDataSource@1ee40a4] of Hibernate SessionFactory for HibernateTransactionManager
INFO : org.springframework.web.servlet.mvc.annotation.DefaultAnnotationHandlerMapping - Mapped URL path [/client/article/getall] onto handler &apos;articleController&apos;
INFO : org.springframework.web.servlet.mvc.annotation.DefaultAnnotationHandlerMapping - Mapped URL path [/client/article/getall.*] onto handler &apos;articleController&apos;
INFO : org.springframework.web.servlet.mvc.annotation.DefaultAnnotationHandlerMapping - Mapped URL path [/client/article/getall/] onto handler &apos;articleController&apos;
INFO : org.springframework.web.servlet.mvc.annotation.DefaultAnnotationHandlerMapping - Mapped URL path [/client/article/add] onto handler &apos;articleController&apos;
INFO : org.springframework.web.servlet.mvc.annotation.DefaultAnnotationHandlerMapping - Mapped URL path [/client/article/add.*] onto handler &apos;articleController&apos;
INFO : org.springframework.web.servlet.mvc.annotation.DefaultAnnotationHandlerMapping - Mapped URL path [/client/article/add/] onto handler &apos;articleController&apos;
INFO : org.springframework.web.servlet.mvc.annotation.DefaultAnnotationHandlerMapping - Mapped URL path [/client/category/add] onto handler &apos;articleController&apos;
INFO : org.springframework.web.servlet.mvc.annotation.DefaultAnnotationHandlerMapping - Mapped URL path [/client/category/add.*] onto handler &apos;articleController&apos;
INFO : org.springframework.web.servlet.mvc.annotation.DefaultAnnotationHandlerMapping - Mapped URL path [/client/category/add/] onto handler &apos;articleController&apos;
INFO : org.springframework.web.servlet.mvc.annotation.DefaultAnnotationHandlerMapping - Mapped URL path [/client/category/delete] onto handler &apos;articleController&apos;
INFO : org.springframework.web.servlet.mvc.annotation.DefaultAnnotationHandlerMapping - Mapped URL path [/client/category/delete.*] onto handler &apos;articleController&apos;
INFO : org.springframework.web.servlet.mvc.annotation.DefaultAnnotationHandlerMapping - Mapped URL path [/client/category/delete/] onto handler &apos;articleController&apos;
INFO : org.springframework.web.servlet.mvc.annotation.DefaultAnnotationHandlerMapping - Mapped URL path [/client/article/delete] onto handler &apos;articleController&apos;
INFO : org.springframework.web.servlet.mvc.annotation.DefaultAnnotationHandlerMapping - Mapped URL path [/client/article/delete.*] onto handler &apos;articleController&apos;
INFO : org.springframework.web.servlet.mvc.annotation.DefaultAnnotationHandlerMapping - Mapped URL path [/client/article/delete/] onto handler &apos;articleController&apos;
INFO : org.springframework.web.servlet.mvc.annotation.DefaultAnnotationHandlerMapping - Mapped URL path [/client/student/getinfo] onto handler &apos;studentController&apos;
INFO : org.springframework.web.servlet.mvc.annotation.DefaultAnnotationHandlerMapping - Mapped URL path [/client/student/getinfo.*] onto handler &apos;studentController&apos;
INFO : org.springframework.web.servlet.mvc.annotation.DefaultAnnotationHandlerMapping - Mapped URL path [/client/student/getinfo/] onto handler &apos;studentController&apos;
INFO : org.springframework.web.servlet.mvc.annotation.DefaultAnnotationHandlerMapping - Mapped URL path [/client/student/getmyinfo] onto handler &apos;studentController&apos;
INFO : org.springframework.web.servlet.mvc.annotation.DefaultAnnotationHandlerMapping - Mapped URL path [/client/student/getmyinfo.*] onto handler &apos;studentController&apos;
INFO : org.springframework.web.servlet.mvc.annotation.DefaultAnnotationHandlerMapping - Mapped URL path [/client/student/getmyinfo/] onto handler &apos;studentController&apos;
INFO : org.springframework.web.servlet.mvc.annotation.DefaultAnnotationHandlerMapping - Mapped URL path [/client/student/changeinfo] onto handler &apos;studentController&apos;
INFO : org.springframework.web.servlet.mvc.annotation.DefaultAnnotationHandlerMapping - Mapped URL path [/client/student/changeinfo.*] onto handler &apos;studentController&apos;
INFO : org.springframework.web.servlet.mvc.annotation.DefaultAnnotationHandlerMapping - Mapped URL path [/client/student/changeinfo/] onto handler &apos;studentController&apos;
INFO : org.springframework.web.servlet.mvc.annotation.DefaultAnnotationHandlerMapping - Mapped URL path [/client/student/add] onto handler &apos;studentController&apos;
INFO : org.springframework.web.servlet.mvc.annotation.DefaultAnnotationHandlerMapping - Mapped URL path [/client/student/add.*] onto handler &apos;studentController&apos;
INFO : org.springframework.web.servlet.mvc.annotation.DefaultAnnotationHandlerMapping - Mapped URL path [/client/student/add/] onto handler &apos;studentController&apos;
INFO : org.springframework.web.servlet.mvc.annotation.DefaultAnnotationHandlerMapping - Mapped URL path [/client/student/search] onto handler &apos;studentController&apos;
INFO : org.springframework.web.servlet.mvc.annotation.DefaultAnnotationHandlerMapping - Mapped URL path [/client/student/search.*] onto handler &apos;studentController&apos;
INFO : org.springframework.web.servlet.mvc.annotation.DefaultAnnotationHandlerMapping - Mapped URL path [/client/student/search/] onto handler &apos;studentController&apos;
INFO : org.springframework.web.servlet.mvc.annotation.DefaultAnnotationHandlerMapping - Mapped URL path [/client/BBS/get] onto handler &apos;BBSController&apos;
INFO : org.springframework.web.servlet.mvc.annotation.DefaultAnnotationHandlerMapping - Mapped URL path [/client/BBS/get.*] onto handler &apos;BBSController&apos;
INFO : org.springframework.web.servlet.mvc.annotation.DefaultAnnotationHandlerMapping - Mapped URL path [/client/BBS/get/] onto handler &apos;BBSController&apos;
INFO : org.springframework.web.servlet.mvc.annotation.DefaultAnnotationHandlerMapping - Mapped URL path [/client/BBS/create] onto handler &apos;BBSController&apos;
INFO : org.springframework.web.servlet.mvc.annotation.DefaultAnnotationHandlerMapping - Mapped URL path [/client/BBS/create.*] onto handler &apos;BBSController&apos;
INFO : org.springframework.web.servlet.mvc.annotation.DefaultAnnotationHandlerMapping - Mapped URL path [/client/BBS/create/] onto handler &apos;BBSController&apos;
INFO : org.springframework.web.servlet.mvc.annotation.DefaultAnnotationHandlerMapping - Mapped URL path [/client/BBS/change] onto handler &apos;BBSController&apos;
INFO : org.springframework.web.servlet.mvc.annotation.DefaultAnnotationHandlerMapping - Mapped URL path [/client/BBS/change.*] onto handler &apos;BBSController&apos;
INFO : org.springframework.web.servlet.mvc.annotation.DefaultAnnotationHandlerMapping - Mapped URL path [/client/BBS/change/] onto handler &apos;BBSController&apos;
INFO : org.springframework.web.servlet.mvc.annotation.DefaultAnnotationHandlerMapping - Mapped URL path [/client/BBS/detail] onto handler &apos;BBSController&apos;
INFO : org.springframework.web.servlet.mvc.annotation.DefaultAnnotationHandlerMapping - Mapped URL path [/client/BBS/detail.*] onto handler &apos;BBSController&apos;
INFO : org.springframework.web.servlet.mvc.annotation.DefaultAnnotationHandlerMapping - Mapped URL path [/client/BBS/detail/] onto handler &apos;BBSController&apos;
INFO : org.springframework.web.servlet.mvc.annotation.DefaultAnnotationHandlerMapping - Mapped URL path [/create] onto handler &apos;homeController&apos;
INFO : org.springframework.web.servlet.mvc.annotation.DefaultAnnotationHandlerMapping - Mapped URL path [/create.*] onto handler &apos;homeController&apos;
INFO : org.springframework.web.servlet.mvc.annotation.DefaultAnnotationHandlerMapping - Mapped URL path [/create/] onto handler &apos;homeController&apos;
INFO : org.springframework.web.servlet.mvc.annotation.DefaultAnnotationHandlerMapping - Mapped URL path [/index] onto handler &apos;homeController&apos;
INFO : org.springframework.web.servlet.mvc.annotation.DefaultAnnotationHandlerMapping - Mapped URL path [/index.*] onto handler &apos;homeController&apos;
INFO : org.springframework.web.servlet.mvc.annotation.DefaultAnnotationHandlerMapping - Mapped URL path [/index/] onto handler &apos;homeController&apos;
INFO : org.springframework.web.servlet.mvc.annotation.DefaultAnnotationHandlerMapping - Root mapping to handler &apos;homeController&apos;
INFO : org.springframework.web.servlet.mvc.annotation.DefaultAnnotationHandlerMapping - Mapped URL path [/ajax_api] onto handler &apos;homeController&apos;
INFO : org.springframework.web.servlet.mvc.annotation.DefaultAnnotationHandlerMapping - Mapped URL path [/ajax_api.*] onto handler &apos;homeController&apos;
INFO : org.springframework.web.servlet.mvc.annotation.DefaultAnnotationHandlerMapping - Mapped URL path [/ajax_api/] onto handler &apos;homeController&apos;
INFO : org.springframework.web.servlet.mvc.annotation.DefaultAnnotationHandlerMapping - Mapped URL path [/login] onto handler &apos;homeController&apos;
INFO : org.springframework.web.servlet.mvc.annotation.DefaultAnnotationHandlerMapping - Mapped URL path [/login.*] onto handler &apos;homeController&apos;
INFO : org.springframework.web.servlet.mvc.annotation.DefaultAnnotationHandlerMapping - Mapped URL path [/login/] onto handler &apos;homeController&apos;
INFO : org.springframework.web.servlet.mvc.annotation.DefaultAnnotationHandlerMapping - Mapped URL path [/client/mblog/getAll] onto handler &apos;mblogController&apos;
INFO : org.springframework.web.servlet.mvc.annotation.DefaultAnnotationHandlerMapping - Mapped URL path [/client/mblog/getAll.*] onto handler &apos;mblogController&apos;
INFO : org.springframework.web.servlet.mvc.annotation.DefaultAnnotationHandlerMapping - Mapped URL path [/client/mblog/getAll/] onto handler &apos;mblogController&apos;
INFO : org.springframework.web.servlet.mvc.annotation.DefaultAnnotationHandlerMapping - Mapped URL path [/client/mblog/create] onto handler &apos;mblogController&apos;
INFO : org.springframework.web.servlet.mvc.annotation.DefaultAnnotationHandlerMapping - Mapped URL path [/client/mblog/create.*] onto handler &apos;mblogController&apos;
INFO : org.springframework.web.servlet.mvc.annotation.DefaultAnnotationHandlerMapping - Mapped URL path [/client/mblog/create/] onto handler &apos;mblogController&apos;
INFO : org.springframework.web.servlet.mvc.annotation.DefaultAnnotationHandlerMapping - Mapped URL path [/client/mblog/getMblogDatail] onto handler &apos;mblogController&apos;
INFO : org.springframework.web.servlet.mvc.annotation.DefaultAnnotationHandlerMapping - Mapped URL path [/client/mblog/getMblogDatail.*] onto handler &apos;mblogController&apos;
INFO : org.springframework.web.servlet.mvc.annotation.DefaultAnnotationHandlerMapping - Mapped URL path [/client/mblog/getMblogDatail/] onto handler &apos;mblogController&apos;
INFO : org.springframework.web.servlet.mvc.annotation.DefaultAnnotationHandlerMapping - Mapped URL path [/client/mblog/addcomment] onto handler &apos;mblogController&apos;
INFO : org.springframework.web.servlet.mvc.annotation.DefaultAnnotationHandlerMapping - Mapped URL path [/client/mblog/addcomment.*] onto handler &apos;mblogController&apos;
INFO : org.springframework.web.servlet.mvc.annotation.DefaultAnnotationHandlerMapping - Mapped URL path [/client/mblog/addcomment/] onto handler &apos;mblogController&apos;
INFO : org.springframework.web.servlet.mvc.annotation.DefaultAnnotationHandlerMapping - Mapped URL path [/client/mblog/delete] onto handler &apos;mblogController&apos;
INFO : org.springframework.web.servlet.mvc.annotation.DefaultAnnotationHandlerMapping - Mapped URL path [/client/mblog/delete.*] onto handler &apos;mblogController&apos;
INFO : org.springframework.web.servlet.mvc.annotation.DefaultAnnotationHandlerMapping - Mapped URL path [/client/mblog/delete/] onto handler &apos;mblogController&apos;
INFO : org.springframework.web.servlet.mvc.annotation.DefaultAnnotationHandlerMapping - Mapped URL path [/client/album/get] onto handler &apos;pictureController&apos;
INFO : org.springframework.web.servlet.mvc.annotation.DefaultAnnotationHandlerMapping - Mapped URL path [/client/album/get.*] onto handler &apos;pictureController&apos;
INFO : org.springframework.web.servlet.mvc.annotation.DefaultAnnotationHandlerMapping - Mapped URL path [/client/album/get/] onto handler &apos;pictureController&apos;
INFO : org.springframework.web.servlet.mvc.annotation.DefaultAnnotationHandlerMapping - Mapped URL path [/client/album/add] onto handler &apos;pictureController&apos;
INFO : org.springframework.web.servlet.mvc.annotation.DefaultAnnotationHandlerMapping - Mapped URL path [/client/album/add.*] onto handler &apos;pictureController&apos;
INFO : org.springframework.web.servlet.mvc.annotation.DefaultAnnotationHandlerMapping - Mapped URL path [/client/album/add/] onto handler &apos;pictureController&apos;
INFO : org.springframework.web.servlet.mvc.annotation.DefaultAnnotationHandlerMapping - Mapped URL path [/client/album/share] onto handler &apos;pictureController&apos;
INFO : org.springframework.web.servlet.mvc.annotation.DefaultAnnotationHandlerMapping - Mapped URL path [/client/album/share.*] onto handler &apos;pictureController&apos;
INFO : org.springframework.web.servlet.mvc.annotation.DefaultAnnotationHandlerMapping - Mapped URL path [/client/album/share/] onto handler &apos;pictureController&apos;
INFO : org.springframework.web.servlet.mvc.annotation.DefaultAnnotationHandlerMapping - Mapped URL path [/client/album/delete] onto handler &apos;pictureController&apos;
INFO : org.springframework.web.servlet.mvc.annotation.DefaultAnnotationHandlerMapping - Mapped URL path [/client/album/delete.*] onto handler &apos;pictureController&apos;
INFO : org.springframework.web.servlet.mvc.annotation.DefaultAnnotationHandlerMapping - Mapped URL path [/client/album/delete/] onto handler &apos;pictureController&apos;
INFO : org.springframework.web.servlet.mvc.annotation.DefaultAnnotationHandlerMapping - Mapped URL path [/client/album/rename] onto handler &apos;pictureController&apos;
INFO : org.springframework.web.servlet.mvc.annotation.DefaultAnnotationHandlerMapping - Mapped URL path [/client/album/rename.*] onto handler &apos;pictureController&apos;
INFO : org.springframework.web.servlet.mvc.annotation.DefaultAnnotationHandlerMapping - Mapped URL path [/client/album/rename/] onto handler &apos;pictureController&apos;
INFO : org.springframework.web.servlet.mvc.annotation.DefaultAnnotationHandlerMapping - Mapped URL path [/client/picture/upload/{albumName}/{descrip}] onto handler &apos;pictureController&apos;
INFO : org.springframework.web.servlet.mvc.annotation.DefaultAnnotationHandlerMapping - Mapped URL path [/client/picture/upload/{albumName}/{descrip}.*] onto handler &apos;pictureController&apos;
INFO : org.springframework.web.servlet.mvc.annotation.DefaultAnnotationHandlerMapping - Mapped URL path [/client/picture/upload/{albumName}/{descrip}/] onto handler &apos;pictureController&apos;
INFO : org.springframework.web.servlet.mvc.annotation.DefaultAnnotationHandlerMapping - Mapped URL path [/client/album/getMy] onto handler &apos;pictureController&apos;
INFO : org.springframework.web.servlet.mvc.annotation.DefaultAnnotationHandlerMapping - Mapped URL path [/client/album/getMy.*] onto handler &apos;pictureController&apos;
INFO : org.springframework.web.servlet.mvc.annotation.DefaultAnnotationHandlerMapping - Mapped URL path [/client/album/getMy/] onto handler &apos;pictureController&apos;
INFO : org.springframework.web.servlet.mvc.annotation.DefaultAnnotationHandlerMapping - Mapped URL path [/client/album/detail] onto handler &apos;pictureController&apos;
INFO : org.springframework.web.servlet.mvc.annotation.DefaultAnnotationHandlerMapping - Mapped URL path [/client/album/detail.*] onto handler &apos;pictureController&apos;
INFO : org.springframework.web.servlet.mvc.annotation.DefaultAnnotationHandlerMapping - Mapped URL path [/client/album/detail/] onto handler &apos;pictureController&apos;
INFO : org.springframework.web.servlet.mvc.annotation.DefaultAnnotationHandlerMapping - Mapped URL path [/client/picture/detail] onto handler &apos;pictureController&apos;
INFO : org.springframework.web.servlet.mvc.annotation.DefaultAnnotationHandlerMapping - Mapped URL path [/client/picture/detail.*] onto handler &apos;pictureController&apos;
INFO : org.springframework.web.servlet.mvc.annotation.DefaultAnnotationHandlerMapping - Mapped URL path [/client/picture/detail/] onto handler &apos;pictureController&apos;
INFO : org.springframework.web.servlet.mvc.annotation.DefaultAnnotationHandlerMapping - Mapped URL path [/client/letter/add] onto handler &apos;letterController&apos;
INFO : org.springframework.web.servlet.mvc.annotation.DefaultAnnotationHandlerMapping - Mapped URL path [/client/letter/add.*] onto handler &apos;letterController&apos;
INFO : org.springframework.web.servlet.mvc.annotation.DefaultAnnotationHandlerMapping - Mapped URL path [/client/letter/add/] onto handler &apos;letterController&apos;
INFO : org.springframework.web.servlet.mvc.annotation.DefaultAnnotationHandlerMapping - Mapped URL path [/client/letter/getone] onto handler &apos;letterController&apos;
INFO : org.springframework.web.servlet.mvc.annotation.DefaultAnnotationHandlerMapping - Mapped URL path [/client/letter/getone.*] onto handler &apos;letterController&apos;
INFO : org.springframework.web.servlet.mvc.annotation.DefaultAnnotationHandlerMapping - Mapped URL path [/client/letter/getone/] onto handler &apos;letterController&apos;
INFO : org.springframework.web.servlet.mvc.annotation.DefaultAnnotationHandlerMapping - Mapped URL path [/client/letter/getall] onto handler &apos;letterController&apos;
INFO : org.springframework.web.servlet.mvc.annotation.DefaultAnnotationHandlerMapping - Mapped URL path [/client/letter/getall.*] onto handler &apos;letterController&apos;
INFO : org.springframework.web.servlet.mvc.annotation.DefaultAnnotationHandlerMapping - Mapped URL path [/client/letter/getall/] onto handler &apos;letterController&apos;
INFO : org.springframework.web.servlet.mvc.annotation.DefaultAnnotationHandlerMapping - Mapped URL path [/client/user/getOnline] onto handler &apos;letterController&apos;
INFO : org.springframework.web.servlet.mvc.annotation.DefaultAnnotationHandlerMapping - Mapped URL path [/client/user/getOnline.*] onto handler &apos;letterController&apos;
INFO : org.springframework.web.servlet.mvc.annotation.DefaultAnnotationHandlerMapping - Mapped URL path [/client/user/getOnline/] onto handler &apos;letterController&apos;
INFO : org.springframework.web.servlet.mvc.annotation.DefaultAnnotationHandlerMapping - Mapped URL path [/client/leter/getlatest] onto handler &apos;letterController&apos;
INFO : org.springframework.web.servlet.mvc.annotation.DefaultAnnotationHandlerMapping - Mapped URL path [/client/leter/getlatest.*] onto handler &apos;letterController&apos;
INFO : org.springframework.web.servlet.mvc.annotation.DefaultAnnotationHandlerMapping - Mapped URL path [/client/leter/getlatest/] onto handler &apos;letterController&apos;
INFO : org.springframework.web.servlet.mvc.annotation.DefaultAnnotationHandlerMapping - Mapped URL path [/client/disugroup/create] onto handler &apos;letterController&apos;
INFO : org.springframework.web.servlet.mvc.annotation.DefaultAnnotationHandlerMapping - Mapped URL path [/client/disugroup/create.*] onto handler &apos;letterController&apos;
INFO : org.springframework.web.servlet.mvc.annotation.DefaultAnnotationHandlerMapping - Mapped URL path [/client/disugroup/create/] onto handler &apos;letterController&apos;
INFO : org.springframework.web.servlet.mvc.annotation.DefaultAnnotationHandlerMapping - Mapped URL path [/client/disugroup/adduser] onto handler &apos;letterController&apos;
INFO : org.springframework.web.servlet.mvc.annotation.DefaultAnnotationHandlerMapping - Mapped URL path [/client/disugroup/adduser.*] onto handler &apos;letterController&apos;
INFO : org.springframework.web.servlet.mvc.annotation.DefaultAnnotationHandlerMapping - Mapped URL path [/client/disugroup/adduser/] onto handler &apos;letterController&apos;
INFO : org.springframework.web.servlet.mvc.annotation.DefaultAnnotationHandlerMapping - Mapped URL path [/client/disugroup/send] onto handler &apos;letterController&apos;
INFO : org.springframework.web.servlet.mvc.annotation.DefaultAnnotationHandlerMapping - Mapped URL path [/client/disugroup/send.*] onto handler &apos;letterController&apos;
INFO : org.springframework.web.servlet.mvc.annotation.DefaultAnnotationHandlerMapping - Mapped URL path [/client/disugroup/send/] onto handler &apos;letterController&apos;
INFO : org.springframework.web.servlet.mvc.annotation.DefaultAnnotationHandlerMapping - Mapped URL path [/client/disugroup/receive] onto handler &apos;letterController&apos;
INFO : org.springframework.web.servlet.mvc.annotation.DefaultAnnotationHandlerMapping - Mapped URL path [/client/disugroup/receive.*] onto handler &apos;letterController&apos;
INFO : org.springframework.web.servlet.mvc.annotation.DefaultAnnotationHandlerMapping - Mapped URL path [/client/disugroup/receive/] onto handler &apos;letterController&apos;
INFO : org.springframework.web.servlet.mvc.annotation.DefaultAnnotationHandlerMapping - Mapped URL path [/client/file/getAll] onto handler &apos;fileController&apos;
INFO : org.springframework.web.servlet.mvc.annotation.DefaultAnnotationHandlerMapping - Mapped URL path [/client/file/getAll.*] onto handler &apos;fileController&apos;
INFO : org.springframework.web.servlet.mvc.annotation.DefaultAnnotationHandlerMapping - Mapped URL path [/client/file/getAll/] onto handler &apos;fileController&apos;
INFO : org.springframework.web.servlet.mvc.annotation.DefaultAnnotationHandlerMapping - Mapped URL path [/client/file/save/{prefix}/{postfix}] onto handler &apos;fileController&apos;
INFO : org.springframework.web.servlet.mvc.annotation.DefaultAnnotationHandlerMapping - Mapped URL path [/client/file/save/{prefix}/{postfix}.*] onto handler &apos;fileController&apos;
INFO : org.springframework.web.servlet.mvc.annotation.DefaultAnnotationHandlerMapping - Mapped URL path [/client/file/save/{prefix}/{postfix}/] onto handler &apos;fileController&apos;
INFO : org.springframework.web.servlet.mvc.annotation.DefaultAnnotationHandlerMapping - Mapped URL path [/client/file/delete/{id}] onto handler &apos;fileController&apos;
INFO : org.springframework.web.servlet.mvc.annotation.DefaultAnnotationHandlerMapping - Mapped URL path [/client/file/delete/{id}.*] onto handler &apos;fileController&apos;
INFO : org.springframework.web.servlet.mvc.annotation.DefaultAnnotationHandlerMapping - Mapped URL path [/client/file/delete/{id}/] onto handler &apos;fileController&apos;
INFO : org.springframework.web.servlet.mvc.annotation.DefaultAnnotationHandlerMapping - Mapped URL path [/client/message/create/some] onto handler &apos;messageController&apos;
INFO : org.springframework.web.servlet.mvc.annotation.DefaultAnnotationHandlerMapping - Mapped URL path [/client/message/create/some.*] onto handler &apos;messageController&apos;
INFO : org.springframework.web.servlet.mvc.annotation.DefaultAnnotationHandlerMapping - Mapped URL path [/client/message/create/some/] onto handler &apos;messageController&apos;
INFO : org.springframework.web.servlet.mvc.annotation.DefaultAnnotationHandlerMapping - Mapped URL path [/client/message/create/student] onto handler &apos;messageController&apos;
INFO : org.springframework.web.servlet.mvc.annotation.DefaultAnnotationHandlerMapping - Mapped URL path [/client/message/create/student.*] onto handler &apos;messageController&apos;
INFO : org.springframework.web.servlet.mvc.annotation.DefaultAnnotationHandlerMapping - Mapped URL path [/client/message/create/student/] onto handler &apos;messageController&apos;
INFO : org.springframework.web.servlet.mvc.annotation.DefaultAnnotationHandlerMapping - Mapped URL path [/client/message/getallunreaded] onto handler &apos;messageController&apos;
INFO : org.springframework.web.servlet.mvc.annotation.DefaultAnnotationHandlerMapping - Mapped URL path [/client/message/getallunreaded.*] onto handler &apos;messageController&apos;
INFO : org.springframework.web.servlet.mvc.annotation.DefaultAnnotationHandlerMapping - Mapped URL path [/client/message/getallunreaded/] onto handler &apos;messageController&apos;
INFO : org.springframework.web.servlet.mvc.annotation.DefaultAnnotationHandlerMapping - Mapped URL path [/client/message/getMy] onto handler &apos;messageController&apos;
INFO : org.springframework.web.servlet.mvc.annotation.DefaultAnnotationHandlerMapping - Mapped URL path [/client/message/getMy.*] onto handler &apos;messageController&apos;
INFO : org.springframework.web.servlet.mvc.annotation.DefaultAnnotationHandlerMapping - Mapped URL path [/client/message/getMy/] onto handler &apos;messageController&apos;
INFO : org.springframework.web.servlet.mvc.annotation.DefaultAnnotationHandlerMapping - Mapped URL path [/client/message/detailMy] onto handler &apos;messageController&apos;
INFO : org.springframework.web.servlet.mvc.annotation.DefaultAnnotationHandlerMapping - Mapped URL path [/client/message/detailMy.*] onto handler &apos;messageController&apos;
INFO : org.springframework.web.servlet.mvc.annotation.DefaultAnnotationHandlerMapping - Mapped URL path [/client/message/detailMy/] onto handler &apos;messageController&apos;
INFO : org.springframework.web.servlet.mvc.annotation.DefaultAnnotationHandlerMapping - Mapped URL path [/client/message/detail] onto handler &apos;messageController&apos;
INFO : org.springframework.web.servlet.mvc.annotation.DefaultAnnotationHandlerMapping - Mapped URL path [/client/message/detail.*] onto handler &apos;messageController&apos;
INFO : org.springframework.web.servlet.mvc.annotation.DefaultAnnotationHandlerMapping - Mapped URL path [/client/message/detail/] onto handler &apos;messageController&apos;
INFO : org.springframework.web.servlet.mvc.annotation.DefaultAnnotationHandlerMapping - Mapped URL path [/client/message/getall] onto handler &apos;messageController&apos;
INFO : org.springframework.web.servlet.mvc.annotation.DefaultAnnotationHandlerMapping - Mapped URL path [/client/message/getall.*] onto handler &apos;messageController&apos;
INFO : org.springframework.web.servlet.mvc.annotation.DefaultAnnotationHandlerMapping - Mapped URL path [/client/message/getall/] onto handler &apos;messageController&apos;
INFO : org.springframework.web.servlet.mvc.annotation.DefaultAnnotationHandlerMapping - Mapped URL path [/client/user/login] onto handler &apos;userController&apos;
INFO : org.springframework.web.servlet.mvc.annotation.DefaultAnnotationHandlerMapping - Mapped URL path [/client/user/login.*] onto handler &apos;userController&apos;
INFO : org.springframework.web.servlet.mvc.annotation.DefaultAnnotationHandlerMapping - Mapped URL path [/client/user/login/] onto handler &apos;userController&apos;
INFO : org.springframework.web.servlet.mvc.annotation.DefaultAnnotationHandlerMapping - Mapped URL path [/client/user/getAll] onto handler &apos;userController&apos;
INFO : org.springframework.web.servlet.mvc.annotation.DefaultAnnotationHandlerMapping - Mapped URL path [/client/user/getAll.*] onto handler &apos;userController&apos;
INFO : org.springframework.web.servlet.mvc.annotation.DefaultAnnotationHandlerMapping - Mapped URL path [/client/user/getAll/] onto handler &apos;userController&apos;
INFO : org.springframework.web.servlet.mvc.annotation.DefaultAnnotationHandlerMapping - Mapped URL path [/client/user/exit] onto handler &apos;userController&apos;
INFO : org.springframework.web.servlet.mvc.annotation.DefaultAnnotationHandlerMapping - Mapped URL path [/client/user/exit.*] onto handler &apos;userController&apos;
INFO : org.springframework.web.servlet.mvc.annotation.DefaultAnnotationHandlerMapping - Mapped URL path [/client/user/exit/] onto handler &apos;userController&apos;
INFO : org.springframework.web.servlet.mvc.annotation.DefaultAnnotationHandlerMapping - Mapped URL path [/client/user/changepassword] onto handler &apos;userController&apos;
INFO : org.springframework.web.servlet.mvc.annotation.DefaultAnnotationHandlerMapping - Mapped URL path [/client/user/changepassword.*] onto handler &apos;userController&apos;
INFO : org.springframework.web.servlet.mvc.annotation.DefaultAnnotationHandlerMapping - Mapped URL path [/client/user/changepassword/] onto handler &apos;userController&apos;
INFO : org.springframework.web.servlet.handler.SimpleUrlHandlerMapping - Mapped URL path [/resources/**] onto handler &apos;org.springframework.web.servlet.resource.ResourceHttpRequestHandler#0&apos;
INFO : cn.edu.nju.tsip.web.MblogController - client get MBlog
</system-out>
  </testcase>
  <testcase time="0.66" classname="cn.edu.nju.tsip.test.web.MblogControllerTest" name="testCommentsMessage">
    <error message="Cannot open connection" type="org.hibernate.exception.GenericJDBCException">org.hibernate.exception.GenericJDBCException: Cannot open connection
	at org.hibernate.exception.SQLStateConverter.handledNonSpecificException(SQLStateConverter.java:126)
	at org.hibernate.exception.SQLStateConverter.convert(SQLStateConverter.java:114)
	at org.hibernate.exception.JDBCExceptionHelper.convert(JDBCExceptionHelper.java:66)
	at org.hibernate.exception.JDBCExceptionHelper.convert(JDBCExceptionHelper.java:52)
	at org.hibernate.jdbc.ConnectionManager.openConnection(ConnectionManager.java:449)
	at org.hibernate.jdbc.ConnectionManager.getConnection(ConnectionManager.java:167)
	at org.hibernate.jdbc.AbstractBatcher.prepareQueryStatement(AbstractBatcher.java:161)
	at org.hibernate.loader.Loader.prepareQueryStatement(Loader.java:1577)
	at org.hibernate.loader.Loader.doQuery(Loader.java:696)
	at org.hibernate.loader.Loader.doQueryAndInitializeNonLazyCollections(Loader.java:259)
	at org.hibernate.loader.Loader.doList(Loader.java:2232)
	at org.hibernate.loader.Loader.listIgnoreQueryCache(Loader.java:2129)
	at org.hibernate.loader.Loader.list(Loader.java:2124)
	at org.hibernate.loader.hql.QueryLoader.list(QueryLoader.java:401)
	at org.hibernate.hql.ast.QueryTranslatorImpl.list(QueryTranslatorImpl.java:363)
	at org.hibernate.engine.query.HQLQueryPlan.performList(HQLQueryPlan.java:196)
	at org.hibernate.impl.SessionImpl.list(SessionImpl.java:1149)
	at org.hibernate.impl.QueryImpl.list(QueryImpl.java:102)
	at cn.edu.nju.tsip.dao.impl.DaoImpl.list(DaoImpl.java:57)
	at cn.edu.nju.tsip.service.impl.MblogServiceImpl.getAllMBlogs(MblogServiceImpl.java:44)
	at cn.edu.nju.tsip.web.MblogController.getMBlogs(MblogController.java:214)
	at cn.edu.nju.tsip.test.web.MblogControllerTest.testCommentsMessage(MblogControllerTest.java:63)
	at sun.reflect.NativeMethodAccessorImpl.invoke0(Native Method)
	at sun.reflect.NativeMethodAccessorImpl.invoke(NativeMethodAccessorImpl.java:39)
	at sun.reflect.DelegatingMethodAccessorImpl.invoke(DelegatingMethodAccessorImpl.java:25)
	at java.lang.reflect.Method.invoke(Method.java:597)
	at junit.framework.TestCase.runTest(TestCase.java:168)
	at junit.framework.TestCase.runBare(TestCase.java:134)
	at junit.framework.TestResult$1.protect(TestResult.java:110)
	at junit.framework.TestResult.runProtected(TestResult.java:128)
	at junit.framework.TestResult.run(TestResult.java:113)
	at junit.framework.TestCase.run(TestCase.java:124)
	at junit.framework.TestSuite.runTest(TestSuite.java:232)
	at junit.framework.TestSuite.run(TestSuite.java:227)
	at org.junit.internal.runners.JUnit38ClassRunner.run(JUnit38ClassRunner.java:83)
	at org.apache.maven.surefire.junit4.JUnit4TestSet.execute(JUnit4TestSet.java:35)
	at org.apache.maven.surefire.junit4.JUnit4Provider.executeTestSet(JUnit4Provider.java:115)
	at org.apache.maven.surefire.junit4.JUnit4Provider.invoke(JUnit4Provider.java:97)
	at sun.reflect.NativeMethodAccessorImpl.invoke0(Native Method)
	at sun.reflect.NativeMethodAccessorImpl.invoke(NativeMethodAccessorImpl.java:39)
	at sun.reflect.DelegatingMethodAccessorImpl.invoke(DelegatingMethodAccessorImpl.java:25)
	at java.lang.reflect.Method.invoke(Method.java:597)
	at org.apache.maven.surefire.booter.ProviderFactory$ClassLoaderProxy.invoke(ProviderFactory.java:103)
	at $Proxy0.invoke(Unknown Source)
	at org.apache.maven.surefire.booter.SurefireStarter.invokeProvider(SurefireStarter.java:150)
	at org.apache.maven.surefire.booter.SurefireStarter.runSuitesInProcess(SurefireStarter.java:91)
	at org.apache.maven.surefire.booter.ForkedBooter.main(ForkedBooter.java:69)
Caused by: org.apache.commons.dbcp.SQLNestedException: Cannot create PoolableConnectionFactory (Communications link failure

Last packet sent to the server was 0 ms ago.)
	at org.apache.commons.dbcp.BasicDataSource.createDataSource(BasicDataSource.java:1225)
	at org.apache.commons.dbcp.BasicDataSource.getConnection(BasicDataSource.java:880)
	at org.springframework.orm.hibernate3.LocalDataSourceConnectionProvider.getConnection(LocalDataSourceConnectionProvider.java:81)
	at org.hibernate.jdbc.ConnectionManager.openConnection(ConnectionManager.java:446)
	... 42 more
Caused by: com.mysql.jdbc.exceptions.jdbc4.CommunicationsException: Communications link failure

Last packet sent to the server was 0 ms ago.
	at sun.reflect.GeneratedConstructorAccessor39.newInstance(Unknown Source)
	at sun.reflect.DelegatingConstructorAccessorImpl.newInstance(DelegatingConstructorAccessorImpl.java:27)
	at java.lang.reflect.Constructor.newInstance(Constructor.java:513)
	at com.mysql.jdbc.Util.handleNewInstance(Util.java:406)
	at com.mysql.jdbc.SQLError.createCommunicationsException(SQLError.java:1074)
	at com.mysql.jdbc.ConnectionImpl.createNewIO(ConnectionImpl.java:2103)
	at com.mysql.jdbc.ConnectionImpl.&lt;init&gt;(ConnectionImpl.java:718)
	at com.mysql.jdbc.JDBC4Connection.&lt;init&gt;(JDBC4Connection.java:46)
	at sun.reflect.GeneratedConstructorAccessor36.newInstance(Unknown Source)
	at sun.reflect.DelegatingConstructorAccessorImpl.newInstance(DelegatingConstructorAccessorImpl.java:27)
	at java.lang.reflect.Constructor.newInstance(Constructor.java:513)
	at com.mysql.jdbc.Util.handleNewInstance(Util.java:406)
	at com.mysql.jdbc.ConnectionImpl.getInstance(ConnectionImpl.java:302)
	at com.mysql.jdbc.NonRegisteringDriver.connect(NonRegisteringDriver.java:282)
	at org.apache.commons.dbcp.DriverConnectionFactory.createConnection(DriverConnectionFactory.java:38)
	at org.apache.commons.dbcp.PoolableConnectionFactory.makeObject(PoolableConnectionFactory.java:294)
	at org.apache.commons.dbcp.BasicDataSource.validateConnectionFactory(BasicDataSource.java:1247)
	at org.apache.commons.dbcp.BasicDataSource.createDataSource(BasicDataSource.java:1221)
	... 45 more
Caused by: java.net.ConnectException: Connection refused
	at java.net.PlainSocketImpl.socketConnect(Native Method)
	at java.net.PlainSocketImpl.doConnect(PlainSocketImpl.java:351)
	at java.net.PlainSocketImpl.connectToAddress(PlainSocketImpl.java:213)
	at java.net.PlainSocketImpl.connect(PlainSocketImpl.java:200)
	at java.net.SocksSocketImpl.connect(SocksSocketImpl.java:366)
	at java.net.Socket.connect(Socket.java:529)
	at java.net.Socket.connect(Socket.java:478)
	at java.net.Socket.&lt;init&gt;(Socket.java:375)
	at java.net.Socket.&lt;init&gt;(Socket.java:218)
	at com.mysql.jdbc.StandardSocketFactory.connect(StandardSocketFactory.java:253)
	at com.mysql.jdbc.MysqlIO.&lt;init&gt;(MysqlIO.java:280)
	at com.mysql.jdbc.ConnectionImpl.createNewIO(ConnectionImpl.java:2026)
	... 57 more
</error>
    <system-out>INFO : org.springframework.web.context.support.XmlWebApplicationContext - Refreshing Root WebApplicationContext: startup date [Mon Jun 13 15:37:42 CST 2011]; root of context hierarchy
INFO : org.springframework.beans.factory.xml.XmlBeanDefinitionReader - Loading XML bean definitions from class path resource [spring/root-context.xml]
INFO : org.springframework.beans.factory.xml.XmlBeanDefinitionReader - Loading XML bean definitions from class path resource [spring/appServlet/servlet-context.xml]
INFO : org.springframework.beans.factory.xml.XmlBeanDefinitionReader - Loading XML bean definitions from class path resource [spring/appServlet/controllers.xml]
INFO : org.springframework.context.annotation.ClassPathBeanDefinitionScanner - JSR-330 &apos;javax.inject.Named&apos; annotation found and supported for component scanning
INFO : org.springframework.beans.factory.xml.XmlBeanDefinitionReader - Loading XML bean definitions from class path resource [spring/appServlet/controllers.xml]
INFO : org.springframework.context.annotation.ClassPathBeanDefinitionScanner - JSR-330 &apos;javax.inject.Named&apos; annotation found and supported for component scanning
INFO : org.springframework.beans.factory.annotation.AutowiredAnnotationBeanPostProcessor - JSR-330 &apos;javax.inject.Inject&apos; annotation found and supported for autowiring
INFO : org.springframework.beans.factory.support.DefaultListableBeanFactory - Pre-instantiating singletons in org.springframework.beans.factory.support.DefaultListableBeanFactory@39826: defining beans [multipartResolver,dataSource,sessionFactory,hibernateTemplate,transactionManager,org.springframework.web.servlet.mvc.annotation.DefaultAnnotationHandlerMapping#0,org.springframework.format.support.FormattingConversionServiceFactoryBean#0,org.springframework.validation.beanvalidation.LocalValidatorFactoryBean#0,org.springframework.web.servlet.mvc.annotation.AnnotationMethodHandlerAdapter#0,org.springframework.web.servlet.handler.MappedInterceptor#0,org.springframework.web.servlet.mvc.HttpRequestHandlerAdapter,org.springframework.web.servlet.resource.ResourceHttpRequestHandler#0,org.springframework.web.servlet.handler.SimpleUrlHandlerMapping#0,org.springframework.web.servlet.view.InternalResourceViewResolver#0,dao,albumService,userDetailsService,studentService,groupletterService,letterService,fileService,disugroupService,bbsService,articleService,messageService,userService,mblogService,categoryService,teacherService,pictureService,commentService,articleController,studentController,BBSController,homeController,mblogController,pictureController,letterController,fileController,messageController,userController,org.springframework.context.annotation.internalConfigurationAnnotationProcessor,org.springframework.context.annotation.internalAutowiredAnnotationProcessor,org.springframework.context.annotation.internalRequiredAnnotationProcessor,org.springframework.context.annotation.internalCommonAnnotationProcessor,org.springframework.context.annotation.internalPersistenceAnnotationProcessor]; root of factory hierarchy
INFO : org.hibernate.cfg.AnnotationBinder - Binding entity from annotated class: cn.edu.nju.tsip.entity.GroupLetter
INFO : org.hibernate.cfg.annotations.EntityBinder - Bind entity cn.edu.nju.tsip.entity.GroupLetter on table GroupLetter
INFO : org.hibernate.cfg.AnnotationBinder - Binding entity from annotated class: cn.edu.nju.tsip.entity.CourseInfo
INFO : org.hibernate.cfg.annotations.EntityBinder - Bind entity cn.edu.nju.tsip.entity.CourseInfo on table CourseInfo
INFO : org.hibernate.cfg.AnnotationBinder - Binding entity from annotated class: cn.edu.nju.tsip.entity.Letter
INFO : org.hibernate.cfg.annotations.EntityBinder - Bind entity cn.edu.nju.tsip.entity.Letter on table Letter
INFO : org.hibernate.cfg.AnnotationBinder - Binding entity from annotated class: cn.edu.nju.tsip.entity.User
INFO : org.hibernate.cfg.annotations.EntityBinder - Bind entity cn.edu.nju.tsip.entity.User on table User
INFO : org.hibernate.cfg.AnnotationBinder - Binding entity from annotated class: cn.edu.nju.tsip.entity.Admin
INFO : org.hibernate.cfg.annotations.EntityBinder - Bind entity cn.edu.nju.tsip.entity.Admin on table Admin
INFO : org.hibernate.cfg.AnnotationBinder - Binding entity from annotated class: cn.edu.nju.tsip.entity.MBlog
INFO : org.hibernate.cfg.annotations.EntityBinder - Bind entity cn.edu.nju.tsip.entity.MBlog on table MBlog
INFO : org.hibernate.cfg.AnnotationBinder - Binding entity from annotated class: cn.edu.nju.tsip.entity.Student
INFO : org.hibernate.cfg.annotations.EntityBinder - Bind entity cn.edu.nju.tsip.entity.Student on table Student
INFO : org.hibernate.cfg.AnnotationBinder - Binding entity from annotated class: cn.edu.nju.tsip.entity.Authority
INFO : org.hibernate.cfg.annotations.EntityBinder - Bind entity cn.edu.nju.tsip.entity.Authority on table Authority
INFO : org.hibernate.cfg.AnnotationBinder - Binding entity from annotated class: cn.edu.nju.tsip.entity.DisuGroup
INFO : org.hibernate.cfg.annotations.EntityBinder - Bind entity cn.edu.nju.tsip.entity.DisuGroup on table DisuGroup
INFO : org.hibernate.cfg.AnnotationBinder - Binding entity from annotated class: cn.edu.nju.tsip.entity.BBS
INFO : org.hibernate.cfg.annotations.EntityBinder - Bind entity cn.edu.nju.tsip.entity.BBS on table BBS
INFO : org.hibernate.cfg.AnnotationBinder - Binding entity from annotated class: cn.edu.nju.tsip.entity.Counsellor
INFO : org.hibernate.cfg.annotations.EntityBinder - Bind entity cn.edu.nju.tsip.entity.Counsellor on table Counsellor
INFO : org.hibernate.cfg.AnnotationBinder - Binding entity from annotated class: cn.edu.nju.tsip.entity.UploadFile
INFO : org.hibernate.cfg.annotations.EntityBinder - Bind entity cn.edu.nju.tsip.entity.UploadFile on table UploadFile
INFO : org.hibernate.cfg.AnnotationBinder - Binding entity from annotated class: cn.edu.nju.tsip.entity.Teacher
INFO : org.hibernate.cfg.annotations.EntityBinder - Bind entity cn.edu.nju.tsip.entity.Teacher on table Teacher
INFO : org.hibernate.cfg.AnnotationBinder - Binding entity from annotated class: cn.edu.nju.tsip.entity.Course
INFO : org.hibernate.cfg.annotations.EntityBinder - Bind entity cn.edu.nju.tsip.entity.Course on table Course
INFO : org.hibernate.cfg.AnnotationBinder - Binding entity from annotated class: cn.edu.nju.tsip.entity.Picture
INFO : org.hibernate.cfg.annotations.EntityBinder - Bind entity cn.edu.nju.tsip.entity.Picture on table Picture
INFO : org.hibernate.cfg.AnnotationBinder - Binding entity from annotated class: cn.edu.nju.tsip.entity.Message
INFO : org.hibernate.cfg.annotations.EntityBinder - Bind entity cn.edu.nju.tsip.entity.Message on table Message
INFO : org.hibernate.cfg.AnnotationBinder - Binding entity from annotated class: cn.edu.nju.tsip.entity.Article
INFO : org.hibernate.cfg.annotations.EntityBinder - Bind entity cn.edu.nju.tsip.entity.Article on table Article
INFO : org.hibernate.cfg.AnnotationBinder - Binding entity from annotated class: cn.edu.nju.tsip.entity.Leader
INFO : org.hibernate.cfg.annotations.EntityBinder - Bind entity cn.edu.nju.tsip.entity.Leader on table Leader
INFO : org.hibernate.cfg.AnnotationBinder - Binding entity from annotated class: cn.edu.nju.tsip.entity.UserGroup
INFO : org.hibernate.cfg.annotations.EntityBinder - Bind entity cn.edu.nju.tsip.entity.UserGroup on table UserGroup
INFO : org.hibernate.cfg.AnnotationBinder - Binding entity from annotated class: cn.edu.nju.tsip.entity.Message_User
INFO : org.hibernate.cfg.annotations.EntityBinder - Bind entity cn.edu.nju.tsip.entity.Message_User on table Message_User
INFO : org.hibernate.cfg.AnnotationBinder - Binding entity from annotated class: cn.edu.nju.tsip.entity.Album
INFO : org.hibernate.cfg.annotations.EntityBinder - Bind entity cn.edu.nju.tsip.entity.Album on table Album
INFO : org.hibernate.cfg.AnnotationBinder - Binding entity from annotated class: cn.edu.nju.tsip.entity.Role
INFO : org.hibernate.cfg.annotations.EntityBinder - Bind entity cn.edu.nju.tsip.entity.Role on table Role
INFO : org.hibernate.cfg.AnnotationBinder - Binding entity from annotated class: cn.edu.nju.tsip.entity.Comment
INFO : org.hibernate.cfg.annotations.EntityBinder - Bind entity cn.edu.nju.tsip.entity.Comment on table Comment
INFO : org.hibernate.cfg.AnnotationBinder - Binding entity from annotated class: cn.edu.nju.tsip.entity.Category
INFO : org.hibernate.cfg.annotations.EntityBinder - Bind entity cn.edu.nju.tsip.entity.Category on table Category
INFO : org.hibernate.cfg.annotations.CollectionBinder - Mapping collection: cn.edu.nju.tsip.entity.Comment.cmntChilds -&gt; Comment
INFO : org.hibernate.cfg.annotations.CollectionBinder - Mapping collection: cn.edu.nju.tsip.entity.Album.pictures -&gt; Picture
INFO : org.hibernate.cfg.annotations.CollectionBinder - Mapping collection: cn.edu.nju.tsip.entity.Article.comments -&gt; Comment
INFO : org.hibernate.cfg.annotations.CollectionBinder - Mapping collection: cn.edu.nju.tsip.entity.Message.comments -&gt; Comment
INFO : org.hibernate.cfg.annotations.CollectionBinder - Mapping collection: cn.edu.nju.tsip.entity.Picture.comments -&gt; Comment
INFO : org.hibernate.cfg.annotations.CollectionBinder - Mapping collection: cn.edu.nju.tsip.entity.BBS.comments -&gt; Comment
INFO : org.hibernate.cfg.annotations.CollectionBinder - Mapping collection: cn.edu.nju.tsip.entity.MBlog.comments -&gt; Comment
INFO : org.hibernate.cfg.annotations.CollectionBinder - Mapping collection: cn.edu.nju.tsip.entity.User.userGroups -&gt; UserGroup
INFO : org.hibernate.cfg.annotations.CollectionBinder - Mapping collection: cn.edu.nju.tsip.entity.User.albums -&gt; Album
INFO : org.hibernate.cfg.annotations.CollectionBinder - Mapping collection: cn.edu.nju.tsip.entity.User.categories -&gt; Category
INFO : org.hibernate.cfg.annotations.CollectionBinder - Mapping collection: cn.edu.nju.tsip.entity.User.mBlogs -&gt; MBlog
INFO : org.hibernate.cfg.annotations.CollectionBinder - Mapping collection: cn.edu.nju.tsip.entity.User.publishMsgs -&gt; Message
INFO : org.hibernate.cfg.annotations.CollectionBinder - Mapping collection: cn.edu.nju.tsip.entity.User.user2Messages -&gt; Message_User
INFO : org.hibernate.cfg.annotations.CollectionBinder - Mapping collection: cn.edu.nju.tsip.entity.Student.courseInfos -&gt; CourseInfo
INFO : org.hibernate.cfg.annotations.CollectionBinder - Mapping collection: cn.edu.nju.tsip.entity.Message.message2Users -&gt; Message_User
INFO : org.hibernate.cfg.annotations.CollectionBinder - Mapping collection: cn.edu.nju.tsip.entity.Category.articles -&gt; Article
INFO : org.hibernate.cfg.AnnotationConfiguration - Hibernate Validator not found: ignoring
INFO : org.springframework.orm.hibernate3.annotation.AnnotationSessionFactoryBean - Building new Hibernate SessionFactory
INFO : org.hibernate.connection.ConnectionProviderFactory - Initializing connection provider: org.springframework.orm.hibernate3.LocalDataSourceConnectionProvider
WARN : org.hibernate.util.JDBCExceptionReporter - SQL Error: 0, SQLState: null
ERROR: org.hibernate.util.JDBCExceptionReporter - Cannot create PoolableConnectionFactory (Communications link failure

Last packet sent to the server was 0 ms ago.)
WARN : org.hibernate.cfg.SettingsFactory - Could not obtain connection to query metadata
org.apache.commons.dbcp.SQLNestedException: Cannot create PoolableConnectionFactory (Communications link failure

Last packet sent to the server was 0 ms ago.)
	at org.apache.commons.dbcp.BasicDataSource.createDataSource(BasicDataSource.java:1225)
	at org.apache.commons.dbcp.BasicDataSource.getConnection(BasicDataSource.java:880)
	at org.springframework.orm.hibernate3.LocalDataSourceConnectionProvider.getConnection(LocalDataSourceConnectionProvider.java:81)
	at org.hibernate.cfg.SettingsFactory.buildSettings(SettingsFactory.java:111)
	at org.hibernate.cfg.Configuration.buildSettingsInternal(Configuration.java:2119)
	at org.hibernate.cfg.Configuration.buildSettings(Configuration.java:2115)
	at org.hibernate.cfg.Configuration.buildSessionFactory(Configuration.java:1339)
	at org.hibernate.cfg.AnnotationConfiguration.buildSessionFactory(AnnotationConfiguration.java:859)
	at org.springframework.orm.hibernate3.LocalSessionFactoryBean.newSessionFactory(LocalSessionFactoryBean.java:855)
	at org.springframework.orm.hibernate3.LocalSessionFactoryBean.buildSessionFactory(LocalSessionFactoryBean.java:774)
	at org.springframework.orm.hibernate3.AbstractSessionFactoryBean.afterPropertiesSet(AbstractSessionFactoryBean.java:211)
	at org.springframework.beans.factory.support.AbstractAutowireCapableBeanFactory.invokeInitMethods(AbstractAutowireCapableBeanFactory.java:1477)
	at org.springframework.beans.factory.support.AbstractAutowireCapableBeanFactory.initializeBean(AbstractAutowireCapableBeanFactory.java:1417)
	at org.springframework.beans.factory.support.AbstractAutowireCapableBeanFactory.doCreateBean(AbstractAutowireCapableBeanFactory.java:519)
	at org.springframework.beans.factory.support.AbstractAutowireCapableBeanFactory.createBean(AbstractAutowireCapableBeanFactory.java:456)
	at org.springframework.beans.factory.support.AbstractBeanFactory$1.getObject(AbstractBeanFactory.java:291)
	at org.springframework.beans.factory.support.DefaultSingletonBeanRegistry.getSingleton(DefaultSingletonBeanRegistry.java:222)
	at org.springframework.beans.factory.support.AbstractBeanFactory.doGetBean(AbstractBeanFactory.java:288)
	at org.springframework.beans.factory.support.AbstractBeanFactory.getBean(AbstractBeanFactory.java:190)
	at org.springframework.beans.factory.support.DefaultListableBeanFactory.preInstantiateSingletons(DefaultListableBeanFactory.java:563)
	at org.springframework.context.support.AbstractApplicationContext.finishBeanFactoryInitialization(AbstractApplicationContext.java:895)
	at org.springframework.context.support.AbstractApplicationContext.refresh(AbstractApplicationContext.java:425)
	at cn.edu.nju.tsip.test.util.ControllerTest.setUp(ControllerTest.java:38)
	at junit.framework.TestCase.runBare(TestCase.java:132)
	at junit.framework.TestResult$1.protect(TestResult.java:110)
	at junit.framework.TestResult.runProtected(TestResult.java:128)
	at junit.framework.TestResult.run(TestResult.java:113)
	at junit.framework.TestCase.run(TestCase.java:124)
	at junit.framework.TestSuite.runTest(TestSuite.java:232)
	at junit.framework.TestSuite.run(TestSuite.java:227)
	at org.junit.internal.runners.JUnit38ClassRunner.run(JUnit38ClassRunner.java:83)
	at org.apache.maven.surefire.junit4.JUnit4TestSet.execute(JUnit4TestSet.java:35)
	at org.apache.maven.surefire.junit4.JUnit4Provider.executeTestSet(JUnit4Provider.java:115)
	at org.apache.maven.surefire.junit4.JUnit4Provider.invoke(JUnit4Provider.java:97)
	at sun.reflect.NativeMethodAccessorImpl.invoke0(Native Method)
	at sun.reflect.NativeMethodAccessorImpl.invoke(NativeMethodAccessorImpl.java:39)
	at sun.reflect.DelegatingMethodAccessorImpl.invoke(DelegatingMethodAccessorImpl.java:25)
	at java.lang.reflect.Method.invoke(Method.java:597)
	at org.apache.maven.surefire.booter.ProviderFactory$ClassLoaderProxy.invoke(ProviderFactory.java:103)
	at $Proxy0.invoke(Unknown Source)
	at org.apache.maven.surefire.booter.SurefireStarter.invokeProvider(SurefireStarter.java:150)
	at org.apache.maven.surefire.booter.SurefireStarter.runSuitesInProcess(SurefireStarter.java:91)
	at org.apache.maven.surefire.booter.ForkedBooter.main(ForkedBooter.java:69)
Caused by: com.mysql.jdbc.exceptions.jdbc4.CommunicationsException: Communications link failure

Last packet sent to the server was 0 ms ago.
	at sun.reflect.GeneratedConstructorAccessor39.newInstance(Unknown Source)
	at sun.reflect.DelegatingConstructorAccessorImpl.newInstance(DelegatingConstructorAccessorImpl.java:27)
	at java.lang.reflect.Constructor.newInstance(Constructor.java:513)
	at com.mysql.jdbc.Util.handleNewInstance(Util.java:406)
	at com.mysql.jdbc.SQLError.createCommunicationsException(SQLError.java:1074)
	at com.mysql.jdbc.ConnectionImpl.createNewIO(ConnectionImpl.java:2103)
	at com.mysql.jdbc.ConnectionImpl.&lt;init&gt;(ConnectionImpl.java:718)
	at com.mysql.jdbc.JDBC4Connection.&lt;init&gt;(JDBC4Connection.java:46)
	at sun.reflect.GeneratedConstructorAccessor36.newInstance(Unknown Source)
	at sun.reflect.DelegatingConstructorAccessorImpl.newInstance(DelegatingConstructorAccessorImpl.java:27)
	at java.lang.reflect.Constructor.newInstance(Constructor.java:513)
	at com.mysql.jdbc.Util.handleNewInstance(Util.java:406)
	at com.mysql.jdbc.ConnectionImpl.getInstance(ConnectionImpl.java:302)
	at com.mysql.jdbc.NonRegisteringDriver.connect(NonRegisteringDriver.java:282)
	at org.apache.commons.dbcp.DriverConnectionFactory.createConnection(DriverConnectionFactory.java:38)
	at org.apache.commons.dbcp.PoolableConnectionFactory.makeObject(PoolableConnectionFactory.java:294)
	at org.apache.commons.dbcp.BasicDataSource.validateConnectionFactory(BasicDataSource.java:1247)
	at org.apache.commons.dbcp.BasicDataSource.createDataSource(BasicDataSource.java:1221)
	... 42 more
Caused by: java.net.ConnectException: Connection refused
	at java.net.PlainSocketImpl.socketConnect(Native Method)
	at java.net.PlainSocketImpl.doConnect(PlainSocketImpl.java:351)
	at java.net.PlainSocketImpl.connectToAddress(PlainSocketImpl.java:213)
	at java.net.PlainSocketImpl.connect(PlainSocketImpl.java:200)
	at java.net.SocksSocketImpl.connect(SocksSocketImpl.java:366)
	at java.net.Socket.connect(Socket.java:529)
	at java.net.Socket.connect(Socket.java:478)
	at java.net.Socket.&lt;init&gt;(Socket.java:375)
	at java.net.Socket.&lt;init&gt;(Socket.java:218)
	at com.mysql.jdbc.StandardSocketFactory.connect(StandardSocketFactory.java:253)
	at com.mysql.jdbc.MysqlIO.&lt;init&gt;(MysqlIO.java:280)
	at com.mysql.jdbc.ConnectionImpl.createNewIO(ConnectionImpl.java:2026)
	... 54 more
INFO : org.hibernate.dialect.Dialect - Using dialect: org.hibernate.dialect.MySQLDialect
INFO : org.hibernate.transaction.TransactionFactoryFactory - Transaction strategy: org.springframework.orm.hibernate3.SpringTransactionFactory
INFO : org.hibernate.transaction.TransactionManagerLookupFactory - No TransactionManagerLookup configured (in JTA environment, use of read-write or transactional second-level cache is not recommended)
INFO : org.hibernate.cfg.SettingsFactory - Automatic flush during beforeCompletion(): disabled
INFO : org.hibernate.cfg.SettingsFactory - Automatic session close at end of transaction: disabled
INFO : org.hibernate.cfg.SettingsFactory - Scrollable result sets: disabled
INFO : org.hibernate.cfg.SettingsFactory - JDBC3 getGeneratedKeys(): disabled
INFO : org.hibernate.cfg.SettingsFactory - Connection release mode: auto
INFO : org.hibernate.cfg.SettingsFactory - Maximum outer join fetch depth: 2
INFO : org.hibernate.cfg.SettingsFactory - Default batch fetch size: 1
INFO : org.hibernate.cfg.SettingsFactory - Generate SQL with comments: disabled
INFO : org.hibernate.cfg.SettingsFactory - Order SQL updates by primary key: disabled
INFO : org.hibernate.cfg.SettingsFactory - Order SQL inserts for batching: disabled
INFO : org.hibernate.cfg.SettingsFactory - Query translator: org.hibernate.hql.ast.ASTQueryTranslatorFactory
INFO : org.hibernate.hql.ast.ASTQueryTranslatorFactory - Using ASTQueryTranslatorFactory
INFO : org.hibernate.cfg.SettingsFactory - Query language substitutions: {}
INFO : org.hibernate.cfg.SettingsFactory - JPA-QL strict compliance: disabled
INFO : org.hibernate.cfg.SettingsFactory - Second-level cache: enabled
INFO : org.hibernate.cfg.SettingsFactory - Query cache: disabled
INFO : org.hibernate.cfg.SettingsFactory - Cache region factory : org.hibernate.cache.impl.NoCachingRegionFactory
INFO : org.hibernate.cfg.SettingsFactory - Optimize cache for minimal puts: disabled
INFO : org.hibernate.cfg.SettingsFactory - Structured second-level cache entries: disabled
INFO : org.hibernate.cfg.SettingsFactory - Echoing all SQL to stdout
INFO : org.hibernate.cfg.SettingsFactory - Statistics: disabled
INFO : org.hibernate.cfg.SettingsFactory - Deleted entity synthetic identifier rollback: disabled
INFO : org.hibernate.cfg.SettingsFactory - Default entity-mode: pojo
INFO : org.hibernate.cfg.SettingsFactory - Named query checking : enabled
INFO : org.hibernate.impl.SessionFactoryImpl - building session factory
INFO : org.hibernate.impl.SessionFactoryObjectFactory - Not binding factory to JNDI, no JNDI name configured
INFO : org.hibernate.tool.hbm2ddl.SchemaUpdate - Running hbm2ddl schema update
INFO : org.hibernate.tool.hbm2ddl.SchemaUpdate - fetching database metadata
WARN : org.hibernate.util.JDBCExceptionReporter - SQL Error: 0, SQLState: null
ERROR: org.hibernate.util.JDBCExceptionReporter - Cannot create PoolableConnectionFactory (Communications link failure

Last packet sent to the server was 0 ms ago.)
ERROR: org.hibernate.tool.hbm2ddl.SchemaUpdate - could not get database metadata
org.apache.commons.dbcp.SQLNestedException: Cannot create PoolableConnectionFactory (Communications link failure

Last packet sent to the server was 0 ms ago.)
	at org.apache.commons.dbcp.BasicDataSource.createDataSource(BasicDataSource.java:1225)
	at org.apache.commons.dbcp.BasicDataSource.getConnection(BasicDataSource.java:880)
	at org.springframework.orm.hibernate3.LocalDataSourceConnectionProvider.getConnection(LocalDataSourceConnectionProvider.java:81)
	at org.hibernate.tool.hbm2ddl.SuppliedConnectionProviderConnectionHelper.prepare(SuppliedConnectionProviderConnectionHelper.java:51)
	at org.hibernate.tool.hbm2ddl.SchemaUpdate.execute(SchemaUpdate.java:168)
	at org.hibernate.impl.SessionFactoryImpl.&lt;init&gt;(SessionFactoryImpl.java:356)
	at org.hibernate.cfg.Configuration.buildSessionFactory(Configuration.java:1341)
	at org.hibernate.cfg.AnnotationConfiguration.buildSessionFactory(AnnotationConfiguration.java:859)
	at org.springframework.orm.hibernate3.LocalSessionFactoryBean.newSessionFactory(LocalSessionFactoryBean.java:855)
	at org.springframework.orm.hibernate3.LocalSessionFactoryBean.buildSessionFactory(LocalSessionFactoryBean.java:774)
	at org.springframework.orm.hibernate3.AbstractSessionFactoryBean.afterPropertiesSet(AbstractSessionFactoryBean.java:211)
	at org.springframework.beans.factory.support.AbstractAutowireCapableBeanFactory.invokeInitMethods(AbstractAutowireCapableBeanFactory.java:1477)
	at org.springframework.beans.factory.support.AbstractAutowireCapableBeanFactory.initializeBean(AbstractAutowireCapableBeanFactory.java:1417)
	at org.springframework.beans.factory.support.AbstractAutowireCapableBeanFactory.doCreateBean(AbstractAutowireCapableBeanFactory.java:519)
	at org.springframework.beans.factory.support.AbstractAutowireCapableBeanFactory.createBean(AbstractAutowireCapableBeanFactory.java:456)
	at org.springframework.beans.factory.support.AbstractBeanFactory$1.getObject(AbstractBeanFactory.java:291)
	at org.springframework.beans.factory.support.DefaultSingletonBeanRegistry.getSingleton(DefaultSingletonBeanRegistry.java:222)
	at org.springframework.beans.factory.support.AbstractBeanFactory.doGetBean(AbstractBeanFactory.java:288)
	at org.springframework.beans.factory.support.AbstractBeanFactory.getBean(AbstractBeanFactory.java:190)
	at org.springframework.beans.factory.support.DefaultListableBeanFactory.preInstantiateSingletons(DefaultListableBeanFactory.java:563)
	at org.springframework.context.support.AbstractApplicationContext.finishBeanFactoryInitialization(AbstractApplicationContext.java:895)
	at org.springframework.context.support.AbstractApplicationContext.refresh(AbstractApplicationContext.java:425)
	at cn.edu.nju.tsip.test.util.ControllerTest.setUp(ControllerTest.java:38)
	at junit.framework.TestCase.runBare(TestCase.java:132)
	at junit.framework.TestResult$1.protect(TestResult.java:110)
	at junit.framework.TestResult.runProtected(TestResult.java:128)
	at junit.framework.TestResult.run(TestResult.java:113)
	at junit.framework.TestCase.run(TestCase.java:124)
	at junit.framework.TestSuite.runTest(TestSuite.java:232)
	at junit.framework.TestSuite.run(TestSuite.java:227)
	at org.junit.internal.runners.JUnit38ClassRunner.run(JUnit38ClassRunner.java:83)
	at org.apache.maven.surefire.junit4.JUnit4TestSet.execute(JUnit4TestSet.java:35)
	at org.apache.maven.surefire.junit4.JUnit4Provider.executeTestSet(JUnit4Provider.java:115)
	at org.apache.maven.surefire.junit4.JUnit4Provider.invoke(JUnit4Provider.java:97)
	at sun.reflect.NativeMethodAccessorImpl.invoke0(Native Method)
	at sun.reflect.NativeMethodAccessorImpl.invoke(NativeMethodAccessorImpl.java:39)
	at sun.reflect.DelegatingMethodAccessorImpl.invoke(DelegatingMethodAccessorImpl.java:25)
	at java.lang.reflect.Method.invoke(Method.java:597)
	at org.apache.maven.surefire.booter.ProviderFactory$ClassLoaderProxy.invoke(ProviderFactory.java:103)
	at $Proxy0.invoke(Unknown Source)
	at org.apache.maven.surefire.booter.SurefireStarter.invokeProvider(SurefireStarter.java:150)
	at org.apache.maven.surefire.booter.SurefireStarter.runSuitesInProcess(SurefireStarter.java:91)
	at org.apache.maven.surefire.booter.ForkedBooter.main(ForkedBooter.java:69)
Caused by: com.mysql.jdbc.exceptions.jdbc4.CommunicationsException: Communications link failure

Last packet sent to the server was 0 ms ago.
	at sun.reflect.GeneratedConstructorAccessor39.newInstance(Unknown Source)
	at sun.reflect.DelegatingConstructorAccessorImpl.newInstance(DelegatingConstructorAccessorImpl.java:27)
	at java.lang.reflect.Constructor.newInstance(Constructor.java:513)
	at com.mysql.jdbc.Util.handleNewInstance(Util.java:406)
	at com.mysql.jdbc.SQLError.createCommunicationsException(SQLError.java:1074)
	at com.mysql.jdbc.ConnectionImpl.createNewIO(ConnectionImpl.java:2103)
	at com.mysql.jdbc.ConnectionImpl.&lt;init&gt;(ConnectionImpl.java:718)
	at com.mysql.jdbc.JDBC4Connection.&lt;init&gt;(JDBC4Connection.java:46)
	at sun.reflect.GeneratedConstructorAccessor36.newInstance(Unknown Source)
	at sun.reflect.DelegatingConstructorAccessorImpl.newInstance(DelegatingConstructorAccessorImpl.java:27)
	at java.lang.reflect.Constructor.newInstance(Constructor.java:513)
	at com.mysql.jdbc.Util.handleNewInstance(Util.java:406)
	at com.mysql.jdbc.ConnectionImpl.getInstance(ConnectionImpl.java:302)
	at com.mysql.jdbc.NonRegisteringDriver.connect(NonRegisteringDriver.java:282)
	at org.apache.commons.dbcp.DriverConnectionFactory.createConnection(DriverConnectionFactory.java:38)
	at org.apache.commons.dbcp.PoolableConnectionFactory.makeObject(PoolableConnectionFactory.java:294)
	at org.apache.commons.dbcp.BasicDataSource.validateConnectionFactory(BasicDataSource.java:1247)
	at org.apache.commons.dbcp.BasicDataSource.createDataSource(BasicDataSource.java:1221)
	... 42 more
Caused by: java.net.ConnectException: Connection refused
	at java.net.PlainSocketImpl.socketConnect(Native Method)
	at java.net.PlainSocketImpl.doConnect(PlainSocketImpl.java:351)
	at java.net.PlainSocketImpl.connectToAddress(PlainSocketImpl.java:213)
	at java.net.PlainSocketImpl.connect(PlainSocketImpl.java:200)
	at java.net.SocksSocketImpl.connect(SocksSocketImpl.java:366)
	at java.net.Socket.connect(Socket.java:529)
	at java.net.Socket.connect(Socket.java:478)
	at java.net.Socket.&lt;init&gt;(Socket.java:375)
	at java.net.Socket.&lt;init&gt;(Socket.java:218)
	at com.mysql.jdbc.StandardSocketFactory.connect(StandardSocketFactory.java:253)
	at com.mysql.jdbc.MysqlIO.&lt;init&gt;(MysqlIO.java:280)
	at com.mysql.jdbc.ConnectionImpl.createNewIO(ConnectionImpl.java:2026)
	... 54 more
ERROR: org.hibernate.tool.hbm2ddl.SchemaUpdate - could not complete schema update
org.apache.commons.dbcp.SQLNestedException: Cannot create PoolableConnectionFactory (Communications link failure

Last packet sent to the server was 0 ms ago.)
	at org.apache.commons.dbcp.BasicDataSource.createDataSource(BasicDataSource.java:1225)
	at org.apache.commons.dbcp.BasicDataSource.getConnection(BasicDataSource.java:880)
	at org.springframework.orm.hibernate3.LocalDataSourceConnectionProvider.getConnection(LocalDataSourceConnectionProvider.java:81)
	at org.hibernate.tool.hbm2ddl.SuppliedConnectionProviderConnectionHelper.prepare(SuppliedConnectionProviderConnectionHelper.java:51)
	at org.hibernate.tool.hbm2ddl.SchemaUpdate.execute(SchemaUpdate.java:168)
	at org.hibernate.impl.SessionFactoryImpl.&lt;init&gt;(SessionFactoryImpl.java:356)
	at org.hibernate.cfg.Configuration.buildSessionFactory(Configuration.java:1341)
	at org.hibernate.cfg.AnnotationConfiguration.buildSessionFactory(AnnotationConfiguration.java:859)
	at org.springframework.orm.hibernate3.LocalSessionFactoryBean.newSessionFactory(LocalSessionFactoryBean.java:855)
	at org.springframework.orm.hibernate3.LocalSessionFactoryBean.buildSessionFactory(LocalSessionFactoryBean.java:774)
	at org.springframework.orm.hibernate3.AbstractSessionFactoryBean.afterPropertiesSet(AbstractSessionFactoryBean.java:211)
	at org.springframework.beans.factory.support.AbstractAutowireCapableBeanFactory.invokeInitMethods(AbstractAutowireCapableBeanFactory.java:1477)
	at org.springframework.beans.factory.support.AbstractAutowireCapableBeanFactory.initializeBean(AbstractAutowireCapableBeanFactory.java:1417)
	at org.springframework.beans.factory.support.AbstractAutowireCapableBeanFactory.doCreateBean(AbstractAutowireCapableBeanFactory.java:519)
	at org.springframework.beans.factory.support.AbstractAutowireCapableBeanFactory.createBean(AbstractAutowireCapableBeanFactory.java:456)
	at org.springframework.beans.factory.support.AbstractBeanFactory$1.getObject(AbstractBeanFactory.java:291)
	at org.springframework.beans.factory.support.DefaultSingletonBeanRegistry.getSingleton(DefaultSingletonBeanRegistry.java:222)
	at org.springframework.beans.factory.support.AbstractBeanFactory.doGetBean(AbstractBeanFactory.java:288)
	at org.springframework.beans.factory.support.AbstractBeanFactory.getBean(AbstractBeanFactory.java:190)
	at org.springframework.beans.factory.support.DefaultListableBeanFactory.preInstantiateSingletons(DefaultListableBeanFactory.java:563)
	at org.springframework.context.support.AbstractApplicationContext.finishBeanFactoryInitialization(AbstractApplicationContext.java:895)
	at org.springframework.context.support.AbstractApplicationContext.refresh(AbstractApplicationContext.java:425)
	at cn.edu.nju.tsip.test.util.ControllerTest.setUp(ControllerTest.java:38)
	at junit.framework.TestCase.runBare(TestCase.java:132)
	at junit.framework.TestResult$1.protect(TestResult.java:110)
	at junit.framework.TestResult.runProtected(TestResult.java:128)
	at junit.framework.TestResult.run(TestResult.java:113)
	at junit.framework.TestCase.run(TestCase.java:124)
	at junit.framework.TestSuite.runTest(TestSuite.java:232)
	at junit.framework.TestSuite.run(TestSuite.java:227)
	at org.junit.internal.runners.JUnit38ClassRunner.run(JUnit38ClassRunner.java:83)
	at org.apache.maven.surefire.junit4.JUnit4TestSet.execute(JUnit4TestSet.java:35)
	at org.apache.maven.surefire.junit4.JUnit4Provider.executeTestSet(JUnit4Provider.java:115)
	at org.apache.maven.surefire.junit4.JUnit4Provider.invoke(JUnit4Provider.java:97)
	at sun.reflect.NativeMethodAccessorImpl.invoke0(Native Method)
	at sun.reflect.NativeMethodAccessorImpl.invoke(NativeMethodAccessorImpl.java:39)
	at sun.reflect.DelegatingMethodAccessorImpl.invoke(DelegatingMethodAccessorImpl.java:25)
	at java.lang.reflect.Method.invoke(Method.java:597)
	at org.apache.maven.surefire.booter.ProviderFactory$ClassLoaderProxy.invoke(ProviderFactory.java:103)
	at $Proxy0.invoke(Unknown Source)
	at org.apache.maven.surefire.booter.SurefireStarter.invokeProvider(SurefireStarter.java:150)
	at org.apache.maven.surefire.booter.SurefireStarter.runSuitesInProcess(SurefireStarter.java:91)
	at org.apache.maven.surefire.booter.ForkedBooter.main(ForkedBooter.java:69)
Caused by: com.mysql.jdbc.exceptions.jdbc4.CommunicationsException: Communications link failure

Last packet sent to the server was 0 ms ago.
	at sun.reflect.GeneratedConstructorAccessor39.newInstance(Unknown Source)
	at sun.reflect.DelegatingConstructorAccessorImpl.newInstance(DelegatingConstructorAccessorImpl.java:27)
	at java.lang.reflect.Constructor.newInstance(Constructor.java:513)
	at com.mysql.jdbc.Util.handleNewInstance(Util.java:406)
	at com.mysql.jdbc.SQLError.createCommunicationsException(SQLError.java:1074)
	at com.mysql.jdbc.ConnectionImpl.createNewIO(ConnectionImpl.java:2103)
	at com.mysql.jdbc.ConnectionImpl.&lt;init&gt;(ConnectionImpl.java:718)
	at com.mysql.jdbc.JDBC4Connection.&lt;init&gt;(JDBC4Connection.java:46)
	at sun.reflect.GeneratedConstructorAccessor36.newInstance(Unknown Source)
	at sun.reflect.DelegatingConstructorAccessorImpl.newInstance(DelegatingConstructorAccessorImpl.java:27)
	at java.lang.reflect.Constructor.newInstance(Constructor.java:513)
	at com.mysql.jdbc.Util.handleNewInstance(Util.java:406)
	at com.mysql.jdbc.ConnectionImpl.getInstance(ConnectionImpl.java:302)
	at com.mysql.jdbc.NonRegisteringDriver.connect(NonRegisteringDriver.java:282)
	at org.apache.commons.dbcp.DriverConnectionFactory.createConnection(DriverConnectionFactory.java:38)
	at org.apache.commons.dbcp.PoolableConnectionFactory.makeObject(PoolableConnectionFactory.java:294)
	at org.apache.commons.dbcp.BasicDataSource.validateConnectionFactory(BasicDataSource.java:1247)
	at org.apache.commons.dbcp.BasicDataSource.createDataSource(BasicDataSource.java:1221)
	... 42 more
Caused by: java.net.ConnectException: Connection refused
	at java.net.PlainSocketImpl.socketConnect(Native Method)
	at java.net.PlainSocketImpl.doConnect(PlainSocketImpl.java:351)
	at java.net.PlainSocketImpl.connectToAddress(PlainSocketImpl.java:213)
	at java.net.PlainSocketImpl.connect(PlainSocketImpl.java:200)
	at java.net.SocksSocketImpl.connect(SocksSocketImpl.java:366)
	at java.net.Socket.connect(Socket.java:529)
	at java.net.Socket.connect(Socket.java:478)
	at java.net.Socket.&lt;init&gt;(Socket.java:375)
	at java.net.Socket.&lt;init&gt;(Socket.java:218)
	at com.mysql.jdbc.StandardSocketFactory.connect(StandardSocketFactory.java:253)
	at com.mysql.jdbc.MysqlIO.&lt;init&gt;(MysqlIO.java:280)
	at com.mysql.jdbc.ConnectionImpl.createNewIO(ConnectionImpl.java:2026)
	... 54 more
INFO : org.springframework.orm.hibernate3.HibernateTransactionManager - Using DataSource [org.apache.commons.dbcp.BasicDataSource@88e83d] of Hibernate SessionFactory for HibernateTransactionManager
INFO : org.springframework.web.servlet.mvc.annotation.DefaultAnnotationHandlerMapping - Mapped URL path [/client/article/getall] onto handler &apos;articleController&apos;
INFO : org.springframework.web.servlet.mvc.annotation.DefaultAnnotationHandlerMapping - Mapped URL path [/client/article/getall.*] onto handler &apos;articleController&apos;
INFO : org.springframework.web.servlet.mvc.annotation.DefaultAnnotationHandlerMapping - Mapped URL path [/client/article/getall/] onto handler &apos;articleController&apos;
INFO : org.springframework.web.servlet.mvc.annotation.DefaultAnnotationHandlerMapping - Mapped URL path [/client/article/add] onto handler &apos;articleController&apos;
INFO : org.springframework.web.servlet.mvc.annotation.DefaultAnnotationHandlerMapping - Mapped URL path [/client/article/add.*] onto handler &apos;articleController&apos;
INFO : org.springframework.web.servlet.mvc.annotation.DefaultAnnotationHandlerMapping - Mapped URL path [/client/article/add/] onto handler &apos;articleController&apos;
INFO : org.springframework.web.servlet.mvc.annotation.DefaultAnnotationHandlerMapping - Mapped URL path [/client/category/add] onto handler &apos;articleController&apos;
INFO : org.springframework.web.servlet.mvc.annotation.DefaultAnnotationHandlerMapping - Mapped URL path [/client/category/add.*] onto handler &apos;articleController&apos;
INFO : org.springframework.web.servlet.mvc.annotation.DefaultAnnotationHandlerMapping - Mapped URL path [/client/category/add/] onto handler &apos;articleController&apos;
INFO : org.springframework.web.servlet.mvc.annotation.DefaultAnnotationHandlerMapping - Mapped URL path [/client/category/delete] onto handler &apos;articleController&apos;
INFO : org.springframework.web.servlet.mvc.annotation.DefaultAnnotationHandlerMapping - Mapped URL path [/client/category/delete.*] onto handler &apos;articleController&apos;
INFO : org.springframework.web.servlet.mvc.annotation.DefaultAnnotationHandlerMapping - Mapped URL path [/client/category/delete/] onto handler &apos;articleController&apos;
INFO : org.springframework.web.servlet.mvc.annotation.DefaultAnnotationHandlerMapping - Mapped URL path [/client/article/delete] onto handler &apos;articleController&apos;
INFO : org.springframework.web.servlet.mvc.annotation.DefaultAnnotationHandlerMapping - Mapped URL path [/client/article/delete.*] onto handler &apos;articleController&apos;
INFO : org.springframework.web.servlet.mvc.annotation.DefaultAnnotationHandlerMapping - Mapped URL path [/client/article/delete/] onto handler &apos;articleController&apos;
INFO : org.springframework.web.servlet.mvc.annotation.DefaultAnnotationHandlerMapping - Mapped URL path [/client/student/getinfo] onto handler &apos;studentController&apos;
INFO : org.springframework.web.servlet.mvc.annotation.DefaultAnnotationHandlerMapping - Mapped URL path [/client/student/getinfo.*] onto handler &apos;studentController&apos;
INFO : org.springframework.web.servlet.mvc.annotation.DefaultAnnotationHandlerMapping - Mapped URL path [/client/student/getinfo/] onto handler &apos;studentController&apos;
INFO : org.springframework.web.servlet.mvc.annotation.DefaultAnnotationHandlerMapping - Mapped URL path [/client/student/getmyinfo] onto handler &apos;studentController&apos;
INFO : org.springframework.web.servlet.mvc.annotation.DefaultAnnotationHandlerMapping - Mapped URL path [/client/student/getmyinfo.*] onto handler &apos;studentController&apos;
INFO : org.springframework.web.servlet.mvc.annotation.DefaultAnnotationHandlerMapping - Mapped URL path [/client/student/getmyinfo/] onto handler &apos;studentController&apos;
INFO : org.springframework.web.servlet.mvc.annotation.DefaultAnnotationHandlerMapping - Mapped URL path [/client/student/changeinfo] onto handler &apos;studentController&apos;
INFO : org.springframework.web.servlet.mvc.annotation.DefaultAnnotationHandlerMapping - Mapped URL path [/client/student/changeinfo.*] onto handler &apos;studentController&apos;
INFO : org.springframework.web.servlet.mvc.annotation.DefaultAnnotationHandlerMapping - Mapped URL path [/client/student/changeinfo/] onto handler &apos;studentController&apos;
INFO : org.springframework.web.servlet.mvc.annotation.DefaultAnnotationHandlerMapping - Mapped URL path [/client/student/add] onto handler &apos;studentController&apos;
INFO : org.springframework.web.servlet.mvc.annotation.DefaultAnnotationHandlerMapping - Mapped URL path [/client/student/add.*] onto handler &apos;studentController&apos;
INFO : org.springframework.web.servlet.mvc.annotation.DefaultAnnotationHandlerMapping - Mapped URL path [/client/student/add/] onto handler &apos;studentController&apos;
INFO : org.springframework.web.servlet.mvc.annotation.DefaultAnnotationHandlerMapping - Mapped URL path [/client/student/search] onto handler &apos;studentController&apos;
INFO : org.springframework.web.servlet.mvc.annotation.DefaultAnnotationHandlerMapping - Mapped URL path [/client/student/search.*] onto handler &apos;studentController&apos;
INFO : org.springframework.web.servlet.mvc.annotation.DefaultAnnotationHandlerMapping - Mapped URL path [/client/student/search/] onto handler &apos;studentController&apos;
INFO : org.springframework.web.servlet.mvc.annotation.DefaultAnnotationHandlerMapping - Mapped URL path [/client/BBS/get] onto handler &apos;BBSController&apos;
INFO : org.springframework.web.servlet.mvc.annotation.DefaultAnnotationHandlerMapping - Mapped URL path [/client/BBS/get.*] onto handler &apos;BBSController&apos;
INFO : org.springframework.web.servlet.mvc.annotation.DefaultAnnotationHandlerMapping - Mapped URL path [/client/BBS/get/] onto handler &apos;BBSController&apos;
INFO : org.springframework.web.servlet.mvc.annotation.DefaultAnnotationHandlerMapping - Mapped URL path [/client/BBS/create] onto handler &apos;BBSController&apos;
INFO : org.springframework.web.servlet.mvc.annotation.DefaultAnnotationHandlerMapping - Mapped URL path [/client/BBS/create.*] onto handler &apos;BBSController&apos;
INFO : org.springframework.web.servlet.mvc.annotation.DefaultAnnotationHandlerMapping - Mapped URL path [/client/BBS/create/] onto handler &apos;BBSController&apos;
INFO : org.springframework.web.servlet.mvc.annotation.DefaultAnnotationHandlerMapping - Mapped URL path [/client/BBS/change] onto handler &apos;BBSController&apos;
INFO : org.springframework.web.servlet.mvc.annotation.DefaultAnnotationHandlerMapping - Mapped URL path [/client/BBS/change.*] onto handler &apos;BBSController&apos;
INFO : org.springframework.web.servlet.mvc.annotation.DefaultAnnotationHandlerMapping - Mapped URL path [/client/BBS/change/] onto handler &apos;BBSController&apos;
INFO : org.springframework.web.servlet.mvc.annotation.DefaultAnnotationHandlerMapping - Mapped URL path [/client/BBS/detail] onto handler &apos;BBSController&apos;
INFO : org.springframework.web.servlet.mvc.annotation.DefaultAnnotationHandlerMapping - Mapped URL path [/client/BBS/detail.*] onto handler &apos;BBSController&apos;
INFO : org.springframework.web.servlet.mvc.annotation.DefaultAnnotationHandlerMapping - Mapped URL path [/client/BBS/detail/] onto handler &apos;BBSController&apos;
INFO : org.springframework.web.servlet.mvc.annotation.DefaultAnnotationHandlerMapping - Mapped URL path [/create] onto handler &apos;homeController&apos;
INFO : org.springframework.web.servlet.mvc.annotation.DefaultAnnotationHandlerMapping - Mapped URL path [/create.*] onto handler &apos;homeController&apos;
INFO : org.springframework.web.servlet.mvc.annotation.DefaultAnnotationHandlerMapping - Mapped URL path [/create/] onto handler &apos;homeController&apos;
INFO : org.springframework.web.servlet.mvc.annotation.DefaultAnnotationHandlerMapping - Mapped URL path [/index] onto handler &apos;homeController&apos;
INFO : org.springframework.web.servlet.mvc.annotation.DefaultAnnotationHandlerMapping - Mapped URL path [/index.*] onto handler &apos;homeController&apos;
INFO : org.springframework.web.servlet.mvc.annotation.DefaultAnnotationHandlerMapping - Mapped URL path [/index/] onto handler &apos;homeController&apos;
INFO : org.springframework.web.servlet.mvc.annotation.DefaultAnnotationHandlerMapping - Root mapping to handler &apos;homeController&apos;
INFO : org.springframework.web.servlet.mvc.annotation.DefaultAnnotationHandlerMapping - Mapped URL path [/ajax_api] onto handler &apos;homeController&apos;
INFO : org.springframework.web.servlet.mvc.annotation.DefaultAnnotationHandlerMapping - Mapped URL path [/ajax_api.*] onto handler &apos;homeController&apos;
INFO : org.springframework.web.servlet.mvc.annotation.DefaultAnnotationHandlerMapping - Mapped URL path [/ajax_api/] onto handler &apos;homeController&apos;
INFO : org.springframework.web.servlet.mvc.annotation.DefaultAnnotationHandlerMapping - Mapped URL path [/login] onto handler &apos;homeController&apos;
INFO : org.springframework.web.servlet.mvc.annotation.DefaultAnnotationHandlerMapping - Mapped URL path [/login.*] onto handler &apos;homeController&apos;
INFO : org.springframework.web.servlet.mvc.annotation.DefaultAnnotationHandlerMapping - Mapped URL path [/login/] onto handler &apos;homeController&apos;
INFO : org.springframework.web.servlet.mvc.annotation.DefaultAnnotationHandlerMapping - Mapped URL path [/client/mblog/getAll] onto handler &apos;mblogController&apos;
INFO : org.springframework.web.servlet.mvc.annotation.DefaultAnnotationHandlerMapping - Mapped URL path [/client/mblog/getAll.*] onto handler &apos;mblogController&apos;
INFO : org.springframework.web.servlet.mvc.annotation.DefaultAnnotationHandlerMapping - Mapped URL path [/client/mblog/getAll/] onto handler &apos;mblogController&apos;
INFO : org.springframework.web.servlet.mvc.annotation.DefaultAnnotationHandlerMapping - Mapped URL path [/client/mblog/create] onto handler &apos;mblogController&apos;
INFO : org.springframework.web.servlet.mvc.annotation.DefaultAnnotationHandlerMapping - Mapped URL path [/client/mblog/create.*] onto handler &apos;mblogController&apos;
INFO : org.springframework.web.servlet.mvc.annotation.DefaultAnnotationHandlerMapping - Mapped URL path [/client/mblog/create/] onto handler &apos;mblogController&apos;
INFO : org.springframework.web.servlet.mvc.annotation.DefaultAnnotationHandlerMapping - Mapped URL path [/client/mblog/getMblogDatail] onto handler &apos;mblogController&apos;
INFO : org.springframework.web.servlet.mvc.annotation.DefaultAnnotationHandlerMapping - Mapped URL path [/client/mblog/getMblogDatail.*] onto handler &apos;mblogController&apos;
INFO : org.springframework.web.servlet.mvc.annotation.DefaultAnnotationHandlerMapping - Mapped URL path [/client/mblog/getMblogDatail/] onto handler &apos;mblogController&apos;
INFO : org.springframework.web.servlet.mvc.annotation.DefaultAnnotationHandlerMapping - Mapped URL path [/client/mblog/addcomment] onto handler &apos;mblogController&apos;
INFO : org.springframework.web.servlet.mvc.annotation.DefaultAnnotationHandlerMapping - Mapped URL path [/client/mblog/addcomment.*] onto handler &apos;mblogController&apos;
INFO : org.springframework.web.servlet.mvc.annotation.DefaultAnnotationHandlerMapping - Mapped URL path [/client/mblog/addcomment/] onto handler &apos;mblogController&apos;
INFO : org.springframework.web.servlet.mvc.annotation.DefaultAnnotationHandlerMapping - Mapped URL path [/client/mblog/delete] onto handler &apos;mblogController&apos;
INFO : org.springframework.web.servlet.mvc.annotation.DefaultAnnotationHandlerMapping - Mapped URL path [/client/mblog/delete.*] onto handler &apos;mblogController&apos;
INFO : org.springframework.web.servlet.mvc.annotation.DefaultAnnotationHandlerMapping - Mapped URL path [/client/mblog/delete/] onto handler &apos;mblogController&apos;
INFO : org.springframework.web.servlet.mvc.annotation.DefaultAnnotationHandlerMapping - Mapped URL path [/client/album/get] onto handler &apos;pictureController&apos;
INFO : org.springframework.web.servlet.mvc.annotation.DefaultAnnotationHandlerMapping - Mapped URL path [/client/album/get.*] onto handler &apos;pictureController&apos;
INFO : org.springframework.web.servlet.mvc.annotation.DefaultAnnotationHandlerMapping - Mapped URL path [/client/album/get/] onto handler &apos;pictureController&apos;
INFO : org.springframework.web.servlet.mvc.annotation.DefaultAnnotationHandlerMapping - Mapped URL path [/client/album/add] onto handler &apos;pictureController&apos;
INFO : org.springframework.web.servlet.mvc.annotation.DefaultAnnotationHandlerMapping - Mapped URL path [/client/album/add.*] onto handler &apos;pictureController&apos;
INFO : org.springframework.web.servlet.mvc.annotation.DefaultAnnotationHandlerMapping - Mapped URL path [/client/album/add/] onto handler &apos;pictureController&apos;
INFO : org.springframework.web.servlet.mvc.annotation.DefaultAnnotationHandlerMapping - Mapped URL path [/client/album/share] onto handler &apos;pictureController&apos;
INFO : org.springframework.web.servlet.mvc.annotation.DefaultAnnotationHandlerMapping - Mapped URL path [/client/album/share.*] onto handler &apos;pictureController&apos;
INFO : org.springframework.web.servlet.mvc.annotation.DefaultAnnotationHandlerMapping - Mapped URL path [/client/album/share/] onto handler &apos;pictureController&apos;
INFO : org.springframework.web.servlet.mvc.annotation.DefaultAnnotationHandlerMapping - Mapped URL path [/client/album/delete] onto handler &apos;pictureController&apos;
INFO : org.springframework.web.servlet.mvc.annotation.DefaultAnnotationHandlerMapping - Mapped URL path [/client/album/delete.*] onto handler &apos;pictureController&apos;
INFO : org.springframework.web.servlet.mvc.annotation.DefaultAnnotationHandlerMapping - Mapped URL path [/client/album/delete/] onto handler &apos;pictureController&apos;
INFO : org.springframework.web.servlet.mvc.annotation.DefaultAnnotationHandlerMapping - Mapped URL path [/client/album/rename] onto handler &apos;pictureController&apos;
INFO : org.springframework.web.servlet.mvc.annotation.DefaultAnnotationHandlerMapping - Mapped URL path [/client/album/rename.*] onto handler &apos;pictureController&apos;
INFO : org.springframework.web.servlet.mvc.annotation.DefaultAnnotationHandlerMapping - Mapped URL path [/client/album/rename/] onto handler &apos;pictureController&apos;
INFO : org.springframework.web.servlet.mvc.annotation.DefaultAnnotationHandlerMapping - Mapped URL path [/client/picture/upload/{albumName}/{descrip}] onto handler &apos;pictureController&apos;
INFO : org.springframework.web.servlet.mvc.annotation.DefaultAnnotationHandlerMapping - Mapped URL path [/client/picture/upload/{albumName}/{descrip}.*] onto handler &apos;pictureController&apos;
INFO : org.springframework.web.servlet.mvc.annotation.DefaultAnnotationHandlerMapping - Mapped URL path [/client/picture/upload/{albumName}/{descrip}/] onto handler &apos;pictureController&apos;
INFO : org.springframework.web.servlet.mvc.annotation.DefaultAnnotationHandlerMapping - Mapped URL path [/client/album/getMy] onto handler &apos;pictureController&apos;
INFO : org.springframework.web.servlet.mvc.annotation.DefaultAnnotationHandlerMapping - Mapped URL path [/client/album/getMy.*] onto handler &apos;pictureController&apos;
INFO : org.springframework.web.servlet.mvc.annotation.DefaultAnnotationHandlerMapping - Mapped URL path [/client/album/getMy/] onto handler &apos;pictureController&apos;
INFO : org.springframework.web.servlet.mvc.annotation.DefaultAnnotationHandlerMapping - Mapped URL path [/client/album/detail] onto handler &apos;pictureController&apos;
INFO : org.springframework.web.servlet.mvc.annotation.DefaultAnnotationHandlerMapping - Mapped URL path [/client/album/detail.*] onto handler &apos;pictureController&apos;
INFO : org.springframework.web.servlet.mvc.annotation.DefaultAnnotationHandlerMapping - Mapped URL path [/client/album/detail/] onto handler &apos;pictureController&apos;
INFO : org.springframework.web.servlet.mvc.annotation.DefaultAnnotationHandlerMapping - Mapped URL path [/client/picture/detail] onto handler &apos;pictureController&apos;
INFO : org.springframework.web.servlet.mvc.annotation.DefaultAnnotationHandlerMapping - Mapped URL path [/client/picture/detail.*] onto handler &apos;pictureController&apos;
INFO : org.springframework.web.servlet.mvc.annotation.DefaultAnnotationHandlerMapping - Mapped URL path [/client/picture/detail/] onto handler &apos;pictureController&apos;
INFO : org.springframework.web.servlet.mvc.annotation.DefaultAnnotationHandlerMapping - Mapped URL path [/client/letter/add] onto handler &apos;letterController&apos;
INFO : org.springframework.web.servlet.mvc.annotation.DefaultAnnotationHandlerMapping - Mapped URL path [/client/letter/add.*] onto handler &apos;letterController&apos;
INFO : org.springframework.web.servlet.mvc.annotation.DefaultAnnotationHandlerMapping - Mapped URL path [/client/letter/add/] onto handler &apos;letterController&apos;
INFO : org.springframework.web.servlet.mvc.annotation.DefaultAnnotationHandlerMapping - Mapped URL path [/client/letter/getone] onto handler &apos;letterController&apos;
INFO : org.springframework.web.servlet.mvc.annotation.DefaultAnnotationHandlerMapping - Mapped URL path [/client/letter/getone.*] onto handler &apos;letterController&apos;
INFO : org.springframework.web.servlet.mvc.annotation.DefaultAnnotationHandlerMapping - Mapped URL path [/client/letter/getone/] onto handler &apos;letterController&apos;
INFO : org.springframework.web.servlet.mvc.annotation.DefaultAnnotationHandlerMapping - Mapped URL path [/client/letter/getall] onto handler &apos;letterController&apos;
INFO : org.springframework.web.servlet.mvc.annotation.DefaultAnnotationHandlerMapping - Mapped URL path [/client/letter/getall.*] onto handler &apos;letterController&apos;
INFO : org.springframework.web.servlet.mvc.annotation.DefaultAnnotationHandlerMapping - Mapped URL path [/client/letter/getall/] onto handler &apos;letterController&apos;
INFO : org.springframework.web.servlet.mvc.annotation.DefaultAnnotationHandlerMapping - Mapped URL path [/client/user/getOnline] onto handler &apos;letterController&apos;
INFO : org.springframework.web.servlet.mvc.annotation.DefaultAnnotationHandlerMapping - Mapped URL path [/client/user/getOnline.*] onto handler &apos;letterController&apos;
INFO : org.springframework.web.servlet.mvc.annotation.DefaultAnnotationHandlerMapping - Mapped URL path [/client/user/getOnline/] onto handler &apos;letterController&apos;
INFO : org.springframework.web.servlet.mvc.annotation.DefaultAnnotationHandlerMapping - Mapped URL path [/client/leter/getlatest] onto handler &apos;letterController&apos;
INFO : org.springframework.web.servlet.mvc.annotation.DefaultAnnotationHandlerMapping - Mapped URL path [/client/leter/getlatest.*] onto handler &apos;letterController&apos;
INFO : org.springframework.web.servlet.mvc.annotation.DefaultAnnotationHandlerMapping - Mapped URL path [/client/leter/getlatest/] onto handler &apos;letterController&apos;
INFO : org.springframework.web.servlet.mvc.annotation.DefaultAnnotationHandlerMapping - Mapped URL path [/client/disugroup/create] onto handler &apos;letterController&apos;
INFO : org.springframework.web.servlet.mvc.annotation.DefaultAnnotationHandlerMapping - Mapped URL path [/client/disugroup/create.*] onto handler &apos;letterController&apos;
INFO : org.springframework.web.servlet.mvc.annotation.DefaultAnnotationHandlerMapping - Mapped URL path [/client/disugroup/create/] onto handler &apos;letterController&apos;
INFO : org.springframework.web.servlet.mvc.annotation.DefaultAnnotationHandlerMapping - Mapped URL path [/client/disugroup/adduser] onto handler &apos;letterController&apos;
INFO : org.springframework.web.servlet.mvc.annotation.DefaultAnnotationHandlerMapping - Mapped URL path [/client/disugroup/adduser.*] onto handler &apos;letterController&apos;
INFO : org.springframework.web.servlet.mvc.annotation.DefaultAnnotationHandlerMapping - Mapped URL path [/client/disugroup/adduser/] onto handler &apos;letterController&apos;
INFO : org.springframework.web.servlet.mvc.annotation.DefaultAnnotationHandlerMapping - Mapped URL path [/client/disugroup/send] onto handler &apos;letterController&apos;
INFO : org.springframework.web.servlet.mvc.annotation.DefaultAnnotationHandlerMapping - Mapped URL path [/client/disugroup/send.*] onto handler &apos;letterController&apos;
INFO : org.springframework.web.servlet.mvc.annotation.DefaultAnnotationHandlerMapping - Mapped URL path [/client/disugroup/send/] onto handler &apos;letterController&apos;
INFO : org.springframework.web.servlet.mvc.annotation.DefaultAnnotationHandlerMapping - Mapped URL path [/client/disugroup/receive] onto handler &apos;letterController&apos;
INFO : org.springframework.web.servlet.mvc.annotation.DefaultAnnotationHandlerMapping - Mapped URL path [/client/disugroup/receive.*] onto handler &apos;letterController&apos;
INFO : org.springframework.web.servlet.mvc.annotation.DefaultAnnotationHandlerMapping - Mapped URL path [/client/disugroup/receive/] onto handler &apos;letterController&apos;
INFO : org.springframework.web.servlet.mvc.annotation.DefaultAnnotationHandlerMapping - Mapped URL path [/client/file/getAll] onto handler &apos;fileController&apos;
INFO : org.springframework.web.servlet.mvc.annotation.DefaultAnnotationHandlerMapping - Mapped URL path [/client/file/getAll.*] onto handler &apos;fileController&apos;
INFO : org.springframework.web.servlet.mvc.annotation.DefaultAnnotationHandlerMapping - Mapped URL path [/client/file/getAll/] onto handler &apos;fileController&apos;
INFO : org.springframework.web.servlet.mvc.annotation.DefaultAnnotationHandlerMapping - Mapped URL path [/client/file/save/{prefix}/{postfix}] onto handler &apos;fileController&apos;
INFO : org.springframework.web.servlet.mvc.annotation.DefaultAnnotationHandlerMapping - Mapped URL path [/client/file/save/{prefix}/{postfix}.*] onto handler &apos;fileController&apos;
INFO : org.springframework.web.servlet.mvc.annotation.DefaultAnnotationHandlerMapping - Mapped URL path [/client/file/save/{prefix}/{postfix}/] onto handler &apos;fileController&apos;
INFO : org.springframework.web.servlet.mvc.annotation.DefaultAnnotationHandlerMapping - Mapped URL path [/client/file/delete/{id}] onto handler &apos;fileController&apos;
INFO : org.springframework.web.servlet.mvc.annotation.DefaultAnnotationHandlerMapping - Mapped URL path [/client/file/delete/{id}.*] onto handler &apos;fileController&apos;
INFO : org.springframework.web.servlet.mvc.annotation.DefaultAnnotationHandlerMapping - Mapped URL path [/client/file/delete/{id}/] onto handler &apos;fileController&apos;
INFO : org.springframework.web.servlet.mvc.annotation.DefaultAnnotationHandlerMapping - Mapped URL path [/client/message/create/some] onto handler &apos;messageController&apos;
INFO : org.springframework.web.servlet.mvc.annotation.DefaultAnnotationHandlerMapping - Mapped URL path [/client/message/create/some.*] onto handler &apos;messageController&apos;
INFO : org.springframework.web.servlet.mvc.annotation.DefaultAnnotationHandlerMapping - Mapped URL path [/client/message/create/some/] onto handler &apos;messageController&apos;
INFO : org.springframework.web.servlet.mvc.annotation.DefaultAnnotationHandlerMapping - Mapped URL path [/client/message/create/student] onto handler &apos;messageController&apos;
INFO : org.springframework.web.servlet.mvc.annotation.DefaultAnnotationHandlerMapping - Mapped URL path [/client/message/create/student.*] onto handler &apos;messageController&apos;
INFO : org.springframework.web.servlet.mvc.annotation.DefaultAnnotationHandlerMapping - Mapped URL path [/client/message/create/student/] onto handler &apos;messageController&apos;
INFO : org.springframework.web.servlet.mvc.annotation.DefaultAnnotationHandlerMapping - Mapped URL path [/client/message/getallunreaded] onto handler &apos;messageController&apos;
INFO : org.springframework.web.servlet.mvc.annotation.DefaultAnnotationHandlerMapping - Mapped URL path [/client/message/getallunreaded.*] onto handler &apos;messageController&apos;
INFO : org.springframework.web.servlet.mvc.annotation.DefaultAnnotationHandlerMapping - Mapped URL path [/client/message/getallunreaded/] onto handler &apos;messageController&apos;
INFO : org.springframework.web.servlet.mvc.annotation.DefaultAnnotationHandlerMapping - Mapped URL path [/client/message/getMy] onto handler &apos;messageController&apos;
INFO : org.springframework.web.servlet.mvc.annotation.DefaultAnnotationHandlerMapping - Mapped URL path [/client/message/getMy.*] onto handler &apos;messageController&apos;
INFO : org.springframework.web.servlet.mvc.annotation.DefaultAnnotationHandlerMapping - Mapped URL path [/client/message/getMy/] onto handler &apos;messageController&apos;
INFO : org.springframework.web.servlet.mvc.annotation.DefaultAnnotationHandlerMapping - Mapped URL path [/client/message/detailMy] onto handler &apos;messageController&apos;
INFO : org.springframework.web.servlet.mvc.annotation.DefaultAnnotationHandlerMapping - Mapped URL path [/client/message/detailMy.*] onto handler &apos;messageController&apos;
INFO : org.springframework.web.servlet.mvc.annotation.DefaultAnnotationHandlerMapping - Mapped URL path [/client/message/detailMy/] onto handler &apos;messageController&apos;
INFO : org.springframework.web.servlet.mvc.annotation.DefaultAnnotationHandlerMapping - Mapped URL path [/client/message/detail] onto handler &apos;messageController&apos;
INFO : org.springframework.web.servlet.mvc.annotation.DefaultAnnotationHandlerMapping - Mapped URL path [/client/message/detail.*] onto handler &apos;messageController&apos;
INFO : org.springframework.web.servlet.mvc.annotation.DefaultAnnotationHandlerMapping - Mapped URL path [/client/message/detail/] onto handler &apos;messageController&apos;
INFO : org.springframework.web.servlet.mvc.annotation.DefaultAnnotationHandlerMapping - Mapped URL path [/client/message/getall] onto handler &apos;messageController&apos;
INFO : org.springframework.web.servlet.mvc.annotation.DefaultAnnotationHandlerMapping - Mapped URL path [/client/message/getall.*] onto handler &apos;messageController&apos;
INFO : org.springframework.web.servlet.mvc.annotation.DefaultAnnotationHandlerMapping - Mapped URL path [/client/message/getall/] onto handler &apos;messageController&apos;
INFO : org.springframework.web.servlet.mvc.annotation.DefaultAnnotationHandlerMapping - Mapped URL path [/client/user/login] onto handler &apos;userController&apos;
INFO : org.springframework.web.servlet.mvc.annotation.DefaultAnnotationHandlerMapping - Mapped URL path [/client/user/login.*] onto handler &apos;userController&apos;
INFO : org.springframework.web.servlet.mvc.annotation.DefaultAnnotationHandlerMapping - Mapped URL path [/client/user/login/] onto handler &apos;userController&apos;
INFO : org.springframework.web.servlet.mvc.annotation.DefaultAnnotationHandlerMapping - Mapped URL path [/client/user/getAll] onto handler &apos;userController&apos;
INFO : org.springframework.web.servlet.mvc.annotation.DefaultAnnotationHandlerMapping - Mapped URL path [/client/user/getAll.*] onto handler &apos;userController&apos;
INFO : org.springframework.web.servlet.mvc.annotation.DefaultAnnotationHandlerMapping - Mapped URL path [/client/user/getAll/] onto handler &apos;userController&apos;
INFO : org.springframework.web.servlet.mvc.annotation.DefaultAnnotationHandlerMapping - Mapped URL path [/client/user/exit] onto handler &apos;userController&apos;
INFO : org.springframework.web.servlet.mvc.annotation.DefaultAnnotationHandlerMapping - Mapped URL path [/client/user/exit.*] onto handler &apos;userController&apos;
INFO : org.springframework.web.servlet.mvc.annotation.DefaultAnnotationHandlerMapping - Mapped URL path [/client/user/exit/] onto handler &apos;userController&apos;
INFO : org.springframework.web.servlet.mvc.annotation.DefaultAnnotationHandlerMapping - Mapped URL path [/client/user/changepassword] onto handler &apos;userController&apos;
INFO : org.springframework.web.servlet.mvc.annotation.DefaultAnnotationHandlerMapping - Mapped URL path [/client/user/changepassword.*] onto handler &apos;userController&apos;
INFO : org.springframework.web.servlet.mvc.annotation.DefaultAnnotationHandlerMapping - Mapped URL path [/client/user/changepassword/] onto handler &apos;userController&apos;
INFO : org.springframework.web.servlet.handler.SimpleUrlHandlerMapping - Mapped URL path [/resources/**] onto handler &apos;org.springframework.web.servlet.resource.ResourceHttpRequestHandler#0&apos;
INFO : cn.edu.nju.tsip.web.MblogController - client get MBlog
WARN : org.hibernate.util.JDBCExceptionReporter - SQL Error: 0, SQLState: null
ERROR: org.hibernate.util.JDBCExceptionReporter - Cannot create PoolableConnectionFactory (Communications link failure

Last packet sent to the server was 0 ms ago.)
WARN : org.hibernate.util.JDBCExceptionReporter - SQL Error: 0, SQLState: null
ERROR: org.hibernate.util.JDBCExceptionReporter - Cannot create PoolableConnectionFactory (Communications link failure

Last packet sent to the server was 0 ms ago.)
</system-out>
  </testcase>
  <testcase time="0.448" classname="cn.edu.nju.tsip.test.web.MblogControllerTest" name="testAddComment">
    <error message="Hibernate operation: Cannot open connection; uncategorized SQLException for SQL [???]; SQL state [null]; error code [0]; Cannot create PoolableConnectionFactory (Communications link failure

Last packet sent to the server was 0 ms ago.); nested exception is org.apache.commons.dbcp.SQLNestedException: Cannot create PoolableConnectionFactory (Communications link failure

Last packet sent to the server was 0 ms ago.)" type="org.springframework.jdbc.UncategorizedSQLException">org.springframework.jdbc.UncategorizedSQLException: Hibernate operation: Cannot open connection; uncategorized SQLException for SQL [???]; SQL state [null]; error code [0]; Cannot create PoolableConnectionFactory (Communications link failure

Last packet sent to the server was 0 ms ago.); nested exception is org.apache.commons.dbcp.SQLNestedException: Cannot create PoolableConnectionFactory (Communications link failure

Last packet sent to the server was 0 ms ago.)
	at org.springframework.jdbc.support.AbstractFallbackSQLExceptionTranslator.translate(AbstractFallbackSQLExceptionTranslator.java:83)
	at org.springframework.jdbc.support.AbstractFallbackSQLExceptionTranslator.translate(AbstractFallbackSQLExceptionTranslator.java:80)
	at org.springframework.jdbc.support.AbstractFallbackSQLExceptionTranslator.translate(AbstractFallbackSQLExceptionTranslator.java:80)
	at org.springframework.orm.hibernate3.HibernateAccessor.convertJdbcAccessException(HibernateAccessor.java:424)
	at org.springframework.orm.hibernate3.HibernateAccessor.convertHibernateAccessException(HibernateAccessor.java:410)
	at org.springframework.orm.hibernate3.HibernateTemplate.doExecute(HibernateTemplate.java:411)
	at org.springframework.orm.hibernate3.HibernateTemplate.executeWithNativeSession(HibernateTemplate.java:374)
	at org.springframework.orm.hibernate3.HibernateTemplate.get(HibernateTemplate.java:512)
	at org.springframework.orm.hibernate3.HibernateTemplate.get(HibernateTemplate.java:506)
	at cn.edu.nju.tsip.dao.impl.DaoImpl.get(DaoImpl.java:34)
	at cn.edu.nju.tsip.service.impl.ServiceImpl.find(ServiceImpl.java:24)
	at cn.edu.nju.tsip.service.impl.ServiceImpl.find(ServiceImpl.java:1)
	at cn.edu.nju.tsip.web.MblogController.addcomment(MblogController.java:251)
	at cn.edu.nju.tsip.test.web.MblogControllerTest.testAddComment(MblogControllerTest.java:70)
	at sun.reflect.NativeMethodAccessorImpl.invoke0(Native Method)
	at sun.reflect.NativeMethodAccessorImpl.invoke(NativeMethodAccessorImpl.java:39)
	at sun.reflect.DelegatingMethodAccessorImpl.invoke(DelegatingMethodAccessorImpl.java:25)
	at java.lang.reflect.Method.invoke(Method.java:597)
	at junit.framework.TestCase.runTest(TestCase.java:168)
	at junit.framework.TestCase.runBare(TestCase.java:134)
	at junit.framework.TestResult$1.protect(TestResult.java:110)
	at junit.framework.TestResult.runProtected(TestResult.java:128)
	at junit.framework.TestResult.run(TestResult.java:113)
	at junit.framework.TestCase.run(TestCase.java:124)
	at junit.framework.TestSuite.runTest(TestSuite.java:232)
	at junit.framework.TestSuite.run(TestSuite.java:227)
	at org.junit.internal.runners.JUnit38ClassRunner.run(JUnit38ClassRunner.java:83)
	at org.apache.maven.surefire.junit4.JUnit4TestSet.execute(JUnit4TestSet.java:35)
	at org.apache.maven.surefire.junit4.JUnit4Provider.executeTestSet(JUnit4Provider.java:115)
	at org.apache.maven.surefire.junit4.JUnit4Provider.invoke(JUnit4Provider.java:97)
	at sun.reflect.NativeMethodAccessorImpl.invoke0(Native Method)
	at sun.reflect.NativeMethodAccessorImpl.invoke(NativeMethodAccessorImpl.java:39)
	at sun.reflect.DelegatingMethodAccessorImpl.invoke(DelegatingMethodAccessorImpl.java:25)
	at java.lang.reflect.Method.invoke(Method.java:597)
	at org.apache.maven.surefire.booter.ProviderFactory$ClassLoaderProxy.invoke(ProviderFactory.java:103)
	at $Proxy0.invoke(Unknown Source)
	at org.apache.maven.surefire.booter.SurefireStarter.invokeProvider(SurefireStarter.java:150)
	at org.apache.maven.surefire.booter.SurefireStarter.runSuitesInProcess(SurefireStarter.java:91)
	at org.apache.maven.surefire.booter.ForkedBooter.main(ForkedBooter.java:69)
Caused by: org.apache.commons.dbcp.SQLNestedException: Cannot create PoolableConnectionFactory (Communications link failure

Last packet sent to the server was 0 ms ago.)
	at org.apache.commons.dbcp.BasicDataSource.createDataSource(BasicDataSource.java:1225)
	at org.apache.commons.dbcp.BasicDataSource.getConnection(BasicDataSource.java:880)
	at org.springframework.orm.hibernate3.LocalDataSourceConnectionProvider.getConnection(LocalDataSourceConnectionProvider.java:81)
	at org.hibernate.jdbc.ConnectionManager.openConnection(ConnectionManager.java:446)
	at org.hibernate.jdbc.ConnectionManager.getConnection(ConnectionManager.java:167)
	at org.hibernate.jdbc.AbstractBatcher.prepareQueryStatement(AbstractBatcher.java:161)
	at org.hibernate.loader.Loader.prepareQueryStatement(Loader.java:1577)
	at org.hibernate.loader.Loader.doQuery(Loader.java:696)
	at org.hibernate.loader.Loader.doQueryAndInitializeNonLazyCollections(Loader.java:259)
	at org.hibernate.loader.Loader.loadEntity(Loader.java:1885)
	at org.hibernate.loader.entity.AbstractEntityLoader.load(AbstractEntityLoader.java:71)
	at org.hibernate.loader.entity.AbstractEntityLoader.load(AbstractEntityLoader.java:65)
	at org.hibernate.persister.entity.AbstractEntityPersister.load(AbstractEntityPersister.java:3062)
	at org.hibernate.event.def.DefaultLoadEventListener.loadFromDatasource(DefaultLoadEventListener.java:434)
	at org.hibernate.event.def.DefaultLoadEventListener.doLoad(DefaultLoadEventListener.java:415)
	at org.hibernate.event.def.DefaultLoadEventListener.load(DefaultLoadEventListener.java:165)
	at org.hibernate.event.def.DefaultLoadEventListener.proxyOrLoad(DefaultLoadEventListener.java:223)
	at org.hibernate.event.def.DefaultLoadEventListener.onLoad(DefaultLoadEventListener.java:126)
	at org.hibernate.impl.SessionImpl.fireLoad(SessionImpl.java:906)
	at org.hibernate.impl.SessionImpl.get(SessionImpl.java:843)
	at org.hibernate.impl.SessionImpl.get(SessionImpl.java:836)
	at org.springframework.orm.hibernate3.HibernateTemplate$1.doInHibernate(HibernateTemplate.java:519)
	at org.springframework.orm.hibernate3.HibernateTemplate.doExecute(HibernateTemplate.java:406)
	... 33 more
Caused by: com.mysql.jdbc.exceptions.jdbc4.CommunicationsException: Communications link failure

Last packet sent to the server was 0 ms ago.
	at sun.reflect.GeneratedConstructorAccessor39.newInstance(Unknown Source)
	at sun.reflect.DelegatingConstructorAccessorImpl.newInstance(DelegatingConstructorAccessorImpl.java:27)
	at java.lang.reflect.Constructor.newInstance(Constructor.java:513)
	at com.mysql.jdbc.Util.handleNewInstance(Util.java:406)
	at com.mysql.jdbc.SQLError.createCommunicationsException(SQLError.java:1074)
	at com.mysql.jdbc.ConnectionImpl.createNewIO(ConnectionImpl.java:2103)
	at com.mysql.jdbc.ConnectionImpl.&lt;init&gt;(ConnectionImpl.java:718)
	at com.mysql.jdbc.JDBC4Connection.&lt;init&gt;(JDBC4Connection.java:46)
	at sun.reflect.GeneratedConstructorAccessor36.newInstance(Unknown Source)
	at sun.reflect.DelegatingConstructorAccessorImpl.newInstance(DelegatingConstructorAccessorImpl.java:27)
	at java.lang.reflect.Constructor.newInstance(Constructor.java:513)
	at com.mysql.jdbc.Util.handleNewInstance(Util.java:406)
	at com.mysql.jdbc.ConnectionImpl.getInstance(ConnectionImpl.java:302)
	at com.mysql.jdbc.NonRegisteringDriver.connect(NonRegisteringDriver.java:282)
	at org.apache.commons.dbcp.DriverConnectionFactory.createConnection(DriverConnectionFactory.java:38)
	at org.apache.commons.dbcp.PoolableConnectionFactory.makeObject(PoolableConnectionFactory.java:294)
	at org.apache.commons.dbcp.BasicDataSource.validateConnectionFactory(BasicDataSource.java:1247)
	at org.apache.commons.dbcp.BasicDataSource.createDataSource(BasicDataSource.java:1221)
	... 55 more
Caused by: java.net.ConnectException: Connection refused
	at java.net.PlainSocketImpl.socketConnect(Native Method)
	at java.net.PlainSocketImpl.doConnect(PlainSocketImpl.java:351)
	at java.net.PlainSocketImpl.connectToAddress(PlainSocketImpl.java:213)
	at java.net.PlainSocketImpl.connect(PlainSocketImpl.java:200)
	at java.net.SocksSocketImpl.connect(SocksSocketImpl.java:366)
	at java.net.Socket.connect(Socket.java:529)
	at java.net.Socket.connect(Socket.java:478)
	at java.net.Socket.&lt;init&gt;(Socket.java:375)
	at java.net.Socket.&lt;init&gt;(Socket.java:218)
	at com.mysql.jdbc.StandardSocketFactory.connect(StandardSocketFactory.java:253)
	at com.mysql.jdbc.MysqlIO.&lt;init&gt;(MysqlIO.java:280)
	at com.mysql.jdbc.ConnectionImpl.createNewIO(ConnectionImpl.java:2026)
	... 67 more
</error>
    <system-out>INFO : org.springframework.web.context.support.XmlWebApplicationContext - Refreshing Root WebApplicationContext: startup date [Mon Jun 13 15:37:42 CST 2011]; root of context hierarchy
INFO : org.springframework.beans.factory.xml.XmlBeanDefinitionReader - Loading XML bean definitions from class path resource [spring/root-context.xml]
INFO : org.springframework.beans.factory.xml.XmlBeanDefinitionReader - Loading XML bean definitions from class path resource [spring/appServlet/servlet-context.xml]
INFO : org.springframework.beans.factory.xml.XmlBeanDefinitionReader - Loading XML bean definitions from class path resource [spring/appServlet/controllers.xml]
INFO : org.springframework.context.annotation.ClassPathBeanDefinitionScanner - JSR-330 &apos;javax.inject.Named&apos; annotation found and supported for component scanning
INFO : org.springframework.beans.factory.xml.XmlBeanDefinitionReader - Loading XML bean definitions from class path resource [spring/appServlet/controllers.xml]
INFO : org.springframework.context.annotation.ClassPathBeanDefinitionScanner - JSR-330 &apos;javax.inject.Named&apos; annotation found and supported for component scanning
INFO : org.springframework.beans.factory.annotation.AutowiredAnnotationBeanPostProcessor - JSR-330 &apos;javax.inject.Inject&apos; annotation found and supported for autowiring
INFO : org.springframework.beans.factory.support.DefaultListableBeanFactory - Pre-instantiating singletons in org.springframework.beans.factory.support.DefaultListableBeanFactory@cfaf6e: defining beans [multipartResolver,dataSource,sessionFactory,hibernateTemplate,transactionManager,org.springframework.web.servlet.mvc.annotation.DefaultAnnotationHandlerMapping#0,org.springframework.format.support.FormattingConversionServiceFactoryBean#0,org.springframework.validation.beanvalidation.LocalValidatorFactoryBean#0,org.springframework.web.servlet.mvc.annotation.AnnotationMethodHandlerAdapter#0,org.springframework.web.servlet.handler.MappedInterceptor#0,org.springframework.web.servlet.mvc.HttpRequestHandlerAdapter,org.springframework.web.servlet.resource.ResourceHttpRequestHandler#0,org.springframework.web.servlet.handler.SimpleUrlHandlerMapping#0,org.springframework.web.servlet.view.InternalResourceViewResolver#0,dao,albumService,userDetailsService,studentService,groupletterService,letterService,fileService,disugroupService,bbsService,articleService,messageService,userService,mblogService,categoryService,teacherService,pictureService,commentService,articleController,studentController,BBSController,homeController,mblogController,pictureController,letterController,fileController,messageController,userController,org.springframework.context.annotation.internalConfigurationAnnotationProcessor,org.springframework.context.annotation.internalAutowiredAnnotationProcessor,org.springframework.context.annotation.internalRequiredAnnotationProcessor,org.springframework.context.annotation.internalCommonAnnotationProcessor,org.springframework.context.annotation.internalPersistenceAnnotationProcessor]; root of factory hierarchy
INFO : org.hibernate.cfg.AnnotationBinder - Binding entity from annotated class: cn.edu.nju.tsip.entity.GroupLetter
INFO : org.hibernate.cfg.annotations.EntityBinder - Bind entity cn.edu.nju.tsip.entity.GroupLetter on table GroupLetter
INFO : org.hibernate.cfg.AnnotationBinder - Binding entity from annotated class: cn.edu.nju.tsip.entity.CourseInfo
INFO : org.hibernate.cfg.annotations.EntityBinder - Bind entity cn.edu.nju.tsip.entity.CourseInfo on table CourseInfo
INFO : org.hibernate.cfg.AnnotationBinder - Binding entity from annotated class: cn.edu.nju.tsip.entity.Letter
INFO : org.hibernate.cfg.annotations.EntityBinder - Bind entity cn.edu.nju.tsip.entity.Letter on table Letter
INFO : org.hibernate.cfg.AnnotationBinder - Binding entity from annotated class: cn.edu.nju.tsip.entity.User
INFO : org.hibernate.cfg.annotations.EntityBinder - Bind entity cn.edu.nju.tsip.entity.User on table User
INFO : org.hibernate.cfg.AnnotationBinder - Binding entity from annotated class: cn.edu.nju.tsip.entity.Admin
INFO : org.hibernate.cfg.annotations.EntityBinder - Bind entity cn.edu.nju.tsip.entity.Admin on table Admin
INFO : org.hibernate.cfg.AnnotationBinder - Binding entity from annotated class: cn.edu.nju.tsip.entity.MBlog
INFO : org.hibernate.cfg.annotations.EntityBinder - Bind entity cn.edu.nju.tsip.entity.MBlog on table MBlog
INFO : org.hibernate.cfg.AnnotationBinder - Binding entity from annotated class: cn.edu.nju.tsip.entity.Student
INFO : org.hibernate.cfg.annotations.EntityBinder - Bind entity cn.edu.nju.tsip.entity.Student on table Student
INFO : org.hibernate.cfg.AnnotationBinder - Binding entity from annotated class: cn.edu.nju.tsip.entity.Authority
INFO : org.hibernate.cfg.annotations.EntityBinder - Bind entity cn.edu.nju.tsip.entity.Authority on table Authority
INFO : org.hibernate.cfg.AnnotationBinder - Binding entity from annotated class: cn.edu.nju.tsip.entity.DisuGroup
INFO : org.hibernate.cfg.annotations.EntityBinder - Bind entity cn.edu.nju.tsip.entity.DisuGroup on table DisuGroup
INFO : org.hibernate.cfg.AnnotationBinder - Binding entity from annotated class: cn.edu.nju.tsip.entity.BBS
INFO : org.hibernate.cfg.annotations.EntityBinder - Bind entity cn.edu.nju.tsip.entity.BBS on table BBS
INFO : org.hibernate.cfg.AnnotationBinder - Binding entity from annotated class: cn.edu.nju.tsip.entity.Counsellor
INFO : org.hibernate.cfg.annotations.EntityBinder - Bind entity cn.edu.nju.tsip.entity.Counsellor on table Counsellor
INFO : org.hibernate.cfg.AnnotationBinder - Binding entity from annotated class: cn.edu.nju.tsip.entity.UploadFile
INFO : org.hibernate.cfg.annotations.EntityBinder - Bind entity cn.edu.nju.tsip.entity.UploadFile on table UploadFile
INFO : org.hibernate.cfg.AnnotationBinder - Binding entity from annotated class: cn.edu.nju.tsip.entity.Teacher
INFO : org.hibernate.cfg.annotations.EntityBinder - Bind entity cn.edu.nju.tsip.entity.Teacher on table Teacher
INFO : org.hibernate.cfg.AnnotationBinder - Binding entity from annotated class: cn.edu.nju.tsip.entity.Course
INFO : org.hibernate.cfg.annotations.EntityBinder - Bind entity cn.edu.nju.tsip.entity.Course on table Course
INFO : org.hibernate.cfg.AnnotationBinder - Binding entity from annotated class: cn.edu.nju.tsip.entity.Picture
INFO : org.hibernate.cfg.annotations.EntityBinder - Bind entity cn.edu.nju.tsip.entity.Picture on table Picture
INFO : org.hibernate.cfg.AnnotationBinder - Binding entity from annotated class: cn.edu.nju.tsip.entity.Message
INFO : org.hibernate.cfg.annotations.EntityBinder - Bind entity cn.edu.nju.tsip.entity.Message on table Message
INFO : org.hibernate.cfg.AnnotationBinder - Binding entity from annotated class: cn.edu.nju.tsip.entity.Article
INFO : org.hibernate.cfg.annotations.EntityBinder - Bind entity cn.edu.nju.tsip.entity.Article on table Article
INFO : org.hibernate.cfg.AnnotationBinder - Binding entity from annotated class: cn.edu.nju.tsip.entity.Leader
INFO : org.hibernate.cfg.annotations.EntityBinder - Bind entity cn.edu.nju.tsip.entity.Leader on table Leader
INFO : org.hibernate.cfg.AnnotationBinder - Binding entity from annotated class: cn.edu.nju.tsip.entity.UserGroup
INFO : org.hibernate.cfg.annotations.EntityBinder - Bind entity cn.edu.nju.tsip.entity.UserGroup on table UserGroup
INFO : org.hibernate.cfg.AnnotationBinder - Binding entity from annotated class: cn.edu.nju.tsip.entity.Message_User
INFO : org.hibernate.cfg.annotations.EntityBinder - Bind entity cn.edu.nju.tsip.entity.Message_User on table Message_User
INFO : org.hibernate.cfg.AnnotationBinder - Binding entity from annotated class: cn.edu.nju.tsip.entity.Album
INFO : org.hibernate.cfg.annotations.EntityBinder - Bind entity cn.edu.nju.tsip.entity.Album on table Album
INFO : org.hibernate.cfg.AnnotationBinder - Binding entity from annotated class: cn.edu.nju.tsip.entity.Role
INFO : org.hibernate.cfg.annotations.EntityBinder - Bind entity cn.edu.nju.tsip.entity.Role on table Role
INFO : org.hibernate.cfg.AnnotationBinder - Binding entity from annotated class: cn.edu.nju.tsip.entity.Comment
INFO : org.hibernate.cfg.annotations.EntityBinder - Bind entity cn.edu.nju.tsip.entity.Comment on table Comment
INFO : org.hibernate.cfg.AnnotationBinder - Binding entity from annotated class: cn.edu.nju.tsip.entity.Category
INFO : org.hibernate.cfg.annotations.EntityBinder - Bind entity cn.edu.nju.tsip.entity.Category on table Category
INFO : org.hibernate.cfg.annotations.CollectionBinder - Mapping collection: cn.edu.nju.tsip.entity.Comment.cmntChilds -&gt; Comment
INFO : org.hibernate.cfg.annotations.CollectionBinder - Mapping collection: cn.edu.nju.tsip.entity.Album.pictures -&gt; Picture
INFO : org.hibernate.cfg.annotations.CollectionBinder - Mapping collection: cn.edu.nju.tsip.entity.Article.comments -&gt; Comment
INFO : org.hibernate.cfg.annotations.CollectionBinder - Mapping collection: cn.edu.nju.tsip.entity.Message.comments -&gt; Comment
INFO : org.hibernate.cfg.annotations.CollectionBinder - Mapping collection: cn.edu.nju.tsip.entity.Picture.comments -&gt; Comment
INFO : org.hibernate.cfg.annotations.CollectionBinder - Mapping collection: cn.edu.nju.tsip.entity.BBS.comments -&gt; Comment
INFO : org.hibernate.cfg.annotations.CollectionBinder - Mapping collection: cn.edu.nju.tsip.entity.MBlog.comments -&gt; Comment
INFO : org.hibernate.cfg.annotations.CollectionBinder - Mapping collection: cn.edu.nju.tsip.entity.User.userGroups -&gt; UserGroup
INFO : org.hibernate.cfg.annotations.CollectionBinder - Mapping collection: cn.edu.nju.tsip.entity.User.albums -&gt; Album
INFO : org.hibernate.cfg.annotations.CollectionBinder - Mapping collection: cn.edu.nju.tsip.entity.User.categories -&gt; Category
INFO : org.hibernate.cfg.annotations.CollectionBinder - Mapping collection: cn.edu.nju.tsip.entity.User.mBlogs -&gt; MBlog
INFO : org.hibernate.cfg.annotations.CollectionBinder - Mapping collection: cn.edu.nju.tsip.entity.User.publishMsgs -&gt; Message
INFO : org.hibernate.cfg.annotations.CollectionBinder - Mapping collection: cn.edu.nju.tsip.entity.User.user2Messages -&gt; Message_User
INFO : org.hibernate.cfg.annotations.CollectionBinder - Mapping collection: cn.edu.nju.tsip.entity.Student.courseInfos -&gt; CourseInfo
INFO : org.hibernate.cfg.annotations.CollectionBinder - Mapping collection: cn.edu.nju.tsip.entity.Message.message2Users -&gt; Message_User
INFO : org.hibernate.cfg.annotations.CollectionBinder - Mapping collection: cn.edu.nju.tsip.entity.Category.articles -&gt; Article
INFO : org.hibernate.cfg.AnnotationConfiguration - Hibernate Validator not found: ignoring
INFO : org.springframework.orm.hibernate3.annotation.AnnotationSessionFactoryBean - Building new Hibernate SessionFactory
INFO : org.hibernate.connection.ConnectionProviderFactory - Initializing connection provider: org.springframework.orm.hibernate3.LocalDataSourceConnectionProvider
WARN : org.hibernate.util.JDBCExceptionReporter - SQL Error: 0, SQLState: null
ERROR: org.hibernate.util.JDBCExceptionReporter - Cannot create PoolableConnectionFactory (Communications link failure

Last packet sent to the server was 0 ms ago.)
WARN : org.hibernate.cfg.SettingsFactory - Could not obtain connection to query metadata
org.apache.commons.dbcp.SQLNestedException: Cannot create PoolableConnectionFactory (Communications link failure

Last packet sent to the server was 0 ms ago.)
	at org.apache.commons.dbcp.BasicDataSource.createDataSource(BasicDataSource.java:1225)
	at org.apache.commons.dbcp.BasicDataSource.getConnection(BasicDataSource.java:880)
	at org.springframework.orm.hibernate3.LocalDataSourceConnectionProvider.getConnection(LocalDataSourceConnectionProvider.java:81)
	at org.hibernate.cfg.SettingsFactory.buildSettings(SettingsFactory.java:111)
	at org.hibernate.cfg.Configuration.buildSettingsInternal(Configuration.java:2119)
	at org.hibernate.cfg.Configuration.buildSettings(Configuration.java:2115)
	at org.hibernate.cfg.Configuration.buildSessionFactory(Configuration.java:1339)
	at org.hibernate.cfg.AnnotationConfiguration.buildSessionFactory(AnnotationConfiguration.java:859)
	at org.springframework.orm.hibernate3.LocalSessionFactoryBean.newSessionFactory(LocalSessionFactoryBean.java:855)
	at org.springframework.orm.hibernate3.LocalSessionFactoryBean.buildSessionFactory(LocalSessionFactoryBean.java:774)
	at org.springframework.orm.hibernate3.AbstractSessionFactoryBean.afterPropertiesSet(AbstractSessionFactoryBean.java:211)
	at org.springframework.beans.factory.support.AbstractAutowireCapableBeanFactory.invokeInitMethods(AbstractAutowireCapableBeanFactory.java:1477)
	at org.springframework.beans.factory.support.AbstractAutowireCapableBeanFactory.initializeBean(AbstractAutowireCapableBeanFactory.java:1417)
	at org.springframework.beans.factory.support.AbstractAutowireCapableBeanFactory.doCreateBean(AbstractAutowireCapableBeanFactory.java:519)
	at org.springframework.beans.factory.support.AbstractAutowireCapableBeanFactory.createBean(AbstractAutowireCapableBeanFactory.java:456)
	at org.springframework.beans.factory.support.AbstractBeanFactory$1.getObject(AbstractBeanFactory.java:291)
	at org.springframework.beans.factory.support.DefaultSingletonBeanRegistry.getSingleton(DefaultSingletonBeanRegistry.java:222)
	at org.springframework.beans.factory.support.AbstractBeanFactory.doGetBean(AbstractBeanFactory.java:288)
	at org.springframework.beans.factory.support.AbstractBeanFactory.getBean(AbstractBeanFactory.java:190)
	at org.springframework.beans.factory.support.DefaultListableBeanFactory.preInstantiateSingletons(DefaultListableBeanFactory.java:563)
	at org.springframework.context.support.AbstractApplicationContext.finishBeanFactoryInitialization(AbstractApplicationContext.java:895)
	at org.springframework.context.support.AbstractApplicationContext.refresh(AbstractApplicationContext.java:425)
	at cn.edu.nju.tsip.test.util.ControllerTest.setUp(ControllerTest.java:38)
	at junit.framework.TestCase.runBare(TestCase.java:132)
	at junit.framework.TestResult$1.protect(TestResult.java:110)
	at junit.framework.TestResult.runProtected(TestResult.java:128)
	at junit.framework.TestResult.run(TestResult.java:113)
	at junit.framework.TestCase.run(TestCase.java:124)
	at junit.framework.TestSuite.runTest(TestSuite.java:232)
	at junit.framework.TestSuite.run(TestSuite.java:227)
	at org.junit.internal.runners.JUnit38ClassRunner.run(JUnit38ClassRunner.java:83)
	at org.apache.maven.surefire.junit4.JUnit4TestSet.execute(JUnit4TestSet.java:35)
	at org.apache.maven.surefire.junit4.JUnit4Provider.executeTestSet(JUnit4Provider.java:115)
	at org.apache.maven.surefire.junit4.JUnit4Provider.invoke(JUnit4Provider.java:97)
	at sun.reflect.NativeMethodAccessorImpl.invoke0(Native Method)
	at sun.reflect.NativeMethodAccessorImpl.invoke(NativeMethodAccessorImpl.java:39)
	at sun.reflect.DelegatingMethodAccessorImpl.invoke(DelegatingMethodAccessorImpl.java:25)
	at java.lang.reflect.Method.invoke(Method.java:597)
	at org.apache.maven.surefire.booter.ProviderFactory$ClassLoaderProxy.invoke(ProviderFactory.java:103)
	at $Proxy0.invoke(Unknown Source)
	at org.apache.maven.surefire.booter.SurefireStarter.invokeProvider(SurefireStarter.java:150)
	at org.apache.maven.surefire.booter.SurefireStarter.runSuitesInProcess(SurefireStarter.java:91)
	at org.apache.maven.surefire.booter.ForkedBooter.main(ForkedBooter.java:69)
Caused by: com.mysql.jdbc.exceptions.jdbc4.CommunicationsException: Communications link failure

Last packet sent to the server was 0 ms ago.
	at sun.reflect.GeneratedConstructorAccessor39.newInstance(Unknown Source)
	at sun.reflect.DelegatingConstructorAccessorImpl.newInstance(DelegatingConstructorAccessorImpl.java:27)
	at java.lang.reflect.Constructor.newInstance(Constructor.java:513)
	at com.mysql.jdbc.Util.handleNewInstance(Util.java:406)
	at com.mysql.jdbc.SQLError.createCommunicationsException(SQLError.java:1074)
	at com.mysql.jdbc.ConnectionImpl.createNewIO(ConnectionImpl.java:2103)
	at com.mysql.jdbc.ConnectionImpl.&lt;init&gt;(ConnectionImpl.java:718)
	at com.mysql.jdbc.JDBC4Connection.&lt;init&gt;(JDBC4Connection.java:46)
	at sun.reflect.GeneratedConstructorAccessor36.newInstance(Unknown Source)
	at sun.reflect.DelegatingConstructorAccessorImpl.newInstance(DelegatingConstructorAccessorImpl.java:27)
	at java.lang.reflect.Constructor.newInstance(Constructor.java:513)
	at com.mysql.jdbc.Util.handleNewInstance(Util.java:406)
	at com.mysql.jdbc.ConnectionImpl.getInstance(ConnectionImpl.java:302)
	at com.mysql.jdbc.NonRegisteringDriver.connect(NonRegisteringDriver.java:282)
	at org.apache.commons.dbcp.DriverConnectionFactory.createConnection(DriverConnectionFactory.java:38)
	at org.apache.commons.dbcp.PoolableConnectionFactory.makeObject(PoolableConnectionFactory.java:294)
	at org.apache.commons.dbcp.BasicDataSource.validateConnectionFactory(BasicDataSource.java:1247)
	at org.apache.commons.dbcp.BasicDataSource.createDataSource(BasicDataSource.java:1221)
	... 42 more
Caused by: java.net.ConnectException: Connection refused
	at java.net.PlainSocketImpl.socketConnect(Native Method)
	at java.net.PlainSocketImpl.doConnect(PlainSocketImpl.java:351)
	at java.net.PlainSocketImpl.connectToAddress(PlainSocketImpl.java:213)
	at java.net.PlainSocketImpl.connect(PlainSocketImpl.java:200)
	at java.net.SocksSocketImpl.connect(SocksSocketImpl.java:366)
	at java.net.Socket.connect(Socket.java:529)
	at java.net.Socket.connect(Socket.java:478)
	at java.net.Socket.&lt;init&gt;(Socket.java:375)
	at java.net.Socket.&lt;init&gt;(Socket.java:218)
	at com.mysql.jdbc.StandardSocketFactory.connect(StandardSocketFactory.java:253)
	at com.mysql.jdbc.MysqlIO.&lt;init&gt;(MysqlIO.java:280)
	at com.mysql.jdbc.ConnectionImpl.createNewIO(ConnectionImpl.java:2026)
	... 54 more
INFO : org.hibernate.dialect.Dialect - Using dialect: org.hibernate.dialect.MySQLDialect
INFO : org.hibernate.transaction.TransactionFactoryFactory - Transaction strategy: org.springframework.orm.hibernate3.SpringTransactionFactory
INFO : org.hibernate.transaction.TransactionManagerLookupFactory - No TransactionManagerLookup configured (in JTA environment, use of read-write or transactional second-level cache is not recommended)
INFO : org.hibernate.cfg.SettingsFactory - Automatic flush during beforeCompletion(): disabled
INFO : org.hibernate.cfg.SettingsFactory - Automatic session close at end of transaction: disabled
INFO : org.hibernate.cfg.SettingsFactory - Scrollable result sets: disabled
INFO : org.hibernate.cfg.SettingsFactory - JDBC3 getGeneratedKeys(): disabled
INFO : org.hibernate.cfg.SettingsFactory - Connection release mode: auto
INFO : org.hibernate.cfg.SettingsFactory - Maximum outer join fetch depth: 2
INFO : org.hibernate.cfg.SettingsFactory - Default batch fetch size: 1
INFO : org.hibernate.cfg.SettingsFactory - Generate SQL with comments: disabled
INFO : org.hibernate.cfg.SettingsFactory - Order SQL updates by primary key: disabled
INFO : org.hibernate.cfg.SettingsFactory - Order SQL inserts for batching: disabled
INFO : org.hibernate.cfg.SettingsFactory - Query translator: org.hibernate.hql.ast.ASTQueryTranslatorFactory
INFO : org.hibernate.hql.ast.ASTQueryTranslatorFactory - Using ASTQueryTranslatorFactory
INFO : org.hibernate.cfg.SettingsFactory - Query language substitutions: {}
INFO : org.hibernate.cfg.SettingsFactory - JPA-QL strict compliance: disabled
INFO : org.hibernate.cfg.SettingsFactory - Second-level cache: enabled
INFO : org.hibernate.cfg.SettingsFactory - Query cache: disabled
INFO : org.hibernate.cfg.SettingsFactory - Cache region factory : org.hibernate.cache.impl.NoCachingRegionFactory
INFO : org.hibernate.cfg.SettingsFactory - Optimize cache for minimal puts: disabled
INFO : org.hibernate.cfg.SettingsFactory - Structured second-level cache entries: disabled
INFO : org.hibernate.cfg.SettingsFactory - Echoing all SQL to stdout
INFO : org.hibernate.cfg.SettingsFactory - Statistics: disabled
INFO : org.hibernate.cfg.SettingsFactory - Deleted entity synthetic identifier rollback: disabled
INFO : org.hibernate.cfg.SettingsFactory - Default entity-mode: pojo
INFO : org.hibernate.cfg.SettingsFactory - Named query checking : enabled
INFO : org.hibernate.impl.SessionFactoryImpl - building session factory
INFO : org.hibernate.impl.SessionFactoryObjectFactory - Not binding factory to JNDI, no JNDI name configured
INFO : org.hibernate.tool.hbm2ddl.SchemaUpdate - Running hbm2ddl schema update
INFO : org.hibernate.tool.hbm2ddl.SchemaUpdate - fetching database metadata
WARN : org.hibernate.util.JDBCExceptionReporter - SQL Error: 0, SQLState: null
ERROR: org.hibernate.util.JDBCExceptionReporter - Cannot create PoolableConnectionFactory (Communications link failure

Last packet sent to the server was 0 ms ago.)
ERROR: org.hibernate.tool.hbm2ddl.SchemaUpdate - could not get database metadata
org.apache.commons.dbcp.SQLNestedException: Cannot create PoolableConnectionFactory (Communications link failure

Last packet sent to the server was 0 ms ago.)
	at org.apache.commons.dbcp.BasicDataSource.createDataSource(BasicDataSource.java:1225)
	at org.apache.commons.dbcp.BasicDataSource.getConnection(BasicDataSource.java:880)
	at org.springframework.orm.hibernate3.LocalDataSourceConnectionProvider.getConnection(LocalDataSourceConnectionProvider.java:81)
	at org.hibernate.tool.hbm2ddl.SuppliedConnectionProviderConnectionHelper.prepare(SuppliedConnectionProviderConnectionHelper.java:51)
	at org.hibernate.tool.hbm2ddl.SchemaUpdate.execute(SchemaUpdate.java:168)
	at org.hibernate.impl.SessionFactoryImpl.&lt;init&gt;(SessionFactoryImpl.java:356)
	at org.hibernate.cfg.Configuration.buildSessionFactory(Configuration.java:1341)
	at org.hibernate.cfg.AnnotationConfiguration.buildSessionFactory(AnnotationConfiguration.java:859)
	at org.springframework.orm.hibernate3.LocalSessionFactoryBean.newSessionFactory(LocalSessionFactoryBean.java:855)
	at org.springframework.orm.hibernate3.LocalSessionFactoryBean.buildSessionFactory(LocalSessionFactoryBean.java:774)
	at org.springframework.orm.hibernate3.AbstractSessionFactoryBean.afterPropertiesSet(AbstractSessionFactoryBean.java:211)
	at org.springframework.beans.factory.support.AbstractAutowireCapableBeanFactory.invokeInitMethods(AbstractAutowireCapableBeanFactory.java:1477)
	at org.springframework.beans.factory.support.AbstractAutowireCapableBeanFactory.initializeBean(AbstractAutowireCapableBeanFactory.java:1417)
	at org.springframework.beans.factory.support.AbstractAutowireCapableBeanFactory.doCreateBean(AbstractAutowireCapableBeanFactory.java:519)
	at org.springframework.beans.factory.support.AbstractAutowireCapableBeanFactory.createBean(AbstractAutowireCapableBeanFactory.java:456)
	at org.springframework.beans.factory.support.AbstractBeanFactory$1.getObject(AbstractBeanFactory.java:291)
	at org.springframework.beans.factory.support.DefaultSingletonBeanRegistry.getSingleton(DefaultSingletonBeanRegistry.java:222)
	at org.springframework.beans.factory.support.AbstractBeanFactory.doGetBean(AbstractBeanFactory.java:288)
	at org.springframework.beans.factory.support.AbstractBeanFactory.getBean(AbstractBeanFactory.java:190)
	at org.springframework.beans.factory.support.DefaultListableBeanFactory.preInstantiateSingletons(DefaultListableBeanFactory.java:563)
	at org.springframework.context.support.AbstractApplicationContext.finishBeanFactoryInitialization(AbstractApplicationContext.java:895)
	at org.springframework.context.support.AbstractApplicationContext.refresh(AbstractApplicationContext.java:425)
	at cn.edu.nju.tsip.test.util.ControllerTest.setUp(ControllerTest.java:38)
	at junit.framework.TestCase.runBare(TestCase.java:132)
	at junit.framework.TestResult$1.protect(TestResult.java:110)
	at junit.framework.TestResult.runProtected(TestResult.java:128)
	at junit.framework.TestResult.run(TestResult.java:113)
	at junit.framework.TestCase.run(TestCase.java:124)
	at junit.framework.TestSuite.runTest(TestSuite.java:232)
	at junit.framework.TestSuite.run(TestSuite.java:227)
	at org.junit.internal.runners.JUnit38ClassRunner.run(JUnit38ClassRunner.java:83)
	at org.apache.maven.surefire.junit4.JUnit4TestSet.execute(JUnit4TestSet.java:35)
	at org.apache.maven.surefire.junit4.JUnit4Provider.executeTestSet(JUnit4Provider.java:115)
	at org.apache.maven.surefire.junit4.JUnit4Provider.invoke(JUnit4Provider.java:97)
	at sun.reflect.NativeMethodAccessorImpl.invoke0(Native Method)
	at sun.reflect.NativeMethodAccessorImpl.invoke(NativeMethodAccessorImpl.java:39)
	at sun.reflect.DelegatingMethodAccessorImpl.invoke(DelegatingMethodAccessorImpl.java:25)
	at java.lang.reflect.Method.invoke(Method.java:597)
	at org.apache.maven.surefire.booter.ProviderFactory$ClassLoaderProxy.invoke(ProviderFactory.java:103)
	at $Proxy0.invoke(Unknown Source)
	at org.apache.maven.surefire.booter.SurefireStarter.invokeProvider(SurefireStarter.java:150)
	at org.apache.maven.surefire.booter.SurefireStarter.runSuitesInProcess(SurefireStarter.java:91)
	at org.apache.maven.surefire.booter.ForkedBooter.main(ForkedBooter.java:69)
Caused by: com.mysql.jdbc.exceptions.jdbc4.CommunicationsException: Communications link failure

Last packet sent to the server was 0 ms ago.
	at sun.reflect.GeneratedConstructorAccessor39.newInstance(Unknown Source)
	at sun.reflect.DelegatingConstructorAccessorImpl.newInstance(DelegatingConstructorAccessorImpl.java:27)
	at java.lang.reflect.Constructor.newInstance(Constructor.java:513)
	at com.mysql.jdbc.Util.handleNewInstance(Util.java:406)
	at com.mysql.jdbc.SQLError.createCommunicationsException(SQLError.java:1074)
	at com.mysql.jdbc.ConnectionImpl.createNewIO(ConnectionImpl.java:2103)
	at com.mysql.jdbc.ConnectionImpl.&lt;init&gt;(ConnectionImpl.java:718)
	at com.mysql.jdbc.JDBC4Connection.&lt;init&gt;(JDBC4Connection.java:46)
	at sun.reflect.GeneratedConstructorAccessor36.newInstance(Unknown Source)
	at sun.reflect.DelegatingConstructorAccessorImpl.newInstance(DelegatingConstructorAccessorImpl.java:27)
	at java.lang.reflect.Constructor.newInstance(Constructor.java:513)
	at com.mysql.jdbc.Util.handleNewInstance(Util.java:406)
	at com.mysql.jdbc.ConnectionImpl.getInstance(ConnectionImpl.java:302)
	at com.mysql.jdbc.NonRegisteringDriver.connect(NonRegisteringDriver.java:282)
	at org.apache.commons.dbcp.DriverConnectionFactory.createConnection(DriverConnectionFactory.java:38)
	at org.apache.commons.dbcp.PoolableConnectionFactory.makeObject(PoolableConnectionFactory.java:294)
	at org.apache.commons.dbcp.BasicDataSource.validateConnectionFactory(BasicDataSource.java:1247)
	at org.apache.commons.dbcp.BasicDataSource.createDataSource(BasicDataSource.java:1221)
	... 42 more
Caused by: java.net.ConnectException: Connection refused
	at java.net.PlainSocketImpl.socketConnect(Native Method)
	at java.net.PlainSocketImpl.doConnect(PlainSocketImpl.java:351)
	at java.net.PlainSocketImpl.connectToAddress(PlainSocketImpl.java:213)
	at java.net.PlainSocketImpl.connect(PlainSocketImpl.java:200)
	at java.net.SocksSocketImpl.connect(SocksSocketImpl.java:366)
	at java.net.Socket.connect(Socket.java:529)
	at java.net.Socket.connect(Socket.java:478)
	at java.net.Socket.&lt;init&gt;(Socket.java:375)
	at java.net.Socket.&lt;init&gt;(Socket.java:218)
	at com.mysql.jdbc.StandardSocketFactory.connect(StandardSocketFactory.java:253)
	at com.mysql.jdbc.MysqlIO.&lt;init&gt;(MysqlIO.java:280)
	at com.mysql.jdbc.ConnectionImpl.createNewIO(ConnectionImpl.java:2026)
	... 54 more
ERROR: org.hibernate.tool.hbm2ddl.SchemaUpdate - could not complete schema update
org.apache.commons.dbcp.SQLNestedException: Cannot create PoolableConnectionFactory (Communications link failure

Last packet sent to the server was 0 ms ago.)
	at org.apache.commons.dbcp.BasicDataSource.createDataSource(BasicDataSource.java:1225)
	at org.apache.commons.dbcp.BasicDataSource.getConnection(BasicDataSource.java:880)
	at org.springframework.orm.hibernate3.LocalDataSourceConnectionProvider.getConnection(LocalDataSourceConnectionProvider.java:81)
	at org.hibernate.tool.hbm2ddl.SuppliedConnectionProviderConnectionHelper.prepare(SuppliedConnectionProviderConnectionHelper.java:51)
	at org.hibernate.tool.hbm2ddl.SchemaUpdate.execute(SchemaUpdate.java:168)
	at org.hibernate.impl.SessionFactoryImpl.&lt;init&gt;(SessionFactoryImpl.java:356)
	at org.hibernate.cfg.Configuration.buildSessionFactory(Configuration.java:1341)
	at org.hibernate.cfg.AnnotationConfiguration.buildSessionFactory(AnnotationConfiguration.java:859)
	at org.springframework.orm.hibernate3.LocalSessionFactoryBean.newSessionFactory(LocalSessionFactoryBean.java:855)
	at org.springframework.orm.hibernate3.LocalSessionFactoryBean.buildSessionFactory(LocalSessionFactoryBean.java:774)
	at org.springframework.orm.hibernate3.AbstractSessionFactoryBean.afterPropertiesSet(AbstractSessionFactoryBean.java:211)
	at org.springframework.beans.factory.support.AbstractAutowireCapableBeanFactory.invokeInitMethods(AbstractAutowireCapableBeanFactory.java:1477)
	at org.springframework.beans.factory.support.AbstractAutowireCapableBeanFactory.initializeBean(AbstractAutowireCapableBeanFactory.java:1417)
	at org.springframework.beans.factory.support.AbstractAutowireCapableBeanFactory.doCreateBean(AbstractAutowireCapableBeanFactory.java:519)
	at org.springframework.beans.factory.support.AbstractAutowireCapableBeanFactory.createBean(AbstractAutowireCapableBeanFactory.java:456)
	at org.springframework.beans.factory.support.AbstractBeanFactory$1.getObject(AbstractBeanFactory.java:291)
	at org.springframework.beans.factory.support.DefaultSingletonBeanRegistry.getSingleton(DefaultSingletonBeanRegistry.java:222)
	at org.springframework.beans.factory.support.AbstractBeanFactory.doGetBean(AbstractBeanFactory.java:288)
	at org.springframework.beans.factory.support.AbstractBeanFactory.getBean(AbstractBeanFactory.java:190)
	at org.springframework.beans.factory.support.DefaultListableBeanFactory.preInstantiateSingletons(DefaultListableBeanFactory.java:563)
	at org.springframework.context.support.AbstractApplicationContext.finishBeanFactoryInitialization(AbstractApplicationContext.java:895)
	at org.springframework.context.support.AbstractApplicationContext.refresh(AbstractApplicationContext.java:425)
	at cn.edu.nju.tsip.test.util.ControllerTest.setUp(ControllerTest.java:38)
	at junit.framework.TestCase.runBare(TestCase.java:132)
	at junit.framework.TestResult$1.protect(TestResult.java:110)
	at junit.framework.TestResult.runProtected(TestResult.java:128)
	at junit.framework.TestResult.run(TestResult.java:113)
	at junit.framework.TestCase.run(TestCase.java:124)
	at junit.framework.TestSuite.runTest(TestSuite.java:232)
	at junit.framework.TestSuite.run(TestSuite.java:227)
	at org.junit.internal.runners.JUnit38ClassRunner.run(JUnit38ClassRunner.java:83)
	at org.apache.maven.surefire.junit4.JUnit4TestSet.execute(JUnit4TestSet.java:35)
	at org.apache.maven.surefire.junit4.JUnit4Provider.executeTestSet(JUnit4Provider.java:115)
	at org.apache.maven.surefire.junit4.JUnit4Provider.invoke(JUnit4Provider.java:97)
	at sun.reflect.NativeMethodAccessorImpl.invoke0(Native Method)
	at sun.reflect.NativeMethodAccessorImpl.invoke(NativeMethodAccessorImpl.java:39)
	at sun.reflect.DelegatingMethodAccessorImpl.invoke(DelegatingMethodAccessorImpl.java:25)
	at java.lang.reflect.Method.invoke(Method.java:597)
	at org.apache.maven.surefire.booter.ProviderFactory$ClassLoaderProxy.invoke(ProviderFactory.java:103)
	at $Proxy0.invoke(Unknown Source)
	at org.apache.maven.surefire.booter.SurefireStarter.invokeProvider(SurefireStarter.java:150)
	at org.apache.maven.surefire.booter.SurefireStarter.runSuitesInProcess(SurefireStarter.java:91)
	at org.apache.maven.surefire.booter.ForkedBooter.main(ForkedBooter.java:69)
Caused by: com.mysql.jdbc.exceptions.jdbc4.CommunicationsException: Communications link failure

Last packet sent to the server was 0 ms ago.
	at sun.reflect.GeneratedConstructorAccessor39.newInstance(Unknown Source)
	at sun.reflect.DelegatingConstructorAccessorImpl.newInstance(DelegatingConstructorAccessorImpl.java:27)
	at java.lang.reflect.Constructor.newInstance(Constructor.java:513)
	at com.mysql.jdbc.Util.handleNewInstance(Util.java:406)
	at com.mysql.jdbc.SQLError.createCommunicationsException(SQLError.java:1074)
	at com.mysql.jdbc.ConnectionImpl.createNewIO(ConnectionImpl.java:2103)
	at com.mysql.jdbc.ConnectionImpl.&lt;init&gt;(ConnectionImpl.java:718)
	at com.mysql.jdbc.JDBC4Connection.&lt;init&gt;(JDBC4Connection.java:46)
	at sun.reflect.GeneratedConstructorAccessor36.newInstance(Unknown Source)
	at sun.reflect.DelegatingConstructorAccessorImpl.newInstance(DelegatingConstructorAccessorImpl.java:27)
	at java.lang.reflect.Constructor.newInstance(Constructor.java:513)
	at com.mysql.jdbc.Util.handleNewInstance(Util.java:406)
	at com.mysql.jdbc.ConnectionImpl.getInstance(ConnectionImpl.java:302)
	at com.mysql.jdbc.NonRegisteringDriver.connect(NonRegisteringDriver.java:282)
	at org.apache.commons.dbcp.DriverConnectionFactory.createConnection(DriverConnectionFactory.java:38)
	at org.apache.commons.dbcp.PoolableConnectionFactory.makeObject(PoolableConnectionFactory.java:294)
	at org.apache.commons.dbcp.BasicDataSource.validateConnectionFactory(BasicDataSource.java:1247)
	at org.apache.commons.dbcp.BasicDataSource.createDataSource(BasicDataSource.java:1221)
	... 42 more
Caused by: java.net.ConnectException: Connection refused
	at java.net.PlainSocketImpl.socketConnect(Native Method)
	at java.net.PlainSocketImpl.doConnect(PlainSocketImpl.java:351)
	at java.net.PlainSocketImpl.connectToAddress(PlainSocketImpl.java:213)
	at java.net.PlainSocketImpl.connect(PlainSocketImpl.java:200)
	at java.net.SocksSocketImpl.connect(SocksSocketImpl.java:366)
	at java.net.Socket.connect(Socket.java:529)
	at java.net.Socket.connect(Socket.java:478)
	at java.net.Socket.&lt;init&gt;(Socket.java:375)
	at java.net.Socket.&lt;init&gt;(Socket.java:218)
	at com.mysql.jdbc.StandardSocketFactory.connect(StandardSocketFactory.java:253)
	at com.mysql.jdbc.MysqlIO.&lt;init&gt;(MysqlIO.java:280)
	at com.mysql.jdbc.ConnectionImpl.createNewIO(ConnectionImpl.java:2026)
	... 54 more
INFO : org.springframework.orm.hibernate3.HibernateTransactionManager - Using DataSource [org.apache.commons.dbcp.BasicDataSource@ec12f3] of Hibernate SessionFactory for HibernateTransactionManager
INFO : org.springframework.web.servlet.mvc.annotation.DefaultAnnotationHandlerMapping - Mapped URL path [/client/article/getall] onto handler &apos;articleController&apos;
INFO : org.springframework.web.servlet.mvc.annotation.DefaultAnnotationHandlerMapping - Mapped URL path [/client/article/getall.*] onto handler &apos;articleController&apos;
INFO : org.springframework.web.servlet.mvc.annotation.DefaultAnnotationHandlerMapping - Mapped URL path [/client/article/getall/] onto handler &apos;articleController&apos;
INFO : org.springframework.web.servlet.mvc.annotation.DefaultAnnotationHandlerMapping - Mapped URL path [/client/article/add] onto handler &apos;articleController&apos;
INFO : org.springframework.web.servlet.mvc.annotation.DefaultAnnotationHandlerMapping - Mapped URL path [/client/article/add.*] onto handler &apos;articleController&apos;
INFO : org.springframework.web.servlet.mvc.annotation.DefaultAnnotationHandlerMapping - Mapped URL path [/client/article/add/] onto handler &apos;articleController&apos;
INFO : org.springframework.web.servlet.mvc.annotation.DefaultAnnotationHandlerMapping - Mapped URL path [/client/category/add] onto handler &apos;articleController&apos;
INFO : org.springframework.web.servlet.mvc.annotation.DefaultAnnotationHandlerMapping - Mapped URL path [/client/category/add.*] onto handler &apos;articleController&apos;
INFO : org.springframework.web.servlet.mvc.annotation.DefaultAnnotationHandlerMapping - Mapped URL path [/client/category/add/] onto handler &apos;articleController&apos;
INFO : org.springframework.web.servlet.mvc.annotation.DefaultAnnotationHandlerMapping - Mapped URL path [/client/category/delete] onto handler &apos;articleController&apos;
INFO : org.springframework.web.servlet.mvc.annotation.DefaultAnnotationHandlerMapping - Mapped URL path [/client/category/delete.*] onto handler &apos;articleController&apos;
INFO : org.springframework.web.servlet.mvc.annotation.DefaultAnnotationHandlerMapping - Mapped URL path [/client/category/delete/] onto handler &apos;articleController&apos;
INFO : org.springframework.web.servlet.mvc.annotation.DefaultAnnotationHandlerMapping - Mapped URL path [/client/article/delete] onto handler &apos;articleController&apos;
INFO : org.springframework.web.servlet.mvc.annotation.DefaultAnnotationHandlerMapping - Mapped URL path [/client/article/delete.*] onto handler &apos;articleController&apos;
INFO : org.springframework.web.servlet.mvc.annotation.DefaultAnnotationHandlerMapping - Mapped URL path [/client/article/delete/] onto handler &apos;articleController&apos;
INFO : org.springframework.web.servlet.mvc.annotation.DefaultAnnotationHandlerMapping - Mapped URL path [/client/student/getinfo] onto handler &apos;studentController&apos;
INFO : org.springframework.web.servlet.mvc.annotation.DefaultAnnotationHandlerMapping - Mapped URL path [/client/student/getinfo.*] onto handler &apos;studentController&apos;
INFO : org.springframework.web.servlet.mvc.annotation.DefaultAnnotationHandlerMapping - Mapped URL path [/client/student/getinfo/] onto handler &apos;studentController&apos;
INFO : org.springframework.web.servlet.mvc.annotation.DefaultAnnotationHandlerMapping - Mapped URL path [/client/student/getmyinfo] onto handler &apos;studentController&apos;
INFO : org.springframework.web.servlet.mvc.annotation.DefaultAnnotationHandlerMapping - Mapped URL path [/client/student/getmyinfo.*] onto handler &apos;studentController&apos;
INFO : org.springframework.web.servlet.mvc.annotation.DefaultAnnotationHandlerMapping - Mapped URL path [/client/student/getmyinfo/] onto handler &apos;studentController&apos;
INFO : org.springframework.web.servlet.mvc.annotation.DefaultAnnotationHandlerMapping - Mapped URL path [/client/student/changeinfo] onto handler &apos;studentController&apos;
INFO : org.springframework.web.servlet.mvc.annotation.DefaultAnnotationHandlerMapping - Mapped URL path [/client/student/changeinfo.*] onto handler &apos;studentController&apos;
INFO : org.springframework.web.servlet.mvc.annotation.DefaultAnnotationHandlerMapping - Mapped URL path [/client/student/changeinfo/] onto handler &apos;studentController&apos;
INFO : org.springframework.web.servlet.mvc.annotation.DefaultAnnotationHandlerMapping - Mapped URL path [/client/student/add] onto handler &apos;studentController&apos;
INFO : org.springframework.web.servlet.mvc.annotation.DefaultAnnotationHandlerMapping - Mapped URL path [/client/student/add.*] onto handler &apos;studentController&apos;
INFO : org.springframework.web.servlet.mvc.annotation.DefaultAnnotationHandlerMapping - Mapped URL path [/client/student/add/] onto handler &apos;studentController&apos;
INFO : org.springframework.web.servlet.mvc.annotation.DefaultAnnotationHandlerMapping - Mapped URL path [/client/student/search] onto handler &apos;studentController&apos;
INFO : org.springframework.web.servlet.mvc.annotation.DefaultAnnotationHandlerMapping - Mapped URL path [/client/student/search.*] onto handler &apos;studentController&apos;
INFO : org.springframework.web.servlet.mvc.annotation.DefaultAnnotationHandlerMapping - Mapped URL path [/client/student/search/] onto handler &apos;studentController&apos;
INFO : org.springframework.web.servlet.mvc.annotation.DefaultAnnotationHandlerMapping - Mapped URL path [/client/BBS/get] onto handler &apos;BBSController&apos;
INFO : org.springframework.web.servlet.mvc.annotation.DefaultAnnotationHandlerMapping - Mapped URL path [/client/BBS/get.*] onto handler &apos;BBSController&apos;
INFO : org.springframework.web.servlet.mvc.annotation.DefaultAnnotationHandlerMapping - Mapped URL path [/client/BBS/get/] onto handler &apos;BBSController&apos;
INFO : org.springframework.web.servlet.mvc.annotation.DefaultAnnotationHandlerMapping - Mapped URL path [/client/BBS/create] onto handler &apos;BBSController&apos;
INFO : org.springframework.web.servlet.mvc.annotation.DefaultAnnotationHandlerMapping - Mapped URL path [/client/BBS/create.*] onto handler &apos;BBSController&apos;
INFO : org.springframework.web.servlet.mvc.annotation.DefaultAnnotationHandlerMapping - Mapped URL path [/client/BBS/create/] onto handler &apos;BBSController&apos;
INFO : org.springframework.web.servlet.mvc.annotation.DefaultAnnotationHandlerMapping - Mapped URL path [/client/BBS/change] onto handler &apos;BBSController&apos;
INFO : org.springframework.web.servlet.mvc.annotation.DefaultAnnotationHandlerMapping - Mapped URL path [/client/BBS/change.*] onto handler &apos;BBSController&apos;
INFO : org.springframework.web.servlet.mvc.annotation.DefaultAnnotationHandlerMapping - Mapped URL path [/client/BBS/change/] onto handler &apos;BBSController&apos;
INFO : org.springframework.web.servlet.mvc.annotation.DefaultAnnotationHandlerMapping - Mapped URL path [/client/BBS/detail] onto handler &apos;BBSController&apos;
INFO : org.springframework.web.servlet.mvc.annotation.DefaultAnnotationHandlerMapping - Mapped URL path [/client/BBS/detail.*] onto handler &apos;BBSController&apos;
INFO : org.springframework.web.servlet.mvc.annotation.DefaultAnnotationHandlerMapping - Mapped URL path [/client/BBS/detail/] onto handler &apos;BBSController&apos;
INFO : org.springframework.web.servlet.mvc.annotation.DefaultAnnotationHandlerMapping - Mapped URL path [/create] onto handler &apos;homeController&apos;
INFO : org.springframework.web.servlet.mvc.annotation.DefaultAnnotationHandlerMapping - Mapped URL path [/create.*] onto handler &apos;homeController&apos;
INFO : org.springframework.web.servlet.mvc.annotation.DefaultAnnotationHandlerMapping - Mapped URL path [/create/] onto handler &apos;homeController&apos;
INFO : org.springframework.web.servlet.mvc.annotation.DefaultAnnotationHandlerMapping - Mapped URL path [/index] onto handler &apos;homeController&apos;
INFO : org.springframework.web.servlet.mvc.annotation.DefaultAnnotationHandlerMapping - Mapped URL path [/index.*] onto handler &apos;homeController&apos;
INFO : org.springframework.web.servlet.mvc.annotation.DefaultAnnotationHandlerMapping - Mapped URL path [/index/] onto handler &apos;homeController&apos;
INFO : org.springframework.web.servlet.mvc.annotation.DefaultAnnotationHandlerMapping - Root mapping to handler &apos;homeController&apos;
INFO : org.springframework.web.servlet.mvc.annotation.DefaultAnnotationHandlerMapping - Mapped URL path [/ajax_api] onto handler &apos;homeController&apos;
INFO : org.springframework.web.servlet.mvc.annotation.DefaultAnnotationHandlerMapping - Mapped URL path [/ajax_api.*] onto handler &apos;homeController&apos;
INFO : org.springframework.web.servlet.mvc.annotation.DefaultAnnotationHandlerMapping - Mapped URL path [/ajax_api/] onto handler &apos;homeController&apos;
INFO : org.springframework.web.servlet.mvc.annotation.DefaultAnnotationHandlerMapping - Mapped URL path [/login] onto handler &apos;homeController&apos;
INFO : org.springframework.web.servlet.mvc.annotation.DefaultAnnotationHandlerMapping - Mapped URL path [/login.*] onto handler &apos;homeController&apos;
INFO : org.springframework.web.servlet.mvc.annotation.DefaultAnnotationHandlerMapping - Mapped URL path [/login/] onto handler &apos;homeController&apos;
INFO : org.springframework.web.servlet.mvc.annotation.DefaultAnnotationHandlerMapping - Mapped URL path [/client/mblog/getAll] onto handler &apos;mblogController&apos;
INFO : org.springframework.web.servlet.mvc.annotation.DefaultAnnotationHandlerMapping - Mapped URL path [/client/mblog/getAll.*] onto handler &apos;mblogController&apos;
INFO : org.springframework.web.servlet.mvc.annotation.DefaultAnnotationHandlerMapping - Mapped URL path [/client/mblog/getAll/] onto handler &apos;mblogController&apos;
INFO : org.springframework.web.servlet.mvc.annotation.DefaultAnnotationHandlerMapping - Mapped URL path [/client/mblog/create] onto handler &apos;mblogController&apos;
INFO : org.springframework.web.servlet.mvc.annotation.DefaultAnnotationHandlerMapping - Mapped URL path [/client/mblog/create.*] onto handler &apos;mblogController&apos;
INFO : org.springframework.web.servlet.mvc.annotation.DefaultAnnotationHandlerMapping - Mapped URL path [/client/mblog/create/] onto handler &apos;mblogController&apos;
INFO : org.springframework.web.servlet.mvc.annotation.DefaultAnnotationHandlerMapping - Mapped URL path [/client/mblog/getMblogDatail] onto handler &apos;mblogController&apos;
INFO : org.springframework.web.servlet.mvc.annotation.DefaultAnnotationHandlerMapping - Mapped URL path [/client/mblog/getMblogDatail.*] onto handler &apos;mblogController&apos;
INFO : org.springframework.web.servlet.mvc.annotation.DefaultAnnotationHandlerMapping - Mapped URL path [/client/mblog/getMblogDatail/] onto handler &apos;mblogController&apos;
INFO : org.springframework.web.servlet.mvc.annotation.DefaultAnnotationHandlerMapping - Mapped URL path [/client/mblog/addcomment] onto handler &apos;mblogController&apos;
INFO : org.springframework.web.servlet.mvc.annotation.DefaultAnnotationHandlerMapping - Mapped URL path [/client/mblog/addcomment.*] onto handler &apos;mblogController&apos;
INFO : org.springframework.web.servlet.mvc.annotation.DefaultAnnotationHandlerMapping - Mapped URL path [/client/mblog/addcomment/] onto handler &apos;mblogController&apos;
INFO : org.springframework.web.servlet.mvc.annotation.DefaultAnnotationHandlerMapping - Mapped URL path [/client/mblog/delete] onto handler &apos;mblogController&apos;
INFO : org.springframework.web.servlet.mvc.annotation.DefaultAnnotationHandlerMapping - Mapped URL path [/client/mblog/delete.*] onto handler &apos;mblogController&apos;
INFO : org.springframework.web.servlet.mvc.annotation.DefaultAnnotationHandlerMapping - Mapped URL path [/client/mblog/delete/] onto handler &apos;mblogController&apos;
INFO : org.springframework.web.servlet.mvc.annotation.DefaultAnnotationHandlerMapping - Mapped URL path [/client/album/get] onto handler &apos;pictureController&apos;
INFO : org.springframework.web.servlet.mvc.annotation.DefaultAnnotationHandlerMapping - Mapped URL path [/client/album/get.*] onto handler &apos;pictureController&apos;
INFO : org.springframework.web.servlet.mvc.annotation.DefaultAnnotationHandlerMapping - Mapped URL path [/client/album/get/] onto handler &apos;pictureController&apos;
INFO : org.springframework.web.servlet.mvc.annotation.DefaultAnnotationHandlerMapping - Mapped URL path [/client/album/add] onto handler &apos;pictureController&apos;
INFO : org.springframework.web.servlet.mvc.annotation.DefaultAnnotationHandlerMapping - Mapped URL path [/client/album/add.*] onto handler &apos;pictureController&apos;
INFO : org.springframework.web.servlet.mvc.annotation.DefaultAnnotationHandlerMapping - Mapped URL path [/client/album/add/] onto handler &apos;pictureController&apos;
INFO : org.springframework.web.servlet.mvc.annotation.DefaultAnnotationHandlerMapping - Mapped URL path [/client/album/share] onto handler &apos;pictureController&apos;
INFO : org.springframework.web.servlet.mvc.annotation.DefaultAnnotationHandlerMapping - Mapped URL path [/client/album/share.*] onto handler &apos;pictureController&apos;
INFO : org.springframework.web.servlet.mvc.annotation.DefaultAnnotationHandlerMapping - Mapped URL path [/client/album/share/] onto handler &apos;pictureController&apos;
INFO : org.springframework.web.servlet.mvc.annotation.DefaultAnnotationHandlerMapping - Mapped URL path [/client/album/delete] onto handler &apos;pictureController&apos;
INFO : org.springframework.web.servlet.mvc.annotation.DefaultAnnotationHandlerMapping - Mapped URL path [/client/album/delete.*] onto handler &apos;pictureController&apos;
INFO : org.springframework.web.servlet.mvc.annotation.DefaultAnnotationHandlerMapping - Mapped URL path [/client/album/delete/] onto handler &apos;pictureController&apos;
INFO : org.springframework.web.servlet.mvc.annotation.DefaultAnnotationHandlerMapping - Mapped URL path [/client/album/rename] onto handler &apos;pictureController&apos;
INFO : org.springframework.web.servlet.mvc.annotation.DefaultAnnotationHandlerMapping - Mapped URL path [/client/album/rename.*] onto handler &apos;pictureController&apos;
INFO : org.springframework.web.servlet.mvc.annotation.DefaultAnnotationHandlerMapping - Mapped URL path [/client/album/rename/] onto handler &apos;pictureController&apos;
INFO : org.springframework.web.servlet.mvc.annotation.DefaultAnnotationHandlerMapping - Mapped URL path [/client/picture/upload/{albumName}/{descrip}] onto handler &apos;pictureController&apos;
INFO : org.springframework.web.servlet.mvc.annotation.DefaultAnnotationHandlerMapping - Mapped URL path [/client/picture/upload/{albumName}/{descrip}.*] onto handler &apos;pictureController&apos;
INFO : org.springframework.web.servlet.mvc.annotation.DefaultAnnotationHandlerMapping - Mapped URL path [/client/picture/upload/{albumName}/{descrip}/] onto handler &apos;pictureController&apos;
INFO : org.springframework.web.servlet.mvc.annotation.DefaultAnnotationHandlerMapping - Mapped URL path [/client/album/getMy] onto handler &apos;pictureController&apos;
INFO : org.springframework.web.servlet.mvc.annotation.DefaultAnnotationHandlerMapping - Mapped URL path [/client/album/getMy.*] onto handler &apos;pictureController&apos;
INFO : org.springframework.web.servlet.mvc.annotation.DefaultAnnotationHandlerMapping - Mapped URL path [/client/album/getMy/] onto handler &apos;pictureController&apos;
INFO : org.springframework.web.servlet.mvc.annotation.DefaultAnnotationHandlerMapping - Mapped URL path [/client/album/detail] onto handler &apos;pictureController&apos;
INFO : org.springframework.web.servlet.mvc.annotation.DefaultAnnotationHandlerMapping - Mapped URL path [/client/album/detail.*] onto handler &apos;pictureController&apos;
INFO : org.springframework.web.servlet.mvc.annotation.DefaultAnnotationHandlerMapping - Mapped URL path [/client/album/detail/] onto handler &apos;pictureController&apos;
INFO : org.springframework.web.servlet.mvc.annotation.DefaultAnnotationHandlerMapping - Mapped URL path [/client/picture/detail] onto handler &apos;pictureController&apos;
INFO : org.springframework.web.servlet.mvc.annotation.DefaultAnnotationHandlerMapping - Mapped URL path [/client/picture/detail.*] onto handler &apos;pictureController&apos;
INFO : org.springframework.web.servlet.mvc.annotation.DefaultAnnotationHandlerMapping - Mapped URL path [/client/picture/detail/] onto handler &apos;pictureController&apos;
INFO : org.springframework.web.servlet.mvc.annotation.DefaultAnnotationHandlerMapping - Mapped URL path [/client/letter/add] onto handler &apos;letterController&apos;
INFO : org.springframework.web.servlet.mvc.annotation.DefaultAnnotationHandlerMapping - Mapped URL path [/client/letter/add.*] onto handler &apos;letterController&apos;
INFO : org.springframework.web.servlet.mvc.annotation.DefaultAnnotationHandlerMapping - Mapped URL path [/client/letter/add/] onto handler &apos;letterController&apos;
INFO : org.springframework.web.servlet.mvc.annotation.DefaultAnnotationHandlerMapping - Mapped URL path [/client/letter/getone] onto handler &apos;letterController&apos;
INFO : org.springframework.web.servlet.mvc.annotation.DefaultAnnotationHandlerMapping - Mapped URL path [/client/letter/getone.*] onto handler &apos;letterController&apos;
INFO : org.springframework.web.servlet.mvc.annotation.DefaultAnnotationHandlerMapping - Mapped URL path [/client/letter/getone/] onto handler &apos;letterController&apos;
INFO : org.springframework.web.servlet.mvc.annotation.DefaultAnnotationHandlerMapping - Mapped URL path [/client/letter/getall] onto handler &apos;letterController&apos;
INFO : org.springframework.web.servlet.mvc.annotation.DefaultAnnotationHandlerMapping - Mapped URL path [/client/letter/getall.*] onto handler &apos;letterController&apos;
INFO : org.springframework.web.servlet.mvc.annotation.DefaultAnnotationHandlerMapping - Mapped URL path [/client/letter/getall/] onto handler &apos;letterController&apos;
INFO : org.springframework.web.servlet.mvc.annotation.DefaultAnnotationHandlerMapping - Mapped URL path [/client/user/getOnline] onto handler &apos;letterController&apos;
INFO : org.springframework.web.servlet.mvc.annotation.DefaultAnnotationHandlerMapping - Mapped URL path [/client/user/getOnline.*] onto handler &apos;letterController&apos;
INFO : org.springframework.web.servlet.mvc.annotation.DefaultAnnotationHandlerMapping - Mapped URL path [/client/user/getOnline/] onto handler &apos;letterController&apos;
INFO : org.springframework.web.servlet.mvc.annotation.DefaultAnnotationHandlerMapping - Mapped URL path [/client/leter/getlatest] onto handler &apos;letterController&apos;
INFO : org.springframework.web.servlet.mvc.annotation.DefaultAnnotationHandlerMapping - Mapped URL path [/client/leter/getlatest.*] onto handler &apos;letterController&apos;
INFO : org.springframework.web.servlet.mvc.annotation.DefaultAnnotationHandlerMapping - Mapped URL path [/client/leter/getlatest/] onto handler &apos;letterController&apos;
INFO : org.springframework.web.servlet.mvc.annotation.DefaultAnnotationHandlerMapping - Mapped URL path [/client/disugroup/create] onto handler &apos;letterController&apos;
INFO : org.springframework.web.servlet.mvc.annotation.DefaultAnnotationHandlerMapping - Mapped URL path [/client/disugroup/create.*] onto handler &apos;letterController&apos;
INFO : org.springframework.web.servlet.mvc.annotation.DefaultAnnotationHandlerMapping - Mapped URL path [/client/disugroup/create/] onto handler &apos;letterController&apos;
INFO : org.springframework.web.servlet.mvc.annotation.DefaultAnnotationHandlerMapping - Mapped URL path [/client/disugroup/adduser] onto handler &apos;letterController&apos;
INFO : org.springframework.web.servlet.mvc.annotation.DefaultAnnotationHandlerMapping - Mapped URL path [/client/disugroup/adduser.*] onto handler &apos;letterController&apos;
INFO : org.springframework.web.servlet.mvc.annotation.DefaultAnnotationHandlerMapping - Mapped URL path [/client/disugroup/adduser/] onto handler &apos;letterController&apos;
INFO : org.springframework.web.servlet.mvc.annotation.DefaultAnnotationHandlerMapping - Mapped URL path [/client/disugroup/send] onto handler &apos;letterController&apos;
INFO : org.springframework.web.servlet.mvc.annotation.DefaultAnnotationHandlerMapping - Mapped URL path [/client/disugroup/send.*] onto handler &apos;letterController&apos;
INFO : org.springframework.web.servlet.mvc.annotation.DefaultAnnotationHandlerMapping - Mapped URL path [/client/disugroup/send/] onto handler &apos;letterController&apos;
INFO : org.springframework.web.servlet.mvc.annotation.DefaultAnnotationHandlerMapping - Mapped URL path [/client/disugroup/receive] onto handler &apos;letterController&apos;
INFO : org.springframework.web.servlet.mvc.annotation.DefaultAnnotationHandlerMapping - Mapped URL path [/client/disugroup/receive.*] onto handler &apos;letterController&apos;
INFO : org.springframework.web.servlet.mvc.annotation.DefaultAnnotationHandlerMapping - Mapped URL path [/client/disugroup/receive/] onto handler &apos;letterController&apos;
INFO : org.springframework.web.servlet.mvc.annotation.DefaultAnnotationHandlerMapping - Mapped URL path [/client/file/getAll] onto handler &apos;fileController&apos;
INFO : org.springframework.web.servlet.mvc.annotation.DefaultAnnotationHandlerMapping - Mapped URL path [/client/file/getAll.*] onto handler &apos;fileController&apos;
INFO : org.springframework.web.servlet.mvc.annotation.DefaultAnnotationHandlerMapping - Mapped URL path [/client/file/getAll/] onto handler &apos;fileController&apos;
INFO : org.springframework.web.servlet.mvc.annotation.DefaultAnnotationHandlerMapping - Mapped URL path [/client/file/save/{prefix}/{postfix}] onto handler &apos;fileController&apos;
INFO : org.springframework.web.servlet.mvc.annotation.DefaultAnnotationHandlerMapping - Mapped URL path [/client/file/save/{prefix}/{postfix}.*] onto handler &apos;fileController&apos;
INFO : org.springframework.web.servlet.mvc.annotation.DefaultAnnotationHandlerMapping - Mapped URL path [/client/file/save/{prefix}/{postfix}/] onto handler &apos;fileController&apos;
INFO : org.springframework.web.servlet.mvc.annotation.DefaultAnnotationHandlerMapping - Mapped URL path [/client/file/delete/{id}] onto handler &apos;fileController&apos;
INFO : org.springframework.web.servlet.mvc.annotation.DefaultAnnotationHandlerMapping - Mapped URL path [/client/file/delete/{id}.*] onto handler &apos;fileController&apos;
INFO : org.springframework.web.servlet.mvc.annotation.DefaultAnnotationHandlerMapping - Mapped URL path [/client/file/delete/{id}/] onto handler &apos;fileController&apos;
INFO : org.springframework.web.servlet.mvc.annotation.DefaultAnnotationHandlerMapping - Mapped URL path [/client/message/create/some] onto handler &apos;messageController&apos;
INFO : org.springframework.web.servlet.mvc.annotation.DefaultAnnotationHandlerMapping - Mapped URL path [/client/message/create/some.*] onto handler &apos;messageController&apos;
INFO : org.springframework.web.servlet.mvc.annotation.DefaultAnnotationHandlerMapping - Mapped URL path [/client/message/create/some/] onto handler &apos;messageController&apos;
INFO : org.springframework.web.servlet.mvc.annotation.DefaultAnnotationHandlerMapping - Mapped URL path [/client/message/create/student] onto handler &apos;messageController&apos;
INFO : org.springframework.web.servlet.mvc.annotation.DefaultAnnotationHandlerMapping - Mapped URL path [/client/message/create/student.*] onto handler &apos;messageController&apos;
INFO : org.springframework.web.servlet.mvc.annotation.DefaultAnnotationHandlerMapping - Mapped URL path [/client/message/create/student/] onto handler &apos;messageController&apos;
INFO : org.springframework.web.servlet.mvc.annotation.DefaultAnnotationHandlerMapping - Mapped URL path [/client/message/getallunreaded] onto handler &apos;messageController&apos;
INFO : org.springframework.web.servlet.mvc.annotation.DefaultAnnotationHandlerMapping - Mapped URL path [/client/message/getallunreaded.*] onto handler &apos;messageController&apos;
INFO : org.springframework.web.servlet.mvc.annotation.DefaultAnnotationHandlerMapping - Mapped URL path [/client/message/getallunreaded/] onto handler &apos;messageController&apos;
INFO : org.springframework.web.servlet.mvc.annotation.DefaultAnnotationHandlerMapping - Mapped URL path [/client/message/getMy] onto handler &apos;messageController&apos;
INFO : org.springframework.web.servlet.mvc.annotation.DefaultAnnotationHandlerMapping - Mapped URL path [/client/message/getMy.*] onto handler &apos;messageController&apos;
INFO : org.springframework.web.servlet.mvc.annotation.DefaultAnnotationHandlerMapping - Mapped URL path [/client/message/getMy/] onto handler &apos;messageController&apos;
INFO : org.springframework.web.servlet.mvc.annotation.DefaultAnnotationHandlerMapping - Mapped URL path [/client/message/detailMy] onto handler &apos;messageController&apos;
INFO : org.springframework.web.servlet.mvc.annotation.DefaultAnnotationHandlerMapping - Mapped URL path [/client/message/detailMy.*] onto handler &apos;messageController&apos;
INFO : org.springframework.web.servlet.mvc.annotation.DefaultAnnotationHandlerMapping - Mapped URL path [/client/message/detailMy/] onto handler &apos;messageController&apos;
INFO : org.springframework.web.servlet.mvc.annotation.DefaultAnnotationHandlerMapping - Mapped URL path [/client/message/detail] onto handler &apos;messageController&apos;
INFO : org.springframework.web.servlet.mvc.annotation.DefaultAnnotationHandlerMapping - Mapped URL path [/client/message/detail.*] onto handler &apos;messageController&apos;
INFO : org.springframework.web.servlet.mvc.annotation.DefaultAnnotationHandlerMapping - Mapped URL path [/client/message/detail/] onto handler &apos;messageController&apos;
INFO : org.springframework.web.servlet.mvc.annotation.DefaultAnnotationHandlerMapping - Mapped URL path [/client/message/getall] onto handler &apos;messageController&apos;
INFO : org.springframework.web.servlet.mvc.annotation.DefaultAnnotationHandlerMapping - Mapped URL path [/client/message/getall.*] onto handler &apos;messageController&apos;
INFO : org.springframework.web.servlet.mvc.annotation.DefaultAnnotationHandlerMapping - Mapped URL path [/client/message/getall/] onto handler &apos;messageController&apos;
INFO : org.springframework.web.servlet.mvc.annotation.DefaultAnnotationHandlerMapping - Mapped URL path [/client/user/login] onto handler &apos;userController&apos;
INFO : org.springframework.web.servlet.mvc.annotation.DefaultAnnotationHandlerMapping - Mapped URL path [/client/user/login.*] onto handler &apos;userController&apos;
INFO : org.springframework.web.servlet.mvc.annotation.DefaultAnnotationHandlerMapping - Mapped URL path [/client/user/login/] onto handler &apos;userController&apos;
INFO : org.springframework.web.servlet.mvc.annotation.DefaultAnnotationHandlerMapping - Mapped URL path [/client/user/getAll] onto handler &apos;userController&apos;
INFO : org.springframework.web.servlet.mvc.annotation.DefaultAnnotationHandlerMapping - Mapped URL path [/client/user/getAll.*] onto handler &apos;userController&apos;
INFO : org.springframework.web.servlet.mvc.annotation.DefaultAnnotationHandlerMapping - Mapped URL path [/client/user/getAll/] onto handler &apos;userController&apos;
INFO : org.springframework.web.servlet.mvc.annotation.DefaultAnnotationHandlerMapping - Mapped URL path [/client/user/exit] onto handler &apos;userController&apos;
INFO : org.springframework.web.servlet.mvc.annotation.DefaultAnnotationHandlerMapping - Mapped URL path [/client/user/exit.*] onto handler &apos;userController&apos;
INFO : org.springframework.web.servlet.mvc.annotation.DefaultAnnotationHandlerMapping - Mapped URL path [/client/user/exit/] onto handler &apos;userController&apos;
INFO : org.springframework.web.servlet.mvc.annotation.DefaultAnnotationHandlerMapping - Mapped URL path [/client/user/changepassword] onto handler &apos;userController&apos;
INFO : org.springframework.web.servlet.mvc.annotation.DefaultAnnotationHandlerMapping - Mapped URL path [/client/user/changepassword.*] onto handler &apos;userController&apos;
INFO : org.springframework.web.servlet.mvc.annotation.DefaultAnnotationHandlerMapping - Mapped URL path [/client/user/changepassword/] onto handler &apos;userController&apos;
INFO : org.springframework.web.servlet.handler.SimpleUrlHandlerMapping - Mapped URL path [/resources/**] onto handler &apos;org.springframework.web.servlet.resource.ResourceHttpRequestHandler#0&apos;
WARN : org.hibernate.util.JDBCExceptionReporter - SQL Error: 0, SQLState: null
ERROR: org.hibernate.util.JDBCExceptionReporter - Cannot create PoolableConnectionFactory (Communications link failure

Last packet sent to the server was 0 ms ago.)
WARN : org.hibernate.util.JDBCExceptionReporter - SQL Error: 0, SQLState: null
ERROR: org.hibernate.util.JDBCExceptionReporter - Cannot create PoolableConnectionFactory (Communications link failure

Last packet sent to the server was 0 ms ago.)
INFO : org.hibernate.event.def.DefaultLoadEventListener - Error performing load command
org.hibernate.exception.GenericJDBCException: Cannot open connection
	at org.hibernate.exception.SQLStateConverter.handledNonSpecificException(SQLStateConverter.java:126)
	at org.hibernate.exception.SQLStateConverter.convert(SQLStateConverter.java:114)
	at org.hibernate.exception.JDBCExceptionHelper.convert(JDBCExceptionHelper.java:66)
	at org.hibernate.exception.JDBCExceptionHelper.convert(JDBCExceptionHelper.java:52)
	at org.hibernate.jdbc.ConnectionManager.openConnection(ConnectionManager.java:449)
	at org.hibernate.jdbc.ConnectionManager.getConnection(ConnectionManager.java:167)
	at org.hibernate.jdbc.AbstractBatcher.prepareQueryStatement(AbstractBatcher.java:161)
	at org.hibernate.loader.Loader.prepareQueryStatement(Loader.java:1577)
	at org.hibernate.loader.Loader.doQuery(Loader.java:696)
	at org.hibernate.loader.Loader.doQueryAndInitializeNonLazyCollections(Loader.java:259)
	at org.hibernate.loader.Loader.loadEntity(Loader.java:1885)
	at org.hibernate.loader.entity.AbstractEntityLoader.load(AbstractEntityLoader.java:71)
	at org.hibernate.loader.entity.AbstractEntityLoader.load(AbstractEntityLoader.java:65)
	at org.hibernate.persister.entity.AbstractEntityPersister.load(AbstractEntityPersister.java:3062)
	at org.hibernate.event.def.DefaultLoadEventListener.loadFromDatasource(DefaultLoadEventListener.java:434)
	at org.hibernate.event.def.DefaultLoadEventListener.doLoad(DefaultLoadEventListener.java:415)
	at org.hibernate.event.def.DefaultLoadEventListener.load(DefaultLoadEventListener.java:165)
	at org.hibernate.event.def.DefaultLoadEventListener.proxyOrLoad(DefaultLoadEventListener.java:223)
	at org.hibernate.event.def.DefaultLoadEventListener.onLoad(DefaultLoadEventListener.java:126)
	at org.hibernate.impl.SessionImpl.fireLoad(SessionImpl.java:906)
	at org.hibernate.impl.SessionImpl.get(SessionImpl.java:843)
	at org.hibernate.impl.SessionImpl.get(SessionImpl.java:836)
	at org.springframework.orm.hibernate3.HibernateTemplate$1.doInHibernate(HibernateTemplate.java:519)
	at org.springframework.orm.hibernate3.HibernateTemplate.doExecute(HibernateTemplate.java:406)
	at org.springframework.orm.hibernate3.HibernateTemplate.executeWithNativeSession(HibernateTemplate.java:374)
	at org.springframework.orm.hibernate3.HibernateTemplate.get(HibernateTemplate.java:512)
	at org.springframework.orm.hibernate3.HibernateTemplate.get(HibernateTemplate.java:506)
	at cn.edu.nju.tsip.dao.impl.DaoImpl.get(DaoImpl.java:34)
	at cn.edu.nju.tsip.service.impl.ServiceImpl.find(ServiceImpl.java:24)
	at cn.edu.nju.tsip.service.impl.ServiceImpl.find(ServiceImpl.java:1)
	at cn.edu.nju.tsip.web.MblogController.addcomment(MblogController.java:251)
	at cn.edu.nju.tsip.test.web.MblogControllerTest.testAddComment(MblogControllerTest.java:70)
	at sun.reflect.NativeMethodAccessorImpl.invoke0(Native Method)
	at sun.reflect.NativeMethodAccessorImpl.invoke(NativeMethodAccessorImpl.java:39)
	at sun.reflect.DelegatingMethodAccessorImpl.invoke(DelegatingMethodAccessorImpl.java:25)
	at java.lang.reflect.Method.invoke(Method.java:597)
	at junit.framework.TestCase.runTest(TestCase.java:168)
	at junit.framework.TestCase.runBare(TestCase.java:134)
	at junit.framework.TestResult$1.protect(TestResult.java:110)
	at junit.framework.TestResult.runProtected(TestResult.java:128)
	at junit.framework.TestResult.run(TestResult.java:113)
	at junit.framework.TestCase.run(TestCase.java:124)
	at junit.framework.TestSuite.runTest(TestSuite.java:232)
	at junit.framework.TestSuite.run(TestSuite.java:227)
	at org.junit.internal.runners.JUnit38ClassRunner.run(JUnit38ClassRunner.java:83)
	at org.apache.maven.surefire.junit4.JUnit4TestSet.execute(JUnit4TestSet.java:35)
	at org.apache.maven.surefire.junit4.JUnit4Provider.executeTestSet(JUnit4Provider.java:115)
	at org.apache.maven.surefire.junit4.JUnit4Provider.invoke(JUnit4Provider.java:97)
	at sun.reflect.NativeMethodAccessorImpl.invoke0(Native Method)
	at sun.reflect.NativeMethodAccessorImpl.invoke(NativeMethodAccessorImpl.java:39)
	at sun.reflect.DelegatingMethodAccessorImpl.invoke(DelegatingMethodAccessorImpl.java:25)
	at java.lang.reflect.Method.invoke(Method.java:597)
	at org.apache.maven.surefire.booter.ProviderFactory$ClassLoaderProxy.invoke(ProviderFactory.java:103)
	at $Proxy0.invoke(Unknown Source)
	at org.apache.maven.surefire.booter.SurefireStarter.invokeProvider(SurefireStarter.java:150)
	at org.apache.maven.surefire.booter.SurefireStarter.runSuitesInProcess(SurefireStarter.java:91)
	at org.apache.maven.surefire.booter.ForkedBooter.main(ForkedBooter.java:69)
Caused by: org.apache.commons.dbcp.SQLNestedException: Cannot create PoolableConnectionFactory (Communications link failure

Last packet sent to the server was 0 ms ago.)
	at org.apache.commons.dbcp.BasicDataSource.createDataSource(BasicDataSource.java:1225)
	at org.apache.commons.dbcp.BasicDataSource.getConnection(BasicDataSource.java:880)
	at org.springframework.orm.hibernate3.LocalDataSourceConnectionProvider.getConnection(LocalDataSourceConnectionProvider.java:81)
	at org.hibernate.jdbc.ConnectionManager.openConnection(ConnectionManager.java:446)
	... 52 more
Caused by: com.mysql.jdbc.exceptions.jdbc4.CommunicationsException: Communications link failure

Last packet sent to the server was 0 ms ago.
	at sun.reflect.GeneratedConstructorAccessor39.newInstance(Unknown Source)
	at sun.reflect.DelegatingConstructorAccessorImpl.newInstance(DelegatingConstructorAccessorImpl.java:27)
	at java.lang.reflect.Constructor.newInstance(Constructor.java:513)
	at com.mysql.jdbc.Util.handleNewInstance(Util.java:406)
	at com.mysql.jdbc.SQLError.createCommunicationsException(SQLError.java:1074)
	at com.mysql.jdbc.ConnectionImpl.createNewIO(ConnectionImpl.java:2103)
	at com.mysql.jdbc.ConnectionImpl.&lt;init&gt;(ConnectionImpl.java:718)
	at com.mysql.jdbc.JDBC4Connection.&lt;init&gt;(JDBC4Connection.java:46)
	at sun.reflect.GeneratedConstructorAccessor36.newInstance(Unknown Source)
	at sun.reflect.DelegatingConstructorAccessorImpl.newInstance(DelegatingConstructorAccessorImpl.java:27)
	at java.lang.reflect.Constructor.newInstance(Constructor.java:513)
	at com.mysql.jdbc.Util.handleNewInstance(Util.java:406)
	at com.mysql.jdbc.ConnectionImpl.getInstance(ConnectionImpl.java:302)
	at com.mysql.jdbc.NonRegisteringDriver.connect(NonRegisteringDriver.java:282)
	at org.apache.commons.dbcp.DriverConnectionFactory.createConnection(DriverConnectionFactory.java:38)
	at org.apache.commons.dbcp.PoolableConnectionFactory.makeObject(PoolableConnectionFactory.java:294)
	at org.apache.commons.dbcp.BasicDataSource.validateConnectionFactory(BasicDataSource.java:1247)
	at org.apache.commons.dbcp.BasicDataSource.createDataSource(BasicDataSource.java:1221)
	... 55 more
Caused by: java.net.ConnectException: Connection refused
	at java.net.PlainSocketImpl.socketConnect(Native Method)
	at java.net.PlainSocketImpl.doConnect(PlainSocketImpl.java:351)
	at java.net.PlainSocketImpl.connectToAddress(PlainSocketImpl.java:213)
	at java.net.PlainSocketImpl.connect(PlainSocketImpl.java:200)
	at java.net.SocksSocketImpl.connect(SocksSocketImpl.java:366)
	at java.net.Socket.connect(Socket.java:529)
	at java.net.Socket.connect(Socket.java:478)
	at java.net.Socket.&lt;init&gt;(Socket.java:375)
	at java.net.Socket.&lt;init&gt;(Socket.java:218)
	at com.mysql.jdbc.StandardSocketFactory.connect(StandardSocketFactory.java:253)
	at com.mysql.jdbc.MysqlIO.&lt;init&gt;(MysqlIO.java:280)
	at com.mysql.jdbc.ConnectionImpl.createNewIO(ConnectionImpl.java:2026)
	... 67 more
WARN : org.springframework.jdbc.support.SQLErrorCodesFactory - Error while extracting database product name - falling back to empty error codes
org.springframework.jdbc.support.MetaDataAccessException: Could not get Connection for extracting meta data; nested exception is org.springframework.jdbc.CannotGetJdbcConnectionException: Could not get JDBC Connection; nested exception is org.apache.commons.dbcp.SQLNestedException: Cannot create PoolableConnectionFactory (Communications link failure

Last packet sent to the server was 0 ms ago.)
	at org.springframework.jdbc.support.JdbcUtils.extractDatabaseMetaData(JdbcUtils.java:293)
	at org.springframework.jdbc.support.JdbcUtils.extractDatabaseMetaData(JdbcUtils.java:320)
	at org.springframework.jdbc.support.SQLErrorCodesFactory.getErrorCodes(SQLErrorCodesFactory.java:212)
	at org.springframework.jdbc.support.SQLErrorCodeSQLExceptionTranslator.setDataSource(SQLErrorCodeSQLExceptionTranslator.java:141)
	at org.springframework.jdbc.support.SQLErrorCodeSQLExceptionTranslator.&lt;init&gt;(SQLErrorCodeSQLExceptionTranslator.java:104)
	at org.springframework.orm.hibernate3.SessionFactoryUtils.newJdbcExceptionTranslator(SessionFactoryUtils.java:143)
	at org.springframework.orm.hibernate3.HibernateAccessor.getDefaultJdbcExceptionTranslator(HibernateAccessor.java:453)
	at org.springframework.orm.hibernate3.HibernateAccessor.convertHibernateAccessException(HibernateAccessor.java:410)
	at org.springframework.orm.hibernate3.HibernateTemplate.doExecute(HibernateTemplate.java:411)
	at org.springframework.orm.hibernate3.HibernateTemplate.executeWithNativeSession(HibernateTemplate.java:374)
	at org.springframework.orm.hibernate3.HibernateTemplate.get(HibernateTemplate.java:512)
	at org.springframework.orm.hibernate3.HibernateTemplate.get(HibernateTemplate.java:506)
	at cn.edu.nju.tsip.dao.impl.DaoImpl.get(DaoImpl.java:34)
	at cn.edu.nju.tsip.service.impl.ServiceImpl.find(ServiceImpl.java:24)
	at cn.edu.nju.tsip.service.impl.ServiceImpl.find(ServiceImpl.java:1)
	at cn.edu.nju.tsip.web.MblogController.addcomment(MblogController.java:251)
	at cn.edu.nju.tsip.test.web.MblogControllerTest.testAddComment(MblogControllerTest.java:70)
	at sun.reflect.NativeMethodAccessorImpl.invoke0(Native Method)
	at sun.reflect.NativeMethodAccessorImpl.invoke(NativeMethodAccessorImpl.java:39)
	at sun.reflect.DelegatingMethodAccessorImpl.invoke(DelegatingMethodAccessorImpl.java:25)
	at java.lang.reflect.Method.invoke(Method.java:597)
	at junit.framework.TestCase.runTest(TestCase.java:168)
	at junit.framework.TestCase.runBare(TestCase.java:134)
	at junit.framework.TestResult$1.protect(TestResult.java:110)
	at junit.framework.TestResult.runProtected(TestResult.java:128)
	at junit.framework.TestResult.run(TestResult.java:113)
	at junit.framework.TestCase.run(TestCase.java:124)
	at junit.framework.TestSuite.runTest(TestSuite.java:232)
	at junit.framework.TestSuite.run(TestSuite.java:227)
	at org.junit.internal.runners.JUnit38ClassRunner.run(JUnit38ClassRunner.java:83)
	at org.apache.maven.surefire.junit4.JUnit4TestSet.execute(JUnit4TestSet.java:35)
	at org.apache.maven.surefire.junit4.JUnit4Provider.executeTestSet(JUnit4Provider.java:115)
	at org.apache.maven.surefire.junit4.JUnit4Provider.invoke(JUnit4Provider.java:97)
	at sun.reflect.NativeMethodAccessorImpl.invoke0(Native Method)
	at sun.reflect.NativeMethodAccessorImpl.invoke(NativeMethodAccessorImpl.java:39)
	at sun.reflect.DelegatingMethodAccessorImpl.invoke(DelegatingMethodAccessorImpl.java:25)
	at java.lang.reflect.Method.invoke(Method.java:597)
	at org.apache.maven.surefire.booter.ProviderFactory$ClassLoaderProxy.invoke(ProviderFactory.java:103)
	at $Proxy0.invoke(Unknown Source)
	at org.apache.maven.surefire.booter.SurefireStarter.invokeProvider(SurefireStarter.java:150)
	at org.apache.maven.surefire.booter.SurefireStarter.runSuitesInProcess(SurefireStarter.java:91)
	at org.apache.maven.surefire.booter.ForkedBooter.main(ForkedBooter.java:69)
Caused by: org.springframework.jdbc.CannotGetJdbcConnectionException: Could not get JDBC Connection; nested exception is org.apache.commons.dbcp.SQLNestedException: Cannot create PoolableConnectionFactory (Communications link failure

Last packet sent to the server was 0 ms ago.)
	at org.springframework.jdbc.datasource.DataSourceUtils.getConnection(DataSourceUtils.java:80)
	at org.springframework.jdbc.support.JdbcUtils.extractDatabaseMetaData(JdbcUtils.java:280)
	... 41 more
Caused by: org.apache.commons.dbcp.SQLNestedException: Cannot create PoolableConnectionFactory (Communications link failure

Last packet sent to the server was 0 ms ago.)
	at org.apache.commons.dbcp.BasicDataSource.createDataSource(BasicDataSource.java:1225)
	at org.apache.commons.dbcp.BasicDataSource.getConnection(BasicDataSource.java:880)
	at org.springframework.jdbc.datasource.DataSourceUtils.doGetConnection(DataSourceUtils.java:111)
	at org.springframework.jdbc.datasource.DataSourceUtils.getConnection(DataSourceUtils.java:77)
	... 42 more
Caused by: com.mysql.jdbc.exceptions.jdbc4.CommunicationsException: Communications link failure

Last packet sent to the server was 0 ms ago.
	at sun.reflect.GeneratedConstructorAccessor39.newInstance(Unknown Source)
	at sun.reflect.DelegatingConstructorAccessorImpl.newInstance(DelegatingConstructorAccessorImpl.java:27)
	at java.lang.reflect.Constructor.newInstance(Constructor.java:513)
	at com.mysql.jdbc.Util.handleNewInstance(Util.java:406)
	at com.mysql.jdbc.SQLError.createCommunicationsException(SQLError.java:1074)
	at com.mysql.jdbc.ConnectionImpl.createNewIO(ConnectionImpl.java:2103)
	at com.mysql.jdbc.ConnectionImpl.&lt;init&gt;(ConnectionImpl.java:718)
	at com.mysql.jdbc.JDBC4Connection.&lt;init&gt;(JDBC4Connection.java:46)
	at sun.reflect.GeneratedConstructorAccessor36.newInstance(Unknown Source)
	at sun.reflect.DelegatingConstructorAccessorImpl.newInstance(DelegatingConstructorAccessorImpl.java:27)
	at java.lang.reflect.Constructor.newInstance(Constructor.java:513)
	at com.mysql.jdbc.Util.handleNewInstance(Util.java:406)
	at com.mysql.jdbc.ConnectionImpl.getInstance(ConnectionImpl.java:302)
	at com.mysql.jdbc.NonRegisteringDriver.connect(NonRegisteringDriver.java:282)
	at org.apache.commons.dbcp.DriverConnectionFactory.createConnection(DriverConnectionFactory.java:38)
	at org.apache.commons.dbcp.PoolableConnectionFactory.makeObject(PoolableConnectionFactory.java:294)
	at org.apache.commons.dbcp.BasicDataSource.validateConnectionFactory(BasicDataSource.java:1247)
	at org.apache.commons.dbcp.BasicDataSource.createDataSource(BasicDataSource.java:1221)
	... 45 more
Caused by: java.net.ConnectException: Connection refused
	at java.net.PlainSocketImpl.socketConnect(Native Method)
	at java.net.PlainSocketImpl.doConnect(PlainSocketImpl.java:351)
	at java.net.PlainSocketImpl.connectToAddress(PlainSocketImpl.java:213)
	at java.net.PlainSocketImpl.connect(PlainSocketImpl.java:200)
	at java.net.SocksSocketImpl.connect(SocksSocketImpl.java:366)
	at java.net.Socket.connect(Socket.java:529)
	at java.net.Socket.connect(Socket.java:478)
	at java.net.Socket.&lt;init&gt;(Socket.java:375)
	at java.net.Socket.&lt;init&gt;(Socket.java:218)
	at com.mysql.jdbc.StandardSocketFactory.connect(StandardSocketFactory.java:253)
	at com.mysql.jdbc.MysqlIO.&lt;init&gt;(MysqlIO.java:280)
	at com.mysql.jdbc.ConnectionImpl.createNewIO(ConnectionImpl.java:2026)
	... 57 more
</system-out>
  </testcase>
</testsuite>